<?xml version="1.0" encoding="UTF-8"?>
<!-- Generated by org.testng.reporters.JUnitXMLReporter -->
<testsuite ignored="1" hostname="DESKTOP-HGMSAGS" failures="1" tests="5" name="Test1" time="2.25" errors="0" timestamp="2024-04-23T11:58:06 IST">
  <testcase classname="generic.BaseTest" name="@AfterMethod refresh" time="0.003">
    <failure type="java.lang.NullPointerException" message="Cannot invoke &amp;quot;org.openqa.selenium.WebDriver.navigate()&amp;quot; because &amp;quot;this.driver&amp;quot; is null">
      <![CDATA[java.lang.NullPointerException: Cannot invoke "org.openqa.selenium.WebDriver.navigate()" because "this.driver" is null
at generic.BaseTest.refresh(BaseTest.java:47)
at java.base/java.util.ArrayList.forEach(ArrayList.java:1511)
... Removed 32 stack frames]]>
    </failure>
  </testcase> <!-- @AfterMethod refresh -->
  <testcase classname="generic.BaseTest" name="@AfterMethod refresh" time="-1.713853686139E9">
    <skipped/>
  </testcase> <!-- @AfterMethod refresh -->
  <testcase classname="generic.BaseTest" name="@AfterMethod refresh" time="-1.713853686157E9">
    <skipped/>
  </testcase> <!-- @AfterMethod refresh -->
  <testcase classname="generic.BaseTest" name="@AfterMethod refresh" time="-1.713853686174E9">
    <skipped/>
  </testcase> <!-- @AfterMethod refresh -->
  <testcase classname="generic.BaseTest" name="@AfterMethod refresh" time="-1.713853686192E9">
    <skipped/>
  </testcase> <!-- @AfterMethod refresh -->
  <testcase classname="scripts.TC001_LoginFunctionality_AllCases" name="tc001_LoginFunctionality_AllCases" time="0.031">
    <failure type="java.lang.NullPointerException" message="Cannot invoke &amp;quot;org.openqa.selenium.WebDriver.findElement(org.openqa.selenium.By)&amp;quot; because &amp;quot;this.driver&amp;quot; is null">
      <![CDATA[java.lang.NullPointerException: Cannot invoke "org.openqa.selenium.WebDriver.findElement(org.openqa.selenium.By)" because "this.driver" is null
at pomPages.LoginPage.enterUsername(LoginPage.java:23)
at scripts.TC001_LoginFunctionality_AllCases.tc001_LoginFunctionality_AllCases(TC001_LoginFunctionality_AllCases.java:21)
at java.base/java.util.ArrayList.forEach(ArrayList.java:1511)
... Removed 27 stack frames]]>
    </failure>
  </testcase> <!-- tc001_LoginFunctionality_AllCases -->
  <testcase classname="scripts.TC001_LoginFunctionality_AllCases" name="tc001_LoginFunctionality_AllCases" time="0.0">
    <skipped/>
  </testcase> <!-- tc001_LoginFunctionality_AllCases -->
  <testcase classname="scripts.TC001_LoginFunctionality_AllCases" name="tc001_LoginFunctionality_AllCases" time="0.0">
    <skipped/>
  </testcase> <!-- tc001_LoginFunctionality_AllCases -->
  <testcase classname="scripts.TC001_LoginFunctionality_AllCases" name="tc001_LoginFunctionality_AllCases" time="0.0">
    <skipped/>
  </testcase> <!-- tc001_LoginFunctionality_AllCases -->
  <testcase classname="scripts.TC001_LoginFunctionality_AllCases" name="tc001_LoginFunctionality_AllCases" time="0.0">
    <skipped/>
  </testcase> <!-- tc001_LoginFunctionality_AllCases -->
  <testcase classname="scripts.TC001_LoginFunctionality_AllCases" name="LogoutPage" time="0.0">
    <ignored/>
  </testcase> <!-- LogoutPage -->
</testsuite> <!-- Test1 -->
