<?xml version="1.0" encoding="UTF-8"?>
<!-- Generated by org.testng.reporters.JUnitXMLReporter -->
<testsuite ignored="0" hostname="DESKTOP-G63O7EK" failures="2" tests="31" name="TestWithDemoAccount" time="247.87" errors="0" timestamp="2025-01-26T21:11:11 IST">
  <testcase classname="test.Test002_Create_Order" name="productButtonTest" time="2.682"/>
  <testcase classname="test.Test002_Create_Order" name="productsVisibleOnCartIconTest" time="10.477"/>
  <testcase classname="test.Test002_Create_Order" name="selectProduct" time="52.683"/>
  <testcase classname="test.Test002_Create_Order" name="selectCart" time="4.261"/>
  <testcase classname="test.Test002_Create_Order" name="plusButtonTest" time="4.226"/>
  <testcase classname="test.Test002_Create_Order" name="increasingProductCountTest" time="0.059">
    <failure type="java.lang.AssertionError" message="Both actual and expected are not same expected [2] but found [4]">
      <![CDATA[java.lang.AssertionError: Both actual and expected are not same expected [2] but found [4]
at pomPages.POM2_Product_Page.countProductAfterIncreament(POM2_Product_Page.java:371)
at test.Test002_Create_Order.increasingProductCountTest(Test002_Create_Order.java:102)
at java.base/java.util.ArrayList.forEach(ArrayList.java:1597)
at java.base/java.util.concurrent.FutureTask.run(FutureTask.java:317)
at java.base/java.util.concurrent.ThreadPoolExecutor.runWorker(ThreadPoolExecutor.java:1144)
at java.base/java.util.concurrent.ThreadPoolExecutor$Worker.run(ThreadPoolExecutor.java:642)
at java.base/java.lang.Thread.run(Thread.java:1570)
... Removed 21 stack frames]]>
    </failure>
  </testcase> <!-- increasingProductCountTest -->
  <testcase classname="test.Test002_Create_Order" name="verifyDeleteTest" time="5.198"/>
  <testcase classname="test.Test002_Create_Order" name="validatingTotalProductOnCartTest" time="3.065"/>
  <testcase classname="test.Test002_Create_Order" name="deleteProductByThreedotButtonTest" time="8.562"/>
  <testcase classname="test.Test002_Create_Order" name="minusButtonTest" time="2.309"/>
  <testcase classname="test.Test002_Create_Order" name="decreasingProductCountTest" time="3.064">
    <failure type="java.lang.AssertionError" message="Both actual and expected are not same expected [1] but found [4]">
      <![CDATA[java.lang.AssertionError: Both actual and expected are not same expected [1] but found [4]
at pomPages.POM2_Product_Page.countProductAfterDecrement(POM2_Product_Page.java:424)
at test.Test002_Create_Order.decreasingProductCountTest(Test002_Create_Order.java:148)
at java.base/java.util.ArrayList.forEach(ArrayList.java:1597)
at java.base/java.util.concurrent.FutureTask.run(FutureTask.java:317)
at java.base/java.util.concurrent.ThreadPoolExecutor.runWorker(ThreadPoolExecutor.java:1144)
at java.base/java.util.concurrent.ThreadPoolExecutor$Worker.run(ThreadPoolExecutor.java:642)
at java.base/java.lang.Thread.run(Thread.java:1570)
... Removed 21 stack frames]]>
    </failure>
  </testcase> <!-- decreasingProductCountTest -->
  <testcase classname="test.Test002_Create_Order" name="addNoteByThreedotButtonTest" time="8.559"/>
  <testcase classname="test.Test002_Create_Order" name="writeNoteTest" time="3.283"/>
  <testcase classname="test.Test002_Create_Order" name="saveButtonTest" time="4.168"/>
  <testcase classname="test.Test002_Create_Order" name="addNoteText" time="0.053"/>
  <testcase classname="test.Test002_Create_Order" name="clickAgainOnThreeDotsButtonTest" time="8.418"/>
  <testcase classname="test.Test002_Create_Order" name="offeringDiscountTest" time="3.283"/>
  <testcase classname="test.Test002_Create_Order" name="verifyingAmountTest" time="4.119"/>
  <testcase classname="test.Test002_Create_Order" name="clickConfirmButtonTest" time="8.2"/>
  <testcase classname="test.Test002_Create_Order" name="verifyDiscountVisibilityOnProductTest" time="0.057"/>
  <testcase classname="test.Test002_Create_Order" name="clickBackArrowNextToCartTest" time="6.191"/>
  <testcase classname="test.Test002_Create_Order" name="selectCartAgain" time="4.291"/>
  <testcase classname="test.Test002_Create_Order" name="verifyProductOnCartAgainTest" time="3.059"/>
  <testcase classname="test.Test002_Create_Order" name="clickCreateOrderTest" time="8.269"/>
  <testcase classname="test.Test002_Create_Order" name="clickChooseCustomerTest" time="8.301"/>
  <testcase classname="test.Test002_Create_Order" name="clickCustomerSearchTextboxTest" time="15.515"/>
  <testcase classname="test.Test002_Create_Order" name="clickCreateOrder2ButtonTest" time="8.244"/>
  <testcase classname="test.Test002_Create_Order" name="clickProceedButtonTest" time="5.229"/>
  <testcase classname="test.Test002_Create_Order" name="clickSubmitOrderButtonTest" time="1.483"/>
  <testcase classname="test.Test002_Create_Order" name="clickSubmitButtonTest" time="18.057"/>
  <testcase classname="test.Test002_Create_Order" name="cancelOrderTest" time="12.781"/>
</testsuite> <!-- TestWithDemoAccount -->
