<html>
<head>
<title>TestNG:  TestWithDemoAccount</title>
<link href="../testng.css" rel="stylesheet" type="text/css" />
<link href="../my-testng.css" rel="stylesheet" type="text/css" />

<style type="text/css">
.log { display: none;} 
.stack-trace { display: none;} 
</style>
<script type="text/javascript">
<!--
function flip(e) {
  current = e.style.display;
  if (current == 'block') {
    e.style.display = 'none';
    return 0;
  }
  else {
    e.style.display = 'block';
    return 1;
  }
}

function toggleBox(szDivId, elem, msg1, msg2)
{
  var res = -1;  if (document.getElementById) {
    res = flip(document.getElementById(szDivId));
  }
  else if (document.all) {
    // this is the way old msie versions work
    res = flip(document.all[szDivId]);
  }
  if(elem) {
    if(res == 0) elem.innerHTML = msg1; else elem.innerHTML = msg2;
  }

}

function toggleAllBoxes() {
  if (document.getElementsByTagName) {
    d = document.getElementsByTagName('div');
    for (i = 0; i < d.length; i++) {
      if (d[i].className == 'log') {
        flip(d[i]);
      }
    }
  }
}

// -->
</script>

</head>
<body>
<h2 align='center'>TestWithDemoAccount</h2><table border='1' align="center">
<tr>
<td>Tests passed/Failed/Skipped:</td><td>29/2/0</td>
</tr><tr>
<td>Started on:</td><td>Sun Jan 26 21:07:03 IST 2025</td>
</tr>
<tr><td>Total time:</td><td>247 seconds (247870 ms)</td>
</tr><tr>
<td>Included groups:</td><td></td>
</tr><tr>
<td>Excluded groups:</td><td></td>
</tr>
</table><p/>
<small><i>(Hover the method name to see the test class name)</i></small><p/>
<table width='100%' border='1' class='invocation-failed'>
<tr><td colspan='4' align='center'><b>FAILED TESTS</b></td></tr>
<tr><td><b>Test method</b></td>
<td width="30%"><b>Exception</b></td>
<td width="10%"><b>Time (seconds)</b></td>
<td><b>Instance</b></td>
</tr>
<tr>
<td title='test.Test002_Create_Order.increasingProductCountTest()'><b>increasingProductCountTest</b><br>Test class: test.Test002_Create_Order<br>Test method: Increasing product count</td>
<td><div><pre>java.lang.AssertionError: Both actual and expected are not same expected [2] but found [4]
	at pomPages.POM2_Product_Page.countProductAfterIncreament(POM2_Product_Page.java:371)
	at test.Test002_Create_Order.increasingProductCountTest(Test002_Create_Order.java:102)
	at java.base/java.util.ArrayList.forEach(ArrayList.java:1597)
	at java.base/java.util.concurrent.FutureTask.run(FutureTask.java:317)
	at java.base/java.util.concurrent.ThreadPoolExecutor.runWorker(ThreadPoolExecutor.java:1144)
	at java.base/java.util.concurrent.ThreadPoolExecutor$Worker.run(ThreadPoolExecutor.java:642)
	at java.base/java.lang.Thread.run(Thread.java:1570)
... Removed 21 stack frames</pre></div><a href='#' onClick='toggleBox("stack-trace332572456", this, "Click to show all stack frames", "Click to hide stack frames")'>Click to show all stack frames</a>
<div class='stack-trace' id='stack-trace332572456'><pre>java.lang.AssertionError: Both actual and expected are not same expected [2] but found [4]
	at org.testng.Assert.fail(Assert.java:99)
	at org.testng.Assert.failNotEquals(Assert.java:1037)
	at org.testng.Assert.assertEqualsImpl(Assert.java:140)
	at org.testng.Assert.assertEquals(Assert.java:122)
	at org.testng.Assert.assertEquals(Assert.java:629)
	at pomPages.POM2_Product_Page.countProductAfterIncreament(POM2_Product_Page.java:371)
	at test.Test002_Create_Order.increasingProductCountTest(Test002_Create_Order.java:102)
	at java.base/jdk.internal.reflect.DirectMethodHandleAccessor.invoke(DirectMethodHandleAccessor.java:103)
	at java.base/java.lang.reflect.Method.invoke(Method.java:580)
	at org.testng.internal.MethodInvocationHelper.invokeMethod(MethodInvocationHelper.java:133)
	at org.testng.internal.TestInvoker.invokeMethod(TestInvoker.java:598)
	at org.testng.internal.TestInvoker.invokeTestMethod(TestInvoker.java:173)
	at org.testng.internal.MethodRunner.runInSequence(MethodRunner.java:46)
	at org.testng.internal.TestInvoker$MethodInvocationAgent.invoke(TestInvoker.java:824)
	at org.testng.internal.TestInvoker.invokeTestMethods(TestInvoker.java:146)
	at org.testng.internal.TestMethodWorker.invokeTestMethods(TestMethodWorker.java:146)
	at org.testng.internal.TestMethodWorker.run(TestMethodWorker.java:128)
	at java.base/java.util.ArrayList.forEach(ArrayList.java:1597)
	at org.testng.TestRunner.privateRun(TestRunner.java:794)
	at org.testng.TestRunner.run(TestRunner.java:596)
	at org.testng.SuiteRunner.runTest(SuiteRunner.java:377)
	at org.testng.SuiteRunner.access$000(SuiteRunner.java:28)
	at org.testng.SuiteRunner$SuiteWorker.run(SuiteRunner.java:418)
	at org.testng.internal.thread.ThreadUtil.lambda$execute$0(ThreadUtil.java:64)
	at java.base/java.util.concurrent.FutureTask.run(FutureTask.java:317)
	at java.base/java.util.concurrent.ThreadPoolExecutor.runWorker(ThreadPoolExecutor.java:1144)
	at java.base/java.util.concurrent.ThreadPoolExecutor$Worker.run(ThreadPoolExecutor.java:642)
	at java.base/java.lang.Thread.run(Thread.java:1570)
</pre></div></td>
<td>0</td>
<td>test.Test002_Create_Order@31183ee2</td></tr>
<tr>
<td title='test.Test002_Create_Order.decreasingProductCountTest()'><b>decreasingProductCountTest</b><br>Test class: test.Test002_Create_Order<br>Test method: Decreasing product count</td>
<td><div><pre>java.lang.AssertionError: Both actual and expected are not same expected [1] but found [4]
	at pomPages.POM2_Product_Page.countProductAfterDecrement(POM2_Product_Page.java:424)
	at test.Test002_Create_Order.decreasingProductCountTest(Test002_Create_Order.java:148)
	at java.base/java.util.ArrayList.forEach(ArrayList.java:1597)
	at java.base/java.util.concurrent.FutureTask.run(FutureTask.java:317)
	at java.base/java.util.concurrent.ThreadPoolExecutor.runWorker(ThreadPoolExecutor.java:1144)
	at java.base/java.util.concurrent.ThreadPoolExecutor$Worker.run(ThreadPoolExecutor.java:642)
	at java.base/java.lang.Thread.run(Thread.java:1570)
... Removed 21 stack frames</pre></div><a href='#' onClick='toggleBox("stack-trace1898558150", this, "Click to show all stack frames", "Click to hide stack frames")'>Click to show all stack frames</a>
<div class='stack-trace' id='stack-trace1898558150'><pre>java.lang.AssertionError: Both actual and expected are not same expected [1] but found [4]
	at org.testng.Assert.fail(Assert.java:99)
	at org.testng.Assert.failNotEquals(Assert.java:1037)
	at org.testng.Assert.assertEqualsImpl(Assert.java:140)
	at org.testng.Assert.assertEquals(Assert.java:122)
	at org.testng.Assert.assertEquals(Assert.java:629)
	at pomPages.POM2_Product_Page.countProductAfterDecrement(POM2_Product_Page.java:424)
	at test.Test002_Create_Order.decreasingProductCountTest(Test002_Create_Order.java:148)
	at java.base/jdk.internal.reflect.DirectMethodHandleAccessor.invoke(DirectMethodHandleAccessor.java:103)
	at java.base/java.lang.reflect.Method.invoke(Method.java:580)
	at org.testng.internal.MethodInvocationHelper.invokeMethod(MethodInvocationHelper.java:133)
	at org.testng.internal.TestInvoker.invokeMethod(TestInvoker.java:598)
	at org.testng.internal.TestInvoker.invokeTestMethod(TestInvoker.java:173)
	at org.testng.internal.MethodRunner.runInSequence(MethodRunner.java:46)
	at org.testng.internal.TestInvoker$MethodInvocationAgent.invoke(TestInvoker.java:824)
	at org.testng.internal.TestInvoker.invokeTestMethods(TestInvoker.java:146)
	at org.testng.internal.TestMethodWorker.invokeTestMethods(TestMethodWorker.java:146)
	at org.testng.internal.TestMethodWorker.run(TestMethodWorker.java:128)
	at java.base/java.util.ArrayList.forEach(ArrayList.java:1597)
	at org.testng.TestRunner.privateRun(TestRunner.java:794)
	at org.testng.TestRunner.run(TestRunner.java:596)
	at org.testng.SuiteRunner.runTest(SuiteRunner.java:377)
	at org.testng.SuiteRunner.access$000(SuiteRunner.java:28)
	at org.testng.SuiteRunner$SuiteWorker.run(SuiteRunner.java:418)
	at org.testng.internal.thread.ThreadUtil.lambda$execute$0(ThreadUtil.java:64)
	at java.base/java.util.concurrent.FutureTask.run(FutureTask.java:317)
	at java.base/java.util.concurrent.ThreadPoolExecutor.runWorker(ThreadPoolExecutor.java:1144)
	at java.base/java.util.concurrent.ThreadPoolExecutor$Worker.run(ThreadPoolExecutor.java:642)
	at java.base/java.lang.Thread.run(Thread.java:1570)
</pre></div></td>
<td>3</td>
<td>test.Test002_Create_Order@31183ee2</td></tr>
</table><p>
<table width='100%' border='1' class='invocation-passed'>
<tr><td colspan='4' align='center'><b>PASSED TESTS</b></td></tr>
<tr><td><b>Test method</b></td>
<td width="30%"><b>Exception</b></td>
<td width="10%"><b>Time (seconds)</b></td>
<td><b>Instance</b></td>
</tr>
<tr>
<td title='test.Test002_Create_Order.minusButtonTest()'><b>minusButtonTest</b><br>Test class: test.Test002_Create_Order<br>Test method: Decreasing product count by click on minus button</td>
<td></td>
<td>2</td>
<td>test.Test002_Create_Order@31183ee2</td></tr>
<tr>
<td title='test.Test002_Create_Order.clickBackArrowNextToCartTest()'><b>clickBackArrowNextToCartTest</b><br>Test class: test.Test002_Create_Order<br>Test method: verifying click on back arrow next to cart</td>
<td></td>
<td>6</td>
<td>test.Test002_Create_Order@31183ee2</td></tr>
<tr>
<td title='test.Test002_Create_Order.saveButtonTest()'><b>saveButtonTest</b><br>Test class: test.Test002_Create_Order<br>Test method: click on save button</td>
<td></td>
<td>4</td>
<td>test.Test002_Create_Order@31183ee2</td></tr>
<tr>
<td title='test.Test002_Create_Order.selectCart()'><b>selectCart</b><br>Test class: test.Test002_Create_Order<br>Test method: Moving towards Cart page</td>
<td></td>
<td>4</td>
<td>test.Test002_Create_Order@31183ee2</td></tr>
<tr>
<td title='test.Test002_Create_Order.addNoteByThreedotButtonTest()'><b>addNoteByThreedotButtonTest</b><br>Test class: test.Test002_Create_Order<br>Test method: Add Note by click on three dots</td>
<td></td>
<td>8</td>
<td>test.Test002_Create_Order@31183ee2</td></tr>
<tr>
<td title='test.Test002_Create_Order.offeringDiscountTest()'><b>offeringDiscountTest</b><br>Test class: test.Test002_Create_Order<br>Test method: Adding discount in the textbox</td>
<td></td>
<td>3</td>
<td>test.Test002_Create_Order@31183ee2</td></tr>
<tr>
<td title='test.Test002_Create_Order.verifyingAmountTest()'><b>verifyingAmountTest</b><br>Test class: test.Test002_Create_Order<br>Test method: Amount verification</td>
<td></td>
<td>4</td>
<td>test.Test002_Create_Order@31183ee2</td></tr>
<tr>
<td title='test.Test002_Create_Order.cancelOrderTest()'><b>cancelOrderTest</b><br>Test class: test.Test002_Create_Order<br>Test method: Cancel order</td>
<td></td>
<td>12</td>
<td>test.Test002_Create_Order@31183ee2</td></tr>
<tr>
<td title='test.Test002_Create_Order.clickConfirmButtonTest()'><b>clickConfirmButtonTest</b><br>Test class: test.Test002_Create_Order<br>Test method: Click on confirm button</td>
<td></td>
<td>8</td>
<td>test.Test002_Create_Order@31183ee2</td></tr>
<tr>
<td title='test.Test002_Create_Order.clickProceedButtonTest()'><b>clickProceedButtonTest</b><br>Test class: test.Test002_Create_Order<br>Test method: Click on proceed button</td>
<td></td>
<td>5</td>
<td>test.Test002_Create_Order@31183ee2</td></tr>
<tr>
<td title='test.Test002_Create_Order.clickChooseCustomerTest()'><b>clickChooseCustomerTest</b><br>Test class: test.Test002_Create_Order<br>Test method: clicking on Choose customer button</td>
<td></td>
<td>8</td>
<td>test.Test002_Create_Order@31183ee2</td></tr>
<tr>
<td title='test.Test002_Create_Order.clickSubmitOrderButtonTest()'><b>clickSubmitOrderButtonTest</b><br>Test class: test.Test002_Create_Order<br>Test method: Click on submit order button</td>
<td></td>
<td>1</td>
<td>test.Test002_Create_Order@31183ee2</td></tr>
<tr>
<td title='test.Test002_Create_Order.clickAgainOnThreeDotsButtonTest()'><b>clickAgainOnThreeDotsButtonTest</b><br>Test class: test.Test002_Create_Order<br>Test method: Offer Discount by click on three dots</td>
<td></td>
<td>8</td>
<td>test.Test002_Create_Order@31183ee2</td></tr>
<tr>
<td title='test.Test002_Create_Order.productsVisibleOnCartIconTest()'><b>productsVisibleOnCartIconTest</b><br>Test class: test.Test002_Create_Order<br>Test method: check cart to discard entire cart if products existed prior</td>
<td></td>
<td>10</td>
<td>test.Test002_Create_Order@31183ee2</td></tr>
<tr>
<td title='test.Test002_Create_Order.clickCreateOrderTest()'><b>clickCreateOrderTest</b><br>Test class: test.Test002_Create_Order<br>Test method: clicking on Create Order button on cart page</td>
<td></td>
<td>8</td>
<td>test.Test002_Create_Order@31183ee2</td></tr>
<tr>
<td title='test.Test002_Create_Order.selectProduct()'><b>selectProduct</b><br>Test class: test.Test002_Create_Order<br>Test method: Adding products to cart</td>
<td></td>
<td>52</td>
<td>test.Test002_Create_Order@31183ee2</td></tr>
<tr>
<td title='test.Test002_Create_Order.verifyDiscountVisibilityOnProductTest()'><b>verifyDiscountVisibilityOnProductTest</b><br>Test class: test.Test002_Create_Order<br>Test method: Verify that discount visible on selected product </td>
<td></td>
<td>0</td>
<td>test.Test002_Create_Order@31183ee2</td></tr>
<tr>
<td title='test.Test002_Create_Order.productButtonTest()'><b>productButtonTest</b><br>Test class: test.Test002_Create_Order<br>Test method: Click on product button</td>
<td></td>
<td>2</td>
<td>test.Test002_Create_Order@31183ee2</td></tr>
<tr>
<td title='test.Test002_Create_Order.verifyProductOnCartAgainTest()'><b>verifyProductOnCartAgainTest</b><br>Test class: test.Test002_Create_Order<br>Test method: Count total products on cart after coming on cart page again</td>
<td></td>
<td>3</td>
<td>test.Test002_Create_Order@31183ee2</td></tr>
<tr>
<td title='test.Test002_Create_Order.plusButtonTest()'><b>plusButtonTest</b><br>Test class: test.Test002_Create_Order<br>Test method: Increasing product count by click on plus button</td>
<td></td>
<td>4</td>
<td>test.Test002_Create_Order@31183ee2</td></tr>
<tr>
<td title='test.Test002_Create_Order.clickCustomerSearchTextboxTest()'><b>clickCustomerSearchTextboxTest</b><br>Test class: test.Test002_Create_Order<br>Test method: Searching customer</td>
<td></td>
<td>15</td>
<td>test.Test002_Create_Order@31183ee2</td></tr>
<tr>
<td title='test.Test002_Create_Order.clickCreateOrder2ButtonTest()'><b>clickCreateOrder2ButtonTest</b><br>Test class: test.Test002_Create_Order<br>Test method: Click on create order</td>
<td></td>
<td>8</td>
<td>test.Test002_Create_Order@31183ee2</td></tr>
<tr>
<td title='test.Test002_Create_Order.verifyDeleteTest()'><b>verifyDeleteTest</b><br>Test class: test.Test002_Create_Order<br>Test method: Delete product by clicking on delete button</td>
<td></td>
<td>5</td>
<td>test.Test002_Create_Order@31183ee2</td></tr>
<tr>
<td title='test.Test002_Create_Order.addNoteText()'><b>addNoteText</b><br>Test class: test.Test002_Create_Order<br>Test method: verifying note on cart page</td>
<td></td>
<td>0</td>
<td>test.Test002_Create_Order@31183ee2</td></tr>
<tr>
<td title='test.Test002_Create_Order.validatingTotalProductOnCartTest()'><b>validatingTotalProductOnCartTest</b><br>Test class: test.Test002_Create_Order<br>Test method: Count total products on cart after deleting</td>
<td></td>
<td>3</td>
<td>test.Test002_Create_Order@31183ee2</td></tr>
<tr>
<td title='test.Test002_Create_Order.writeNoteTest()'><b>writeNoteTest</b><br>Test class: test.Test002_Create_Order<br>Test method: Adding note in textbox</td>
<td></td>
<td>3</td>
<td>test.Test002_Create_Order@31183ee2</td></tr>
<tr>
<td title='test.Test002_Create_Order.deleteProductByThreedotButtonTest()'><b>deleteProductByThreedotButtonTest</b><br>Test class: test.Test002_Create_Order<br>Test method: Delete product by click on three dots and selecting delete item</td>
<td></td>
<td>8</td>
<td>test.Test002_Create_Order@31183ee2</td></tr>
<tr>
<td title='test.Test002_Create_Order.selectCartAgain()'><b>selectCartAgain</b><br>Test class: test.Test002_Create_Order<br>Test method: Moving towards Cart page again</td>
<td></td>
<td>4</td>
<td>test.Test002_Create_Order@31183ee2</td></tr>
<tr>
<td title='test.Test002_Create_Order.clickSubmitButtonTest()'><b>clickSubmitButtonTest</b><br>Test class: test.Test002_Create_Order<br>Test method: Click on submit button</td>
<td></td>
<td>18</td>
<td>test.Test002_Create_Order@31183ee2</td></tr>
</table><p>
</body>
</html>