{"uuid":"19f26916-aef1-4ac8-bdf4-34d3f3fa6eaa","historyId":"1e915a05a07d3792d206710ac4cfd9a6","fullName":"test.Test009_Product_Page_With_All_Cases.checkPriceChangeAfterCustomerSwitchFollowingCatalogueSWitchTest","labels":[{"name":"package","value":"test.Test009_Product_Page_With_All_Cases"},{"name":"testClass","value":"test.Test009_Product_Page_With_All_Cases"},{"name":"testMethod","value":"checkPriceChangeAfterCustomerSwitchFollowingCatalogueSWitchTest"},{"name":"parentSuite","value":"Smoke Testing"},{"name":"suite","value":"Parallel Test"},{"name":"subSuite","value":"test.Test009_Product_Page_With_All_Cases"},{"name":"host","value":"DESKTOP-G63O7EK"},{"name":"thread","value":"6200@DESKTOP-G63O7EK.main(1)"},{"name":"framework","value":"testng"},{"name":"language","value":"java"},{"name":"story","value":"Story Name: To check that for any product after buyer switching if catalog changed then product price change"},{"name":"severity","value":"blocker"}],"links":[],"name":"check that for any product after buyer switching if catalog changed then product price change","status":"failed","statusDetails":{"known":false,"muted":false,"flaky":false,"message":"Both actual and expected are not same expected [false] but found [true]","trace":"java.lang.AssertionError: Both actual and expected are not same expected [false] but found [true]\r\n\tat org.testng.Assert.fail(Assert.java:99)\r\n\tat org.testng.Assert.failNotEquals(Assert.java:1037)\r\n\tat org.testng.Assert.assertFalse(Assert.java:67)\r\n\tat pomPages.POM10_Product_Page_With_All_Cases.checkPriceChangeAfterCustomerSwitchFollowingCatalogueSwitch(POM10_Product_Page_With_All_Cases.java:1483)\r\n\tat test.Test009_Product_Page_With_All_Cases.checkPriceChangeAfterCustomerSwitchFollowingCatalogueSWitchTest(Test009_Product_Page_With_All_Cases.java:253)\r\n\tat java.base/jdk.internal.reflect.DirectMethodHandleAccessor.invoke(DirectMethodHandleAccessor.java:103)\r\n\tat java.base/java.lang.reflect.Method.invoke(Method.java:580)\r\n\tat org.testng.internal.MethodInvocationHelper.invokeMethod(MethodInvocationHelper.java:133)\r\n\tat org.testng.internal.TestInvoker.invokeMethod(TestInvoker.java:598)\r\n\tat org.testng.internal.TestInvoker.invokeTestMethod(TestInvoker.java:173)\r\n\tat org.testng.internal.MethodRunner.runInSequence(MethodRunner.java:46)\r\n\tat org.testng.internal.TestInvoker$MethodInvocationAgent.invoke(TestInvoker.java:824)\r\n\tat org.testng.internal.TestInvoker.invokeTestMethods(TestInvoker.java:146)\r\n\tat org.testng.internal.TestMethodWorker.invokeTestMethods(TestMethodWorker.java:146)\r\n\tat org.testng.internal.TestMethodWorker.run(TestMethodWorker.java:128)\r\n\tat java.base/java.util.ArrayList.forEach(ArrayList.java:1597)\r\n\tat org.testng.TestRunner.privateRun(TestRunner.java:794)\r\n\tat org.testng.TestRunner.run(TestRunner.java:596)\r\n\tat org.testng.SuiteRunner.runTest(SuiteRunner.java:377)\r\n\tat org.testng.SuiteRunner.runSequentially(SuiteRunner.java:371)\r\n\tat org.testng.SuiteRunner.privateRun(SuiteRunner.java:332)\r\n\tat org.testng.SuiteRunner.run(SuiteRunner.java:276)\r\n\tat org.testng.SuiteRunnerWorker.runSuite(SuiteRunnerWorker.java:53)\r\n\tat org.testng.SuiteRunnerWorker.run(SuiteRunnerWorker.java:96)\r\n\tat org.testng.TestNG.runSuitesSequentially(TestNG.java:1212)\r\n\tat org.testng.TestNG.runSuitesLocally(TestNG.java:1134)\r\n\tat org.testng.TestNG.runSuites(TestNG.java:1063)\r\n\tat org.testng.TestNG.run(TestNG.java:1031)\r\n\tat org.testng.remote.AbstractRemoteTestNG.run(AbstractRemoteTestNG.java:115)\r\n\tat org.testng.remote.RemoteTestNG.initAndRun(RemoteTestNG.java:293)\r\n\tat org.testng.remote.RemoteTestNG.main(RemoteTestNG.java:91)\r\n"},"stage":"finished","description":"Test Description: Validating that for any product after buyer switching if catalog changed then product price change","steps":[{"name":"Steps to verify change in price after customer switch followed by change in catalogue","status":"failed","statusDetails":{"known":false,"muted":false,"flaky":false,"message":"Both actual and expected are not same expected [false] but found [true]","trace":"java.lang.AssertionError: Both actual and expected are not same expected [false] but found [true]\r\n\tat org.testng.Assert.fail(Assert.java:99)\r\n\tat org.testng.Assert.failNotEquals(Assert.java:1037)\r\n\tat org.testng.Assert.assertFalse(Assert.java:67)\r\n\tat pomPages.POM10_Product_Page_With_All_Cases.checkPriceChangeAfterCustomerSwitchFollowingCatalogueSwitch(POM10_Product_Page_With_All_Cases.java:1483)\r\n\tat test.Test009_Product_Page_With_All_Cases.checkPriceChangeAfterCustomerSwitchFollowingCatalogueSWitchTest(Test009_Product_Page_With_All_Cases.java:253)\r\n\tat java.base/jdk.internal.reflect.DirectMethodHandleAccessor.invoke(DirectMethodHandleAccessor.java:103)\r\n\tat java.base/java.lang.reflect.Method.invoke(Method.java:580)\r\n\tat org.testng.internal.MethodInvocationHelper.invokeMethod(MethodInvocationHelper.java:133)\r\n\tat org.testng.internal.TestInvoker.invokeMethod(TestInvoker.java:598)\r\n\tat org.testng.internal.TestInvoker.invokeTestMethod(TestInvoker.java:173)\r\n\tat org.testng.internal.MethodRunner.runInSequence(MethodRunner.java:46)\r\n\tat org.testng.internal.TestInvoker$MethodInvocationAgent.invoke(TestInvoker.java:824)\r\n\tat org.testng.internal.TestInvoker.invokeTestMethods(TestInvoker.java:146)\r\n\tat org.testng.internal.TestMethodWorker.invokeTestMethods(TestMethodWorker.java:146)\r\n\tat org.testng.internal.TestMethodWorker.run(TestMethodWorker.java:128)\r\n\tat java.base/java.util.ArrayList.forEach(ArrayList.java:1597)\r\n\tat org.testng.TestRunner.privateRun(TestRunner.java:794)\r\n\tat org.testng.TestRunner.run(TestRunner.java:596)\r\n\tat org.testng.SuiteRunner.runTest(SuiteRunner.java:377)\r\n\tat org.testng.SuiteRunner.runSequentially(SuiteRunner.java:371)\r\n\tat org.testng.SuiteRunner.privateRun(SuiteRunner.java:332)\r\n\tat org.testng.SuiteRunner.run(SuiteRunner.java:276)\r\n\tat org.testng.SuiteRunnerWorker.runSuite(SuiteRunnerWorker.java:53)\r\n\tat org.testng.SuiteRunnerWorker.run(SuiteRunnerWorker.java:96)\r\n\tat org.testng.TestNG.runSuitesSequentially(TestNG.java:1212)\r\n\tat org.testng.TestNG.runSuitesLocally(TestNG.java:1134)\r\n\tat org.testng.TestNG.runSuites(TestNG.java:1063)\r\n\tat org.testng.TestNG.run(TestNG.java:1031)\r\n\tat org.testng.remote.AbstractRemoteTestNG.run(AbstractRemoteTestNG.java:115)\r\n\tat org.testng.remote.RemoteTestNG.initAndRun(RemoteTestNG.java:293)\r\n\tat org.testng.remote.RemoteTestNG.main(RemoteTestNG.java:91)\r\n"},"stage":"finished","steps":[{"name":"clear search text box","status":"passed","stage":"finished","steps":[],"attachments":[],"parameters":[],"start":1736745777567,"stop":1736745777567},{"name":"Enter IV-BC-80377","status":"passed","stage":"finished","steps":[],"attachments":[],"parameters":[],"start":1736745777612,"stop":1736745777612},{"name":"Press Enter","status":"passed","stage":"finished","steps":[],"attachments":[],"parameters":[],"start":1736745777738,"stop":1736745777738},{"name":"Click product button","status":"passed","stage":"finished","steps":[],"attachments":[],"parameters":[],"start":1736745785935,"stop":1736745785935},{"name":"Click on guest customer button","status":"passed","stage":"finished","steps":[],"attachments":[],"parameters":[],"start":1736745792164,"stop":1736745792164},{"name":"Click on customer box","status":"passed","stage":"finished","steps":[],"attachments":[],"parameters":[],"start":1736745792346,"stop":1736745792346},{"name":"Enter Designer","status":"passed","stage":"finished","steps":[],"attachments":[],"parameters":[],"start":1736745793970,"stop":1736745793970},{"name":"Press Enter","status":"passed","stage":"finished","steps":[],"attachments":[],"parameters":[],"start":1736745795542,"stop":1736745795542},{"name":"Click on buyer","status":"passed","stage":"finished","steps":[],"attachments":[],"parameters":[],"start":1736745799616,"stop":1736745799616}],"attachments":[],"parameters":[],"start":1736745774526,"stop":1736745809754}],"attachments":[],"parameters":[],"start":1736745774524,"stop":1736745809757}