<html>
<head>
<title>TestNG:  Test</title>
<link href="../testng.css" rel="stylesheet" type="text/css" />
<link href="../my-testng.css" rel="stylesheet" type="text/css" />

<style type="text/css">
.log { display: none;} 
.stack-trace { display: none;} 
</style>
<script type="text/javascript">
<!--
function flip(e) {
  current = e.style.display;
  if (current == 'block') {
    e.style.display = 'none';
    return 0;
  }
  else {
    e.style.display = 'block';
    return 1;
  }
}

function toggleBox(szDivId, elem, msg1, msg2)
{
  var res = -1;  if (document.getElementById) {
    res = flip(document.getElementById(szDivId));
  }
  else if (document.all) {
    // this is the way old msie versions work
    res = flip(document.all[szDivId]);
  }
  if(elem) {
    if(res == 0) elem.innerHTML = msg1; else elem.innerHTML = msg2;
  }

}

function toggleAllBoxes() {
  if (document.getElementsByTagName) {
    d = document.getElementsByTagName('div');
    for (i = 0; i < d.length; i++) {
      if (d[i].className == 'log') {
        flip(d[i]);
      }
    }
  }
}

// -->
</script>

</head>
<body>
<h2 align='center'>Test</h2><table border='1' align="center">
<tr>
<<<<<<< HEAD
<td>Tests passed/Failed/Skipped:</td><td>224/15/0</td>
=======
<td>Tests passed/Failed/Skipped:</td><td>16/0/0</td>
>>>>>>> branch 'master' of https://github.com/Sourcewiz/automation-testing
</tr><tr>
<<<<<<< HEAD
<td>Started on:</td><td>Mon Jun 17 17:54:10 IST 2024</td>
=======
<td>Started on:</td><td>Wed Jun 19 12:46:30 IST 2024</td>
>>>>>>> branch 'master' of https://github.com/Sourcewiz/automation-testing
</tr>
<<<<<<< HEAD
<tr><td>Total time:</td><td>1895 seconds (1895974 ms)</td>
=======
<tr><td>Total time:</td><td>153 seconds (153435 ms)</td>
>>>>>>> branch 'master' of https://github.com/Sourcewiz/automation-testing
</tr><tr>
<td>Included groups:</td><td></td>
</tr><tr>
<td>Excluded groups:</td><td></td>
</tr>
</table><p/>
<small><i>(Hover the method name to see the test class name)</i></small><p/>
<table width='100%' border='1' class='invocation-failed'>
<tr><td colspan='4' align='center'><b>FAILED TESTS</b></td></tr>
<tr><td><b>Test method</b></td>
<td><b>Attribute(s)</b></td>
<td width="30%"><b>Exception</b></td>
<td width="10%"><b>Time (seconds)</b></td>
<td><b>Instance</b></td>
</tr>
<tr>
<td title='test.Test006_Draft.clickSubmitOrderButtonTest()'><b>clickSubmitOrderButtonTest</b><br>Test class: test.Test006_Draft<br>Test method: Click on submit order</td>
<td><div><pre>org.openqa.selenium.NoSuchElementException: no such element: Unable to locate element: {&quot;method&quot;:&quot;xpath&quot;,&quot;selector&quot;:&quot;//button[starts-with(text(),&apos;Submit order&apos;)]&quot;}
  (Session info: chrome=125.0.6422.142)
For documentation on this error, please visit: https://www.selenium.dev/documentation/webdriver/troubleshooting/errors#no-such-element-exception
Build info: version: &apos;4.21.0&apos;, revision: &apos;79ed462ef4&apos;
System info: os.name: &apos;Windows 11&apos;, os.arch: &apos;amd64&apos;, os.version: &apos;10.0&apos;, java.version: &apos;17.0.10&apos;
Driver info: org.openqa.selenium.chrome.ChromeDriver
Command: [916dc14577efde84fc01a009dd0a795a, findElement {using=xpath, value=//button[starts-with(text(),&apos;Submit order&apos;)]}]
Capabilities {acceptInsecureCerts: false, browserName: chrome, browserVersion: 125.0.6422.142, chrome: {chromedriverVersion: 125.0.6422.78 (14db42ec38ad..., userDataDir: C:\Users\DELL\AppData\Local...}, fedcm:accounts: true, goog:chromeOptions: {debuggerAddress: localhost:65132}, networkConnectionEnabled: false, pageLoadStrategy: normal, platformName: windows, proxy: Proxy(), se:cdp: ws://localhost:65132/devtoo..., se:cdpVersion: 125.0.6422.142, setWindowRect: true, strictFileInteractability: false, timeouts: {implicit: 0, pageLoad: 300000, script: 30000}, unhandledPromptBehavior: dismiss and notify, webauthn:extension:credBlob: true, webauthn:extension:largeBlob: true, webauthn:extension:minPinLength: true, webauthn:extension:prf: true, webauthn:virtualAuthenticators: true}
Session ID: 916dc14577efde84fc01a009dd0a795a
	at org.openqa.selenium.remote.ErrorCodec.decode(ErrorCodec.java:167)
	at org.openqa.selenium.remote.codec.w3c.W3CHttpResponseCodec.decode(W3CHttpResponseCodec.java:138)
	at org.openqa.selenium.remote.codec.w3c.W3CHttpResponseCodec.decode(W3CHttpResponseCodec.java:50)
	at org.openqa.selenium.remote.HttpCommandExecutor.execute(HttpCommandExecutor.java:190)
	at org.openqa.selenium.remote.service.DriverCommandExecutor.invokeExecute(DriverCommandExecutor.java:216)
	at org.openqa.selenium.remote.service.DriverCommandExecutor.execute(DriverCommandExecutor.java:174)
	at org.openqa.selenium.remote.RemoteWebDriver.execute(RemoteWebDriver.java:518)
	at org.openqa.selenium.remote.ElementLocation$ElementFinder$2.findElement(ElementLocation.java:165)
	at org.openqa.selenium.remote.ElementLocation.findElement(ElementLocation.java:59)
	at org.openqa.selenium.remote.RemoteWebDriver.findElement(RemoteWebDriver.java:355)
	at org.openqa.selenium.remote.RemoteWebDriver.findElement(RemoteWebDriver.java:349)
	at org.openqa.selenium.support.pagefactory.DefaultElementLocator.findElement(DefaultElementLocator.java:68)
	at org.openqa.selenium.support.pagefactory.internal.LocatingElementHandler.invoke(LocatingElementHandler.java:38)
	at jdk.proxy2/jdk.proxy2.$Proxy15.isEnabled(Unknown Source)
	at pomPages.POM4_Convert_Quote_To_Order.clickSubmitOrderButton(POM4_Convert_Quote_To_Order.java:462)
	at test.Test006_Draft.clickSubmitOrderButtonTest(Test006_Draft.java:248)
	at java.base/java.util.ArrayList.forEach(ArrayList.java:1511)
... Removed 36 stack frames</pre></div><a href='#' onClick='toggleBox("stack-trace191591531", this, "Click to show all stack frames", "Click to hide stack frames")'>Click to show all stack frames</a>
<div class='stack-trace' id='stack-trace191591531'><pre>org.openqa.selenium.NoSuchElementException: no such element: Unable to locate element: {&quot;method&quot;:&quot;xpath&quot;,&quot;selector&quot;:&quot;//button[starts-with(text(),&apos;Submit order&apos;)]&quot;}
  (Session info: chrome=125.0.6422.142)
For documentation on this error, please visit: https://www.selenium.dev/documentation/webdriver/troubleshooting/errors#no-such-element-exception
Build info: version: &apos;4.21.0&apos;, revision: &apos;79ed462ef4&apos;
System info: os.name: &apos;Windows 11&apos;, os.arch: &apos;amd64&apos;, os.version: &apos;10.0&apos;, java.version: &apos;17.0.10&apos;
Driver info: org.openqa.selenium.chrome.ChromeDriver
Command: [916dc14577efde84fc01a009dd0a795a, findElement {using=xpath, value=//button[starts-with(text(),&apos;Submit order&apos;)]}]
Capabilities {acceptInsecureCerts: false, browserName: chrome, browserVersion: 125.0.6422.142, chrome: {chromedriverVersion: 125.0.6422.78 (14db42ec38ad..., userDataDir: C:\Users\DELL\AppData\Local...}, fedcm:accounts: true, goog:chromeOptions: {debuggerAddress: localhost:65132}, networkConnectionEnabled: false, pageLoadStrategy: normal, platformName: windows, proxy: Proxy(), se:cdp: ws://localhost:65132/devtoo..., se:cdpVersion: 125.0.6422.142, setWindowRect: true, strictFileInteractability: false, timeouts: {implicit: 0, pageLoad: 300000, script: 30000}, unhandledPromptBehavior: dismiss and notify, webauthn:extension:credBlob: true, webauthn:extension:largeBlob: true, webauthn:extension:minPinLength: true, webauthn:extension:prf: true, webauthn:virtualAuthenticators: true}
Session ID: 916dc14577efde84fc01a009dd0a795a
	at java.base/jdk.internal.reflect.NativeConstructorAccessorImpl.newInstance0(Native Method)
	at java.base/jdk.internal.reflect.NativeConstructorAccessorImpl.newInstance(NativeConstructorAccessorImpl.java:77)
	at java.base/jdk.internal.reflect.DelegatingConstructorAccessorImpl.newInstance(DelegatingConstructorAccessorImpl.java:45)
	at java.base/java.lang.reflect.Constructor.newInstanceWithCaller(Constructor.java:499)
	at java.base/java.lang.reflect.Constructor.newInstance(Constructor.java:480)
	at org.openqa.selenium.remote.ErrorCodec.decode(ErrorCodec.java:167)
	at org.openqa.selenium.remote.codec.w3c.W3CHttpResponseCodec.decode(W3CHttpResponseCodec.java:138)
	at org.openqa.selenium.remote.codec.w3c.W3CHttpResponseCodec.decode(W3CHttpResponseCodec.java:50)
	at org.openqa.selenium.remote.HttpCommandExecutor.execute(HttpCommandExecutor.java:190)
	at org.openqa.selenium.remote.service.DriverCommandExecutor.invokeExecute(DriverCommandExecutor.java:216)
	at org.openqa.selenium.remote.service.DriverCommandExecutor.execute(DriverCommandExecutor.java:174)
	at org.openqa.selenium.remote.RemoteWebDriver.execute(RemoteWebDriver.java:518)
	at org.openqa.selenium.remote.ElementLocation$ElementFinder$2.findElement(ElementLocation.java:165)
	at org.openqa.selenium.remote.ElementLocation.findElement(ElementLocation.java:59)
	at org.openqa.selenium.remote.RemoteWebDriver.findElement(RemoteWebDriver.java:355)
	at org.openqa.selenium.remote.RemoteWebDriver.findElement(RemoteWebDriver.java:349)
	at org.openqa.selenium.support.pagefactory.DefaultElementLocator.findElement(DefaultElementLocator.java:68)
	at org.openqa.selenium.support.pagefactory.internal.LocatingElementHandler.invoke(LocatingElementHandler.java:38)
	at jdk.proxy2/jdk.proxy2.$Proxy15.isEnabled(Unknown Source)
	at pomPages.POM4_Convert_Quote_To_Order.clickSubmitOrderButton(POM4_Convert_Quote_To_Order.java:462)
	at test.Test006_Draft.clickSubmitOrderButtonTest(Test006_Draft.java:248)
	at java.base/jdk.internal.reflect.NativeMethodAccessorImpl.invoke0(Native Method)
	at java.base/jdk.internal.reflect.NativeMethodAccessorImpl.invoke(NativeMethodAccessorImpl.java:77)
	at java.base/jdk.internal.reflect.DelegatingMethodAccessorImpl.invoke(DelegatingMethodAccessorImpl.java:43)
	at java.base/java.lang.reflect.Method.invoke(Method.java:568)
	at org.testng.internal.invokers.MethodInvocationHelper.invokeMethod(MethodInvocationHelper.java:141)
	at org.testng.internal.invokers.TestInvoker.invokeMethod(TestInvoker.java:686)
	at org.testng.internal.invokers.TestInvoker.invokeTestMethod(TestInvoker.java:230)
	at org.testng.internal.invokers.MethodRunner.runInSequence(MethodRunner.java:63)
	at org.testng.internal.invokers.TestInvoker$MethodInvocationAgent.invoke(TestInvoker.java:992)
	at org.testng.internal.invokers.TestInvoker.invokeTestMethods(TestInvoker.java:203)
	at org.testng.internal.invokers.TestMethodWorker.invokeTestMethods(TestMethodWorker.java:154)
	at org.testng.internal.invokers.TestMethodWorker.run(TestMethodWorker.java:134)
	at java.base/java.util.ArrayList.forEach(ArrayList.java:1511)
	at org.testng.TestRunner.privateRun(TestRunner.java:739)
	at org.testng.TestRunner.run(TestRunner.java:614)
	at org.testng.SuiteRunner.runTest(SuiteRunner.java:421)
	at org.testng.SuiteRunner.runSequentially(SuiteRunner.java:413)
	at org.testng.SuiteRunner.privateRun(SuiteRunner.java:373)
	at org.testng.SuiteRunner.run(SuiteRunner.java:312)
	at org.testng.SuiteRunnerWorker.runSuite(SuiteRunnerWorker.java:52)
	at org.testng.SuiteRunnerWorker.run(SuiteRunnerWorker.java:95)
	at org.testng.TestNG.runSuitesSequentially(TestNG.java:1274)
	at org.testng.TestNG.runSuitesLocally(TestNG.java:1208)
	at org.testng.TestNG.runSuites(TestNG.java:1112)
	at org.testng.TestNG.run(TestNG.java:1079)
	at org.apache.maven.surefire.testng.TestNGExecutor.run(TestNGExecutor.java:308)
	at org.apache.maven.surefire.testng.TestNGXmlTestSuite.execute(TestNGXmlTestSuite.java:71)
	at org.apache.maven.surefire.testng.TestNGProvider.invoke(TestNGProvider.java:113)
	at org.apache.maven.surefire.booter.ForkedBooter.runSuitesInProcess(ForkedBooter.java:385)
	at org.apache.maven.surefire.booter.ForkedBooter.execute(ForkedBooter.java:162)
	at org.apache.maven.surefire.booter.ForkedBooter.run(ForkedBooter.java:507)
	at org.apache.maven.surefire.booter.ForkedBooter.main(ForkedBooter.java:495)
</pre></div></td>
<td>5</td>
<td>test.Test006_Draft@2c5529ab</td></tr>
<tr>
<td title='test.Test009_Product_Page_With_All_Cases.verifyExploreAll_AllDropdownsTest()'><b>verifyExploreAll_AllDropdownsTest</b><br>Test class: test.Test009_Product_Page_With_All_Cases<br>Test method: check explore all, all dropdown display</td>
<td><div><pre>java.lang.AssertionError: Both actual and expected are not same expected [30] but found [20]
	at pomPages.POM10_Product_Page_With_All_Cases.verifyExploreAll_AllDropdowns(POM10_Product_Page_With_All_Cases.java:411)
	at test.Test009_Product_Page_With_All_Cases.verifyExploreAll_AllDropdownsTest(Test009_Product_Page_With_All_Cases.java:107)
	at java.base/java.util.ArrayList.forEach(ArrayList.java:1511)
... Removed 37 stack frames</pre></div><a href='#' onClick='toggleBox("stack-trace1268982338", this, "Click to show all stack frames", "Click to hide stack frames")'>Click to show all stack frames</a>
<div class='stack-trace' id='stack-trace1268982338'><pre>java.lang.AssertionError: Both actual and expected are not same expected [30] but found [20]
	at org.testng.Assert.fail(Assert.java:111)
	at org.testng.Assert.failNotEquals(Assert.java:1578)
	at org.testng.Assert.assertEqualsImpl(Assert.java:150)
	at org.testng.Assert.assertEquals(Assert.java:132)
	at org.testng.Assert.assertEquals(Assert.java:1419)
	at org.testng.Assert.assertEquals(Assert.java:1383)
	at pomPages.POM10_Product_Page_With_All_Cases.verifyExploreAll_AllDropdowns(POM10_Product_Page_With_All_Cases.java:411)
	at test.Test009_Product_Page_With_All_Cases.verifyExploreAll_AllDropdownsTest(Test009_Product_Page_With_All_Cases.java:107)
	at java.base/jdk.internal.reflect.NativeMethodAccessorImpl.invoke0(Native Method)
	at java.base/jdk.internal.reflect.NativeMethodAccessorImpl.invoke(NativeMethodAccessorImpl.java:77)
	at java.base/jdk.internal.reflect.DelegatingMethodAccessorImpl.invoke(DelegatingMethodAccessorImpl.java:43)
	at java.base/java.lang.reflect.Method.invoke(Method.java:568)
	at org.testng.internal.invokers.MethodInvocationHelper.invokeMethod(MethodInvocationHelper.java:141)
	at org.testng.internal.invokers.TestInvoker.invokeMethod(TestInvoker.java:686)
	at org.testng.internal.invokers.TestInvoker.invokeTestMethod(TestInvoker.java:230)
	at org.testng.internal.invokers.MethodRunner.runInSequence(MethodRunner.java:63)
	at org.testng.internal.invokers.TestInvoker$MethodInvocationAgent.invoke(TestInvoker.java:992)
	at org.testng.internal.invokers.TestInvoker.invokeTestMethods(TestInvoker.java:203)
	at org.testng.internal.invokers.TestMethodWorker.invokeTestMethods(TestMethodWorker.java:154)
	at org.testng.internal.invokers.TestMethodWorker.run(TestMethodWorker.java:134)
	at java.base/java.util.ArrayList.forEach(ArrayList.java:1511)
	at org.testng.TestRunner.privateRun(TestRunner.java:739)
	at org.testng.TestRunner.run(TestRunner.java:614)
	at org.testng.SuiteRunner.runTest(SuiteRunner.java:421)
	at org.testng.SuiteRunner.runSequentially(SuiteRunner.java:413)
	at org.testng.SuiteRunner.privateRun(SuiteRunner.java:373)
	at org.testng.SuiteRunner.run(SuiteRunner.java:312)
	at org.testng.SuiteRunnerWorker.runSuite(SuiteRunnerWorker.java:52)
	at org.testng.SuiteRunnerWorker.run(SuiteRunnerWorker.java:95)
	at org.testng.TestNG.runSuitesSequentially(TestNG.java:1274)
	at org.testng.TestNG.runSuitesLocally(TestNG.java:1208)
	at org.testng.TestNG.runSuites(TestNG.java:1112)
	at org.testng.TestNG.run(TestNG.java:1079)
	at org.apache.maven.surefire.testng.TestNGExecutor.run(TestNGExecutor.java:308)
	at org.apache.maven.surefire.testng.TestNGXmlTestSuite.execute(TestNGXmlTestSuite.java:71)
	at org.apache.maven.surefire.testng.TestNGProvider.invoke(TestNGProvider.java:113)
	at org.apache.maven.surefire.booter.ForkedBooter.runSuitesInProcess(ForkedBooter.java:385)
	at org.apache.maven.surefire.booter.ForkedBooter.execute(ForkedBooter.java:162)
	at org.apache.maven.surefire.booter.ForkedBooter.run(ForkedBooter.java:507)
	at org.apache.maven.surefire.booter.ForkedBooter.main(ForkedBooter.java:495)
</pre></div></td>
<td>68</td>
<td>test.Test009_Product_Page_With_All_Cases@24d09c1</td></tr>
<tr>
<td title='test.Test009_Product_Page_With_All_Cases.catlogueSwitchTestTest()'><b>catlogueSwitchTestTest</b><br>Test class: test.Test009_Product_Page_With_All_Cases</td>
<td><div><pre>org.openqa.selenium.ElementClickInterceptedException: element click intercepted: Element &lt;span class=&quot;MuiTypography-root MuiTypography-contained css-952gj8&quot;&gt;...&lt;/span&gt; is not clickable at point (1375, 87). Other element would receive the click: &lt;div class=&quot;MuiGrid-root MuiGrid-container MuiGrid-spacing-xs-1 css-tuxzvu&quot;&gt;...&lt;/div&gt;
  (Session info: chrome=125.0.6422.142)
Build info: version: &apos;4.21.0&apos;, revision: &apos;79ed462ef4&apos;
System info: os.name: &apos;Windows 11&apos;, os.arch: &apos;amd64&apos;, os.version: &apos;10.0&apos;, java.version: &apos;17.0.10&apos;
Driver info: org.openqa.selenium.chrome.ChromeDriver
Command: [0996fd8c45b07ad28b71816e21e311fe, clickElement {id=f.569959452C65F5AC116E9E283112A03B.d.5AC85A46713EB5C931C954D4424792B3.e.396}]
Capabilities {acceptInsecureCerts: false, browserName: chrome, browserVersion: 125.0.6422.142, chrome: {chromedriverVersion: 125.0.6422.78 (14db42ec38ad..., userDataDir: C:\Users\DELL\AppData\Local...}, fedcm:accounts: true, goog:chromeOptions: {debuggerAddress: localhost:49336}, networkConnectionEnabled: false, pageLoadStrategy: normal, platformName: windows, proxy: Proxy(), se:cdp: ws://localhost:49336/devtoo..., se:cdpVersion: 125.0.6422.142, setWindowRect: true, strictFileInteractability: false, timeouts: {implicit: 0, pageLoad: 300000, script: 30000}, unhandledPromptBehavior: dismiss and notify, webauthn:extension:credBlob: true, webauthn:extension:largeBlob: true, webauthn:extension:minPinLength: true, webauthn:extension:prf: true, webauthn:virtualAuthenticators: true}
Element: [[ChromeDriver: chrome on windows (0996fd8c45b07ad28b71816e21e311fe)] -&gt; xpath: //div[@class=&quot;MuiGrid-root MuiGrid-item MuiGrid-grid-xs-12 MuiGrid-grid-sm-12 MuiGrid-grid-md-6 MuiGrid-grid-lg-6 css-1ebhcds&quot;]//div[2]/span]
Session ID: 0996fd8c45b07ad28b71816e21e311fe
	at org.openqa.selenium.remote.ErrorCodec.decode(ErrorCodec.java:167)
	at org.openqa.selenium.remote.codec.w3c.W3CHttpResponseCodec.decode(W3CHttpResponseCodec.java:138)
	at org.openqa.selenium.remote.codec.w3c.W3CHttpResponseCodec.decode(W3CHttpResponseCodec.java:50)
	at org.openqa.selenium.remote.HttpCommandExecutor.execute(HttpCommandExecutor.java:190)
	at org.openqa.selenium.remote.service.DriverCommandExecutor.invokeExecute(DriverCommandExecutor.java:216)
	at org.openqa.selenium.remote.service.DriverCommandExecutor.execute(DriverCommandExecutor.java:174)
	at org.openqa.selenium.remote.RemoteWebDriver.execute(RemoteWebDriver.java:518)
	at org.openqa.selenium.remote.RemoteWebElement.execute(RemoteWebElement.java:223)
	at org.openqa.selenium.remote.RemoteWebElement.click(RemoteWebElement.java:76)
	at org.openqa.selenium.support.pagefactory.internal.LocatingElementHandler.invoke(LocatingElementHandler.java:51)
	at jdk.proxy2/jdk.proxy2.$Proxy15.click(Unknown Source)
	at pomPages.POM10_Product_Page_With_All_Cases.catlogueSwitchTest(POM10_Product_Page_With_All_Cases.java:758)
	at test.Test009_Product_Page_With_All_Cases.catlogueSwitchTestTest(Test009_Product_Page_With_All_Cases.java:188)
	at java.base/java.util.ArrayList.forEach(ArrayList.java:1511)
... Removed 39 stack frames</pre></div><a href='#' onClick='toggleBox("stack-trace1719208017", this, "Click to show all stack frames", "Click to hide stack frames")'>Click to show all stack frames</a>
<div class='stack-trace' id='stack-trace1719208017'><pre>org.openqa.selenium.ElementClickInterceptedException: element click intercepted: Element &lt;span class=&quot;MuiTypography-root MuiTypography-contained css-952gj8&quot;&gt;...&lt;/span&gt; is not clickable at point (1375, 87). Other element would receive the click: &lt;div class=&quot;MuiGrid-root MuiGrid-container MuiGrid-spacing-xs-1 css-tuxzvu&quot;&gt;...&lt;/div&gt;
  (Session info: chrome=125.0.6422.142)
Build info: version: &apos;4.21.0&apos;, revision: &apos;79ed462ef4&apos;
System info: os.name: &apos;Windows 11&apos;, os.arch: &apos;amd64&apos;, os.version: &apos;10.0&apos;, java.version: &apos;17.0.10&apos;
Driver info: org.openqa.selenium.chrome.ChromeDriver
Command: [0996fd8c45b07ad28b71816e21e311fe, clickElement {id=f.569959452C65F5AC116E9E283112A03B.d.5AC85A46713EB5C931C954D4424792B3.e.396}]
Capabilities {acceptInsecureCerts: false, browserName: chrome, browserVersion: 125.0.6422.142, chrome: {chromedriverVersion: 125.0.6422.78 (14db42ec38ad..., userDataDir: C:\Users\DELL\AppData\Local...}, fedcm:accounts: true, goog:chromeOptions: {debuggerAddress: localhost:49336}, networkConnectionEnabled: false, pageLoadStrategy: normal, platformName: windows, proxy: Proxy(), se:cdp: ws://localhost:49336/devtoo..., se:cdpVersion: 125.0.6422.142, setWindowRect: true, strictFileInteractability: false, timeouts: {implicit: 0, pageLoad: 300000, script: 30000}, unhandledPromptBehavior: dismiss and notify, webauthn:extension:credBlob: true, webauthn:extension:largeBlob: true, webauthn:extension:minPinLength: true, webauthn:extension:prf: true, webauthn:virtualAuthenticators: true}
Element: [[ChromeDriver: chrome on windows (0996fd8c45b07ad28b71816e21e311fe)] -&gt; xpath: //div[@class=&quot;MuiGrid-root MuiGrid-item MuiGrid-grid-xs-12 MuiGrid-grid-sm-12 MuiGrid-grid-md-6 MuiGrid-grid-lg-6 css-1ebhcds&quot;]//div[2]/span]
Session ID: 0996fd8c45b07ad28b71816e21e311fe
	at java.base/jdk.internal.reflect.NativeConstructorAccessorImpl.newInstance0(Native Method)
	at java.base/jdk.internal.reflect.NativeConstructorAccessorImpl.newInstance(NativeConstructorAccessorImpl.java:77)
	at java.base/jdk.internal.reflect.DelegatingConstructorAccessorImpl.newInstance(DelegatingConstructorAccessorImpl.java:45)
	at java.base/java.lang.reflect.Constructor.newInstanceWithCaller(Constructor.java:499)
	at java.base/java.lang.reflect.Constructor.newInstance(Constructor.java:480)
	at org.openqa.selenium.remote.ErrorCodec.decode(ErrorCodec.java:167)
	at org.openqa.selenium.remote.codec.w3c.W3CHttpResponseCodec.decode(W3CHttpResponseCodec.java:138)
	at org.openqa.selenium.remote.codec.w3c.W3CHttpResponseCodec.decode(W3CHttpResponseCodec.java:50)
	at org.openqa.selenium.remote.HttpCommandExecutor.execute(HttpCommandExecutor.java:190)
	at org.openqa.selenium.remote.service.DriverCommandExecutor.invokeExecute(DriverCommandExecutor.java:216)
	at org.openqa.selenium.remote.service.DriverCommandExecutor.execute(DriverCommandExecutor.java:174)
	at org.openqa.selenium.remote.RemoteWebDriver.execute(RemoteWebDriver.java:518)
	at org.openqa.selenium.remote.RemoteWebElement.execute(RemoteWebElement.java:223)
	at org.openqa.selenium.remote.RemoteWebElement.click(RemoteWebElement.java:76)
	at jdk.internal.reflect.GeneratedMethodAccessor28.invoke(Unknown Source)
	at java.base/jdk.internal.reflect.DelegatingMethodAccessorImpl.invoke(DelegatingMethodAccessorImpl.java:43)
	at java.base/java.lang.reflect.Method.invoke(Method.java:568)
	at org.openqa.selenium.support.pagefactory.internal.LocatingElementHandler.invoke(LocatingElementHandler.java:51)
	at jdk.proxy2/jdk.proxy2.$Proxy15.click(Unknown Source)
	at pomPages.POM10_Product_Page_With_All_Cases.catlogueSwitchTest(POM10_Product_Page_With_All_Cases.java:758)
	at test.Test009_Product_Page_With_All_Cases.catlogueSwitchTestTest(Test009_Product_Page_With_All_Cases.java:188)
	at java.base/jdk.internal.reflect.NativeMethodAccessorImpl.invoke0(Native Method)
	at java.base/jdk.internal.reflect.NativeMethodAccessorImpl.invoke(NativeMethodAccessorImpl.java:77)
	at java.base/jdk.internal.reflect.DelegatingMethodAccessorImpl.invoke(DelegatingMethodAccessorImpl.java:43)
	at java.base/java.lang.reflect.Method.invoke(Method.java:568)
	at org.testng.internal.invokers.MethodInvocationHelper.invokeMethod(MethodInvocationHelper.java:141)
	at org.testng.internal.invokers.TestInvoker.invokeMethod(TestInvoker.java:686)
	at org.testng.internal.invokers.TestInvoker.invokeTestMethod(TestInvoker.java:230)
	at org.testng.internal.invokers.MethodRunner.runInSequence(MethodRunner.java:63)
	at org.testng.internal.invokers.TestInvoker$MethodInvocationAgent.invoke(TestInvoker.java:992)
	at org.testng.internal.invokers.TestInvoker.invokeTestMethods(TestInvoker.java:203)
	at org.testng.internal.invokers.TestMethodWorker.invokeTestMethods(TestMethodWorker.java:154)
	at org.testng.internal.invokers.TestMethodWorker.run(TestMethodWorker.java:134)
	at java.base/java.util.ArrayList.forEach(ArrayList.java:1511)
	at org.testng.TestRunner.privateRun(TestRunner.java:739)
	at org.testng.TestRunner.run(TestRunner.java:614)
	at org.testng.SuiteRunner.runTest(SuiteRunner.java:421)
	at org.testng.SuiteRunner.runSequentially(SuiteRunner.java:413)
	at org.testng.SuiteRunner.privateRun(SuiteRunner.java:373)
	at org.testng.SuiteRunner.run(SuiteRunner.java:312)
	at org.testng.SuiteRunnerWorker.runSuite(SuiteRunnerWorker.java:52)
	at org.testng.SuiteRunnerWorker.run(SuiteRunnerWorker.java:95)
	at org.testng.TestNG.runSuitesSequentially(TestNG.java:1274)
	at org.testng.TestNG.runSuitesLocally(TestNG.java:1208)
	at org.testng.TestNG.runSuites(TestNG.java:1112)
	at org.testng.TestNG.run(TestNG.java:1079)
	at org.apache.maven.surefire.testng.TestNGExecutor.run(TestNGExecutor.java:308)
	at org.apache.maven.surefire.testng.TestNGXmlTestSuite.execute(TestNGXmlTestSuite.java:71)
	at org.apache.maven.surefire.testng.TestNGProvider.invoke(TestNGProvider.java:113)
	at org.apache.maven.surefire.booter.ForkedBooter.runSuitesInProcess(ForkedBooter.java:385)
	at org.apache.maven.surefire.booter.ForkedBooter.execute(ForkedBooter.java:162)
	at org.apache.maven.surefire.booter.ForkedBooter.run(ForkedBooter.java:507)
	at org.apache.maven.surefire.booter.ForkedBooter.main(ForkedBooter.java:495)
</pre></div></td>
<td>4</td>
<td>test.Test009_Product_Page_With_All_Cases@24d09c1</td></tr>
<tr>
<td title='test.Test009_Product_Page_With_All_Cases.verifyNumberOfProductsDisplayTest()'><b>verifyNumberOfProductsDisplayTest</b><br>Test class: test.Test009_Product_Page_With_All_Cases<br>Test method: check actual number of products display</td>
<td><div><pre>java.lang.NumberFormatException: For input string: &quot;30 &quot;
	at java.base/java.lang.NumberFormatException.forInputString(NumberFormatException.java:67)
	at java.base/java.lang.Integer.parseInt(Integer.java:668)
	at java.base/java.lang.Integer.parseInt(Integer.java:786)
	at pomPages.POM10_Product_Page_With_All_Cases.verifyNumberOfProductsDisplay(POM10_Product_Page_With_All_Cases.java:605)
	at test.Test009_Product_Page_With_All_Cases.verifyNumberOfProductsDisplayTest(Test009_Product_Page_With_All_Cases.java:197)
	at java.base/java.util.ArrayList.forEach(ArrayList.java:1511)
... Removed 31 stack frames</pre></div><a href='#' onClick='toggleBox("stack-trace897584618", this, "Click to show all stack frames", "Click to hide stack frames")'>Click to show all stack frames</a>
<div class='stack-trace' id='stack-trace897584618'><pre>java.lang.NumberFormatException: For input string: &quot;30 &quot;
	at java.base/java.lang.NumberFormatException.forInputString(NumberFormatException.java:67)
	at java.base/java.lang.Integer.parseInt(Integer.java:668)
	at java.base/java.lang.Integer.parseInt(Integer.java:786)
	at pomPages.POM10_Product_Page_With_All_Cases.verifyNumberOfProductsDisplay(POM10_Product_Page_With_All_Cases.java:605)
	at test.Test009_Product_Page_With_All_Cases.verifyNumberOfProductsDisplayTest(Test009_Product_Page_With_All_Cases.java:197)
	at java.base/jdk.internal.reflect.NativeMethodAccessorImpl.invoke0(Native Method)
	at java.base/jdk.internal.reflect.NativeMethodAccessorImpl.invoke(NativeMethodAccessorImpl.java:77)
	at java.base/jdk.internal.reflect.DelegatingMethodAccessorImpl.invoke(DelegatingMethodAccessorImpl.java:43)
	at java.base/java.lang.reflect.Method.invoke(Method.java:568)
	at org.testng.internal.invokers.MethodInvocationHelper.invokeMethod(MethodInvocationHelper.java:141)
	at org.testng.internal.invokers.TestInvoker.invokeMethod(TestInvoker.java:686)
	at org.testng.internal.invokers.TestInvoker.invokeTestMethod(TestInvoker.java:230)
	at org.testng.internal.invokers.MethodRunner.runInSequence(MethodRunner.java:63)
	at org.testng.internal.invokers.TestInvoker$MethodInvocationAgent.invoke(TestInvoker.java:992)
	at org.testng.internal.invokers.TestInvoker.invokeTestMethods(TestInvoker.java:203)
	at org.testng.internal.invokers.TestMethodWorker.invokeTestMethods(TestMethodWorker.java:154)
	at org.testng.internal.invokers.TestMethodWorker.run(TestMethodWorker.java:134)
	at java.base/java.util.ArrayList.forEach(ArrayList.java:1511)
	at org.testng.TestRunner.privateRun(TestRunner.java:739)
	at org.testng.TestRunner.run(TestRunner.java:614)
	at org.testng.SuiteRunner.runTest(SuiteRunner.java:421)
	at org.testng.SuiteRunner.runSequentially(SuiteRunner.java:413)
	at org.testng.SuiteRunner.privateRun(SuiteRunner.java:373)
	at org.testng.SuiteRunner.run(SuiteRunner.java:312)
	at org.testng.SuiteRunnerWorker.runSuite(SuiteRunnerWorker.java:52)
	at org.testng.SuiteRunnerWorker.run(SuiteRunnerWorker.java:95)
	at org.testng.TestNG.runSuitesSequentially(TestNG.java:1274)
	at org.testng.TestNG.runSuitesLocally(TestNG.java:1208)
	at org.testng.TestNG.runSuites(TestNG.java:1112)
	at org.testng.TestNG.run(TestNG.java:1079)
	at org.apache.maven.surefire.testng.TestNGExecutor.run(TestNGExecutor.java:308)
	at org.apache.maven.surefire.testng.TestNGXmlTestSuite.execute(TestNGXmlTestSuite.java:71)
	at org.apache.maven.surefire.testng.TestNGProvider.invoke(TestNGProvider.java:113)
	at org.apache.maven.surefire.booter.ForkedBooter.runSuitesInProcess(ForkedBooter.java:385)
	at org.apache.maven.surefire.booter.ForkedBooter.execute(ForkedBooter.java:162)
	at org.apache.maven.surefire.booter.ForkedBooter.run(ForkedBooter.java:507)
	at org.apache.maven.surefire.booter.ForkedBooter.main(ForkedBooter.java:495)
</pre></div></td>
<td>64</td>
<td>test.Test009_Product_Page_With_All_Cases@24d09c1</td></tr>
<tr>
<td title='test.Test006_Draft.clickConvertToOrderTest()'><b>clickConvertToOrderTest</b><br>Test class: test.Test006_Draft<br>Test method: Click on convert to order</td>
<td><div><pre>org.openqa.selenium.NoSuchElementException: no such element: Unable to locate element: {&quot;method&quot;:&quot;xpath&quot;,&quot;selector&quot;:&quot;//button[starts-with(text(),&quot;Convert to order&quot;)]&quot;}
  (Session info: chrome=125.0.6422.142)
For documentation on this error, please visit: https://www.selenium.dev/documentation/webdriver/troubleshooting/errors#no-such-element-exception
Build info: version: &apos;4.21.0&apos;, revision: &apos;79ed462ef4&apos;
System info: os.name: &apos;Windows 11&apos;, os.arch: &apos;amd64&apos;, os.version: &apos;10.0&apos;, java.version: &apos;17.0.10&apos;
Driver info: org.openqa.selenium.chrome.ChromeDriver
Command: [916dc14577efde84fc01a009dd0a795a, findElement {using=xpath, value=//button[starts-with(text(),&quot;Convert to order&quot;)]}]
Capabilities {acceptInsecureCerts: false, browserName: chrome, browserVersion: 125.0.6422.142, chrome: {chromedriverVersion: 125.0.6422.78 (14db42ec38ad..., userDataDir: C:\Users\DELL\AppData\Local...}, fedcm:accounts: true, goog:chromeOptions: {debuggerAddress: localhost:65132}, networkConnectionEnabled: false, pageLoadStrategy: normal, platformName: windows, proxy: Proxy(), se:cdp: ws://localhost:65132/devtoo..., se:cdpVersion: 125.0.6422.142, setWindowRect: true, strictFileInteractability: false, timeouts: {implicit: 0, pageLoad: 300000, script: 30000}, unhandledPromptBehavior: dismiss and notify, webauthn:extension:credBlob: true, webauthn:extension:largeBlob: true, webauthn:extension:minPinLength: true, webauthn:extension:prf: true, webauthn:virtualAuthenticators: true}
Session ID: 916dc14577efde84fc01a009dd0a795a
	at org.openqa.selenium.remote.ErrorCodec.decode(ErrorCodec.java:167)
	at org.openqa.selenium.remote.codec.w3c.W3CHttpResponseCodec.decode(W3CHttpResponseCodec.java:138)
	at org.openqa.selenium.remote.codec.w3c.W3CHttpResponseCodec.decode(W3CHttpResponseCodec.java:50)
	at org.openqa.selenium.remote.HttpCommandExecutor.execute(HttpCommandExecutor.java:190)
	at org.openqa.selenium.remote.service.DriverCommandExecutor.invokeExecute(DriverCommandExecutor.java:216)
	at org.openqa.selenium.remote.service.DriverCommandExecutor.execute(DriverCommandExecutor.java:174)
	at org.openqa.selenium.remote.RemoteWebDriver.execute(RemoteWebDriver.java:518)
	at org.openqa.selenium.remote.ElementLocation$ElementFinder$2.findElement(ElementLocation.java:165)
	at org.openqa.selenium.remote.ElementLocation.findElement(ElementLocation.java:59)
	at org.openqa.selenium.remote.RemoteWebDriver.findElement(RemoteWebDriver.java:355)
	at org.openqa.selenium.remote.RemoteWebDriver.findElement(RemoteWebDriver.java:349)
	at org.openqa.selenium.support.pagefactory.DefaultElementLocator.findElement(DefaultElementLocator.java:68)
	at org.openqa.selenium.support.pagefactory.internal.LocatingElementHandler.invoke(LocatingElementHandler.java:38)
	at jdk.proxy2/jdk.proxy2.$Proxy15.isEnabled(Unknown Source)
	at pomPages.POM4_Convert_Quote_To_Order.clickConvertToOrder(POM4_Convert_Quote_To_Order.java:446)
	at test.Test006_Draft.clickConvertToOrderTest(Test006_Draft.java:230)
	at java.base/java.util.ArrayList.forEach(ArrayList.java:1511)
... Removed 36 stack frames</pre></div><a href='#' onClick='toggleBox("stack-trace2062575931", this, "Click to show all stack frames", "Click to hide stack frames")'>Click to show all stack frames</a>
<div class='stack-trace' id='stack-trace2062575931'><pre>org.openqa.selenium.NoSuchElementException: no such element: Unable to locate element: {&quot;method&quot;:&quot;xpath&quot;,&quot;selector&quot;:&quot;//button[starts-with(text(),&quot;Convert to order&quot;)]&quot;}
  (Session info: chrome=125.0.6422.142)
For documentation on this error, please visit: https://www.selenium.dev/documentation/webdriver/troubleshooting/errors#no-such-element-exception
Build info: version: &apos;4.21.0&apos;, revision: &apos;79ed462ef4&apos;
System info: os.name: &apos;Windows 11&apos;, os.arch: &apos;amd64&apos;, os.version: &apos;10.0&apos;, java.version: &apos;17.0.10&apos;
Driver info: org.openqa.selenium.chrome.ChromeDriver
Command: [916dc14577efde84fc01a009dd0a795a, findElement {using=xpath, value=//button[starts-with(text(),&quot;Convert to order&quot;)]}]
Capabilities {acceptInsecureCerts: false, browserName: chrome, browserVersion: 125.0.6422.142, chrome: {chromedriverVersion: 125.0.6422.78 (14db42ec38ad..., userDataDir: C:\Users\DELL\AppData\Local...}, fedcm:accounts: true, goog:chromeOptions: {debuggerAddress: localhost:65132}, networkConnectionEnabled: false, pageLoadStrategy: normal, platformName: windows, proxy: Proxy(), se:cdp: ws://localhost:65132/devtoo..., se:cdpVersion: 125.0.6422.142, setWindowRect: true, strictFileInteractability: false, timeouts: {implicit: 0, pageLoad: 300000, script: 30000}, unhandledPromptBehavior: dismiss and notify, webauthn:extension:credBlob: true, webauthn:extension:largeBlob: true, webauthn:extension:minPinLength: true, webauthn:extension:prf: true, webauthn:virtualAuthenticators: true}
Session ID: 916dc14577efde84fc01a009dd0a795a
	at java.base/jdk.internal.reflect.NativeConstructorAccessorImpl.newInstance0(Native Method)
	at java.base/jdk.internal.reflect.NativeConstructorAccessorImpl.newInstance(NativeConstructorAccessorImpl.java:77)
	at java.base/jdk.internal.reflect.DelegatingConstructorAccessorImpl.newInstance(DelegatingConstructorAccessorImpl.java:45)
	at java.base/java.lang.reflect.Constructor.newInstanceWithCaller(Constructor.java:499)
	at java.base/java.lang.reflect.Constructor.newInstance(Constructor.java:480)
	at org.openqa.selenium.remote.ErrorCodec.decode(ErrorCodec.java:167)
	at org.openqa.selenium.remote.codec.w3c.W3CHttpResponseCodec.decode(W3CHttpResponseCodec.java:138)
	at org.openqa.selenium.remote.codec.w3c.W3CHttpResponseCodec.decode(W3CHttpResponseCodec.java:50)
	at org.openqa.selenium.remote.HttpCommandExecutor.execute(HttpCommandExecutor.java:190)
	at org.openqa.selenium.remote.service.DriverCommandExecutor.invokeExecute(DriverCommandExecutor.java:216)
	at org.openqa.selenium.remote.service.DriverCommandExecutor.execute(DriverCommandExecutor.java:174)
	at org.openqa.selenium.remote.RemoteWebDriver.execute(RemoteWebDriver.java:518)
	at org.openqa.selenium.remote.ElementLocation$ElementFinder$2.findElement(ElementLocation.java:165)
	at org.openqa.selenium.remote.ElementLocation.findElement(ElementLocation.java:59)
	at org.openqa.selenium.remote.RemoteWebDriver.findElement(RemoteWebDriver.java:355)
	at org.openqa.selenium.remote.RemoteWebDriver.findElement(RemoteWebDriver.java:349)
	at org.openqa.selenium.support.pagefactory.DefaultElementLocator.findElement(DefaultElementLocator.java:68)
	at org.openqa.selenium.support.pagefactory.internal.LocatingElementHandler.invoke(LocatingElementHandler.java:38)
	at jdk.proxy2/jdk.proxy2.$Proxy15.isEnabled(Unknown Source)
	at pomPages.POM4_Convert_Quote_To_Order.clickConvertToOrder(POM4_Convert_Quote_To_Order.java:446)
	at test.Test006_Draft.clickConvertToOrderTest(Test006_Draft.java:230)
	at java.base/jdk.internal.reflect.NativeMethodAccessorImpl.invoke0(Native Method)
	at java.base/jdk.internal.reflect.NativeMethodAccessorImpl.invoke(NativeMethodAccessorImpl.java:77)
	at java.base/jdk.internal.reflect.DelegatingMethodAccessorImpl.invoke(DelegatingMethodAccessorImpl.java:43)
	at java.base/java.lang.reflect.Method.invoke(Method.java:568)
	at org.testng.internal.invokers.MethodInvocationHelper.invokeMethod(MethodInvocationHelper.java:141)
	at org.testng.internal.invokers.TestInvoker.invokeMethod(TestInvoker.java:686)
	at org.testng.internal.invokers.TestInvoker.invokeTestMethod(TestInvoker.java:230)
	at org.testng.internal.invokers.MethodRunner.runInSequence(MethodRunner.java:63)
	at org.testng.internal.invokers.TestInvoker$MethodInvocationAgent.invoke(TestInvoker.java:992)
	at org.testng.internal.invokers.TestInvoker.invokeTestMethods(TestInvoker.java:203)
	at org.testng.internal.invokers.TestMethodWorker.invokeTestMethods(TestMethodWorker.java:154)
	at org.testng.internal.invokers.TestMethodWorker.run(TestMethodWorker.java:134)
	at java.base/java.util.ArrayList.forEach(ArrayList.java:1511)
	at org.testng.TestRunner.privateRun(TestRunner.java:739)
	at org.testng.TestRunner.run(TestRunner.java:614)
	at org.testng.SuiteRunner.runTest(SuiteRunner.java:421)
	at org.testng.SuiteRunner.runSequentially(SuiteRunner.java:413)
	at org.testng.SuiteRunner.privateRun(SuiteRunner.java:373)
	at org.testng.SuiteRunner.run(SuiteRunner.java:312)
	at org.testng.SuiteRunnerWorker.runSuite(SuiteRunnerWorker.java:52)
	at org.testng.SuiteRunnerWorker.run(SuiteRunnerWorker.java:95)
	at org.testng.TestNG.runSuitesSequentially(TestNG.java:1274)
	at org.testng.TestNG.runSuitesLocally(TestNG.java:1208)
	at org.testng.TestNG.runSuites(TestNG.java:1112)
	at org.testng.TestNG.run(TestNG.java:1079)
	at org.apache.maven.surefire.testng.TestNGExecutor.run(TestNGExecutor.java:308)
	at org.apache.maven.surefire.testng.TestNGXmlTestSuite.execute(TestNGXmlTestSuite.java:71)
	at org.apache.maven.surefire.testng.TestNGProvider.invoke(TestNGProvider.java:113)
	at org.apache.maven.surefire.booter.ForkedBooter.runSuitesInProcess(ForkedBooter.java:385)
	at org.apache.maven.surefire.booter.ForkedBooter.execute(ForkedBooter.java:162)
	at org.apache.maven.surefire.booter.ForkedBooter.run(ForkedBooter.java:507)
	at org.apache.maven.surefire.booter.ForkedBooter.main(ForkedBooter.java:495)
</pre></div></td>
<td>5</td>
<td>test.Test006_Draft@2c5529ab</td></tr>
<tr>
<td title='test.Test006_Draft.customerNameVerificationOnDraftTest()'><b>customerNameVerificationOnDraftTest</b><br>Test class: test.Test006_Draft<br>Test method: Get customer name</td>
<td><div><pre>java.lang.AssertionError: Both actual and expected are not same expected [Zenith Technologies] but found [wizcom_Automate]
	at pomPages.POM7_Draft.customerNameVerificationOnDraft(POM7_Draft.java:122)
	at test.Test006_Draft.customerNameVerificationOnDraftTest(Test006_Draft.java:203)
	at java.base/java.util.ArrayList.forEach(ArrayList.java:1511)
... Removed 36 stack frames</pre></div><a href='#' onClick='toggleBox("stack-trace294886047", this, "Click to show all stack frames", "Click to hide stack frames")'>Click to show all stack frames</a>
<div class='stack-trace' id='stack-trace294886047'><pre>java.lang.AssertionError: Both actual and expected are not same expected [Zenith Technologies] but found [wizcom_Automate]
	at org.testng.Assert.fail(Assert.java:111)
	at org.testng.Assert.failNotEquals(Assert.java:1578)
	at org.testng.Assert.assertEqualsImpl(Assert.java:150)
	at org.testng.Assert.assertEquals(Assert.java:132)
	at org.testng.Assert.assertEquals(Assert.java:656)
	at pomPages.POM7_Draft.customerNameVerificationOnDraft(POM7_Draft.java:122)
	at test.Test006_Draft.customerNameVerificationOnDraftTest(Test006_Draft.java:203)
	at java.base/jdk.internal.reflect.NativeMethodAccessorImpl.invoke0(Native Method)
	at java.base/jdk.internal.reflect.NativeMethodAccessorImpl.invoke(NativeMethodAccessorImpl.java:77)
	at java.base/jdk.internal.reflect.DelegatingMethodAccessorImpl.invoke(DelegatingMethodAccessorImpl.java:43)
	at java.base/java.lang.reflect.Method.invoke(Method.java:568)
	at org.testng.internal.invokers.MethodInvocationHelper.invokeMethod(MethodInvocationHelper.java:141)
	at org.testng.internal.invokers.TestInvoker.invokeMethod(TestInvoker.java:686)
	at org.testng.internal.invokers.TestInvoker.invokeTestMethod(TestInvoker.java:230)
	at org.testng.internal.invokers.MethodRunner.runInSequence(MethodRunner.java:63)
	at org.testng.internal.invokers.TestInvoker$MethodInvocationAgent.invoke(TestInvoker.java:992)
	at org.testng.internal.invokers.TestInvoker.invokeTestMethods(TestInvoker.java:203)
	at org.testng.internal.invokers.TestMethodWorker.invokeTestMethods(TestMethodWorker.java:154)
	at org.testng.internal.invokers.TestMethodWorker.run(TestMethodWorker.java:134)
	at java.base/java.util.ArrayList.forEach(ArrayList.java:1511)
	at org.testng.TestRunner.privateRun(TestRunner.java:739)
	at org.testng.TestRunner.run(TestRunner.java:614)
	at org.testng.SuiteRunner.runTest(SuiteRunner.java:421)
	at org.testng.SuiteRunner.runSequentially(SuiteRunner.java:413)
	at org.testng.SuiteRunner.privateRun(SuiteRunner.java:373)
	at org.testng.SuiteRunner.run(SuiteRunner.java:312)
	at org.testng.SuiteRunnerWorker.runSuite(SuiteRunnerWorker.java:52)
	at org.testng.SuiteRunnerWorker.run(SuiteRunnerWorker.java:95)
	at org.testng.TestNG.runSuitesSequentially(TestNG.java:1274)
	at org.testng.TestNG.runSuitesLocally(TestNG.java:1208)
	at org.testng.TestNG.runSuites(TestNG.java:1112)
	at org.testng.TestNG.run(TestNG.java:1079)
	at org.apache.maven.surefire.testng.TestNGExecutor.run(TestNGExecutor.java:308)
	at org.apache.maven.surefire.testng.TestNGXmlTestSuite.execute(TestNGXmlTestSuite.java:71)
	at org.apache.maven.surefire.testng.TestNGProvider.invoke(TestNGProvider.java:113)
	at org.apache.maven.surefire.booter.ForkedBooter.runSuitesInProcess(ForkedBooter.java:385)
	at org.apache.maven.surefire.booter.ForkedBooter.execute(ForkedBooter.java:162)
	at org.apache.maven.surefire.booter.ForkedBooter.run(ForkedBooter.java:507)
	at org.apache.maven.surefire.booter.ForkedBooter.main(ForkedBooter.java:495)
</pre></div></td>
<td>0</td>
<td>test.Test006_Draft@2c5529ab</td></tr>
<tr>
<td title='test.Test009_Product_Page_With_All_Cases.verifySortByDropdownTest()'><b>verifySortByDropdownTest</b><br>Test class: test.Test009_Product_Page_With_All_Cases<br>Test method: check sort by dropdown display</td>
<td><div><pre>org.openqa.selenium.ElementClickInterceptedException: element click intercepted: Element &lt;div class=&quot;MuiGrid-root MuiGrid-item css-10s5n5l&quot;&gt;...&lt;/div&gt; is not clickable at point (1360, 141). Other element would receive the click: &lt;p style=&quot;color: black; font-size: 16px; font-weight: normal; width: 85%;&quot;&gt;...&lt;/p&gt;
  (Session info: chrome=125.0.6422.142)
Build info: version: &apos;4.21.0&apos;, revision: &apos;79ed462ef4&apos;
System info: os.name: &apos;Windows 11&apos;, os.arch: &apos;amd64&apos;, os.version: &apos;10.0&apos;, java.version: &apos;17.0.10&apos;
Driver info: org.openqa.selenium.chrome.ChromeDriver
Command: [0996fd8c45b07ad28b71816e21e311fe, clickElement {id=f.569959452C65F5AC116E9E283112A03B.d.5AC85A46713EB5C931C954D4424792B3.e.116}]
Capabilities {acceptInsecureCerts: false, browserName: chrome, browserVersion: 125.0.6422.142, chrome: {chromedriverVersion: 125.0.6422.78 (14db42ec38ad..., userDataDir: C:\Users\DELL\AppData\Local...}, fedcm:accounts: true, goog:chromeOptions: {debuggerAddress: localhost:49336}, networkConnectionEnabled: false, pageLoadStrategy: normal, platformName: windows, proxy: Proxy(), se:cdp: ws://localhost:49336/devtoo..., se:cdpVersion: 125.0.6422.142, setWindowRect: true, strictFileInteractability: false, timeouts: {implicit: 0, pageLoad: 300000, script: 30000}, unhandledPromptBehavior: dismiss and notify, webauthn:extension:credBlob: true, webauthn:extension:largeBlob: true, webauthn:extension:minPinLength: true, webauthn:extension:prf: true, webauthn:virtualAuthenticators: true}
Element: [[ChromeDriver: chrome on windows (0996fd8c45b07ad28b71816e21e311fe)] -&gt; xpath: //div[@class=&quot;MuiGrid-root MuiGrid-item css-10s5n5l&quot;]]
Session ID: 0996fd8c45b07ad28b71816e21e311fe
	at org.openqa.selenium.remote.ErrorCodec.decode(ErrorCodec.java:167)
	at org.openqa.selenium.remote.codec.w3c.W3CHttpResponseCodec.decode(W3CHttpResponseCodec.java:138)
	at org.openqa.selenium.remote.codec.w3c.W3CHttpResponseCodec.decode(W3CHttpResponseCodec.java:50)
	at org.openqa.selenium.remote.HttpCommandExecutor.execute(HttpCommandExecutor.java:190)
	at org.openqa.selenium.remote.service.DriverCommandExecutor.invokeExecute(DriverCommandExecutor.java:216)
	at org.openqa.selenium.remote.service.DriverCommandExecutor.execute(DriverCommandExecutor.java:174)
	at org.openqa.selenium.remote.RemoteWebDriver.execute(RemoteWebDriver.java:518)
	at org.openqa.selenium.remote.RemoteWebElement.execute(RemoteWebElement.java:223)
	at org.openqa.selenium.remote.RemoteWebElement.click(RemoteWebElement.java:76)
	at org.openqa.selenium.support.pagefactory.internal.LocatingElementHandler.invoke(LocatingElementHandler.java:51)
	at jdk.proxy2/jdk.proxy2.$Proxy15.click(Unknown Source)
	at pomPages.POM10_Product_Page_With_All_Cases.verifySortByDropdown(POM10_Product_Page_With_All_Cases.java:512)
	at test.Test009_Product_Page_With_All_Cases.verifySortByDropdownTest(Test009_Product_Page_With_All_Cases.java:125)
	at java.base/java.util.ArrayList.forEach(ArrayList.java:1511)
... Removed 39 stack frames</pre></div><a href='#' onClick='toggleBox("stack-trace328325471", this, "Click to show all stack frames", "Click to hide stack frames")'>Click to show all stack frames</a>
<div class='stack-trace' id='stack-trace328325471'><pre>org.openqa.selenium.ElementClickInterceptedException: element click intercepted: Element &lt;div class=&quot;MuiGrid-root MuiGrid-item css-10s5n5l&quot;&gt;...&lt;/div&gt; is not clickable at point (1360, 141). Other element would receive the click: &lt;p style=&quot;color: black; font-size: 16px; font-weight: normal; width: 85%;&quot;&gt;...&lt;/p&gt;
  (Session info: chrome=125.0.6422.142)
Build info: version: &apos;4.21.0&apos;, revision: &apos;79ed462ef4&apos;
System info: os.name: &apos;Windows 11&apos;, os.arch: &apos;amd64&apos;, os.version: &apos;10.0&apos;, java.version: &apos;17.0.10&apos;
Driver info: org.openqa.selenium.chrome.ChromeDriver
Command: [0996fd8c45b07ad28b71816e21e311fe, clickElement {id=f.569959452C65F5AC116E9E283112A03B.d.5AC85A46713EB5C931C954D4424792B3.e.116}]
Capabilities {acceptInsecureCerts: false, browserName: chrome, browserVersion: 125.0.6422.142, chrome: {chromedriverVersion: 125.0.6422.78 (14db42ec38ad..., userDataDir: C:\Users\DELL\AppData\Local...}, fedcm:accounts: true, goog:chromeOptions: {debuggerAddress: localhost:49336}, networkConnectionEnabled: false, pageLoadStrategy: normal, platformName: windows, proxy: Proxy(), se:cdp: ws://localhost:49336/devtoo..., se:cdpVersion: 125.0.6422.142, setWindowRect: true, strictFileInteractability: false, timeouts: {implicit: 0, pageLoad: 300000, script: 30000}, unhandledPromptBehavior: dismiss and notify, webauthn:extension:credBlob: true, webauthn:extension:largeBlob: true, webauthn:extension:minPinLength: true, webauthn:extension:prf: true, webauthn:virtualAuthenticators: true}
Element: [[ChromeDriver: chrome on windows (0996fd8c45b07ad28b71816e21e311fe)] -&gt; xpath: //div[@class=&quot;MuiGrid-root MuiGrid-item css-10s5n5l&quot;]]
Session ID: 0996fd8c45b07ad28b71816e21e311fe
	at java.base/jdk.internal.reflect.NativeConstructorAccessorImpl.newInstance0(Native Method)
	at java.base/jdk.internal.reflect.NativeConstructorAccessorImpl.newInstance(NativeConstructorAccessorImpl.java:77)
	at java.base/jdk.internal.reflect.DelegatingConstructorAccessorImpl.newInstance(DelegatingConstructorAccessorImpl.java:45)
	at java.base/java.lang.reflect.Constructor.newInstanceWithCaller(Constructor.java:499)
	at java.base/java.lang.reflect.Constructor.newInstance(Constructor.java:480)
	at org.openqa.selenium.remote.ErrorCodec.decode(ErrorCodec.java:167)
	at org.openqa.selenium.remote.codec.w3c.W3CHttpResponseCodec.decode(W3CHttpResponseCodec.java:138)
	at org.openqa.selenium.remote.codec.w3c.W3CHttpResponseCodec.decode(W3CHttpResponseCodec.java:50)
	at org.openqa.selenium.remote.HttpCommandExecutor.execute(HttpCommandExecutor.java:190)
	at org.openqa.selenium.remote.service.DriverCommandExecutor.invokeExecute(DriverCommandExecutor.java:216)
	at org.openqa.selenium.remote.service.DriverCommandExecutor.execute(DriverCommandExecutor.java:174)
	at org.openqa.selenium.remote.RemoteWebDriver.execute(RemoteWebDriver.java:518)
	at org.openqa.selenium.remote.RemoteWebElement.execute(RemoteWebElement.java:223)
	at org.openqa.selenium.remote.RemoteWebElement.click(RemoteWebElement.java:76)
	at jdk.internal.reflect.GeneratedMethodAccessor28.invoke(Unknown Source)
	at java.base/jdk.internal.reflect.DelegatingMethodAccessorImpl.invoke(DelegatingMethodAccessorImpl.java:43)
	at java.base/java.lang.reflect.Method.invoke(Method.java:568)
	at org.openqa.selenium.support.pagefactory.internal.LocatingElementHandler.invoke(LocatingElementHandler.java:51)
	at jdk.proxy2/jdk.proxy2.$Proxy15.click(Unknown Source)
	at pomPages.POM10_Product_Page_With_All_Cases.verifySortByDropdown(POM10_Product_Page_With_All_Cases.java:512)
	at test.Test009_Product_Page_With_All_Cases.verifySortByDropdownTest(Test009_Product_Page_With_All_Cases.java:125)
	at java.base/jdk.internal.reflect.NativeMethodAccessorImpl.invoke0(Native Method)
	at java.base/jdk.internal.reflect.NativeMethodAccessorImpl.invoke(NativeMethodAccessorImpl.java:77)
	at java.base/jdk.internal.reflect.DelegatingMethodAccessorImpl.invoke(DelegatingMethodAccessorImpl.java:43)
	at java.base/java.lang.reflect.Method.invoke(Method.java:568)
	at org.testng.internal.invokers.MethodInvocationHelper.invokeMethod(MethodInvocationHelper.java:141)
	at org.testng.internal.invokers.TestInvoker.invokeMethod(TestInvoker.java:686)
	at org.testng.internal.invokers.TestInvoker.invokeTestMethod(TestInvoker.java:230)
	at org.testng.internal.invokers.MethodRunner.runInSequence(MethodRunner.java:63)
	at org.testng.internal.invokers.TestInvoker$MethodInvocationAgent.invoke(TestInvoker.java:992)
	at org.testng.internal.invokers.TestInvoker.invokeTestMethods(TestInvoker.java:203)
	at org.testng.internal.invokers.TestMethodWorker.invokeTestMethods(TestMethodWorker.java:154)
	at org.testng.internal.invokers.TestMethodWorker.run(TestMethodWorker.java:134)
	at java.base/java.util.ArrayList.forEach(ArrayList.java:1511)
	at org.testng.TestRunner.privateRun(TestRunner.java:739)
	at org.testng.TestRunner.run(TestRunner.java:614)
	at org.testng.SuiteRunner.runTest(SuiteRunner.java:421)
	at org.testng.SuiteRunner.runSequentially(SuiteRunner.java:413)
	at org.testng.SuiteRunner.privateRun(SuiteRunner.java:373)
	at org.testng.SuiteRunner.run(SuiteRunner.java:312)
	at org.testng.SuiteRunnerWorker.runSuite(SuiteRunnerWorker.java:52)
	at org.testng.SuiteRunnerWorker.run(SuiteRunnerWorker.java:95)
	at org.testng.TestNG.runSuitesSequentially(TestNG.java:1274)
	at org.testng.TestNG.runSuitesLocally(TestNG.java:1208)
	at org.testng.TestNG.runSuites(TestNG.java:1112)
	at org.testng.TestNG.run(TestNG.java:1079)
	at org.apache.maven.surefire.testng.TestNGExecutor.run(TestNGExecutor.java:308)
	at org.apache.maven.surefire.testng.TestNGXmlTestSuite.execute(TestNGXmlTestSuite.java:71)
	at org.apache.maven.surefire.testng.TestNGProvider.invoke(TestNGProvider.java:113)
	at org.apache.maven.surefire.booter.ForkedBooter.runSuitesInProcess(ForkedBooter.java:385)
	at org.apache.maven.surefire.booter.ForkedBooter.execute(ForkedBooter.java:162)
	at org.apache.maven.surefire.booter.ForkedBooter.run(ForkedBooter.java:507)
	at org.apache.maven.surefire.booter.ForkedBooter.main(ForkedBooter.java:495)
</pre></div></td>
<td>5</td>
<td>test.Test009_Product_Page_With_All_Cases@24d09c1</td></tr>
<tr>
<td title='test.Test009_Product_Page_With_All_Cases.serachProductWithDifferentOperationsTest()'><b>serachProductWithDifferentOperationsTest</b><br>Test class: test.Test009_Product_Page_With_All_Cases</td>
<td><div><pre>org.openqa.selenium.ElementClickInterceptedException: element click intercepted: Element &lt;input aria-invalid=&quot;false&quot; autocomplete=&quot;off&quot; id=&quot;outlined-adornment&quot; type=&quot;text&quot; class=&quot;MuiInputBase-input MuiOutlinedInput-input MuiInputBase-inputSizeSmall MuiInputBase-inputAdornedStart MuiInputBase-inputAdornedEnd css-1445wi2&quot; value=&quot;&quot;&gt; is not clickable at point (373, 87). Other element would receive the click: &lt;div aria-hidden=&quot;true&quot; class=&quot;MuiBackdrop-root MuiModal-backdrop css-919eu4&quot; style=&quot;opacity: 1; transition: opacity 225ms cubic-bezier(0.4, 0, 0.2, 1) 0ms;&quot;&gt;&lt;/div&gt;
  (Session info: chrome=125.0.6422.142)
Build info: version: &apos;4.21.0&apos;, revision: &apos;79ed462ef4&apos;
System info: os.name: &apos;Windows 11&apos;, os.arch: &apos;amd64&apos;, os.version: &apos;10.0&apos;, java.version: &apos;17.0.10&apos;
Driver info: org.openqa.selenium.chrome.ChromeDriver
Command: [0996fd8c45b07ad28b71816e21e311fe, clickElement {id=f.569959452C65F5AC116E9E283112A03B.d.5AC85A46713EB5C931C954D4424792B3.e.83}]
Capabilities {acceptInsecureCerts: false, browserName: chrome, browserVersion: 125.0.6422.142, chrome: {chromedriverVersion: 125.0.6422.78 (14db42ec38ad..., userDataDir: C:\Users\DELL\AppData\Local...}, fedcm:accounts: true, goog:chromeOptions: {debuggerAddress: localhost:49336}, networkConnectionEnabled: false, pageLoadStrategy: normal, platformName: windows, proxy: Proxy(), se:cdp: ws://localhost:49336/devtoo..., se:cdpVersion: 125.0.6422.142, setWindowRect: true, strictFileInteractability: false, timeouts: {implicit: 0, pageLoad: 300000, script: 30000}, unhandledPromptBehavior: dismiss and notify, webauthn:extension:credBlob: true, webauthn:extension:largeBlob: true, webauthn:extension:minPinLength: true, webauthn:extension:prf: true, webauthn:virtualAuthenticators: true}
Element: [[ChromeDriver: chrome on windows (0996fd8c45b07ad28b71816e21e311fe)] -&gt; xpath: //input[starts-with(@id,&quot;outlined-adornment&quot;)]]
Session ID: 0996fd8c45b07ad28b71816e21e311fe
	at org.openqa.selenium.remote.ErrorCodec.decode(ErrorCodec.java:167)
	at org.openqa.selenium.remote.codec.w3c.W3CHttpResponseCodec.decode(W3CHttpResponseCodec.java:138)
	at org.openqa.selenium.remote.codec.w3c.W3CHttpResponseCodec.decode(W3CHttpResponseCodec.java:50)
	at org.openqa.selenium.remote.HttpCommandExecutor.execute(HttpCommandExecutor.java:190)
	at org.openqa.selenium.remote.service.DriverCommandExecutor.invokeExecute(DriverCommandExecutor.java:216)
	at org.openqa.selenium.remote.service.DriverCommandExecutor.execute(DriverCommandExecutor.java:174)
	at org.openqa.selenium.remote.RemoteWebDriver.execute(RemoteWebDriver.java:518)
	at org.openqa.selenium.remote.RemoteWebElement.execute(RemoteWebElement.java:223)
	at org.openqa.selenium.remote.RemoteWebElement.click(RemoteWebElement.java:76)
	at org.openqa.selenium.support.pagefactory.internal.LocatingElementHandler.invoke(LocatingElementHandler.java:51)
	at jdk.proxy2/jdk.proxy2.$Proxy15.click(Unknown Source)
	at pomPages.POM10_Product_Page_With_All_Cases.serachProductWithDifferentOperations(POM10_Product_Page_With_All_Cases.java:667)
	at test.Test009_Product_Page_With_All_Cases.serachProductWithDifferentOperationsTest(Test009_Product_Page_With_All_Cases.java:161)
	at java.base/java.util.ArrayList.forEach(ArrayList.java:1511)
... Removed 39 stack frames</pre></div><a href='#' onClick='toggleBox("stack-trace1534611222", this, "Click to show all stack frames", "Click to hide stack frames")'>Click to show all stack frames</a>
<div class='stack-trace' id='stack-trace1534611222'><pre>org.openqa.selenium.ElementClickInterceptedException: element click intercepted: Element &lt;input aria-invalid=&quot;false&quot; autocomplete=&quot;off&quot; id=&quot;outlined-adornment&quot; type=&quot;text&quot; class=&quot;MuiInputBase-input MuiOutlinedInput-input MuiInputBase-inputSizeSmall MuiInputBase-inputAdornedStart MuiInputBase-inputAdornedEnd css-1445wi2&quot; value=&quot;&quot;&gt; is not clickable at point (373, 87). Other element would receive the click: &lt;div aria-hidden=&quot;true&quot; class=&quot;MuiBackdrop-root MuiModal-backdrop css-919eu4&quot; style=&quot;opacity: 1; transition: opacity 225ms cubic-bezier(0.4, 0, 0.2, 1) 0ms;&quot;&gt;&lt;/div&gt;
  (Session info: chrome=125.0.6422.142)
Build info: version: &apos;4.21.0&apos;, revision: &apos;79ed462ef4&apos;
System info: os.name: &apos;Windows 11&apos;, os.arch: &apos;amd64&apos;, os.version: &apos;10.0&apos;, java.version: &apos;17.0.10&apos;
Driver info: org.openqa.selenium.chrome.ChromeDriver
Command: [0996fd8c45b07ad28b71816e21e311fe, clickElement {id=f.569959452C65F5AC116E9E283112A03B.d.5AC85A46713EB5C931C954D4424792B3.e.83}]
Capabilities {acceptInsecureCerts: false, browserName: chrome, browserVersion: 125.0.6422.142, chrome: {chromedriverVersion: 125.0.6422.78 (14db42ec38ad..., userDataDir: C:\Users\DELL\AppData\Local...}, fedcm:accounts: true, goog:chromeOptions: {debuggerAddress: localhost:49336}, networkConnectionEnabled: false, pageLoadStrategy: normal, platformName: windows, proxy: Proxy(), se:cdp: ws://localhost:49336/devtoo..., se:cdpVersion: 125.0.6422.142, setWindowRect: true, strictFileInteractability: false, timeouts: {implicit: 0, pageLoad: 300000, script: 30000}, unhandledPromptBehavior: dismiss and notify, webauthn:extension:credBlob: true, webauthn:extension:largeBlob: true, webauthn:extension:minPinLength: true, webauthn:extension:prf: true, webauthn:virtualAuthenticators: true}
Element: [[ChromeDriver: chrome on windows (0996fd8c45b07ad28b71816e21e311fe)] -&gt; xpath: //input[starts-with(@id,&quot;outlined-adornment&quot;)]]
Session ID: 0996fd8c45b07ad28b71816e21e311fe
	at java.base/jdk.internal.reflect.NativeConstructorAccessorImpl.newInstance0(Native Method)
	at java.base/jdk.internal.reflect.NativeConstructorAccessorImpl.newInstance(NativeConstructorAccessorImpl.java:77)
	at java.base/jdk.internal.reflect.DelegatingConstructorAccessorImpl.newInstance(DelegatingConstructorAccessorImpl.java:45)
	at java.base/java.lang.reflect.Constructor.newInstanceWithCaller(Constructor.java:499)
	at java.base/java.lang.reflect.Constructor.newInstance(Constructor.java:480)
	at org.openqa.selenium.remote.ErrorCodec.decode(ErrorCodec.java:167)
	at org.openqa.selenium.remote.codec.w3c.W3CHttpResponseCodec.decode(W3CHttpResponseCodec.java:138)
	at org.openqa.selenium.remote.codec.w3c.W3CHttpResponseCodec.decode(W3CHttpResponseCodec.java:50)
	at org.openqa.selenium.remote.HttpCommandExecutor.execute(HttpCommandExecutor.java:190)
	at org.openqa.selenium.remote.service.DriverCommandExecutor.invokeExecute(DriverCommandExecutor.java:216)
	at org.openqa.selenium.remote.service.DriverCommandExecutor.execute(DriverCommandExecutor.java:174)
	at org.openqa.selenium.remote.RemoteWebDriver.execute(RemoteWebDriver.java:518)
	at org.openqa.selenium.remote.RemoteWebElement.execute(RemoteWebElement.java:223)
	at org.openqa.selenium.remote.RemoteWebElement.click(RemoteWebElement.java:76)
	at jdk.internal.reflect.GeneratedMethodAccessor28.invoke(Unknown Source)
	at java.base/jdk.internal.reflect.DelegatingMethodAccessorImpl.invoke(DelegatingMethodAccessorImpl.java:43)
	at java.base/java.lang.reflect.Method.invoke(Method.java:568)
	at org.openqa.selenium.support.pagefactory.internal.LocatingElementHandler.invoke(LocatingElementHandler.java:51)
	at jdk.proxy2/jdk.proxy2.$Proxy15.click(Unknown Source)
	at pomPages.POM10_Product_Page_With_All_Cases.serachProductWithDifferentOperations(POM10_Product_Page_With_All_Cases.java:667)
	at test.Test009_Product_Page_With_All_Cases.serachProductWithDifferentOperationsTest(Test009_Product_Page_With_All_Cases.java:161)
	at java.base/jdk.internal.reflect.NativeMethodAccessorImpl.invoke0(Native Method)
	at java.base/jdk.internal.reflect.NativeMethodAccessorImpl.invoke(NativeMethodAccessorImpl.java:77)
	at java.base/jdk.internal.reflect.DelegatingMethodAccessorImpl.invoke(DelegatingMethodAccessorImpl.java:43)
	at java.base/java.lang.reflect.Method.invoke(Method.java:568)
	at org.testng.internal.invokers.MethodInvocationHelper.invokeMethod(MethodInvocationHelper.java:141)
	at org.testng.internal.invokers.TestInvoker.invokeMethod(TestInvoker.java:686)
	at org.testng.internal.invokers.TestInvoker.invokeTestMethod(TestInvoker.java:230)
	at org.testng.internal.invokers.MethodRunner.runInSequence(MethodRunner.java:63)
	at org.testng.internal.invokers.TestInvoker$MethodInvocationAgent.invoke(TestInvoker.java:992)
	at org.testng.internal.invokers.TestInvoker.invokeTestMethods(TestInvoker.java:203)
	at org.testng.internal.invokers.TestMethodWorker.invokeTestMethods(TestMethodWorker.java:154)
	at org.testng.internal.invokers.TestMethodWorker.run(TestMethodWorker.java:134)
	at java.base/java.util.ArrayList.forEach(ArrayList.java:1511)
	at org.testng.TestRunner.privateRun(TestRunner.java:739)
	at org.testng.TestRunner.run(TestRunner.java:614)
	at org.testng.SuiteRunner.runTest(SuiteRunner.java:421)
	at org.testng.SuiteRunner.runSequentially(SuiteRunner.java:413)
	at org.testng.SuiteRunner.privateRun(SuiteRunner.java:373)
	at org.testng.SuiteRunner.run(SuiteRunner.java:312)
	at org.testng.SuiteRunnerWorker.runSuite(SuiteRunnerWorker.java:52)
	at org.testng.SuiteRunnerWorker.run(SuiteRunnerWorker.java:95)
	at org.testng.TestNG.runSuitesSequentially(TestNG.java:1274)
	at org.testng.TestNG.runSuitesLocally(TestNG.java:1208)
	at org.testng.TestNG.runSuites(TestNG.java:1112)
	at org.testng.TestNG.run(TestNG.java:1079)
	at org.apache.maven.surefire.testng.TestNGExecutor.run(TestNGExecutor.java:308)
	at org.apache.maven.surefire.testng.TestNGXmlTestSuite.execute(TestNGXmlTestSuite.java:71)
	at org.apache.maven.surefire.testng.TestNGProvider.invoke(TestNGProvider.java:113)
	at org.apache.maven.surefire.booter.ForkedBooter.runSuitesInProcess(ForkedBooter.java:385)
	at org.apache.maven.surefire.booter.ForkedBooter.execute(ForkedBooter.java:162)
	at org.apache.maven.surefire.booter.ForkedBooter.run(ForkedBooter.java:507)
	at org.apache.maven.surefire.booter.ForkedBooter.main(ForkedBooter.java:495)
</pre></div></td>
<td>1</td>
<td>test.Test009_Product_Page_With_All_Cases@24d09c1</td></tr>
<tr>
<td title='test.Test006_Draft.handlingCheckbox2Test()'><b>handlingCheckbox2Test</b><br>Test class: test.Test006_Draft<br>Test method: Handling check box 2</td>
<td><div><pre>org.openqa.selenium.NoSuchElementException: no such element: Unable to locate element: {&quot;method&quot;:&quot;xpath&quot;,&quot;selector&quot;:&quot;//button[starts-with(text(),&apos;Go Back&apos;)]&quot;}
  (Session info: chrome=125.0.6422.142)
For documentation on this error, please visit: https://www.selenium.dev/documentation/webdriver/troubleshooting/errors#no-such-element-exception
Build info: version: &apos;4.21.0&apos;, revision: &apos;79ed462ef4&apos;
System info: os.name: &apos;Windows 11&apos;, os.arch: &apos;amd64&apos;, os.version: &apos;10.0&apos;, java.version: &apos;17.0.10&apos;
Driver info: org.openqa.selenium.chrome.ChromeDriver
Command: [916dc14577efde84fc01a009dd0a795a, findElement {using=xpath, value=//button[starts-with(text(),&apos;Go Back&apos;)]}]
Capabilities {acceptInsecureCerts: false, browserName: chrome, browserVersion: 125.0.6422.142, chrome: {chromedriverVersion: 125.0.6422.78 (14db42ec38ad..., userDataDir: C:\Users\DELL\AppData\Local...}, fedcm:accounts: true, goog:chromeOptions: {debuggerAddress: localhost:65132}, networkConnectionEnabled: false, pageLoadStrategy: normal, platformName: windows, proxy: Proxy(), se:cdp: ws://localhost:65132/devtoo..., se:cdpVersion: 125.0.6422.142, setWindowRect: true, strictFileInteractability: false, timeouts: {implicit: 0, pageLoad: 300000, script: 30000}, unhandledPromptBehavior: dismiss and notify, webauthn:extension:credBlob: true, webauthn:extension:largeBlob: true, webauthn:extension:minPinLength: true, webauthn:extension:prf: true, webauthn:virtualAuthenticators: true}
Session ID: 916dc14577efde84fc01a009dd0a795a
	at org.openqa.selenium.remote.ErrorCodec.decode(ErrorCodec.java:167)
	at org.openqa.selenium.remote.codec.w3c.W3CHttpResponseCodec.decode(W3CHttpResponseCodec.java:138)
	at org.openqa.selenium.remote.codec.w3c.W3CHttpResponseCodec.decode(W3CHttpResponseCodec.java:50)
	at org.openqa.selenium.remote.HttpCommandExecutor.execute(HttpCommandExecutor.java:190)
	at org.openqa.selenium.remote.service.DriverCommandExecutor.invokeExecute(DriverCommandExecutor.java:216)
	at org.openqa.selenium.remote.service.DriverCommandExecutor.execute(DriverCommandExecutor.java:174)
	at org.openqa.selenium.remote.RemoteWebDriver.execute(RemoteWebDriver.java:518)
	at org.openqa.selenium.remote.ElementLocation$ElementFinder$2.findElement(ElementLocation.java:165)
	at org.openqa.selenium.remote.ElementLocation.findElement(ElementLocation.java:59)
	at org.openqa.selenium.remote.RemoteWebDriver.findElement(RemoteWebDriver.java:355)
	at org.openqa.selenium.remote.RemoteWebDriver.findElement(RemoteWebDriver.java:349)
	at org.openqa.selenium.support.pagefactory.DefaultElementLocator.findElement(DefaultElementLocator.java:68)
	at org.openqa.selenium.support.pagefactory.internal.LocatingElementHandler.invoke(LocatingElementHandler.java:38)
	at jdk.proxy2/jdk.proxy2.$Proxy15.isDisplayed(Unknown Source)
	at pomPages.POM4_Convert_Quote_To_Order.handlingCheckbox2(POM4_Convert_Quote_To_Order.java:469)
	at test.Test006_Draft.handlingCheckbox2Test(Test006_Draft.java:257)
	at java.base/java.util.ArrayList.forEach(ArrayList.java:1511)
... Removed 36 stack frames</pre></div><a href='#' onClick='toggleBox("stack-trace261089310", this, "Click to show all stack frames", "Click to hide stack frames")'>Click to show all stack frames</a>
<div class='stack-trace' id='stack-trace261089310'><pre>org.openqa.selenium.NoSuchElementException: no such element: Unable to locate element: {&quot;method&quot;:&quot;xpath&quot;,&quot;selector&quot;:&quot;//button[starts-with(text(),&apos;Go Back&apos;)]&quot;}
  (Session info: chrome=125.0.6422.142)
For documentation on this error, please visit: https://www.selenium.dev/documentation/webdriver/troubleshooting/errors#no-such-element-exception
Build info: version: &apos;4.21.0&apos;, revision: &apos;79ed462ef4&apos;
System info: os.name: &apos;Windows 11&apos;, os.arch: &apos;amd64&apos;, os.version: &apos;10.0&apos;, java.version: &apos;17.0.10&apos;
Driver info: org.openqa.selenium.chrome.ChromeDriver
Command: [916dc14577efde84fc01a009dd0a795a, findElement {using=xpath, value=//button[starts-with(text(),&apos;Go Back&apos;)]}]
Capabilities {acceptInsecureCerts: false, browserName: chrome, browserVersion: 125.0.6422.142, chrome: {chromedriverVersion: 125.0.6422.78 (14db42ec38ad..., userDataDir: C:\Users\DELL\AppData\Local...}, fedcm:accounts: true, goog:chromeOptions: {debuggerAddress: localhost:65132}, networkConnectionEnabled: false, pageLoadStrategy: normal, platformName: windows, proxy: Proxy(), se:cdp: ws://localhost:65132/devtoo..., se:cdpVersion: 125.0.6422.142, setWindowRect: true, strictFileInteractability: false, timeouts: {implicit: 0, pageLoad: 300000, script: 30000}, unhandledPromptBehavior: dismiss and notify, webauthn:extension:credBlob: true, webauthn:extension:largeBlob: true, webauthn:extension:minPinLength: true, webauthn:extension:prf: true, webauthn:virtualAuthenticators: true}
Session ID: 916dc14577efde84fc01a009dd0a795a
	at java.base/jdk.internal.reflect.NativeConstructorAccessorImpl.newInstance0(Native Method)
	at java.base/jdk.internal.reflect.NativeConstructorAccessorImpl.newInstance(NativeConstructorAccessorImpl.java:77)
	at java.base/jdk.internal.reflect.DelegatingConstructorAccessorImpl.newInstance(DelegatingConstructorAccessorImpl.java:45)
	at java.base/java.lang.reflect.Constructor.newInstanceWithCaller(Constructor.java:499)
	at java.base/java.lang.reflect.Constructor.newInstance(Constructor.java:480)
	at org.openqa.selenium.remote.ErrorCodec.decode(ErrorCodec.java:167)
	at org.openqa.selenium.remote.codec.w3c.W3CHttpResponseCodec.decode(W3CHttpResponseCodec.java:138)
	at org.openqa.selenium.remote.codec.w3c.W3CHttpResponseCodec.decode(W3CHttpResponseCodec.java:50)
	at org.openqa.selenium.remote.HttpCommandExecutor.execute(HttpCommandExecutor.java:190)
	at org.openqa.selenium.remote.service.DriverCommandExecutor.invokeExecute(DriverCommandExecutor.java:216)
	at org.openqa.selenium.remote.service.DriverCommandExecutor.execute(DriverCommandExecutor.java:174)
	at org.openqa.selenium.remote.RemoteWebDriver.execute(RemoteWebDriver.java:518)
	at org.openqa.selenium.remote.ElementLocation$ElementFinder$2.findElement(ElementLocation.java:165)
	at org.openqa.selenium.remote.ElementLocation.findElement(ElementLocation.java:59)
	at org.openqa.selenium.remote.RemoteWebDriver.findElement(RemoteWebDriver.java:355)
	at org.openqa.selenium.remote.RemoteWebDriver.findElement(RemoteWebDriver.java:349)
	at org.openqa.selenium.support.pagefactory.DefaultElementLocator.findElement(DefaultElementLocator.java:68)
	at org.openqa.selenium.support.pagefactory.internal.LocatingElementHandler.invoke(LocatingElementHandler.java:38)
	at jdk.proxy2/jdk.proxy2.$Proxy15.isDisplayed(Unknown Source)
	at pomPages.POM4_Convert_Quote_To_Order.handlingCheckbox2(POM4_Convert_Quote_To_Order.java:469)
	at test.Test006_Draft.handlingCheckbox2Test(Test006_Draft.java:257)
	at java.base/jdk.internal.reflect.NativeMethodAccessorImpl.invoke0(Native Method)
	at java.base/jdk.internal.reflect.NativeMethodAccessorImpl.invoke(NativeMethodAccessorImpl.java:77)
	at java.base/jdk.internal.reflect.DelegatingMethodAccessorImpl.invoke(DelegatingMethodAccessorImpl.java:43)
	at java.base/java.lang.reflect.Method.invoke(Method.java:568)
	at org.testng.internal.invokers.MethodInvocationHelper.invokeMethod(MethodInvocationHelper.java:141)
	at org.testng.internal.invokers.TestInvoker.invokeMethod(TestInvoker.java:686)
	at org.testng.internal.invokers.TestInvoker.invokeTestMethod(TestInvoker.java:230)
	at org.testng.internal.invokers.MethodRunner.runInSequence(MethodRunner.java:63)
	at org.testng.internal.invokers.TestInvoker$MethodInvocationAgent.invoke(TestInvoker.java:992)
	at org.testng.internal.invokers.TestInvoker.invokeTestMethods(TestInvoker.java:203)
	at org.testng.internal.invokers.TestMethodWorker.invokeTestMethods(TestMethodWorker.java:154)
	at org.testng.internal.invokers.TestMethodWorker.run(TestMethodWorker.java:134)
	at java.base/java.util.ArrayList.forEach(ArrayList.java:1511)
	at org.testng.TestRunner.privateRun(TestRunner.java:739)
	at org.testng.TestRunner.run(TestRunner.java:614)
	at org.testng.SuiteRunner.runTest(SuiteRunner.java:421)
	at org.testng.SuiteRunner.runSequentially(SuiteRunner.java:413)
	at org.testng.SuiteRunner.privateRun(SuiteRunner.java:373)
	at org.testng.SuiteRunner.run(SuiteRunner.java:312)
	at org.testng.SuiteRunnerWorker.runSuite(SuiteRunnerWorker.java:52)
	at org.testng.SuiteRunnerWorker.run(SuiteRunnerWorker.java:95)
	at org.testng.TestNG.runSuitesSequentially(TestNG.java:1274)
	at org.testng.TestNG.runSuitesLocally(TestNG.java:1208)
	at org.testng.TestNG.runSuites(TestNG.java:1112)
	at org.testng.TestNG.run(TestNG.java:1079)
	at org.apache.maven.surefire.testng.TestNGExecutor.run(TestNGExecutor.java:308)
	at org.apache.maven.surefire.testng.TestNGXmlTestSuite.execute(TestNGXmlTestSuite.java:71)
	at org.apache.maven.surefire.testng.TestNGProvider.invoke(TestNGProvider.java:113)
	at org.apache.maven.surefire.booter.ForkedBooter.runSuitesInProcess(ForkedBooter.java:385)
	at org.apache.maven.surefire.booter.ForkedBooter.execute(ForkedBooter.java:162)
	at org.apache.maven.surefire.booter.ForkedBooter.run(ForkedBooter.java:507)
	at org.apache.maven.surefire.booter.ForkedBooter.main(ForkedBooter.java:495)
</pre></div></td>
<td>5</td>
<td>test.Test006_Draft@2c5529ab</td></tr>
<tr>
<td title='test.Test009_Product_Page_With_All_Cases.searchProductBoxTest()'><b>searchProductBoxTest</b><br>Test class: test.Test009_Product_Page_With_All_Cases</td>
<td><div><pre>org.openqa.selenium.ElementClickInterceptedException: element click intercepted: Element &lt;input aria-invalid=&quot;false&quot; autocomplete=&quot;off&quot; id=&quot;outlined-adornment&quot; type=&quot;text&quot; class=&quot;MuiInputBase-input MuiOutlinedInput-input MuiInputBase-inputSizeSmall MuiInputBase-inputAdornedStart MuiInputBase-inputAdornedEnd css-1445wi2&quot; value=&quot;&quot;&gt; is not clickable at point (373, 87). Other element would receive the click: &lt;div aria-hidden=&quot;true&quot; class=&quot;MuiBackdrop-root MuiModal-backdrop css-919eu4&quot; style=&quot;opacity: 1; transition: opacity 225ms cubic-bezier(0.4, 0, 0.2, 1) 0ms;&quot;&gt;&lt;/div&gt;
  (Session info: chrome=125.0.6422.142)
Build info: version: &apos;4.21.0&apos;, revision: &apos;79ed462ef4&apos;
System info: os.name: &apos;Windows 11&apos;, os.arch: &apos;amd64&apos;, os.version: &apos;10.0&apos;, java.version: &apos;17.0.10&apos;
Driver info: org.openqa.selenium.chrome.ChromeDriver
Command: [0996fd8c45b07ad28b71816e21e311fe, clickElement {id=f.569959452C65F5AC116E9E283112A03B.d.5AC85A46713EB5C931C954D4424792B3.e.83}]
Capabilities {acceptInsecureCerts: false, browserName: chrome, browserVersion: 125.0.6422.142, chrome: {chromedriverVersion: 125.0.6422.78 (14db42ec38ad..., userDataDir: C:\Users\DELL\AppData\Local...}, fedcm:accounts: true, goog:chromeOptions: {debuggerAddress: localhost:49336}, networkConnectionEnabled: false, pageLoadStrategy: normal, platformName: windows, proxy: Proxy(), se:cdp: ws://localhost:49336/devtoo..., se:cdpVersion: 125.0.6422.142, setWindowRect: true, strictFileInteractability: false, timeouts: {implicit: 0, pageLoad: 300000, script: 30000}, unhandledPromptBehavior: dismiss and notify, webauthn:extension:credBlob: true, webauthn:extension:largeBlob: true, webauthn:extension:minPinLength: true, webauthn:extension:prf: true, webauthn:virtualAuthenticators: true}
Element: [[ChromeDriver: chrome on windows (0996fd8c45b07ad28b71816e21e311fe)] -&gt; xpath: //input[starts-with(@id,&quot;outlined-adornment&quot;)]]
Session ID: 0996fd8c45b07ad28b71816e21e311fe
	at org.openqa.selenium.remote.ErrorCodec.decode(ErrorCodec.java:167)
	at org.openqa.selenium.remote.codec.w3c.W3CHttpResponseCodec.decode(W3CHttpResponseCodec.java:138)
	at org.openqa.selenium.remote.codec.w3c.W3CHttpResponseCodec.decode(W3CHttpResponseCodec.java:50)
	at org.openqa.selenium.remote.HttpCommandExecutor.execute(HttpCommandExecutor.java:190)
	at org.openqa.selenium.remote.service.DriverCommandExecutor.invokeExecute(DriverCommandExecutor.java:216)
	at org.openqa.selenium.remote.service.DriverCommandExecutor.execute(DriverCommandExecutor.java:174)
	at org.openqa.selenium.remote.RemoteWebDriver.execute(RemoteWebDriver.java:518)
	at org.openqa.selenium.remote.RemoteWebElement.execute(RemoteWebElement.java:223)
	at org.openqa.selenium.remote.RemoteWebElement.click(RemoteWebElement.java:76)
	at org.openqa.selenium.support.pagefactory.internal.LocatingElementHandler.invoke(LocatingElementHandler.java:51)
	at jdk.proxy2/jdk.proxy2.$Proxy15.click(Unknown Source)
	at pomPages.POM10_Product_Page_With_All_Cases.searchProductBox(POM10_Product_Page_With_All_Cases.java:619)
	at test.Test009_Product_Page_With_All_Cases.searchProductBoxTest(Test009_Product_Page_With_All_Cases.java:134)
	at java.base/java.util.ArrayList.forEach(ArrayList.java:1511)
... Removed 39 stack frames</pre></div><a href='#' onClick='toggleBox("stack-trace1442603844", this, "Click to show all stack frames", "Click to hide stack frames")'>Click to show all stack frames</a>
<div class='stack-trace' id='stack-trace1442603844'><pre>org.openqa.selenium.ElementClickInterceptedException: element click intercepted: Element &lt;input aria-invalid=&quot;false&quot; autocomplete=&quot;off&quot; id=&quot;outlined-adornment&quot; type=&quot;text&quot; class=&quot;MuiInputBase-input MuiOutlinedInput-input MuiInputBase-inputSizeSmall MuiInputBase-inputAdornedStart MuiInputBase-inputAdornedEnd css-1445wi2&quot; value=&quot;&quot;&gt; is not clickable at point (373, 87). Other element would receive the click: &lt;div aria-hidden=&quot;true&quot; class=&quot;MuiBackdrop-root MuiModal-backdrop css-919eu4&quot; style=&quot;opacity: 1; transition: opacity 225ms cubic-bezier(0.4, 0, 0.2, 1) 0ms;&quot;&gt;&lt;/div&gt;
  (Session info: chrome=125.0.6422.142)
Build info: version: &apos;4.21.0&apos;, revision: &apos;79ed462ef4&apos;
System info: os.name: &apos;Windows 11&apos;, os.arch: &apos;amd64&apos;, os.version: &apos;10.0&apos;, java.version: &apos;17.0.10&apos;
Driver info: org.openqa.selenium.chrome.ChromeDriver
Command: [0996fd8c45b07ad28b71816e21e311fe, clickElement {id=f.569959452C65F5AC116E9E283112A03B.d.5AC85A46713EB5C931C954D4424792B3.e.83}]
Capabilities {acceptInsecureCerts: false, browserName: chrome, browserVersion: 125.0.6422.142, chrome: {chromedriverVersion: 125.0.6422.78 (14db42ec38ad..., userDataDir: C:\Users\DELL\AppData\Local...}, fedcm:accounts: true, goog:chromeOptions: {debuggerAddress: localhost:49336}, networkConnectionEnabled: false, pageLoadStrategy: normal, platformName: windows, proxy: Proxy(), se:cdp: ws://localhost:49336/devtoo..., se:cdpVersion: 125.0.6422.142, setWindowRect: true, strictFileInteractability: false, timeouts: {implicit: 0, pageLoad: 300000, script: 30000}, unhandledPromptBehavior: dismiss and notify, webauthn:extension:credBlob: true, webauthn:extension:largeBlob: true, webauthn:extension:minPinLength: true, webauthn:extension:prf: true, webauthn:virtualAuthenticators: true}
Element: [[ChromeDriver: chrome on windows (0996fd8c45b07ad28b71816e21e311fe)] -&gt; xpath: //input[starts-with(@id,&quot;outlined-adornment&quot;)]]
Session ID: 0996fd8c45b07ad28b71816e21e311fe
	at java.base/jdk.internal.reflect.NativeConstructorAccessorImpl.newInstance0(Native Method)
	at java.base/jdk.internal.reflect.NativeConstructorAccessorImpl.newInstance(NativeConstructorAccessorImpl.java:77)
	at java.base/jdk.internal.reflect.DelegatingConstructorAccessorImpl.newInstance(DelegatingConstructorAccessorImpl.java:45)
	at java.base/java.lang.reflect.Constructor.newInstanceWithCaller(Constructor.java:499)
	at java.base/java.lang.reflect.Constructor.newInstance(Constructor.java:480)
	at org.openqa.selenium.remote.ErrorCodec.decode(ErrorCodec.java:167)
	at org.openqa.selenium.remote.codec.w3c.W3CHttpResponseCodec.decode(W3CHttpResponseCodec.java:138)
	at org.openqa.selenium.remote.codec.w3c.W3CHttpResponseCodec.decode(W3CHttpResponseCodec.java:50)
	at org.openqa.selenium.remote.HttpCommandExecutor.execute(HttpCommandExecutor.java:190)
	at org.openqa.selenium.remote.service.DriverCommandExecutor.invokeExecute(DriverCommandExecutor.java:216)
	at org.openqa.selenium.remote.service.DriverCommandExecutor.execute(DriverCommandExecutor.java:174)
	at org.openqa.selenium.remote.RemoteWebDriver.execute(RemoteWebDriver.java:518)
	at org.openqa.selenium.remote.RemoteWebElement.execute(RemoteWebElement.java:223)
	at org.openqa.selenium.remote.RemoteWebElement.click(RemoteWebElement.java:76)
	at jdk.internal.reflect.GeneratedMethodAccessor28.invoke(Unknown Source)
	at java.base/jdk.internal.reflect.DelegatingMethodAccessorImpl.invoke(DelegatingMethodAccessorImpl.java:43)
	at java.base/java.lang.reflect.Method.invoke(Method.java:568)
	at org.openqa.selenium.support.pagefactory.internal.LocatingElementHandler.invoke(LocatingElementHandler.java:51)
	at jdk.proxy2/jdk.proxy2.$Proxy15.click(Unknown Source)
	at pomPages.POM10_Product_Page_With_All_Cases.searchProductBox(POM10_Product_Page_With_All_Cases.java:619)
	at test.Test009_Product_Page_With_All_Cases.searchProductBoxTest(Test009_Product_Page_With_All_Cases.java:134)
	at java.base/jdk.internal.reflect.NativeMethodAccessorImpl.invoke0(Native Method)
	at java.base/jdk.internal.reflect.NativeMethodAccessorImpl.invoke(NativeMethodAccessorImpl.java:77)
	at java.base/jdk.internal.reflect.DelegatingMethodAccessorImpl.invoke(DelegatingMethodAccessorImpl.java:43)
	at java.base/java.lang.reflect.Method.invoke(Method.java:568)
	at org.testng.internal.invokers.MethodInvocationHelper.invokeMethod(MethodInvocationHelper.java:141)
	at org.testng.internal.invokers.TestInvoker.invokeMethod(TestInvoker.java:686)
	at org.testng.internal.invokers.TestInvoker.invokeTestMethod(TestInvoker.java:230)
	at org.testng.internal.invokers.MethodRunner.runInSequence(MethodRunner.java:63)
	at org.testng.internal.invokers.TestInvoker$MethodInvocationAgent.invoke(TestInvoker.java:992)
	at org.testng.internal.invokers.TestInvoker.invokeTestMethods(TestInvoker.java:203)
	at org.testng.internal.invokers.TestMethodWorker.invokeTestMethods(TestMethodWorker.java:154)
	at org.testng.internal.invokers.TestMethodWorker.run(TestMethodWorker.java:134)
	at java.base/java.util.ArrayList.forEach(ArrayList.java:1511)
	at org.testng.TestRunner.privateRun(TestRunner.java:739)
	at org.testng.TestRunner.run(TestRunner.java:614)
	at org.testng.SuiteRunner.runTest(SuiteRunner.java:421)
	at org.testng.SuiteRunner.runSequentially(SuiteRunner.java:413)
	at org.testng.SuiteRunner.privateRun(SuiteRunner.java:373)
	at org.testng.SuiteRunner.run(SuiteRunner.java:312)
	at org.testng.SuiteRunnerWorker.runSuite(SuiteRunnerWorker.java:52)
	at org.testng.SuiteRunnerWorker.run(SuiteRunnerWorker.java:95)
	at org.testng.TestNG.runSuitesSequentially(TestNG.java:1274)
	at org.testng.TestNG.runSuitesLocally(TestNG.java:1208)
	at org.testng.TestNG.runSuites(TestNG.java:1112)
	at org.testng.TestNG.run(TestNG.java:1079)
	at org.apache.maven.surefire.testng.TestNGExecutor.run(TestNGExecutor.java:308)
	at org.apache.maven.surefire.testng.TestNGXmlTestSuite.execute(TestNGXmlTestSuite.java:71)
	at org.apache.maven.surefire.testng.TestNGProvider.invoke(TestNGProvider.java:113)
	at org.apache.maven.surefire.booter.ForkedBooter.runSuitesInProcess(ForkedBooter.java:385)
	at org.apache.maven.surefire.booter.ForkedBooter.execute(ForkedBooter.java:162)
	at org.apache.maven.surefire.booter.ForkedBooter.run(ForkedBooter.java:507)
	at org.apache.maven.surefire.booter.ForkedBooter.main(ForkedBooter.java:495)
</pre></div></td>
<td>1</td>
<td>test.Test009_Product_Page_With_All_Cases@24d09c1</td></tr>
<tr>
<td title='test.Test009_Product_Page_With_All_Cases.searchProductBoxAgainToCheckSuggestionTest()'><b>searchProductBoxAgainToCheckSuggestionTest</b><br>Test class: test.Test009_Product_Page_With_All_Cases</td>
<td><div><pre>org.openqa.selenium.ElementClickInterceptedException: element click intercepted: Element &lt;input aria-invalid=&quot;false&quot; autocomplete=&quot;off&quot; id=&quot;outlined-adornment&quot; type=&quot;text&quot; class=&quot;MuiInputBase-input MuiOutlinedInput-input MuiInputBase-inputSizeSmall MuiInputBase-inputAdornedStart MuiInputBase-inputAdornedEnd css-1445wi2&quot; value=&quot;&quot;&gt; is not clickable at point (373, 87). Other element would receive the click: &lt;div aria-hidden=&quot;true&quot; class=&quot;MuiBackdrop-root MuiModal-backdrop css-919eu4&quot; style=&quot;opacity: 1; transition: opacity 225ms cubic-bezier(0.4, 0, 0.2, 1) 0ms;&quot;&gt;&lt;/div&gt;
  (Session info: chrome=125.0.6422.142)
Build info: version: &apos;4.21.0&apos;, revision: &apos;79ed462ef4&apos;
System info: os.name: &apos;Windows 11&apos;, os.arch: &apos;amd64&apos;, os.version: &apos;10.0&apos;, java.version: &apos;17.0.10&apos;
Driver info: org.openqa.selenium.chrome.ChromeDriver
Command: [0996fd8c45b07ad28b71816e21e311fe, clickElement {id=f.569959452C65F5AC116E9E283112A03B.d.5AC85A46713EB5C931C954D4424792B3.e.83}]
Capabilities {acceptInsecureCerts: false, browserName: chrome, browserVersion: 125.0.6422.142, chrome: {chromedriverVersion: 125.0.6422.78 (14db42ec38ad..., userDataDir: C:\Users\DELL\AppData\Local...}, fedcm:accounts: true, goog:chromeOptions: {debuggerAddress: localhost:49336}, networkConnectionEnabled: false, pageLoadStrategy: normal, platformName: windows, proxy: Proxy(), se:cdp: ws://localhost:49336/devtoo..., se:cdpVersion: 125.0.6422.142, setWindowRect: true, strictFileInteractability: false, timeouts: {implicit: 0, pageLoad: 300000, script: 30000}, unhandledPromptBehavior: dismiss and notify, webauthn:extension:credBlob: true, webauthn:extension:largeBlob: true, webauthn:extension:minPinLength: true, webauthn:extension:prf: true, webauthn:virtualAuthenticators: true}
Element: [[ChromeDriver: chrome on windows (0996fd8c45b07ad28b71816e21e311fe)] -&gt; xpath: //input[starts-with(@id,&quot;outlined-adornment&quot;)]]
Session ID: 0996fd8c45b07ad28b71816e21e311fe
	at org.openqa.selenium.remote.ErrorCodec.decode(ErrorCodec.java:167)
	at org.openqa.selenium.remote.codec.w3c.W3CHttpResponseCodec.decode(W3CHttpResponseCodec.java:138)
	at org.openqa.selenium.remote.codec.w3c.W3CHttpResponseCodec.decode(W3CHttpResponseCodec.java:50)
	at org.openqa.selenium.remote.HttpCommandExecutor.execute(HttpCommandExecutor.java:190)
	at org.openqa.selenium.remote.service.DriverCommandExecutor.invokeExecute(DriverCommandExecutor.java:216)
	at org.openqa.selenium.remote.service.DriverCommandExecutor.execute(DriverCommandExecutor.java:174)
	at org.openqa.selenium.remote.RemoteWebDriver.execute(RemoteWebDriver.java:518)
	at org.openqa.selenium.remote.RemoteWebElement.execute(RemoteWebElement.java:223)
	at org.openqa.selenium.remote.RemoteWebElement.click(RemoteWebElement.java:76)
	at org.openqa.selenium.support.pagefactory.internal.LocatingElementHandler.invoke(LocatingElementHandler.java:51)
	at jdk.proxy2/jdk.proxy2.$Proxy15.click(Unknown Source)
	at pomPages.POM10_Product_Page_With_All_Cases.searchProductBoxAgainToCheckSuggestion(POM10_Product_Page_With_All_Cases.java:657)
	at test.Test009_Product_Page_With_All_Cases.searchProductBoxAgainToCheckSuggestionTest(Test009_Product_Page_With_All_Cases.java:152)
	at java.base/java.util.ArrayList.forEach(ArrayList.java:1511)
... Removed 39 stack frames</pre></div><a href='#' onClick='toggleBox("stack-trace1473829090", this, "Click to show all stack frames", "Click to hide stack frames")'>Click to show all stack frames</a>
<div class='stack-trace' id='stack-trace1473829090'><pre>org.openqa.selenium.ElementClickInterceptedException: element click intercepted: Element &lt;input aria-invalid=&quot;false&quot; autocomplete=&quot;off&quot; id=&quot;outlined-adornment&quot; type=&quot;text&quot; class=&quot;MuiInputBase-input MuiOutlinedInput-input MuiInputBase-inputSizeSmall MuiInputBase-inputAdornedStart MuiInputBase-inputAdornedEnd css-1445wi2&quot; value=&quot;&quot;&gt; is not clickable at point (373, 87). Other element would receive the click: &lt;div aria-hidden=&quot;true&quot; class=&quot;MuiBackdrop-root MuiModal-backdrop css-919eu4&quot; style=&quot;opacity: 1; transition: opacity 225ms cubic-bezier(0.4, 0, 0.2, 1) 0ms;&quot;&gt;&lt;/div&gt;
  (Session info: chrome=125.0.6422.142)
Build info: version: &apos;4.21.0&apos;, revision: &apos;79ed462ef4&apos;
System info: os.name: &apos;Windows 11&apos;, os.arch: &apos;amd64&apos;, os.version: &apos;10.0&apos;, java.version: &apos;17.0.10&apos;
Driver info: org.openqa.selenium.chrome.ChromeDriver
Command: [0996fd8c45b07ad28b71816e21e311fe, clickElement {id=f.569959452C65F5AC116E9E283112A03B.d.5AC85A46713EB5C931C954D4424792B3.e.83}]
Capabilities {acceptInsecureCerts: false, browserName: chrome, browserVersion: 125.0.6422.142, chrome: {chromedriverVersion: 125.0.6422.78 (14db42ec38ad..., userDataDir: C:\Users\DELL\AppData\Local...}, fedcm:accounts: true, goog:chromeOptions: {debuggerAddress: localhost:49336}, networkConnectionEnabled: false, pageLoadStrategy: normal, platformName: windows, proxy: Proxy(), se:cdp: ws://localhost:49336/devtoo..., se:cdpVersion: 125.0.6422.142, setWindowRect: true, strictFileInteractability: false, timeouts: {implicit: 0, pageLoad: 300000, script: 30000}, unhandledPromptBehavior: dismiss and notify, webauthn:extension:credBlob: true, webauthn:extension:largeBlob: true, webauthn:extension:minPinLength: true, webauthn:extension:prf: true, webauthn:virtualAuthenticators: true}
Element: [[ChromeDriver: chrome on windows (0996fd8c45b07ad28b71816e21e311fe)] -&gt; xpath: //input[starts-with(@id,&quot;outlined-adornment&quot;)]]
Session ID: 0996fd8c45b07ad28b71816e21e311fe
	at java.base/jdk.internal.reflect.NativeConstructorAccessorImpl.newInstance0(Native Method)
	at java.base/jdk.internal.reflect.NativeConstructorAccessorImpl.newInstance(NativeConstructorAccessorImpl.java:77)
	at java.base/jdk.internal.reflect.DelegatingConstructorAccessorImpl.newInstance(DelegatingConstructorAccessorImpl.java:45)
	at java.base/java.lang.reflect.Constructor.newInstanceWithCaller(Constructor.java:499)
	at java.base/java.lang.reflect.Constructor.newInstance(Constructor.java:480)
	at org.openqa.selenium.remote.ErrorCodec.decode(ErrorCodec.java:167)
	at org.openqa.selenium.remote.codec.w3c.W3CHttpResponseCodec.decode(W3CHttpResponseCodec.java:138)
	at org.openqa.selenium.remote.codec.w3c.W3CHttpResponseCodec.decode(W3CHttpResponseCodec.java:50)
	at org.openqa.selenium.remote.HttpCommandExecutor.execute(HttpCommandExecutor.java:190)
	at org.openqa.selenium.remote.service.DriverCommandExecutor.invokeExecute(DriverCommandExecutor.java:216)
	at org.openqa.selenium.remote.service.DriverCommandExecutor.execute(DriverCommandExecutor.java:174)
	at org.openqa.selenium.remote.RemoteWebDriver.execute(RemoteWebDriver.java:518)
	at org.openqa.selenium.remote.RemoteWebElement.execute(RemoteWebElement.java:223)
	at org.openqa.selenium.remote.RemoteWebElement.click(RemoteWebElement.java:76)
	at jdk.internal.reflect.GeneratedMethodAccessor28.invoke(Unknown Source)
	at java.base/jdk.internal.reflect.DelegatingMethodAccessorImpl.invoke(DelegatingMethodAccessorImpl.java:43)
	at java.base/java.lang.reflect.Method.invoke(Method.java:568)
	at org.openqa.selenium.support.pagefactory.internal.LocatingElementHandler.invoke(LocatingElementHandler.java:51)
	at jdk.proxy2/jdk.proxy2.$Proxy15.click(Unknown Source)
	at pomPages.POM10_Product_Page_With_All_Cases.searchProductBoxAgainToCheckSuggestion(POM10_Product_Page_With_All_Cases.java:657)
	at test.Test009_Product_Page_With_All_Cases.searchProductBoxAgainToCheckSuggestionTest(Test009_Product_Page_With_All_Cases.java:152)
	at java.base/jdk.internal.reflect.NativeMethodAccessorImpl.invoke0(Native Method)
	at java.base/jdk.internal.reflect.NativeMethodAccessorImpl.invoke(NativeMethodAccessorImpl.java:77)
	at java.base/jdk.internal.reflect.DelegatingMethodAccessorImpl.invoke(DelegatingMethodAccessorImpl.java:43)
	at java.base/java.lang.reflect.Method.invoke(Method.java:568)
	at org.testng.internal.invokers.MethodInvocationHelper.invokeMethod(MethodInvocationHelper.java:141)
	at org.testng.internal.invokers.TestInvoker.invokeMethod(TestInvoker.java:686)
	at org.testng.internal.invokers.TestInvoker.invokeTestMethod(TestInvoker.java:230)
	at org.testng.internal.invokers.MethodRunner.runInSequence(MethodRunner.java:63)
	at org.testng.internal.invokers.TestInvoker$MethodInvocationAgent.invoke(TestInvoker.java:992)
	at org.testng.internal.invokers.TestInvoker.invokeTestMethods(TestInvoker.java:203)
	at org.testng.internal.invokers.TestMethodWorker.invokeTestMethods(TestMethodWorker.java:154)
	at org.testng.internal.invokers.TestMethodWorker.run(TestMethodWorker.java:134)
	at java.base/java.util.ArrayList.forEach(ArrayList.java:1511)
	at org.testng.TestRunner.privateRun(TestRunner.java:739)
	at org.testng.TestRunner.run(TestRunner.java:614)
	at org.testng.SuiteRunner.runTest(SuiteRunner.java:421)
	at org.testng.SuiteRunner.runSequentially(SuiteRunner.java:413)
	at org.testng.SuiteRunner.privateRun(SuiteRunner.java:373)
	at org.testng.SuiteRunner.run(SuiteRunner.java:312)
	at org.testng.SuiteRunnerWorker.runSuite(SuiteRunnerWorker.java:52)
	at org.testng.SuiteRunnerWorker.run(SuiteRunnerWorker.java:95)
	at org.testng.TestNG.runSuitesSequentially(TestNG.java:1274)
	at org.testng.TestNG.runSuitesLocally(TestNG.java:1208)
	at org.testng.TestNG.runSuites(TestNG.java:1112)
	at org.testng.TestNG.run(TestNG.java:1079)
	at org.apache.maven.surefire.testng.TestNGExecutor.run(TestNGExecutor.java:308)
	at org.apache.maven.surefire.testng.TestNGXmlTestSuite.execute(TestNGXmlTestSuite.java:71)
	at org.apache.maven.surefire.testng.TestNGProvider.invoke(TestNGProvider.java:113)
	at org.apache.maven.surefire.booter.ForkedBooter.runSuitesInProcess(ForkedBooter.java:385)
	at org.apache.maven.surefire.booter.ForkedBooter.execute(ForkedBooter.java:162)
	at org.apache.maven.surefire.booter.ForkedBooter.run(ForkedBooter.java:507)
	at org.apache.maven.surefire.booter.ForkedBooter.main(ForkedBooter.java:495)
</pre></div></td>
<td>1</td>
<td>test.Test009_Product_Page_With_All_Cases@24d09c1</td></tr>
<tr>
<td title='test.Test009_Product_Page_With_All_Cases.productButtonAgainTest()'><b>productButtonAgainTest</b><br>Test class: test.Test009_Product_Page_With_All_Cases<br>Test method: Click on product button</td>
<td><div><pre>org.openqa.selenium.ElementClickInterceptedException: element click intercepted: Element &lt;button class=&quot;MuiButtonBase-root MuiIconButton-root MuiIconButton-sizeLarge css-yz543y&quot; tabindex=&quot;0&quot; type=&quot;button&quot; style=&quot;border-radius: 8px;&quot;&gt;...&lt;/button&gt; is not clickable at point (29, 144). Other element would receive the click: &lt;div aria-hidden=&quot;true&quot; class=&quot;MuiBackdrop-root MuiModal-backdrop css-919eu4&quot; style=&quot;opacity: 1; transition: opacity 225ms cubic-bezier(0.4, 0, 0.2, 1) 0ms;&quot;&gt;&lt;/div&gt;
  (Session info: chrome=125.0.6422.142)
Build info: version: &apos;4.21.0&apos;, revision: &apos;79ed462ef4&apos;
System info: os.name: &apos;Windows 11&apos;, os.arch: &apos;amd64&apos;, os.version: &apos;10.0&apos;, java.version: &apos;17.0.10&apos;
Driver info: org.openqa.selenium.chrome.ChromeDriver
Command: [0996fd8c45b07ad28b71816e21e311fe, clickElement {id=f.569959452C65F5AC116E9E283112A03B.d.5AC85A46713EB5C931C954D4424792B3.e.395}]
Capabilities {acceptInsecureCerts: false, browserName: chrome, browserVersion: 125.0.6422.142, chrome: {chromedriverVersion: 125.0.6422.78 (14db42ec38ad..., userDataDir: C:\Users\DELL\AppData\Local...}, fedcm:accounts: true, goog:chromeOptions: {debuggerAddress: localhost:49336}, networkConnectionEnabled: false, pageLoadStrategy: normal, platformName: windows, proxy: Proxy(), se:cdp: ws://localhost:49336/devtoo..., se:cdpVersion: 125.0.6422.142, setWindowRect: true, strictFileInteractability: false, timeouts: {implicit: 0, pageLoad: 300000, script: 30000}, unhandledPromptBehavior: dismiss and notify, webauthn:extension:credBlob: true, webauthn:extension:largeBlob: true, webauthn:extension:minPinLength: true, webauthn:extension:prf: true, webauthn:virtualAuthenticators: true}
Element: [[ChromeDriver: chrome on windows (0996fd8c45b07ad28b71816e21e311fe)] -&gt; xpath: (//div[@class=&quot;MuiGrid-root MuiGrid-item MuiGrid-grid-xs-12 css-15j76c0&quot;])[2]//button]
Session ID: 0996fd8c45b07ad28b71816e21e311fe
	at org.openqa.selenium.remote.ErrorCodec.decode(ErrorCodec.java:167)
	at org.openqa.selenium.remote.codec.w3c.W3CHttpResponseCodec.decode(W3CHttpResponseCodec.java:138)
	at org.openqa.selenium.remote.codec.w3c.W3CHttpResponseCodec.decode(W3CHttpResponseCodec.java:50)
	at org.openqa.selenium.remote.HttpCommandExecutor.execute(HttpCommandExecutor.java:190)
	at org.openqa.selenium.remote.service.DriverCommandExecutor.invokeExecute(DriverCommandExecutor.java:216)
	at org.openqa.selenium.remote.service.DriverCommandExecutor.execute(DriverCommandExecutor.java:174)
	at org.openqa.selenium.remote.RemoteWebDriver.execute(RemoteWebDriver.java:518)
	at org.openqa.selenium.remote.RemoteWebElement.execute(RemoteWebElement.java:223)
	at org.openqa.selenium.remote.RemoteWebElement.click(RemoteWebElement.java:76)
	at org.openqa.selenium.support.pagefactory.internal.LocatingElementHandler.invoke(LocatingElementHandler.java:51)
	at jdk.proxy2/jdk.proxy2.$Proxy15.click(Unknown Source)
	at pomPages.POM2_Product_Page.clickProduct(POM2_Product_Page.java:153)
	at test.Test009_Product_Page_With_All_Cases.productButtonAgainTest(Test009_Product_Page_With_All_Cases.java:170)
	at java.base/java.util.ArrayList.forEach(ArrayList.java:1511)
... Removed 39 stack frames</pre></div><a href='#' onClick='toggleBox("stack-trace2117653154", this, "Click to show all stack frames", "Click to hide stack frames")'>Click to show all stack frames</a>
<div class='stack-trace' id='stack-trace2117653154'><pre>org.openqa.selenium.ElementClickInterceptedException: element click intercepted: Element &lt;button class=&quot;MuiButtonBase-root MuiIconButton-root MuiIconButton-sizeLarge css-yz543y&quot; tabindex=&quot;0&quot; type=&quot;button&quot; style=&quot;border-radius: 8px;&quot;&gt;...&lt;/button&gt; is not clickable at point (29, 144). Other element would receive the click: &lt;div aria-hidden=&quot;true&quot; class=&quot;MuiBackdrop-root MuiModal-backdrop css-919eu4&quot; style=&quot;opacity: 1; transition: opacity 225ms cubic-bezier(0.4, 0, 0.2, 1) 0ms;&quot;&gt;&lt;/div&gt;
  (Session info: chrome=125.0.6422.142)
Build info: version: &apos;4.21.0&apos;, revision: &apos;79ed462ef4&apos;
System info: os.name: &apos;Windows 11&apos;, os.arch: &apos;amd64&apos;, os.version: &apos;10.0&apos;, java.version: &apos;17.0.10&apos;
Driver info: org.openqa.selenium.chrome.ChromeDriver
Command: [0996fd8c45b07ad28b71816e21e311fe, clickElement {id=f.569959452C65F5AC116E9E283112A03B.d.5AC85A46713EB5C931C954D4424792B3.e.395}]
Capabilities {acceptInsecureCerts: false, browserName: chrome, browserVersion: 125.0.6422.142, chrome: {chromedriverVersion: 125.0.6422.78 (14db42ec38ad..., userDataDir: C:\Users\DELL\AppData\Local...}, fedcm:accounts: true, goog:chromeOptions: {debuggerAddress: localhost:49336}, networkConnectionEnabled: false, pageLoadStrategy: normal, platformName: windows, proxy: Proxy(), se:cdp: ws://localhost:49336/devtoo..., se:cdpVersion: 125.0.6422.142, setWindowRect: true, strictFileInteractability: false, timeouts: {implicit: 0, pageLoad: 300000, script: 30000}, unhandledPromptBehavior: dismiss and notify, webauthn:extension:credBlob: true, webauthn:extension:largeBlob: true, webauthn:extension:minPinLength: true, webauthn:extension:prf: true, webauthn:virtualAuthenticators: true}
Element: [[ChromeDriver: chrome on windows (0996fd8c45b07ad28b71816e21e311fe)] -&gt; xpath: (//div[@class=&quot;MuiGrid-root MuiGrid-item MuiGrid-grid-xs-12 css-15j76c0&quot;])[2]//button]
Session ID: 0996fd8c45b07ad28b71816e21e311fe
	at java.base/jdk.internal.reflect.NativeConstructorAccessorImpl.newInstance0(Native Method)
	at java.base/jdk.internal.reflect.NativeConstructorAccessorImpl.newInstance(NativeConstructorAccessorImpl.java:77)
	at java.base/jdk.internal.reflect.DelegatingConstructorAccessorImpl.newInstance(DelegatingConstructorAccessorImpl.java:45)
	at java.base/java.lang.reflect.Constructor.newInstanceWithCaller(Constructor.java:499)
	at java.base/java.lang.reflect.Constructor.newInstance(Constructor.java:480)
	at org.openqa.selenium.remote.ErrorCodec.decode(ErrorCodec.java:167)
	at org.openqa.selenium.remote.codec.w3c.W3CHttpResponseCodec.decode(W3CHttpResponseCodec.java:138)
	at org.openqa.selenium.remote.codec.w3c.W3CHttpResponseCodec.decode(W3CHttpResponseCodec.java:50)
	at org.openqa.selenium.remote.HttpCommandExecutor.execute(HttpCommandExecutor.java:190)
	at org.openqa.selenium.remote.service.DriverCommandExecutor.invokeExecute(DriverCommandExecutor.java:216)
	at org.openqa.selenium.remote.service.DriverCommandExecutor.execute(DriverCommandExecutor.java:174)
	at org.openqa.selenium.remote.RemoteWebDriver.execute(RemoteWebDriver.java:518)
	at org.openqa.selenium.remote.RemoteWebElement.execute(RemoteWebElement.java:223)
	at org.openqa.selenium.remote.RemoteWebElement.click(RemoteWebElement.java:76)
	at jdk.internal.reflect.GeneratedMethodAccessor28.invoke(Unknown Source)
	at java.base/jdk.internal.reflect.DelegatingMethodAccessorImpl.invoke(DelegatingMethodAccessorImpl.java:43)
	at java.base/java.lang.reflect.Method.invoke(Method.java:568)
	at org.openqa.selenium.support.pagefactory.internal.LocatingElementHandler.invoke(LocatingElementHandler.java:51)
	at jdk.proxy2/jdk.proxy2.$Proxy15.click(Unknown Source)
	at pomPages.POM2_Product_Page.clickProduct(POM2_Product_Page.java:153)
	at test.Test009_Product_Page_With_All_Cases.productButtonAgainTest(Test009_Product_Page_With_All_Cases.java:170)
	at java.base/jdk.internal.reflect.NativeMethodAccessorImpl.invoke0(Native Method)
	at java.base/jdk.internal.reflect.NativeMethodAccessorImpl.invoke(NativeMethodAccessorImpl.java:77)
	at java.base/jdk.internal.reflect.DelegatingMethodAccessorImpl.invoke(DelegatingMethodAccessorImpl.java:43)
	at java.base/java.lang.reflect.Method.invoke(Method.java:568)
	at org.testng.internal.invokers.MethodInvocationHelper.invokeMethod(MethodInvocationHelper.java:141)
	at org.testng.internal.invokers.TestInvoker.invokeMethod(TestInvoker.java:686)
	at org.testng.internal.invokers.TestInvoker.invokeTestMethod(TestInvoker.java:230)
	at org.testng.internal.invokers.MethodRunner.runInSequence(MethodRunner.java:63)
	at org.testng.internal.invokers.TestInvoker$MethodInvocationAgent.invoke(TestInvoker.java:992)
	at org.testng.internal.invokers.TestInvoker.invokeTestMethods(TestInvoker.java:203)
	at org.testng.internal.invokers.TestMethodWorker.invokeTestMethods(TestMethodWorker.java:154)
	at org.testng.internal.invokers.TestMethodWorker.run(TestMethodWorker.java:134)
	at java.base/java.util.ArrayList.forEach(ArrayList.java:1511)
	at org.testng.TestRunner.privateRun(TestRunner.java:739)
	at org.testng.TestRunner.run(TestRunner.java:614)
	at org.testng.SuiteRunner.runTest(SuiteRunner.java:421)
	at org.testng.SuiteRunner.runSequentially(SuiteRunner.java:413)
	at org.testng.SuiteRunner.privateRun(SuiteRunner.java:373)
	at org.testng.SuiteRunner.run(SuiteRunner.java:312)
	at org.testng.SuiteRunnerWorker.runSuite(SuiteRunnerWorker.java:52)
	at org.testng.SuiteRunnerWorker.run(SuiteRunnerWorker.java:95)
	at org.testng.TestNG.runSuitesSequentially(TestNG.java:1274)
	at org.testng.TestNG.runSuitesLocally(TestNG.java:1208)
	at org.testng.TestNG.runSuites(TestNG.java:1112)
	at org.testng.TestNG.run(TestNG.java:1079)
	at org.apache.maven.surefire.testng.TestNGExecutor.run(TestNGExecutor.java:308)
	at org.apache.maven.surefire.testng.TestNGXmlTestSuite.execute(TestNGXmlTestSuite.java:71)
	at org.apache.maven.surefire.testng.TestNGProvider.invoke(TestNGProvider.java:113)
	at org.apache.maven.surefire.booter.ForkedBooter.runSuitesInProcess(ForkedBooter.java:385)
	at org.apache.maven.surefire.booter.ForkedBooter.execute(ForkedBooter.java:162)
	at org.apache.maven.surefire.booter.ForkedBooter.run(ForkedBooter.java:507)
	at org.apache.maven.surefire.booter.ForkedBooter.main(ForkedBooter.java:495)
</pre></div></td>
<td>9</td>
<td>test.Test009_Product_Page_With_All_Cases@24d09c1</td></tr>
<tr>
<td title='test.Test009_Product_Page_With_All_Cases.clickBackArrowNextToCartTest()'><b>clickBackArrowNextToCartTest</b><br>Test class: test.Test009_Product_Page_With_All_Cases</td>
<td><div><pre>org.openqa.selenium.NoSuchElementException: no such element: Unable to locate element: {&quot;method&quot;:&quot;xpath&quot;,&quot;selector&quot;:&quot;//*[@class=&quot;MuiSvgIcon-root MuiSvgIcon-fontSizeSmall css-krpi0&quot;]&quot;}
  (Session info: chrome=125.0.6422.142)
For documentation on this error, please visit: https://www.selenium.dev/documentation/webdriver/troubleshooting/errors#no-such-element-exception
Build info: version: &apos;4.21.0&apos;, revision: &apos;79ed462ef4&apos;
System info: os.name: &apos;Windows 11&apos;, os.arch: &apos;amd64&apos;, os.version: &apos;10.0&apos;, java.version: &apos;17.0.10&apos;
Driver info: org.openqa.selenium.chrome.ChromeDriver
Command: [0996fd8c45b07ad28b71816e21e311fe, findElement {using=xpath, value=//*[@class=&quot;MuiSvgIcon-root MuiSvgIcon-fontSizeSmall css-krpi0&quot;]}]
Capabilities {acceptInsecureCerts: false, browserName: chrome, browserVersion: 125.0.6422.142, chrome: {chromedriverVersion: 125.0.6422.78 (14db42ec38ad..., userDataDir: C:\Users\DELL\AppData\Local...}, fedcm:accounts: true, goog:chromeOptions: {debuggerAddress: localhost:49336}, networkConnectionEnabled: false, pageLoadStrategy: normal, platformName: windows, proxy: Proxy(), se:cdp: ws://localhost:49336/devtoo..., se:cdpVersion: 125.0.6422.142, setWindowRect: true, strictFileInteractability: false, timeouts: {implicit: 0, pageLoad: 300000, script: 30000}, unhandledPromptBehavior: dismiss and notify, webauthn:extension:credBlob: true, webauthn:extension:largeBlob: true, webauthn:extension:minPinLength: true, webauthn:extension:prf: true, webauthn:virtualAuthenticators: true}
Session ID: 0996fd8c45b07ad28b71816e21e311fe
	at org.openqa.selenium.remote.ErrorCodec.decode(ErrorCodec.java:167)
	at org.openqa.selenium.remote.codec.w3c.W3CHttpResponseCodec.decode(W3CHttpResponseCodec.java:138)
	at org.openqa.selenium.remote.codec.w3c.W3CHttpResponseCodec.decode(W3CHttpResponseCodec.java:50)
	at org.openqa.selenium.remote.HttpCommandExecutor.execute(HttpCommandExecutor.java:190)
	at org.openqa.selenium.remote.service.DriverCommandExecutor.invokeExecute(DriverCommandExecutor.java:216)
	at org.openqa.selenium.remote.service.DriverCommandExecutor.execute(DriverCommandExecutor.java:174)
	at org.openqa.selenium.remote.RemoteWebDriver.execute(RemoteWebDriver.java:518)
	at org.openqa.selenium.remote.ElementLocation$ElementFinder$2.findElement(ElementLocation.java:165)
	at org.openqa.selenium.remote.ElementLocation.findElement(ElementLocation.java:59)
	at org.openqa.selenium.remote.RemoteWebDriver.findElement(RemoteWebDriver.java:355)
	at org.openqa.selenium.remote.RemoteWebDriver.findElement(RemoteWebDriver.java:349)
	at org.openqa.selenium.support.pagefactory.DefaultElementLocator.findElement(DefaultElementLocator.java:68)
	at org.openqa.selenium.support.pagefactory.internal.LocatingElementHandler.invoke(LocatingElementHandler.java:38)
	at jdk.proxy2/jdk.proxy2.$Proxy15.isEnabled(Unknown Source)
	at pomPages.POM10_Product_Page_With_All_Cases.clickBackArrowNextToCart(POM10_Product_Page_With_All_Cases.java:649)
	at test.Test009_Product_Page_With_All_Cases.clickBackArrowNextToCartTest(Test009_Product_Page_With_All_Cases.java:143)
	at java.base/java.util.ArrayList.forEach(ArrayList.java:1511)
... Removed 36 stack frames</pre></div><a href='#' onClick='toggleBox("stack-trace1898885237", this, "Click to show all stack frames", "Click to hide stack frames")'>Click to show all stack frames</a>
<div class='stack-trace' id='stack-trace1898885237'><pre>org.openqa.selenium.NoSuchElementException: no such element: Unable to locate element: {&quot;method&quot;:&quot;xpath&quot;,&quot;selector&quot;:&quot;//*[@class=&quot;MuiSvgIcon-root MuiSvgIcon-fontSizeSmall css-krpi0&quot;]&quot;}
  (Session info: chrome=125.0.6422.142)
For documentation on this error, please visit: https://www.selenium.dev/documentation/webdriver/troubleshooting/errors#no-such-element-exception
Build info: version: &apos;4.21.0&apos;, revision: &apos;79ed462ef4&apos;
System info: os.name: &apos;Windows 11&apos;, os.arch: &apos;amd64&apos;, os.version: &apos;10.0&apos;, java.version: &apos;17.0.10&apos;
Driver info: org.openqa.selenium.chrome.ChromeDriver
Command: [0996fd8c45b07ad28b71816e21e311fe, findElement {using=xpath, value=//*[@class=&quot;MuiSvgIcon-root MuiSvgIcon-fontSizeSmall css-krpi0&quot;]}]
Capabilities {acceptInsecureCerts: false, browserName: chrome, browserVersion: 125.0.6422.142, chrome: {chromedriverVersion: 125.0.6422.78 (14db42ec38ad..., userDataDir: C:\Users\DELL\AppData\Local...}, fedcm:accounts: true, goog:chromeOptions: {debuggerAddress: localhost:49336}, networkConnectionEnabled: false, pageLoadStrategy: normal, platformName: windows, proxy: Proxy(), se:cdp: ws://localhost:49336/devtoo..., se:cdpVersion: 125.0.6422.142, setWindowRect: true, strictFileInteractability: false, timeouts: {implicit: 0, pageLoad: 300000, script: 30000}, unhandledPromptBehavior: dismiss and notify, webauthn:extension:credBlob: true, webauthn:extension:largeBlob: true, webauthn:extension:minPinLength: true, webauthn:extension:prf: true, webauthn:virtualAuthenticators: true}
Session ID: 0996fd8c45b07ad28b71816e21e311fe
	at java.base/jdk.internal.reflect.NativeConstructorAccessorImpl.newInstance0(Native Method)
	at java.base/jdk.internal.reflect.NativeConstructorAccessorImpl.newInstance(NativeConstructorAccessorImpl.java:77)
	at java.base/jdk.internal.reflect.DelegatingConstructorAccessorImpl.newInstance(DelegatingConstructorAccessorImpl.java:45)
	at java.base/java.lang.reflect.Constructor.newInstanceWithCaller(Constructor.java:499)
	at java.base/java.lang.reflect.Constructor.newInstance(Constructor.java:480)
	at org.openqa.selenium.remote.ErrorCodec.decode(ErrorCodec.java:167)
	at org.openqa.selenium.remote.codec.w3c.W3CHttpResponseCodec.decode(W3CHttpResponseCodec.java:138)
	at org.openqa.selenium.remote.codec.w3c.W3CHttpResponseCodec.decode(W3CHttpResponseCodec.java:50)
	at org.openqa.selenium.remote.HttpCommandExecutor.execute(HttpCommandExecutor.java:190)
	at org.openqa.selenium.remote.service.DriverCommandExecutor.invokeExecute(DriverCommandExecutor.java:216)
	at org.openqa.selenium.remote.service.DriverCommandExecutor.execute(DriverCommandExecutor.java:174)
	at org.openqa.selenium.remote.RemoteWebDriver.execute(RemoteWebDriver.java:518)
	at org.openqa.selenium.remote.ElementLocation$ElementFinder$2.findElement(ElementLocation.java:165)
	at org.openqa.selenium.remote.ElementLocation.findElement(ElementLocation.java:59)
	at org.openqa.selenium.remote.RemoteWebDriver.findElement(RemoteWebDriver.java:355)
	at org.openqa.selenium.remote.RemoteWebDriver.findElement(RemoteWebDriver.java:349)
	at org.openqa.selenium.support.pagefactory.DefaultElementLocator.findElement(DefaultElementLocator.java:68)
	at org.openqa.selenium.support.pagefactory.internal.LocatingElementHandler.invoke(LocatingElementHandler.java:38)
	at jdk.proxy2/jdk.proxy2.$Proxy15.isEnabled(Unknown Source)
	at pomPages.POM10_Product_Page_With_All_Cases.clickBackArrowNextToCart(POM10_Product_Page_With_All_Cases.java:649)
	at test.Test009_Product_Page_With_All_Cases.clickBackArrowNextToCartTest(Test009_Product_Page_With_All_Cases.java:143)
	at java.base/jdk.internal.reflect.NativeMethodAccessorImpl.invoke0(Native Method)
	at java.base/jdk.internal.reflect.NativeMethodAccessorImpl.invoke(NativeMethodAccessorImpl.java:77)
	at java.base/jdk.internal.reflect.DelegatingMethodAccessorImpl.invoke(DelegatingMethodAccessorImpl.java:43)
	at java.base/java.lang.reflect.Method.invoke(Method.java:568)
	at org.testng.internal.invokers.MethodInvocationHelper.invokeMethod(MethodInvocationHelper.java:141)
	at org.testng.internal.invokers.TestInvoker.invokeMethod(TestInvoker.java:686)
	at org.testng.internal.invokers.TestInvoker.invokeTestMethod(TestInvoker.java:230)
	at org.testng.internal.invokers.MethodRunner.runInSequence(MethodRunner.java:63)
	at org.testng.internal.invokers.TestInvoker$MethodInvocationAgent.invoke(TestInvoker.java:992)
	at org.testng.internal.invokers.TestInvoker.invokeTestMethods(TestInvoker.java:203)
	at org.testng.internal.invokers.TestMethodWorker.invokeTestMethods(TestMethodWorker.java:154)
	at org.testng.internal.invokers.TestMethodWorker.run(TestMethodWorker.java:134)
	at java.base/java.util.ArrayList.forEach(ArrayList.java:1511)
	at org.testng.TestRunner.privateRun(TestRunner.java:739)
	at org.testng.TestRunner.run(TestRunner.java:614)
	at org.testng.SuiteRunner.runTest(SuiteRunner.java:421)
	at org.testng.SuiteRunner.runSequentially(SuiteRunner.java:413)
	at org.testng.SuiteRunner.privateRun(SuiteRunner.java:373)
	at org.testng.SuiteRunner.run(SuiteRunner.java:312)
	at org.testng.SuiteRunnerWorker.runSuite(SuiteRunnerWorker.java:52)
	at org.testng.SuiteRunnerWorker.run(SuiteRunnerWorker.java:95)
	at org.testng.TestNG.runSuitesSequentially(TestNG.java:1274)
	at org.testng.TestNG.runSuitesLocally(TestNG.java:1208)
	at org.testng.TestNG.runSuites(TestNG.java:1112)
	at org.testng.TestNG.run(TestNG.java:1079)
	at org.apache.maven.surefire.testng.TestNGExecutor.run(TestNGExecutor.java:308)
	at org.apache.maven.surefire.testng.TestNGXmlTestSuite.execute(TestNGXmlTestSuite.java:71)
	at org.apache.maven.surefire.testng.TestNGProvider.invoke(TestNGProvider.java:113)
	at org.apache.maven.surefire.booter.ForkedBooter.runSuitesInProcess(ForkedBooter.java:385)
	at org.apache.maven.surefire.booter.ForkedBooter.execute(ForkedBooter.java:162)
	at org.apache.maven.surefire.booter.ForkedBooter.run(ForkedBooter.java:507)
	at org.apache.maven.surefire.booter.ForkedBooter.main(ForkedBooter.java:495)
</pre></div></td>
<td>13</td>
<td>test.Test009_Product_Page_With_All_Cases@24d09c1</td></tr>
<tr>
<td title='test.Test006_Draft.handlingCheckbox1Test()'><b>handlingCheckbox1Test</b><br>Test class: test.Test006_Draft<br>Test method: Handling check box 1</td>
<td><div><pre>org.openqa.selenium.NoSuchElementException: no such element: Unable to locate element: {&quot;method&quot;:&quot;xpath&quot;,&quot;selector&quot;:&quot;//button[starts-with(text(),&apos;No, Edit quote&apos;)]&quot;}
  (Session info: chrome=125.0.6422.142)
For documentation on this error, please visit: https://www.selenium.dev/documentation/webdriver/troubleshooting/errors#no-such-element-exception
Build info: version: &apos;4.21.0&apos;, revision: &apos;79ed462ef4&apos;
System info: os.name: &apos;Windows 11&apos;, os.arch: &apos;amd64&apos;, os.version: &apos;10.0&apos;, java.version: &apos;17.0.10&apos;
Driver info: org.openqa.selenium.chrome.ChromeDriver
Command: [916dc14577efde84fc01a009dd0a795a, findElement {using=xpath, value=//button[starts-with(text(),&apos;No, Edit quote&apos;)]}]
Capabilities {acceptInsecureCerts: false, browserName: chrome, browserVersion: 125.0.6422.142, chrome: {chromedriverVersion: 125.0.6422.78 (14db42ec38ad..., userDataDir: C:\Users\DELL\AppData\Local...}, fedcm:accounts: true, goog:chromeOptions: {debuggerAddress: localhost:65132}, networkConnectionEnabled: false, pageLoadStrategy: normal, platformName: windows, proxy: Proxy(), se:cdp: ws://localhost:65132/devtoo..., se:cdpVersion: 125.0.6422.142, setWindowRect: true, strictFileInteractability: false, timeouts: {implicit: 0, pageLoad: 300000, script: 30000}, unhandledPromptBehavior: dismiss and notify, webauthn:extension:credBlob: true, webauthn:extension:largeBlob: true, webauthn:extension:minPinLength: true, webauthn:extension:prf: true, webauthn:virtualAuthenticators: true}
Session ID: 916dc14577efde84fc01a009dd0a795a
	at org.openqa.selenium.remote.ErrorCodec.decode(ErrorCodec.java:167)
	at org.openqa.selenium.remote.codec.w3c.W3CHttpResponseCodec.decode(W3CHttpResponseCodec.java:138)
	at org.openqa.selenium.remote.codec.w3c.W3CHttpResponseCodec.decode(W3CHttpResponseCodec.java:50)
	at org.openqa.selenium.remote.HttpCommandExecutor.execute(HttpCommandExecutor.java:190)
	at org.openqa.selenium.remote.service.DriverCommandExecutor.invokeExecute(DriverCommandExecutor.java:216)
	at org.openqa.selenium.remote.service.DriverCommandExecutor.execute(DriverCommandExecutor.java:174)
	at org.openqa.selenium.remote.RemoteWebDriver.execute(RemoteWebDriver.java:518)
	at org.openqa.selenium.remote.ElementLocation$ElementFinder$2.findElement(ElementLocation.java:165)
	at org.openqa.selenium.remote.ElementLocation.findElement(ElementLocation.java:59)
	at org.openqa.selenium.remote.RemoteWebDriver.findElement(RemoteWebDriver.java:355)
	at org.openqa.selenium.remote.RemoteWebDriver.findElement(RemoteWebDriver.java:349)
	at org.openqa.selenium.support.pagefactory.DefaultElementLocator.findElement(DefaultElementLocator.java:68)
	at org.openqa.selenium.support.pagefactory.internal.LocatingElementHandler.invoke(LocatingElementHandler.java:38)
	at jdk.proxy2/jdk.proxy2.$Proxy15.isDisplayed(Unknown Source)
	at pomPages.POM4_Convert_Quote_To_Order.handlingCheckbox1(POM4_Convert_Quote_To_Order.java:453)
	at test.Test006_Draft.handlingCheckbox1Test(Test006_Draft.java:239)
	at java.base/java.util.ArrayList.forEach(ArrayList.java:1511)
... Removed 36 stack frames</pre></div><a href='#' onClick='toggleBox("stack-trace42047036", this, "Click to show all stack frames", "Click to hide stack frames")'>Click to show all stack frames</a>
<div class='stack-trace' id='stack-trace42047036'><pre>org.openqa.selenium.NoSuchElementException: no such element: Unable to locate element: {&quot;method&quot;:&quot;xpath&quot;,&quot;selector&quot;:&quot;//button[starts-with(text(),&apos;No, Edit quote&apos;)]&quot;}
  (Session info: chrome=125.0.6422.142)
For documentation on this error, please visit: https://www.selenium.dev/documentation/webdriver/troubleshooting/errors#no-such-element-exception
Build info: version: &apos;4.21.0&apos;, revision: &apos;79ed462ef4&apos;
System info: os.name: &apos;Windows 11&apos;, os.arch: &apos;amd64&apos;, os.version: &apos;10.0&apos;, java.version: &apos;17.0.10&apos;
Driver info: org.openqa.selenium.chrome.ChromeDriver
Command: [916dc14577efde84fc01a009dd0a795a, findElement {using=xpath, value=//button[starts-with(text(),&apos;No, Edit quote&apos;)]}]
Capabilities {acceptInsecureCerts: false, browserName: chrome, browserVersion: 125.0.6422.142, chrome: {chromedriverVersion: 125.0.6422.78 (14db42ec38ad..., userDataDir: C:\Users\DELL\AppData\Local...}, fedcm:accounts: true, goog:chromeOptions: {debuggerAddress: localhost:65132}, networkConnectionEnabled: false, pageLoadStrategy: normal, platformName: windows, proxy: Proxy(), se:cdp: ws://localhost:65132/devtoo..., se:cdpVersion: 125.0.6422.142, setWindowRect: true, strictFileInteractability: false, timeouts: {implicit: 0, pageLoad: 300000, script: 30000}, unhandledPromptBehavior: dismiss and notify, webauthn:extension:credBlob: true, webauthn:extension:largeBlob: true, webauthn:extension:minPinLength: true, webauthn:extension:prf: true, webauthn:virtualAuthenticators: true}
Session ID: 916dc14577efde84fc01a009dd0a795a
	at java.base/jdk.internal.reflect.NativeConstructorAccessorImpl.newInstance0(Native Method)
	at java.base/jdk.internal.reflect.NativeConstructorAccessorImpl.newInstance(NativeConstructorAccessorImpl.java:77)
	at java.base/jdk.internal.reflect.DelegatingConstructorAccessorImpl.newInstance(DelegatingConstructorAccessorImpl.java:45)
	at java.base/java.lang.reflect.Constructor.newInstanceWithCaller(Constructor.java:499)
	at java.base/java.lang.reflect.Constructor.newInstance(Constructor.java:480)
	at org.openqa.selenium.remote.ErrorCodec.decode(ErrorCodec.java:167)
	at org.openqa.selenium.remote.codec.w3c.W3CHttpResponseCodec.decode(W3CHttpResponseCodec.java:138)
	at org.openqa.selenium.remote.codec.w3c.W3CHttpResponseCodec.decode(W3CHttpResponseCodec.java:50)
	at org.openqa.selenium.remote.HttpCommandExecutor.execute(HttpCommandExecutor.java:190)
	at org.openqa.selenium.remote.service.DriverCommandExecutor.invokeExecute(DriverCommandExecutor.java:216)
	at org.openqa.selenium.remote.service.DriverCommandExecutor.execute(DriverCommandExecutor.java:174)
	at org.openqa.selenium.remote.RemoteWebDriver.execute(RemoteWebDriver.java:518)
	at org.openqa.selenium.remote.ElementLocation$ElementFinder$2.findElement(ElementLocation.java:165)
	at org.openqa.selenium.remote.ElementLocation.findElement(ElementLocation.java:59)
	at org.openqa.selenium.remote.RemoteWebDriver.findElement(RemoteWebDriver.java:355)
	at org.openqa.selenium.remote.RemoteWebDriver.findElement(RemoteWebDriver.java:349)
	at org.openqa.selenium.support.pagefactory.DefaultElementLocator.findElement(DefaultElementLocator.java:68)
	at org.openqa.selenium.support.pagefactory.internal.LocatingElementHandler.invoke(LocatingElementHandler.java:38)
	at jdk.proxy2/jdk.proxy2.$Proxy15.isDisplayed(Unknown Source)
	at pomPages.POM4_Convert_Quote_To_Order.handlingCheckbox1(POM4_Convert_Quote_To_Order.java:453)
	at test.Test006_Draft.handlingCheckbox1Test(Test006_Draft.java:239)
	at java.base/jdk.internal.reflect.NativeMethodAccessorImpl.invoke0(Native Method)
	at java.base/jdk.internal.reflect.NativeMethodAccessorImpl.invoke(NativeMethodAccessorImpl.java:77)
	at java.base/jdk.internal.reflect.DelegatingMethodAccessorImpl.invoke(DelegatingMethodAccessorImpl.java:43)
	at java.base/java.lang.reflect.Method.invoke(Method.java:568)
	at org.testng.internal.invokers.MethodInvocationHelper.invokeMethod(MethodInvocationHelper.java:141)
	at org.testng.internal.invokers.TestInvoker.invokeMethod(TestInvoker.java:686)
	at org.testng.internal.invokers.TestInvoker.invokeTestMethod(TestInvoker.java:230)
	at org.testng.internal.invokers.MethodRunner.runInSequence(MethodRunner.java:63)
	at org.testng.internal.invokers.TestInvoker$MethodInvocationAgent.invoke(TestInvoker.java:992)
	at org.testng.internal.invokers.TestInvoker.invokeTestMethods(TestInvoker.java:203)
	at org.testng.internal.invokers.TestMethodWorker.invokeTestMethods(TestMethodWorker.java:154)
	at org.testng.internal.invokers.TestMethodWorker.run(TestMethodWorker.java:134)
	at java.base/java.util.ArrayList.forEach(ArrayList.java:1511)
	at org.testng.TestRunner.privateRun(TestRunner.java:739)
	at org.testng.TestRunner.run(TestRunner.java:614)
	at org.testng.SuiteRunner.runTest(SuiteRunner.java:421)
	at org.testng.SuiteRunner.runSequentially(SuiteRunner.java:413)
	at org.testng.SuiteRunner.privateRun(SuiteRunner.java:373)
	at org.testng.SuiteRunner.run(SuiteRunner.java:312)
	at org.testng.SuiteRunnerWorker.runSuite(SuiteRunnerWorker.java:52)
	at org.testng.SuiteRunnerWorker.run(SuiteRunnerWorker.java:95)
	at org.testng.TestNG.runSuitesSequentially(TestNG.java:1274)
	at org.testng.TestNG.runSuitesLocally(TestNG.java:1208)
	at org.testng.TestNG.runSuites(TestNG.java:1112)
	at org.testng.TestNG.run(TestNG.java:1079)
	at org.apache.maven.surefire.testng.TestNGExecutor.run(TestNGExecutor.java:308)
	at org.apache.maven.surefire.testng.TestNGXmlTestSuite.execute(TestNGXmlTestSuite.java:71)
	at org.apache.maven.surefire.testng.TestNGProvider.invoke(TestNGProvider.java:113)
	at org.apache.maven.surefire.booter.ForkedBooter.runSuitesInProcess(ForkedBooter.java:385)
	at org.apache.maven.surefire.booter.ForkedBooter.execute(ForkedBooter.java:162)
	at org.apache.maven.surefire.booter.ForkedBooter.run(ForkedBooter.java:507)
	at org.apache.maven.surefire.booter.ForkedBooter.main(ForkedBooter.java:495)
</pre></div></td>
<td>5</td>
<td>test.Test006_Draft@2c5529ab</td></tr>
<tr>
<td title='test.Test009_Product_Page_With_All_Cases.verifyFilterIconTest()'><b>verifyFilterIconTest</b><br>Test class: test.Test009_Product_Page_With_All_Cases<br>Test method: check filter icon display</td>
<td><div><pre>org.openqa.selenium.ElementNotInteractableException: element not interactable
  (Session info: chrome=125.0.6422.142)
Build info: version: &apos;4.21.0&apos;, revision: &apos;79ed462ef4&apos;
System info: os.name: &apos;Windows 11&apos;, os.arch: &apos;amd64&apos;, os.version: &apos;10.0&apos;, java.version: &apos;17.0.10&apos;
Driver info: org.openqa.selenium.chrome.ChromeDriver
Command: [0996fd8c45b07ad28b71816e21e311fe, clickElement {id=f.569959452C65F5AC116E9E283112A03B.d.5AC85A46713EB5C931C954D4424792B3.e.380}]
Capabilities {acceptInsecureCerts: false, browserName: chrome, browserVersion: 125.0.6422.142, chrome: {chromedriverVersion: 125.0.6422.78 (14db42ec38ad..., userDataDir: C:\Users\DELL\AppData\Local...}, fedcm:accounts: true, goog:chromeOptions: {debuggerAddress: localhost:49336}, networkConnectionEnabled: false, pageLoadStrategy: normal, platformName: windows, proxy: Proxy(), se:cdp: ws://localhost:49336/devtoo..., se:cdpVersion: 125.0.6422.142, setWindowRect: true, strictFileInteractability: false, timeouts: {implicit: 0, pageLoad: 300000, script: 30000}, unhandledPromptBehavior: dismiss and notify, webauthn:extension:credBlob: true, webauthn:extension:largeBlob: true, webauthn:extension:minPinLength: true, webauthn:extension:prf: true, webauthn:virtualAuthenticators: true}
Element: [[ChromeDriver: chrome on windows (0996fd8c45b07ad28b71816e21e311fe)] -&gt; xpath: (//button[text()=&apos;Apply&apos;])[1]]
Session ID: 0996fd8c45b07ad28b71816e21e311fe
	at org.openqa.selenium.remote.ErrorCodec.decode(ErrorCodec.java:167)
	at org.openqa.selenium.remote.codec.w3c.W3CHttpResponseCodec.decode(W3CHttpResponseCodec.java:138)
	at org.openqa.selenium.remote.codec.w3c.W3CHttpResponseCodec.decode(W3CHttpResponseCodec.java:50)
	at org.openqa.selenium.remote.HttpCommandExecutor.execute(HttpCommandExecutor.java:190)
	at org.openqa.selenium.remote.service.DriverCommandExecutor.invokeExecute(DriverCommandExecutor.java:216)
	at org.openqa.selenium.remote.service.DriverCommandExecutor.execute(DriverCommandExecutor.java:174)
	at org.openqa.selenium.remote.RemoteWebDriver.execute(RemoteWebDriver.java:518)
	at org.openqa.selenium.remote.RemoteWebElement.execute(RemoteWebElement.java:223)
	at org.openqa.selenium.remote.RemoteWebElement.click(RemoteWebElement.java:76)
	at org.openqa.selenium.support.pagefactory.internal.LocatingElementHandler.invoke(LocatingElementHandler.java:51)
	at jdk.proxy2/jdk.proxy2.$Proxy15.click(Unknown Source)
	at pomPages.POM10_Product_Page_With_All_Cases.verifyFilterIcon(POM10_Product_Page_With_All_Cases.java:445)
	at test.Test009_Product_Page_With_All_Cases.verifyFilterIconTest(Test009_Product_Page_With_All_Cases.java:116)
	at java.base/java.util.ArrayList.forEach(ArrayList.java:1511)
... Removed 39 stack frames</pre></div><a href='#' onClick='toggleBox("stack-trace1417740319", this, "Click to show all stack frames", "Click to hide stack frames")'>Click to show all stack frames</a>
<div class='stack-trace' id='stack-trace1417740319'><pre>org.openqa.selenium.ElementNotInteractableException: element not interactable
  (Session info: chrome=125.0.6422.142)
Build info: version: &apos;4.21.0&apos;, revision: &apos;79ed462ef4&apos;
System info: os.name: &apos;Windows 11&apos;, os.arch: &apos;amd64&apos;, os.version: &apos;10.0&apos;, java.version: &apos;17.0.10&apos;
Driver info: org.openqa.selenium.chrome.ChromeDriver
Command: [0996fd8c45b07ad28b71816e21e311fe, clickElement {id=f.569959452C65F5AC116E9E283112A03B.d.5AC85A46713EB5C931C954D4424792B3.e.380}]
Capabilities {acceptInsecureCerts: false, browserName: chrome, browserVersion: 125.0.6422.142, chrome: {chromedriverVersion: 125.0.6422.78 (14db42ec38ad..., userDataDir: C:\Users\DELL\AppData\Local...}, fedcm:accounts: true, goog:chromeOptions: {debuggerAddress: localhost:49336}, networkConnectionEnabled: false, pageLoadStrategy: normal, platformName: windows, proxy: Proxy(), se:cdp: ws://localhost:49336/devtoo..., se:cdpVersion: 125.0.6422.142, setWindowRect: true, strictFileInteractability: false, timeouts: {implicit: 0, pageLoad: 300000, script: 30000}, unhandledPromptBehavior: dismiss and notify, webauthn:extension:credBlob: true, webauthn:extension:largeBlob: true, webauthn:extension:minPinLength: true, webauthn:extension:prf: true, webauthn:virtualAuthenticators: true}
Element: [[ChromeDriver: chrome on windows (0996fd8c45b07ad28b71816e21e311fe)] -&gt; xpath: (//button[text()=&apos;Apply&apos;])[1]]
Session ID: 0996fd8c45b07ad28b71816e21e311fe
	at java.base/jdk.internal.reflect.NativeConstructorAccessorImpl.newInstance0(Native Method)
	at java.base/jdk.internal.reflect.NativeConstructorAccessorImpl.newInstance(NativeConstructorAccessorImpl.java:77)
	at java.base/jdk.internal.reflect.DelegatingConstructorAccessorImpl.newInstance(DelegatingConstructorAccessorImpl.java:45)
	at java.base/java.lang.reflect.Constructor.newInstanceWithCaller(Constructor.java:499)
	at java.base/java.lang.reflect.Constructor.newInstance(Constructor.java:480)
	at org.openqa.selenium.remote.ErrorCodec.decode(ErrorCodec.java:167)
	at org.openqa.selenium.remote.codec.w3c.W3CHttpResponseCodec.decode(W3CHttpResponseCodec.java:138)
	at org.openqa.selenium.remote.codec.w3c.W3CHttpResponseCodec.decode(W3CHttpResponseCodec.java:50)
	at org.openqa.selenium.remote.HttpCommandExecutor.execute(HttpCommandExecutor.java:190)
	at org.openqa.selenium.remote.service.DriverCommandExecutor.invokeExecute(DriverCommandExecutor.java:216)
	at org.openqa.selenium.remote.service.DriverCommandExecutor.execute(DriverCommandExecutor.java:174)
	at org.openqa.selenium.remote.RemoteWebDriver.execute(RemoteWebDriver.java:518)
	at org.openqa.selenium.remote.RemoteWebElement.execute(RemoteWebElement.java:223)
	at org.openqa.selenium.remote.RemoteWebElement.click(RemoteWebElement.java:76)
	at jdk.internal.reflect.GeneratedMethodAccessor28.invoke(Unknown Source)
	at java.base/jdk.internal.reflect.DelegatingMethodAccessorImpl.invoke(DelegatingMethodAccessorImpl.java:43)
	at java.base/java.lang.reflect.Method.invoke(Method.java:568)
	at org.openqa.selenium.support.pagefactory.internal.LocatingElementHandler.invoke(LocatingElementHandler.java:51)
	at jdk.proxy2/jdk.proxy2.$Proxy15.click(Unknown Source)
	at pomPages.POM10_Product_Page_With_All_Cases.verifyFilterIcon(POM10_Product_Page_With_All_Cases.java:445)
	at test.Test009_Product_Page_With_All_Cases.verifyFilterIconTest(Test009_Product_Page_With_All_Cases.java:116)
	at java.base/jdk.internal.reflect.NativeMethodAccessorImpl.invoke0(Native Method)
	at java.base/jdk.internal.reflect.NativeMethodAccessorImpl.invoke(NativeMethodAccessorImpl.java:77)
	at java.base/jdk.internal.reflect.DelegatingMethodAccessorImpl.invoke(DelegatingMethodAccessorImpl.java:43)
	at java.base/java.lang.reflect.Method.invoke(Method.java:568)
	at org.testng.internal.invokers.MethodInvocationHelper.invokeMethod(MethodInvocationHelper.java:141)
	at org.testng.internal.invokers.TestInvoker.invokeMethod(TestInvoker.java:686)
	at org.testng.internal.invokers.TestInvoker.invokeTestMethod(TestInvoker.java:230)
	at org.testng.internal.invokers.MethodRunner.runInSequence(MethodRunner.java:63)
	at org.testng.internal.invokers.TestInvoker$MethodInvocationAgent.invoke(TestInvoker.java:992)
	at org.testng.internal.invokers.TestInvoker.invokeTestMethods(TestInvoker.java:203)
	at org.testng.internal.invokers.TestMethodWorker.invokeTestMethods(TestMethodWorker.java:154)
	at org.testng.internal.invokers.TestMethodWorker.run(TestMethodWorker.java:134)
	at java.base/java.util.ArrayList.forEach(ArrayList.java:1511)
	at org.testng.TestRunner.privateRun(TestRunner.java:739)
	at org.testng.TestRunner.run(TestRunner.java:614)
	at org.testng.SuiteRunner.runTest(SuiteRunner.java:421)
	at org.testng.SuiteRunner.runSequentially(SuiteRunner.java:413)
	at org.testng.SuiteRunner.privateRun(SuiteRunner.java:373)
	at org.testng.SuiteRunner.run(SuiteRunner.java:312)
	at org.testng.SuiteRunnerWorker.runSuite(SuiteRunnerWorker.java:52)
	at org.testng.SuiteRunnerWorker.run(SuiteRunnerWorker.java:95)
	at org.testng.TestNG.runSuitesSequentially(TestNG.java:1274)
	at org.testng.TestNG.runSuitesLocally(TestNG.java:1208)
	at org.testng.TestNG.runSuites(TestNG.java:1112)
	at org.testng.TestNG.run(TestNG.java:1079)
	at org.apache.maven.surefire.testng.TestNGExecutor.run(TestNGExecutor.java:308)
	at org.apache.maven.surefire.testng.TestNGXmlTestSuite.execute(TestNGXmlTestSuite.java:71)
	at org.apache.maven.surefire.testng.TestNGProvider.invoke(TestNGProvider.java:113)
	at org.apache.maven.surefire.booter.ForkedBooter.runSuitesInProcess(ForkedBooter.java:385)
	at org.apache.maven.surefire.booter.ForkedBooter.execute(ForkedBooter.java:162)
	at org.apache.maven.surefire.booter.ForkedBooter.run(ForkedBooter.java:507)
	at org.apache.maven.surefire.booter.ForkedBooter.main(ForkedBooter.java:495)
</pre></div></td>
<td>17</td>
<td>test.Test009_Product_Page_With_All_Cases@24d09c1</td></tr>
</table><p>
<table width='100%' border='1' class='invocation-passed'>
<tr><td colspan='4' align='center'><b>PASSED TESTS</b></td></tr>
<tr><td><b>Test method</b></td>
<td><b>Attribute(s)</b></td>
<td width="30%"><b>Exception</b></td>
<td width="10%"><b>Time (seconds)</b></td>
<td><b>Instance</b></td>
</tr>
<tr>
<<<<<<< HEAD
<td title='test.Test004_Edit_Quote_01.clickCreateOrder2ButtonTest()'><b>clickCreateOrder2ButtonTest</b><br>Test class: test.Test004_Edit_Quote_01<br>Test method: Click on create quote</td>
<td></td>
<td>8</td>
<td>test.Test004_Edit_Quote_01@72c28d64</td></tr>
<tr>
<td title='test.Test004_Edit_Quote_01.clickAddAdditionalChargeButtonTest()'><b>clickAddAdditionalChargeButtonTest</b><br>Test class: test.Test004_Edit_Quote_01<br>Test method: Click on Add additional charge button</td>
<td></td>
<td>3</td>
<td>test.Test004_Edit_Quote_01@72c28d64</td></tr>
<tr>
<td title='test.Test004_Edit_Quote_01.clickConvertToOrderTest()'><b>clickConvertToOrderTest</b><br>Test class: test.Test004_Edit_Quote_01<br>Test method: Click on convert to order</td>
<td></td>
<td>5</td>
<td>test.Test004_Edit_Quote_01@72c28d64</td></tr>
<tr>
<td title='test.Test003_Convert_Quote_To_Order.clickProceedButtonTest()'><b>clickProceedButtonTest</b><br>Test class: test.Test003_Convert_Quote_To_Order<br>Test method: Click on proceed button</td>
<td></td>
<td>5</td>
<td>test.Test003_Convert_Quote_To_Order@2807bdeb</td></tr>
<tr>
<td title='test.Test008_Container.toggleSwitchTest()'><b>toggleSwitchTest</b><br>Test class: test.Test008_Container<br>Test method: handling toggle switch</td>
<td></td>
<td>6</td>
<td>test.Test008_Container@5f6722d3</td></tr>
<tr>
<td title='test.Test003_Convert_Quote_To_Order.getMailIdOnQuotePageTest()'><b>getMailIdOnQuotePageTest</b><br>Test class: test.Test003_Convert_Quote_To_Order<br>Test method: Verify mailId details on quote</td>
<td></td>
<td>3</td>
<td>test.Test003_Convert_Quote_To_Order@2807bdeb</td></tr>
<tr>
<td title='test.Test007_Buyer_Switching.verifyCustomerNameOnCartPage1stTimeTest()'><b>verifyCustomerNameOnCartPage1stTimeTest</b><br>Test class: test.Test007_Buyer_Switching<br>Test method: verify customer name on cart page</td>
<td></td>
<td>6</td>
<td>test.Test007_Buyer_Switching@39a8312f</td></tr>
<tr>
<td title='test.Test002_Create_Order.minusButtonTest()'><b>minusButtonTest</b><br>Test class: test.Test002_Create_Order<br>Test method: Decreasing product count by click on minus button</td>
<td></td>
<td>5</td>
<td>test.Test002_Create_Order@18920cc</td></tr>
<tr>
<td title='test.Test007_Buyer_Switching.clickCustomer2Test()'><b>clickCustomer2Test</b><br>Test class: test.Test007_Buyer_Switching<br>Test method: Select customer and selecting assign cart </td>
<td></td>
<td>10</td>
<td>test.Test007_Buyer_Switching@39a8312f</td></tr>
<tr>
<td title='test.Test007_Buyer_Switching.clickGuestCustomerButton3rdTimeforReplaceTest()'><b>clickGuestCustomerButton3rdTimeforReplaceTest</b><br>Test class: test.Test007_Buyer_Switching<br>Test method: Click on Guest Customer button again to check product added prior</td>
<td></td>
<td>5</td>
<td>test.Test007_Buyer_Switching@39a8312f</td></tr>
<tr>
<td title='test.Test003_Convert_Quote_To_Order.customerSearchTest()'><b>customerSearchTest</b><br>Test class: test.Test003_Convert_Quote_To_Order<br>Test method: Searching customer</td>
<td></td>
<td>15</td>
<td>test.Test003_Convert_Quote_To_Order@2807bdeb</td></tr>
<tr>
<td title='test.Test004_Edit_Quote_01.verifyAmountAfterShipping()'><b>verifyAmountAfterShipping</b><br>Test class: test.Test004_Edit_Quote_01<br>Test method: Amount verification</td>
<td></td>
<td>0</td>
<td>test.Test004_Edit_Quote_01@72c28d64</td></tr>
<tr>
<td title='test.Test007_Buyer_Switching.verifyCustomerNameOnCartPage2ndTimeTest()'><b>verifyCustomerNameOnCartPage2ndTimeTest</b><br>Test class: test.Test007_Buyer_Switching<br>Test method: verify customer name on cart page again</td>
<td></td>
<td>5</td>
<td>test.Test007_Buyer_Switching@39a8312f</td></tr>
<tr>
<td title='test.Test002_Create_Order.clickCreateOrder2ButtonTest()'><b>clickCreateOrder2ButtonTest</b><br>Test class: test.Test002_Create_Order<br>Test method: Click on create order</td>
<td></td>
<td>8</td>
<td>test.Test002_Create_Order@18920cc</td></tr>
<tr>
<td title='test.Test003_Convert_Quote_To_Order.threeDotsDropdownTest()'><b>threeDotsDropdownTest</b><br>Test class: test.Test003_Convert_Quote_To_Order<br>Test method: Click on Cancel quote from dropdown</td>
<td></td>
<td>4</td>
<td>test.Test003_Convert_Quote_To_Order@2807bdeb</td></tr>
<tr>
<td title='test.Test003_Convert_Quote_To_Order.getDarftStatusTest()'><b>getDarftStatusTest</b><br>Test class: test.Test003_Convert_Quote_To_Order<br>Test method: Get status</td>
<td></td>
<td>3</td>
<td>test.Test003_Convert_Quote_To_Order@2807bdeb</td></tr>
<tr>
<td title='test.Test007_Buyer_Switching.clickCartButton1stTimeTest()'><b>clickCartButton1stTimeTest</b><br>Test class: test.Test007_Buyer_Switching<br>Test method: Moving towards Cart page</td>
<td></td>
<td>10</td>
<td>test.Test007_Buyer_Switching@39a8312f</td></tr>
<tr>
<td title='test.Test006_Draft.clickProceedButtonTest()'><b>clickProceedButtonTest</b><br>Test class: test.Test006_Draft<br>Test method: Click on proceed button</td>
<td></td>
<td>5</td>
<td>test.Test006_Draft@2c5529ab</td></tr>
<tr>
<td title='test.Test002_Create_Order.selectCartAgain()'><b>selectCartAgain</b><br>Test class: test.Test002_Create_Order<br>Test method: Moving towards Cart page again</td>
<td></td>
<td>3</td>
<td>test.Test002_Create_Order@18920cc</td></tr>
<tr>
<td title='test.Test003_Convert_Quote_To_Order.verifyBillingDetailsOnQuoteTest()'><b>verifyBillingDetailsOnQuoteTest</b><br>Test class: test.Test003_Convert_Quote_To_Order<br>Test method: Verify billing address details on quote</td>
<td></td>
<td>4</td>
<td>test.Test003_Convert_Quote_To_Order@2807bdeb</td></tr>
<tr>
<td title='test.Test003_Convert_Quote_To_Order.handlingCheckbox2Test()'><b>handlingCheckbox2Test</b><br>Test class: test.Test003_Convert_Quote_To_Order<br>Test method: Handling check box 2</td>
<td></td>
<td>10</td>
<td>test.Test003_Convert_Quote_To_Order@2807bdeb</td></tr>
<tr>
<td title='test.Test005_Edit_Quote_02.productButtonTest()'><b>productButtonTest</b><br>Test class: test.Test005_Edit_Quote_02<br>Test method: Click on product button</td>
<td></td>
<td>13</td>
<td>test.Test005_Edit_Quote_02@6492fab5</td></tr>
<tr>
<td title='test.Test005_Edit_Quote_02.selectCartAgainTest()'><b>selectCartAgainTest</b><br>Test class: test.Test005_Edit_Quote_02<br>Test method: Moving again towards Cart page</td>
<td></td>
<td>3</td>
<td>test.Test005_Edit_Quote_02@6492fab5</td></tr>
<tr>
<td title='test.Test003_Convert_Quote_To_Order.verifyCustomerDetailsOnQuoteTest()'><b>verifyCustomerDetailsOnQuoteTest</b><br>Test class: test.Test003_Convert_Quote_To_Order<br>Test method: Verify customer details</td>
<td></td>
<td>5</td>
<td>test.Test003_Convert_Quote_To_Order@2807bdeb</td></tr>
<tr>
<td title='test.Test002_Create_Order.productsVisibleOnCartIconTest()'><b>productsVisibleOnCartIconTest</b><br>Test class: test.Test002_Create_Order<br>Test method: check cart to discard entire cart if products existed prior</td>
<td></td>
<td>18</td>
<td>test.Test002_Create_Order@18920cc</td></tr>
<tr>
<td title='test.Test007_Buyer_Switching.productButtonTest()'><b>productButtonTest</b><br>Test class: test.Test007_Buyer_Switching<br>Test method: Click on product button</td>
<td></td>
<td>13</td>
<td>test.Test007_Buyer_Switching@39a8312f</td></tr>
<tr>
<td title='test.Test006_Draft.clickCreateOrderTest()'><b>clickCreateOrderTest</b><br>Test class: test.Test006_Draft<br>Test method: clicking on Create quote button on cart page</td>
<td></td>
<td>5</td>
<td>test.Test006_Draft@2c5529ab</td></tr>
<tr>
<td title='test.Test008_Container.selectmoreProductTest()'><b>selectmoreProductTest</b><br>Test class: test.Test008_Container<br>Test method: Adding more products to cart</td>
<td></td>
<td>27</td>
<td>test.Test008_Container@5f6722d3</td></tr>
<tr>
<td title='test.Test006_Draft.getStatusOnDraftTest()'><b>getStatusOnDraftTest</b><br>Test class: test.Test006_Draft<br>Test method: Get status on drafts</td>
<td></td>
<td>3</td>
<td>test.Test006_Draft@2c5529ab</td></tr>
<tr>
<td title='test.Test002_Create_Order.verifyDiscountVisibilityOnProductTest()'><b>verifyDiscountVisibilityOnProductTest</b><br>Test class: test.Test002_Create_Order<br>Test method: Verify that discount visible on selected product </td>
<td></td>
<td>0</td>
<td>test.Test002_Create_Order@18920cc</td></tr>
<tr>
<td title='test.Test008_Container.selectCartAgainTest()'><b>selectCartAgainTest</b><br>Test class: test.Test008_Container<br>Test method: Moving again towards Cart page</td>
<td></td>
<td>3</td>
<td>test.Test008_Container@5f6722d3</td></tr>
<tr>
<td title='test.Test004_Edit_Quote_01.clickThreeDotsButtonTest()'><b>clickThreeDotsButtonTest</b><br>Test class: test.Test004_Edit_Quote_01<br>Test method: Click three dots button next to Add Products</td>
<td></td>
<td>3</td>
<td>test.Test004_Edit_Quote_01@72c28d64</td></tr>
<tr>
<td title='test.Test005_Edit_Quote_02.selectmoreProductTest()'><b>selectmoreProductTest</b><br>Test class: test.Test005_Edit_Quote_02<br>Test method: Adding more products to cart</td>
<td></td>
<td>26</td>
<td>test.Test005_Edit_Quote_02@6492fab5</td></tr>
<tr>
<td title='test.Test002_Create_Order.writeNoteTest()'><b>writeNoteTest</b><br>Test class: test.Test002_Create_Order<br>Test method: Adding note in textbox</td>
<td></td>
<td>3</td>
<td>test.Test002_Create_Order@18920cc</td></tr>
<tr>
<td title='test.Test004_Edit_Quote_01.handlingCheckbox1Test()'><b>handlingCheckbox1Test</b><br>Test class: test.Test004_Edit_Quote_01<br>Test method: Handling check box 1</td>
<td></td>
<td>10</td>
<td>test.Test004_Edit_Quote_01@72c28d64</td></tr>
<tr>
<td title='test.Test005_Edit_Quote_02.clickProceedButtonTest()'><b>clickProceedButtonTest</b><br>Test class: test.Test005_Edit_Quote_02<br>Test method: Click on proceed button</td>
<td></td>
<td>5</td>
<td>test.Test005_Edit_Quote_02@6492fab5</td></tr>
<tr>
<td title='test.Test005_Edit_Quote_02.clickEditButtonTest()'><b>clickEditButtonTest</b><br>Test class: test.Test005_Edit_Quote_02<br>Test method: Click on edit button</td>
<td></td>
<td>5</td>
<td>test.Test005_Edit_Quote_02@6492fab5</td></tr>
<tr>
<td title='test.Test008_Container.toggleSwitchAgainTest()'><b>toggleSwitchAgainTest</b><br>Test class: test.Test008_Container<br>Test method: handling toggle switch again</td>
<td></td>
<td>6</td>
<td>test.Test008_Container@5f6722d3</td></tr>
<tr>
<td title='test.Test003_Convert_Quote_To_Order.selectProduct()'><b>selectProduct</b><br>Test class: test.Test003_Convert_Quote_To_Order<br>Test method: Adding products to cart</td>
<td></td>
<td>16</td>
<td>test.Test003_Convert_Quote_To_Order@2807bdeb</td></tr>
<tr>
<td title='test.Test002_Create_Order.addNoteByThreedotButtonTest()'><b>addNoteByThreedotButtonTest</b><br>Test class: test.Test002_Create_Order<br>Test method: Add Note by click on three dots</td>
<td></td>
<td>8</td>
<td>test.Test002_Create_Order@18920cc</td></tr>
<tr>
<td title='test.Test003_Convert_Quote_To_Order.verifyTearSheetIconOrderPageTest()'><b>verifyTearSheetIconOrderPageTest</b><br>Test class: test.Test003_Convert_Quote_To_Order<br>Test method: Verify tear sheet icon on order page</td>
<td></td>
<td>4</td>
<td>test.Test003_Convert_Quote_To_Order@2807bdeb</td></tr>
<tr>
<td title='test.Test001_Login_Logout.forgotPassTest()'><b>forgotPassTest</b><br>Test class: test.Test001_Login_Logout<br>Test method: Validating Forgot Password Button</td>
<td></td>
<td>0</td>
<td>test.Test001_Login_Logout@663411de</td></tr>
<tr>
<td title='test.Test005_Edit_Quote_02.handlingCheckbox2Test()'><b>handlingCheckbox2Test</b><br>Test class: test.Test005_Edit_Quote_02<br>Test method: Handling check box 2</td>
<td></td>
<td>10</td>
<td>test.Test005_Edit_Quote_02@6492fab5</td></tr>
<tr>
<td title='test.Test003_Convert_Quote_To_Order.selectSaveForLater()'><b>selectSaveForLater</b><br>Test class: test.Test003_Convert_Quote_To_Order<br>Test method: Selecting save for later to submit quote</td>
<td></td>
<td>8</td>
<td>test.Test003_Convert_Quote_To_Order@2807bdeb</td></tr>
<tr>
<td title='test.Test004_Edit_Quote_01.clickShippingApplyButtonTest()'><b>clickShippingApplyButtonTest</b><br>Test class: test.Test004_Edit_Quote_01<br>Test method: Click on apply button</td>
<td></td>
<td>6</td>
<td>test.Test004_Edit_Quote_01@72c28d64</td></tr>
<tr>
<td title='test.Test008_Container.selectCart()'><b>selectCart</b><br>Test class: test.Test008_Container<br>Test method: Moving towards Cart page</td>
<td></td>
<td>3</td>
<td>test.Test008_Container@5f6722d3</td></tr>
<tr>
<td title='test.Test007_Buyer_Switching.clickCustomerSearchTextbox4thTime()'><b>clickCustomerSearchTextbox4thTime</b><br>Test class: test.Test007_Buyer_Switching<br>Test method: Searching customer again in which products were added previously</td>
<td></td>
<td>5</td>
<td>test.Test007_Buyer_Switching@39a8312f</td></tr>
<tr>
<td title='test.Test006_Draft.customerSearchTest()'><b>customerSearchTest</b><br>Test class: test.Test006_Draft<br>Test method: Searching customer</td>
<td></td>
<td>15</td>
<td>test.Test006_Draft@2c5529ab</td></tr>
<tr>
<td title='test.Test006_Draft.pasteOrderIdOnDraftsTest()'><b>pasteOrderIdOnDraftsTest</b><br>Test class: test.Test006_Draft<br>Test method: Paste Id in reference textbox on Drafts</td>
<td></td>
<td>12</td>
<td>test.Test006_Draft@2c5529ab</td></tr>
<tr>
<td title='test.Test007_Buyer_Switching.clickCustomer1Test()'><b>clickCustomer1Test</b><br>Test class: test.Test007_Buyer_Switching<br>Test method: Click on selected customer and selecting new cart from popup</td>
<td></td>
<td>11</td>
<td>test.Test007_Buyer_Switching@39a8312f</td></tr>
<tr>
<td title='test.Test003_Convert_Quote_To_Order.clickTearSheetIconAgainTest()'><b>clickTearSheetIconAgainTest</b><br>Test class: test.Test003_Convert_Quote_To_Order<br>Test method: Click on tear sheet icon again</td>
<td></td>
<td>4</td>
<td>test.Test003_Convert_Quote_To_Order@2807bdeb</td></tr>
<tr>
<td title='test.Test008_Container.productButtonTest()'><b>productButtonTest</b><br>Test class: test.Test008_Container<br>Test method: Click on product button</td>
<td></td>
<td>13</td>
<td>test.Test008_Container@5f6722d3</td></tr>
<tr>
<td title='test.Test005_Edit_Quote_02.selectCart()'><b>selectCart</b><br>Test class: test.Test005_Edit_Quote_02<br>Test method: Moving towards Cart page</td>
<td></td>
<td>3</td>
<td>test.Test005_Edit_Quote_02@6492fab5</td></tr>
<tr>
<td title='test.Test005_Edit_Quote_02.clickSubmitQuoteTest()'><b>clickSubmitQuoteTest</b><br>Test class: test.Test005_Edit_Quote_02<br>Test method: Click on submit quote button</td>
<td></td>
<td>5</td>
<td>test.Test005_Edit_Quote_02@6492fab5</td></tr>
<tr>
<td title='test.Test005_Edit_Quote_02.clickUpdateQuoteButtonTest()'><b>clickUpdateQuoteButtonTest</b><br>Test class: test.Test005_Edit_Quote_02<br>Test method: Click on update quote button</td>
<td></td>
<td>8</td>
<td>test.Test005_Edit_Quote_02@6492fab5</td></tr>
<tr>
<td title='test.Test003_Convert_Quote_To_Order.verifyViewLinkedQuoteButtonTest()'><b>verifyViewLinkedQuoteButtonTest</b><br>Test class: test.Test003_Convert_Quote_To_Order<br>Test method: Verify view linked quote button</td>
<td></td>
<td>4</td>
<td>test.Test003_Convert_Quote_To_Order@2807bdeb</td></tr>
<tr>
<td title='test.Test008_Container.selctCBMFromDropdownTest()'><b>selctCBMFromDropdownTest</b><br>Test class: test.Test008_Container<br>Test method: Selecting from CBM dropdown</td>
<td></td>
<td>14</td>
<td>test.Test008_Container@5f6722d3</td></tr>
<tr>
<td title='test.Test009_Product_Page_With_All_Cases.verifyCollectionsViewAllButtonTest()'><b>verifyCollectionsViewAllButtonTest</b><br>Test class: test.Test009_Product_Page_With_All_Cases<br>Test method: check Collections view all button display</td>
<td></td>
<td>24</td>
<td>test.Test009_Product_Page_With_All_Cases@24d09c1</td></tr>
<tr>
<td title='test.Test007_Buyer_Switching.verifyEmptyCart1stTimeTest()'><b>verifyEmptyCart1stTimeTest</b><br>Test class: test.Test007_Buyer_Switching<br>Test method: verify cart is empty after choosing new cart</td>
<td></td>
<td>3</td>
<td>test.Test007_Buyer_Switching@39a8312f</td></tr>
<tr>
<td title='test.Test004_Edit_Quote_01.enterDiscountTest()'><b>enterDiscountTest</b><br>Test class: test.Test004_Edit_Quote_01<br>Test method: Enter the discount value</td>
<td></td>
<td>3</td>
<td>test.Test004_Edit_Quote_01@72c28d64</td></tr>
<tr>
<td title='test.Test002_Create_Order.clickSubmitOrderButtonTest()'><b>clickSubmitOrderButtonTest</b><br>Test class: test.Test002_Create_Order<br>Test method: Click on submit order button</td>
<td></td>
<td>5</td>
<td>test.Test002_Create_Order@18920cc</td></tr>
<tr>
<td title='test.Test007_Buyer_Switching.clickOnCustomerButton3rdTime()'><b>clickOnCustomerButton3rdTime</b><br>Test class: test.Test007_Buyer_Switching<br>Test method: Click on Customer button again to check no popup came</td>
<td></td>
<td>11</td>
<td>test.Test007_Buyer_Switching@39a8312f</td></tr>
<tr>
<td title='test.Test004_Edit_Quote_01.enterTaxTest()'><b>enterTaxTest</b><br>Test class: test.Test004_Edit_Quote_01<br>Test method: Enter the tax value</td>
<td></td>
<td>3</td>
<td>test.Test004_Edit_Quote_01@72c28d64</td></tr>
<tr>
<td title='test.Test003_Convert_Quote_To_Order.clickmainIdTest()'><b>clickmainIdTest</b><br>Test class: test.Test003_Convert_Quote_To_Order<br>Test method: Click on mainID</td>
<td></td>
<td>5</td>
<td>test.Test003_Convert_Quote_To_Order@2807bdeb</td></tr>
<tr>
<td title='test.Test003_Convert_Quote_To_Order.clickChooseCustomerTest()'><b>clickChooseCustomerTest</b><br>Test class: test.Test003_Convert_Quote_To_Order<br>Test method: clicking on Choose customer button</td>
<td></td>
<td>5</td>
<td>test.Test003_Convert_Quote_To_Order@2807bdeb</td></tr>
<tr>
<td title='test.Test005_Edit_Quote_02.clickCreateOrder2ButtonTest()'><b>clickCreateOrder2ButtonTest</b><br>Test class: test.Test005_Edit_Quote_02<br>Test method: Click on create quote</td>
<td></td>
<td>8</td>
<td>test.Test005_Edit_Quote_02@6492fab5</td></tr>
<tr>
<td title='test.Test009_Product_Page_With_All_Cases.productsVisibleOnCartIconTest()'><b>productsVisibleOnCartIconTest</b><br>Test class: test.Test009_Product_Page_With_All_Cases<br>Test method: check cart to discard entire cart if products existed prior</td>
<td></td>
<td>18</td>
<td>test.Test009_Product_Page_With_All_Cases@24d09c1</td></tr>
<tr>
<td title='test.Test001_Login_Logout.bottomLineTest()'><b>bottomLineTest</b><br>Test class: test.Test001_Login_Logout<br>Test method: Validating Bottom Line Title</td>
=======
<td title='test.CreateCustomerTest.emptyAllFiledsTest()'><b>emptyAllFiledsTest</b><br>Test class: test.CreateCustomerTest<br>Test method: user should ber able to select value from catalog dropdown</td>
<td></td>
<td>12</td>
<td>test.CreateCustomerTest@23e84203</td></tr>
<tr>
<td title='test.CreateCustomerTest.company_name()'><b>company_name</b><br>Test class: test.CreateCustomerTest<br>Test method: user should ber able to enter company name </td>
<td></td>
<td>6</td>
<td>test.CreateCustomerTest@23e84203</td></tr>
<tr>
<td title='test.CreateCustomerTest.select_catalog()'><b>select_catalog</b><br>Test class: test.CreateCustomerTest<br>Test method: user should ber able to select value from catalog dropdown</td>
>>>>>>> branch 'master' of https://github.com/Sourcewiz/automation-testing
<td></td>
<<<<<<< HEAD
<td>0</td>
<td>test.Test001_Login_Logout@663411de</td></tr>
=======
<td>7</td>
<td>test.CreateCustomerTest@23e84203</td></tr>
>>>>>>> branch 'master' of https://github.com/Sourcewiz/automation-testing
<tr>
<<<<<<< HEAD
<td title='test.Test002_Create_Order.productButtonTest()'><b>productButtonTest</b><br>Test class: test.Test002_Create_Order<br>Test method: Click on product button</td>
<td></td>
<td>13</td>
<td>test.Test002_Create_Order@18920cc</td></tr>
<tr>
<td title='test.Test006_Draft.clickCreateOrder2ButtonTest()'><b>clickCreateOrder2ButtonTest</b><br>Test class: test.Test006_Draft<br>Test method: Click on create quote</td>
=======
<td title='test.CreateCustomerTest.verify_add_customer_title()'><b>verify_add_customer_title</b><br>Test class: test.CreateCustomerTest<br>Test method: to check heading should be add customer of customer form</td>
>>>>>>> branch 'master' of https://github.com/Sourcewiz/automation-testing
<td></td>
<<<<<<< HEAD
<td>8</td>
<td>test.Test006_Draft@2c5529ab</td></tr>
<tr>
<td title='test.Test004_Edit_Quote_01.verifyAmountAfterAddChargeTest()'><b>verifyAmountAfterAddChargeTest</b><br>Test class: test.Test004_Edit_Quote_01<br>Test method: Amount verification</td>
<td></td>
<td>0</td>
<td>test.Test004_Edit_Quote_01@72c28d64</td></tr>
<tr>
<td title='test.Test001_Login_Logout.loginAllCasesTest()'><b>loginAllCasesTest</b><br>Test class: test.Test001_Login_Logout<br>Test method: Login Cases<br>Parameters: qateam@wizcommerce.com, </td>
<td></td>
<td>9</td>
<td>test.Test001_Login_Logout@663411de</td></tr>
<tr>
<td title='test.Test003_Convert_Quote_To_Order.getBillingAddressOnOrderPageTest()'><b>getBillingAddressOnOrderPageTest</b><br>Test class: test.Test003_Convert_Quote_To_Order<br>Test method: Verify billing address details</td>
<td></td>
<td>4</td>
<td>test.Test003_Convert_Quote_To_Order@2807bdeb</td></tr>
<tr>
<td title='test.Test004_Edit_Quote_01.selectDeleteCartTest()'><b>selectDeleteCartTest</b><br>Test class: test.Test004_Edit_Quote_01<br>Test method: Selecting delete cart</td>
<td></td>
<td>5</td>
<td>test.Test004_Edit_Quote_01@72c28d64</td></tr>
<tr>
<td title='test.Test004_Edit_Quote_01.customerSearchTest()'><b>customerSearchTest</b><br>Test class: test.Test004_Edit_Quote_01<br>Test method: Searching customer</td>
<td></td>
<td>15</td>
<td>test.Test004_Edit_Quote_01@72c28d64</td></tr>
=======
<td>1</td>
<td>test.CreateCustomerTest@23e84203</td></tr>
>>>>>>> branch 'master' of https://github.com/Sourcewiz/automation-testing
<tr>
<td title='test.CreateCustomerTest.create_customer_button_spelling_check()'><b>create_customer_button_spelling_check</b><br>Test class: test.CreateCustomerTest<br>Test method: To check create customer spelling is correct</td>
<td></td>
<td>0</td>
<td>test.CreateCustomerTest@23e84203</td></tr>
<tr>
<td title='test.CreateCustomerTest.verify_basic_details_heading()'><b>verify_basic_details_heading</b><br>Test class: test.CreateCustomerTest<br>Test method: to check basic details heading is display on not</td>
<td></td>
<td>5</td>
<td>test.CreateCustomerTest@23e84203</td></tr>
<tr>
<td title='test.CreateCustomerTest.verify_Elemnts_OnPage_Test()'><b>verify_Elemnts_OnPage_Test</b><br>Test class: test.CreateCustomerTest<br>Test method: user should ber able to select value from catalog dropdown</td>
<td></td>
<td>13</td>
<td>test.CreateCustomerTest@23e84203</td></tr>
<tr>
<td title='test.CreateCustomerTest.click_catalog_dropdown()'><b>click_catalog_dropdown</b><br>Test class: test.CreateCustomerTest<br>Test method: user should ber able to click on catalog dropdown</td>
<td></td>
<td>1</td>
<td>test.CreateCustomerTest@23e84203</td></tr>
<tr>
<td title='test.CreateCustomerTest.Emailandphoneerrortest()'><b>Emailandphoneerrortest</b><br>Test class: test.CreateCustomerTest<br>Test method: verify email and phone error message</td>
<td></td>
<td>16</td>
<td>test.CreateCustomerTest@23e84203</td></tr>
<tr>
<td title='test.CreateCustomerTest.verify_basic_details_spelling()'><b>verify_basic_details_spelling</b><br>Test class: test.CreateCustomerTest<br>Test method: To check Basic Details spelling is correct or not</td>
<td></td>
<td>0</td>
<td>test.CreateCustomerTest@23e84203</td></tr>
<tr>
<td title='test.CreateCustomerTest.click_customer_tab()'><b>click_customer_tab</b><br>Test class: test.CreateCustomerTest<br>Test method: user should be able to click on customers tab</td>
<td></td>
<td>17</td>
<td>test.CreateCustomerTest@23e84203</td></tr>
<tr>
<td title='test.CreateCustomerTest.click_addcontactc()'><b>click_addcontactc</b><br>Test class: test.CreateCustomerTest<br>Test method: user should ber able to click on add contact button </td>
<td></td>
<td>1</td>
<td>test.CreateCustomerTest@23e84203</td></tr>
<tr>
<td title='test.CreateCustomerTest.create_customer_button_enabled()'><b>create_customer_button_enabled</b><br>Test class: test.CreateCustomerTest<br>Test method: Create customer button should be clickable</td>
<td></td>
<td>0</td>
<td>test.CreateCustomerTest@23e84203</td></tr>
<tr>
<td title='test.CreateCustomerTest.create_customer_button_click()'><b>create_customer_button_click</b><br>Test class: test.CreateCustomerTest<br>Test method: to check create button is clicked</td>
<td></td>
<td>15</td>
<td>test.CreateCustomerTest@23e84203</td></tr>
<tr>
<td title='test.CreateCustomerTest.create_customer_button_display()'><b>create_customer_button_display</b><br>Test class: test.CreateCustomerTest<br>Test method: Create customer button should be display</td>
<td></td>
<td>3</td>
<<<<<<< HEAD
<td>test.Test002_Create_Order@18920cc</td></tr>
<tr>
<td title='test.Test003_Convert_Quote_To_Order.verifyCartTotalOnOrderPageTest()'><b>verifyCartTotalOnOrderPageTest</b><br>Test class: test.Test003_Convert_Quote_To_Order<br>Test method: Verify total amount on order page</td>
<td></td>
<td>4</td>
<td>test.Test003_Convert_Quote_To_Order@2807bdeb</td></tr>
<tr>
<td title='test.Test003_Convert_Quote_To_Order.copyOrderIdTest()'><b>copyOrderIdTest</b><br>Test class: test.Test003_Convert_Quote_To_Order<br>Test method: Copy Id</td>
<td></td>
<td>13</td>
<td>test.Test003_Convert_Quote_To_Order@2807bdeb</td></tr>
<tr>
<td title='test.Test009_Product_Page_With_All_Cases.verifyProductsCountTest()'><b>verifyProductsCountTest</b><br>Test class: test.Test009_Product_Page_With_All_Cases<br>Test method: check product count display</td>
<td></td>
<td>4</td>
<td>test.Test009_Product_Page_With_All_Cases@24d09c1</td></tr>
<tr>
<td title='test.Test009_Product_Page_With_All_Cases.productButtonTest()'><b>productButtonTest</b><br>Test class: test.Test009_Product_Page_With_All_Cases<br>Test method: Click on product button</td>
<td></td>
<td>13</td>
<td>test.Test009_Product_Page_With_All_Cases@24d09c1</td></tr>
<tr>
<td title='test.Test001_Login_Logout.headingTest()'><b>headingTest</b><br>Test class: test.Test001_Login_Logout<br>Test method: Validating Page Heading</td>
<td></td>
<td>0</td>
<td>test.Test001_Login_Logout@663411de</td></tr>
<tr>
<td title='test.Test005_Edit_Quote_02.clickReSubmitQuoteButtonTest()'><b>clickReSubmitQuoteButtonTest</b><br>Test class: test.Test005_Edit_Quote_02<br>Test method: Click on re-submit quote button</td>
<td></td>
<td>7</td>
<td>test.Test005_Edit_Quote_02@6492fab5</td></tr>
<tr>
<td title='test.Test008_Container.toggleSwitchCheckTest3()'><b>toggleSwitchCheckTest3</b><br>Test class: test.Test008_Container<br>Test method: Checking after updating quote, container box not visible on cart page</td>
<td></td>
<td>3</td>
<td>test.Test008_Container@5f6722d3</td></tr>
<tr>
<td title='test.Test007_Buyer_Switching.clickCustomerSearchTextbox2ndTimeTest()'><b>clickCustomerSearchTextbox2ndTimeTest</b><br>Test class: test.Test007_Buyer_Switching<br>Test method: Searching customer again for assign cart</td>
<td></td>
<td>10</td>
<td>test.Test007_Buyer_Switching@39a8312f</td></tr>
<tr>
<td title='test.Test008_Container.clickChooseCustomerTest()'><b>clickChooseCustomerTest</b><br>Test class: test.Test008_Container<br>Test method: clicking on Choose customer button</td>
<td></td>
<td>5</td>
<td>test.Test008_Container@5f6722d3</td></tr>
<tr>
<td title='test.Test003_Convert_Quote_To_Order.clickTearSheetIconTest()'><b>clickTearSheetIconTest</b><br>Test class: test.Test003_Convert_Quote_To_Order<br>Test method: Click on tear sheet icon</td>
<td></td>
<td>4</td>
<td>test.Test003_Convert_Quote_To_Order@2807bdeb</td></tr>
<tr>
<td title='test.Test004_Edit_Quote_01.clickTaxApplyButtonTest()'><b>clickTaxApplyButtonTest</b><br>Test class: test.Test004_Edit_Quote_01<br>Test method: Click on apply button</td>
<td></td>
<td>6</td>
<td>test.Test004_Edit_Quote_01@72c28d64</td></tr>
<tr>
<td title='test.Test004_Edit_Quote_01.verifyAmountAfterTaxTest()'><b>verifyAmountAfterTaxTest</b><br>Test class: test.Test004_Edit_Quote_01<br>Test method: Amount verification</td>
<td></td>
<td>0</td>
<td>test.Test004_Edit_Quote_01@72c28d64</td></tr>
<tr>
<td title='test.Test002_Create_Order.clickChooseCustomerTest()'><b>clickChooseCustomerTest</b><br>Test class: test.Test002_Create_Order<br>Test method: clicking on Choose customer button</td>
<td></td>
<td>8</td>
<td>test.Test002_Create_Order@18920cc</td></tr>
<tr>
<td title='test.Test008_Container.defaultCFTTest()'><b>defaultCFTTest</b><br>Test class: test.Test008_Container<br>Test method: Checking that by default CFT is displaying and in bottom totalCFT value is showing</td>
<td></td>
<td>0</td>
<td>test.Test008_Container@5f6722d3</td></tr>
<tr>
<td title='test.Test003_Convert_Quote_To_Order.getMailIdOnOrderPageTest()'><b>getMailIdOnOrderPageTest</b><br>Test class: test.Test003_Convert_Quote_To_Order<br>Test method: Verify mailId details</td>
<td></td>
<td>3</td>
<td>test.Test003_Convert_Quote_To_Order@2807bdeb</td></tr>
<tr>
<td title='test.Test008_Container.clickAddProductsButtonTest()'><b>clickAddProductsButtonTest</b><br>Test class: test.Test008_Container<br>Test method: Click on Add product button</td>
<td></td>
<td>8</td>
<td>test.Test008_Container@5f6722d3</td></tr>
<tr>
<td title='test.Test006_Draft.selectProduct()'><b>selectProduct</b><br>Test class: test.Test006_Draft<br>Test method: Adding products to cart</td>
<td></td>
<td>17</td>
<td>test.Test006_Draft@2c5529ab</td></tr>
<tr>
<td title='test.Test002_Create_Order.verifyProductOnCartAgainTest()'><b>verifyProductOnCartAgainTest</b><br>Test class: test.Test002_Create_Order<br>Test method: Count total products on cart after coming on cart page again</td>
<td></td>
<td>3</td>
<td>test.Test002_Create_Order@18920cc</td></tr>
<tr>
<td title='test.Test002_Create_Order.clickConfirmButtonTest()'><b>clickConfirmButtonTest</b><br>Test class: test.Test002_Create_Order<br>Test method: Click on confirm button</td>
<td></td>
<td>8</td>
<td>test.Test002_Create_Order@18920cc</td></tr>
<tr>
<td title='test.Test004_Edit_Quote_01.verifyPageAmountTest()'><b>verifyPageAmountTest</b><br>Test class: test.Test004_Edit_Quote_01<br>Test method: Page amount verification</td>
<td></td>
<td>6</td>
<td>test.Test004_Edit_Quote_01@72c28d64</td></tr>
<tr>
<td title='test.Test003_Convert_Quote_To_Order.clickSubmitQuoteTest()'><b>clickSubmitQuoteTest</b><br>Test class: test.Test003_Convert_Quote_To_Order<br>Test method: Click on Submit Quote</td>
<td></td>
<td>5</td>
<td>test.Test003_Convert_Quote_To_Order@2807bdeb</td></tr>
<tr>
<td title='test.Test004_Edit_Quote_01.clickSubmitOrderButtonTest()'><b>clickSubmitOrderButtonTest</b><br>Test class: test.Test004_Edit_Quote_01<br>Test method: Click on submit order</td>
<td></td>
<td>5</td>
<td>test.Test004_Edit_Quote_01@72c28d64</td></tr>
<tr>
<td title='test.Test002_Create_Order.verifyingAmountTest()'><b>verifyingAmountTest</b><br>Test class: test.Test002_Create_Order<br>Test method: Amount verification</td>
<td></td>
<td>4</td>
<td>test.Test002_Create_Order@18920cc</td></tr>
<tr>
<td title='test.Test006_Draft.clickDarftTest()'><b>clickDarftTest</b><br>Test class: test.Test006_Draft<br>Test method: Click on Drafts button</td>
<td></td>
<td>3</td>
<td>test.Test006_Draft@2c5529ab</td></tr>
<tr>
<td title='test.Test001_Login_Logout.logoutTest()'><b>logoutTest</b><br>Test class: test.Test001_Login_Logout<br>Test method: Logout</td>
<td></td>
<td>4</td>
<td>test.Test001_Login_Logout@663411de</td></tr>
<tr>
<td title='test.Test008_Container.toggleSwitchCheckTest2()'><b>toggleSwitchCheckTest2</b><br>Test class: test.Test008_Container<br>Test method: Checking again container box not visible on cart page</td>
<td></td>
<td>3</td>
<td>test.Test008_Container@5f6722d3</td></tr>
<tr>
<td title='test.Test003_Convert_Quote_To_Order.threeDotsDropdownOrderPageTest()'><b>threeDotsDropdownOrderPageTest</b><br>Test class: test.Test003_Convert_Quote_To_Order<br>Test method: Click on cancel order on dropdown</td>
<td></td>
<td>4</td>
<td>test.Test003_Convert_Quote_To_Order@2807bdeb</td></tr>
<tr>
<td title='test.Test004_Edit_Quote_01.enterShippingChargeTest()'><b>enterShippingChargeTest</b><br>Test class: test.Test004_Edit_Quote_01<br>Test method: Enter the shipping value</td>
<td></td>
<td>3</td>
<td>test.Test004_Edit_Quote_01@72c28d64</td></tr>
<tr>
<td title='test.Test007_Buyer_Switching.selectProduct()'><b>selectProduct</b><br>Test class: test.Test007_Buyer_Switching<br>Test method: Adding products to cart</td>
<td></td>
<td>17</td>
<td>test.Test007_Buyer_Switching@39a8312f</td></tr>
<tr>
<td title='test.Test004_Edit_Quote_01.handlingCheckbox2Test()'><b>handlingCheckbox2Test</b><br>Test class: test.Test004_Edit_Quote_01<br>Test method: Handling check box 2</td>
<td></td>
<td>10</td>
<td>test.Test004_Edit_Quote_01@72c28d64</td></tr>
<tr>
<td title='test.Test006_Draft.getTypeStatusTest()'><b>getTypeStatusTest</b><br>Test class: test.Test006_Draft<br>Test method: Get type status</td>
<td></td>
<td>3</td>
<td>test.Test006_Draft@2c5529ab</td></tr>
<tr>
<td title='test.Test004_Edit_Quote_01.clickAddDiscountButtonTest()'><b>clickAddDiscountButtonTest</b><br>Test class: test.Test004_Edit_Quote_01<br>Test method: Click on Add discount button</td>
<td></td>
<td>3</td>
<td>test.Test004_Edit_Quote_01@72c28d64</td></tr>
<tr>
<td title='test.Test003_Convert_Quote_To_Order.getCustomerDetailsOnOrderPageTest()'><b>getCustomerDetailsOnOrderPageTest</b><br>Test class: test.Test003_Convert_Quote_To_Order<br>Test method: Verify customer details</td>
<td></td>
<td>4</td>
<td>test.Test003_Convert_Quote_To_Order@2807bdeb</td></tr>
<tr>
<td title='test.Test004_Edit_Quote_01.clickAddTaxButtonTest()'><b>clickAddTaxButtonTest</b><br>Test class: test.Test004_Edit_Quote_01<br>Test method: Click on Add Tax button</td>
<td></td>
<td>3</td>
<td>test.Test004_Edit_Quote_01@72c28d64</td></tr>
<tr>
<td title='test.Test005_Edit_Quote_02.clickConvertToOrderTest()'><b>clickConvertToOrderTest</b><br>Test class: test.Test005_Edit_Quote_02<br>Test method: Click on convert to order</td>
<td></td>
<td>5</td>
<td>test.Test005_Edit_Quote_02@6492fab5</td></tr>
<tr>
<td title='test.Test001_Login_Logout.closeBrowser()'><b>closeBrowser</b><br>Test class: test.Test001_Login_Logout<br>Test method: Closing browser</td>
<td></td>
<td>6</td>
<td>test.Test001_Login_Logout@663411de</td></tr>
<tr>
<td title='test.Test005_Edit_Quote_02.clickSubmitOrderButtonTest()'><b>clickSubmitOrderButtonTest</b><br>Test class: test.Test005_Edit_Quote_02<br>Test method: Click on submit order</td>
<td></td>
<td>5</td>
<td>test.Test005_Edit_Quote_02@6492fab5</td></tr>
<tr>
<td title='test.Test003_Convert_Quote_To_Order.getShippingAddressOnOrderPageTest()'><b>getShippingAddressOnOrderPageTest</b><br>Test class: test.Test003_Convert_Quote_To_Order<br>Test method: Verify shipping address details</td>
<td></td>
<td>4</td>
<td>test.Test003_Convert_Quote_To_Order@2807bdeb</td></tr>
<tr>
<td title='test.Test005_Edit_Quote_02.clickEditQuotebuttonTest()'><b>clickEditQuotebuttonTest</b><br>Test class: test.Test005_Edit_Quote_02<br>Test method: Click on edit quote button</td>
<td></td>
<td>10</td>
<td>test.Test005_Edit_Quote_02@6492fab5</td></tr>
<tr>
<td title='test.Test007_Buyer_Switching.clickCustomerSearchTextbox1stTimeTest()'><b>clickCustomerSearchTextbox1stTimeTest</b><br>Test class: test.Test007_Buyer_Switching<br>Test method: Searching customer</td>
<td></td>
<td>5</td>
<td>test.Test007_Buyer_Switching@39a8312f</td></tr>
<tr>
<td title='test.Test002_Create_Order.addNoteText()'><b>addNoteText</b><br>Test class: test.Test002_Create_Order<br>Test method: verifying note on cart page</td>
<td></td>
<td>0</td>
<td>test.Test002_Create_Order@18920cc</td></tr>
<tr>
<td title='test.Test009_Product_Page_With_All_Cases.verifyCategoryRailProductsTest()'><b>verifyCategoryRailProductsTest</b><br>Test class: test.Test009_Product_Page_With_All_Cases<br>Test method: check category rail products display</td>
<td></td>
<td>4</td>
<td>test.Test009_Product_Page_With_All_Cases@24d09c1</td></tr>
<tr>
<td title='test.Test003_Convert_Quote_To_Order.clickConvertToOrderTest()'><b>clickConvertToOrderTest</b><br>Test class: test.Test003_Convert_Quote_To_Order<br>Test method: Click on convert to order</td>
<td></td>
<td>5</td>
<td>test.Test003_Convert_Quote_To_Order@2807bdeb</td></tr>
<tr>
<td title='test.Test006_Draft.pasteOrderIdTest()'><b>pasteOrderIdTest</b><br>Test class: test.Test006_Draft<br>Test method: Paste Id in reference textbox</td>
<td></td>
<td>10</td>
<td>test.Test006_Draft@2c5529ab</td></tr>
<tr>
<td title='test.Test006_Draft.clickChooseCustomerTest()'><b>clickChooseCustomerTest</b><br>Test class: test.Test006_Draft<br>Test method: clicking on Choose customer button</td>
<td></td>
<td>5</td>
<td>test.Test006_Draft@2c5529ab</td></tr>
<tr>
<td title='test.Test006_Draft.clickmainIdTest()'><b>clickmainIdTest</b><br>Test class: test.Test006_Draft<br>Test method: Click on mainID</td>
<td></td>
<td>5</td>
<td>test.Test006_Draft@2c5529ab</td></tr>
<tr>
<td title='test.Test005_Edit_Quote_02.handlingCheckbox1Test()'><b>handlingCheckbox1Test</b><br>Test class: test.Test005_Edit_Quote_02<br>Test method: Handling check box 1</td>
<td></td>
<td>10</td>
<td>test.Test005_Edit_Quote_02@6492fab5</td></tr>
<tr>
<td title='test.Test003_Convert_Quote_To_Order.productButtonTest()'><b>productButtonTest</b><br>Test class: test.Test003_Convert_Quote_To_Order<br>Test method: Click on product button</td>
<td></td>
<td>13</td>
<td>test.Test003_Convert_Quote_To_Order@2807bdeb</td></tr>
<tr>
<td title='test.Test002_Create_Order.decreasingProductCountTest()'><b>decreasingProductCountTest</b><br>Test class: test.Test002_Create_Order<br>Test method: Decreasing product count</td>
<td></td>
<td>3</td>
<td>test.Test002_Create_Order@18920cc</td></tr>
<tr>
<td title='test.Test005_Edit_Quote_02.clickChooseCustomerTest()'><b>clickChooseCustomerTest</b><br>Test class: test.Test005_Edit_Quote_02<br>Test method: clicking on Choose customer button</td>
<td></td>
<td>5</td>
<td>test.Test005_Edit_Quote_02@6492fab5</td></tr>
<tr>
<td title='test.Test002_Create_Order.clickProceedButtonTest()'><b>clickProceedButtonTest</b><br>Test class: test.Test002_Create_Order<br>Test method: Click on proceed button</td>
<td></td>
<td>5</td>
<td>test.Test002_Create_Order@18920cc</td></tr>
<tr>
<td title='test.Test008_Container.clickEditButtonTest()'><b>clickEditButtonTest</b><br>Test class: test.Test008_Container<br>Test method: Click on edit button</td>
<td></td>
<td>5</td>
<td>test.Test008_Container@5f6722d3</td></tr>
<tr>
<td title='test.Test009_Product_Page_With_All_Cases.verifyCollectionsRailProductsTest()'><b>verifyCollectionsRailProductsTest</b><br>Test class: test.Test009_Product_Page_With_All_Cases<br>Test method: check Collections rail products display</td>
<td></td>
<td>4</td>
<td>test.Test009_Product_Page_With_All_Cases@24d09c1</td></tr>
<tr>
<td title='test.Test007_Buyer_Switching.clickGuestCustomerButton2ndTimeTest()'><b>clickGuestCustomerButton2ndTimeTest</b><br>Test class: test.Test007_Buyer_Switching<br>Test method: Click on Guest Customer button again for assign cart</td>
<td></td>
<td>5</td>
<td>test.Test007_Buyer_Switching@39a8312f</td></tr>
<tr>
<td title='test.Test004_Edit_Quote_01.clickReSubmitQuoteButtonTest()'><b>clickReSubmitQuoteButtonTest</b><br>Test class: test.Test004_Edit_Quote_01<br>Test method: Click on re-submit quote button</td>
<td></td>
<td>7</td>
<td>test.Test004_Edit_Quote_01@72c28d64</td></tr>
<tr>
<td title='test.Test007_Buyer_Switching.clickCartButton2ndTime()'><b>clickCartButton2ndTime</b><br>Test class: test.Test007_Buyer_Switching<br>Test method: Moving towards Cart page again</td>
<td></td>
<td>10</td>
<td>test.Test007_Buyer_Switching@39a8312f</td></tr>
<tr>
<td title='test.Test002_Create_Order.clickSubmitButtonTest()'><b>clickSubmitButtonTest</b><br>Test class: test.Test002_Create_Order<br>Test method: Click on submit button</td>
<td></td>
<td>8</td>
<td>test.Test002_Create_Order@18920cc</td></tr>
<tr>
<td title='test.Test007_Buyer_Switching.clickGuestCustomerButton1sttimeTest()'><b>clickGuestCustomerButton1sttimeTest</b><br>Test class: test.Test007_Buyer_Switching<br>Test method: Click on Guest Customer button</td>
<td></td>
<td>5</td>
<td>test.Test007_Buyer_Switching@39a8312f</td></tr>
<tr>
<td title='test.Test001_Login_Logout.passwordEyeTest()'><b>passwordEyeTest</b><br>Test class: test.Test001_Login_Logout<br>Test method: Validating Password Eye Button</td>
<td></td>
<td>0</td>
<td>test.Test001_Login_Logout@663411de</td></tr>
<tr>
<td title='test.Test007_Buyer_Switching.verifyProductOnCart1stTimeTest()'><b>verifyProductOnCart1stTimeTest</b><br>Test class: test.Test007_Buyer_Switching<br>Test method: Count total products on cart after buyer switching</td>
<td></td>
<td>3</td>
<td>test.Test007_Buyer_Switching@39a8312f</td></tr>
<tr>
<td title='test.Test007_Buyer_Switching.verifyProductOnCart2ndTime()'><b>verifyProductOnCart2ndTime</b><br>Test class: test.Test007_Buyer_Switching<br>Test method: Count total products on cart after selecting guest customer</td>
<td></td>
<td>3</td>
<td>test.Test007_Buyer_Switching@39a8312f</td></tr>
<tr>
<td title='test.Test003_Convert_Quote_To_Order.handlingCancelQuoteCheckboxTest()'><b>handlingCancelQuoteCheckboxTest</b><br>Test class: test.Test003_Convert_Quote_To_Order<br>Test method: Handling cancel quote check box</td>
<td></td>
<td>10</td>
<td>test.Test003_Convert_Quote_To_Order@2807bdeb</td></tr>
<tr>
<td title='test.Test006_Draft.selectSaveForLater()'><b>selectSaveForLater</b><br>Test class: test.Test006_Draft<br>Test method: Selecting save for later to submit quote</td>
<td></td>
<td>8</td>
<td>test.Test006_Draft@2c5529ab</td></tr>
<tr>
<td title='test.Test002_Create_Order.selectProduct()'><b>selectProduct</b><br>Test class: test.Test002_Create_Order<br>Test method: Adding products to cart</td>
<td></td>
<td>21</td>
<td>test.Test002_Create_Order@18920cc</td></tr>
<tr>
<td title='test.Test006_Draft.clickSubmitQuoteTest()'><b>clickSubmitQuoteTest</b><br>Test class: test.Test006_Draft<br>Test method: Click on Submit Quote</td>
<td></td>
<td>5</td>
<td>test.Test006_Draft@2c5529ab</td></tr>
<tr>
<td title='test.Test008_Container.clickCBMTest()'><b>clickCBMTest</b><br>Test class: test.Test008_Container<br>Test method: Checking that by click on CBM, in bottom totalCBM value is showing</td>
<td></td>
<td>5</td>
<td>test.Test008_Container@5f6722d3</td></tr>
<tr>
<td title='test.Test003_Convert_Quote_To_Order.pasteOrderIdTest()'><b>pasteOrderIdTest</b><br>Test class: test.Test003_Convert_Quote_To_Order<br>Test method: Paste Id in reference textbox</td>
<td></td>
<td>10</td>
<td>test.Test003_Convert_Quote_To_Order@2807bdeb</td></tr>
<tr>
<td title='test.Test002_Create_Order.plusButtonTest()'><b>plusButtonTest</b><br>Test class: test.Test002_Create_Order<br>Test method: Increasing product count by click on plus button</td>
<td></td>
<td>3</td>
<td>test.Test002_Create_Order@18920cc</td></tr>
<tr>
<td title='test.Test003_Convert_Quote_To_Order.verifyTotalAndPendingAmtTest()'><b>verifyTotalAndPendingAmtTest</b><br>Test class: test.Test003_Convert_Quote_To_Order<br>Test method: Verify total and pending amount</td>
<td></td>
<td>4</td>
<td>test.Test003_Convert_Quote_To_Order@2807bdeb</td></tr>
<tr>
<td title='test.Test002_Create_Order.validatingTotalProductOnCartTest()'><b>validatingTotalProductOnCartTest</b><br>Test class: test.Test002_Create_Order<br>Test method: Count total products on cart after deleting</td>
<td></td>
<td>3</td>
<td>test.Test002_Create_Order@18920cc</td></tr>
<tr>
<td title='test.Test008_Container.clickCreateOrderTest()'><b>clickCreateOrderTest</b><br>Test class: test.Test008_Container<br>Test method: clicking on Create quote button on cart page</td>
<td></td>
<td>5</td>
<td>test.Test008_Container@5f6722d3</td></tr>
<tr>
<td title='test.Test003_Convert_Quote_To_Order.verifyShippingDetailsOnQuoteTest()'><b>verifyShippingDetailsOnQuoteTest</b><br>Test class: test.Test003_Convert_Quote_To_Order<br>Test method: Verify shipping address details on quote</td>
<td></td>
<td>4</td>
<td>test.Test003_Convert_Quote_To_Order@2807bdeb</td></tr>
<tr>
<td title='test.Test004_Edit_Quote_01.clickEditQuotebuttonTest()'><b>clickEditQuotebuttonTest</b><br>Test class: test.Test004_Edit_Quote_01<br>Test method: Click on edit quote button</td>
<td></td>
<td>5</td>
<td>test.Test004_Edit_Quote_01@72c28d64</td></tr>
<tr>
<td title='test.Test001_Login_Logout.loginPageTitleTest()'><b>loginPageTitleTest</b><br>Test class: test.Test001_Login_Logout<br>Test method: Validating Login Page Title</td>
<td></td>
<td>0</td>
<td>test.Test001_Login_Logout@663411de</td></tr>
<tr>
<td title='test.Test001_Login_Logout.loginAllCasesTest()'><b>loginAllCasesTest</b><br>Test class: test.Test001_Login_Logout<br>Test method: Login Cases<br>Parameters: xyz@sourcewiz.co, </td>
<td></td>
<td>8</td>
<td>test.Test001_Login_Logout@663411de</td></tr>
<tr>
<td title='test.Test006_Draft.getDarftTypeStatusTest()'><b>getDarftTypeStatusTest</b><br>Test class: test.Test006_Draft<br>Test method: Get type status on drafts</td>
<td></td>
<td>3</td>
<td>test.Test006_Draft@2c5529ab</td></tr>
<tr>
<td title='test.Test006_Draft.customerNameVerificationTest()'><b>customerNameVerificationTest</b><br>Test class: test.Test006_Draft<br>Test method: Get customer name</td>
<td></td>
<td>3</td>
<td>test.Test006_Draft@2c5529ab</td></tr>
<tr>
<td title='test.Test009_Product_Page_With_All_Cases.verifyRepresentativeTest()'><b>verifyRepresentativeTest</b><br>Test class: test.Test009_Product_Page_With_All_Cases<br>Test method: check representative name</td>
<td></td>
<td>4</td>
<td>test.Test009_Product_Page_With_All_Cases@24d09c1</td></tr>
<tr>
<td title='test.Test008_Container.clickCFTAgainAndSelctCFTFromDropdownTest()'><b>clickCFTAgainAndSelctCFTFromDropdownTest</b><br>Test class: test.Test008_Container<br>Test method: Click on CFT again and selecting from CFT dropdown</td>
<td></td>
<td>14</td>
<td>test.Test008_Container@5f6722d3</td></tr>
<tr>
<td title='test.Test004_Edit_Quote_01.clickAddExistingProductsTest()'><b>clickAddExistingProductsTest</b><br>Test class: test.Test004_Edit_Quote_01<br>Test method: Click on add existing products</td>
<td></td>
<td>8</td>
<td>test.Test004_Edit_Quote_01@72c28d64</td></tr>
<tr>
<td title='test.Test002_Create_Order.clickAgainOnThreeDotsButtonTest()'><b>clickAgainOnThreeDotsButtonTest</b><br>Test class: test.Test002_Create_Order<br>Test method: Offer Dicount by click on three dots</td>
<td></td>
<td>8</td>
<td>test.Test002_Create_Order@18920cc</td></tr>
<tr>
<td title='test.Test001_Login_Logout.openBrowser()'><b>openBrowser</b><br>Test class: test.Test001_Login_Logout<br>Test method: Launching browser and open URL</td>
<td></td>
<td>6</td>
<td>test.Test001_Login_Logout@663411de</td></tr>
<tr>
<td title='test.Test002_Create_Order.clickCreateOrderTest()'><b>clickCreateOrderTest</b><br>Test class: test.Test002_Create_Order<br>Test method: clicking on Create Order button on cart page</td>
<td></td>
<td>8</td>
<td>test.Test002_Create_Order@18920cc</td></tr>
<tr>
<td title='test.Test007_Buyer_Switching.clickCustomerSearchTextbox3rdTime()'><b>clickCustomerSearchTextbox3rdTime</b><br>Test class: test.Test007_Buyer_Switching<br>Test method: Searching customer again in which products were added previously</td>
<td></td>
<td>5</td>
<td>test.Test007_Buyer_Switching@39a8312f</td></tr>
<tr>
<td title='test.Test004_Edit_Quote_01.clickChooseCustomerTest()'><b>clickChooseCustomerTest</b><br>Test class: test.Test004_Edit_Quote_01<br>Test method: clicking on Choose customer button</td>
<td></td>
<td>5</td>
<td>test.Test004_Edit_Quote_01@72c28d64</td></tr>
<tr>
<td title='test.Test003_Convert_Quote_To_Order.clickCreateOrder2ButtonTest()'><b>clickCreateOrder2ButtonTest</b><br>Test class: test.Test003_Convert_Quote_To_Order<br>Test method: Click on create quote</td>
<td></td>
<td>8</td>
<td>test.Test003_Convert_Quote_To_Order@2807bdeb</td></tr>
<tr>
<td title='test.Test006_Draft.productButtonTest()'><b>productButtonTest</b><br>Test class: test.Test006_Draft<br>Test method: Click on product button</td>
<td></td>
<td>13</td>
<td>test.Test006_Draft@2c5529ab</td></tr>
<tr>
<td title='test.Test002_Create_Order.clickCustomerSearchTextboxTest()'><b>clickCustomerSearchTextboxTest</b><br>Test class: test.Test002_Create_Order<br>Test method: Searching customer</td>
<td></td>
<td>15</td>
<td>test.Test002_Create_Order@18920cc</td></tr>
<tr>
<td title='test.Test003_Convert_Quote_To_Order.clickPDFTest()'><b>clickPDFTest</b><br>Test class: test.Test003_Convert_Quote_To_Order<br>Test method: Click on PDF for downloading</td>
<td></td>
<td>4</td>
<td>test.Test003_Convert_Quote_To_Order@2807bdeb</td></tr>
<tr>
<td title='test.Test004_Edit_Quote_01.selectmoreProductTest()'><b>selectmoreProductTest</b><br>Test class: test.Test004_Edit_Quote_01<br>Test method: Adding products again to the cart after deleting entire cart</td>
<td></td>
<td>26</td>
<td>test.Test004_Edit_Quote_01@72c28d64</td></tr>
<tr>
<td title='test.Test004_Edit_Quote_01.clickApplyButtonTest()'><b>clickApplyButtonTest</b><br>Test class: test.Test004_Edit_Quote_01<br>Test method: Click on apply button</td>
<td></td>
<td>6</td>
<td>test.Test004_Edit_Quote_01@72c28d64</td></tr>
<tr>
<td title='test.Test004_Edit_Quote_01.productButtonTest()'><b>productButtonTest</b><br>Test class: test.Test004_Edit_Quote_01<br>Test method: Click on product button</td>
<td></td>
<td>13</td>
<td>test.Test004_Edit_Quote_01@72c28d64</td></tr>
<tr>
<td title='test.Test003_Convert_Quote_To_Order.clickCreateOrderTest()'><b>clickCreateOrderTest</b><br>Test class: test.Test003_Convert_Quote_To_Order<br>Test method: clicking on Create quote button on cart page</td>
<td></td>
<td>5</td>
<td>test.Test003_Convert_Quote_To_Order@2807bdeb</td></tr>
<tr>
<td title='test.Test002_Create_Order.saveButtonTest()'><b>saveButtonTest</b><br>Test class: test.Test002_Create_Order<br>Test method: click on save button</td>
<td></td>
<td>4</td>
<td>test.Test002_Create_Order@18920cc</td></tr>
<tr>
<td title='test.Test002_Create_Order.offeringDiscountTest()'><b>offeringDiscountTest</b><br>Test class: test.Test002_Create_Order<br>Test method: Adding discount in the textbox</td>
<td></td>
<td>3</td>
<td>test.Test002_Create_Order@18920cc</td></tr>
<tr>
<td title='test.Test004_Edit_Quote_01.clickApplyAdditionalChargeButtonTest()'><b>clickApplyAdditionalChargeButtonTest</b><br>Test class: test.Test004_Edit_Quote_01<br>Test method: Click on apply button</td>
<td></td>
<td>10</td>
<td>test.Test004_Edit_Quote_01@72c28d64</td></tr>
<tr>
<td title='test.Test004_Edit_Quote_01.selectCart()'><b>selectCart</b><br>Test class: test.Test004_Edit_Quote_01<br>Test method: Moving towards Cart page</td>
<td></td>
<td>3</td>
<td>test.Test004_Edit_Quote_01@72c28d64</td></tr>
<tr>
<td title='test.Test001_Login_Logout.loginAllCasesTest()'><b>loginAllCasesTest</b><br>Test class: test.Test001_Login_Logout<br>Test method: Login Cases<br>Parameters: xyz@sourcewiz.co, lui</td>
<td></td>
<td>8</td>
<td>test.Test001_Login_Logout@663411de</td></tr>
<tr>
<td title='test.Test004_Edit_Quote_01.clickProceedButtonTest()'><b>clickProceedButtonTest</b><br>Test class: test.Test004_Edit_Quote_01<br>Test method: Click on proceed button</td>
<td></td>
<td>5</td>
<td>test.Test004_Edit_Quote_01@72c28d64</td></tr>
<tr>
<td title='test.Test007_Buyer_Switching.clickCustomer4ForReplaceTest()'><b>clickCustomer4ForReplaceTest</b><br>Test class: test.Test007_Buyer_Switching<br>Test method: Count total products on cart after buyer switching after selecting replace from popup</td>
<td></td>
<td>3</td>
<td>test.Test007_Buyer_Switching@39a8312f</td></tr>
<tr>
<td title='test.Test007_Buyer_Switching.clickCustomer2AgainForkeepExistingTest()'><b>clickCustomer2AgainForkeepExistingTest</b><br>Test class: test.Test007_Buyer_Switching<br>Test method: Select customer and selecting keep existing from popup as product existed in the customer cart</td>
<td></td>
<td>10</td>
<td>test.Test007_Buyer_Switching@39a8312f</td></tr>
<tr>
<td title='test.Test001_Login_Logout.logoTest()'><b>logoTest</b><br>Test class: test.Test001_Login_Logout<br>Test method: Validating Page Logo</td>
<td></td>
<td>0</td>
<td>test.Test001_Login_Logout@663411de</td></tr>
<tr>
<td title='test.Test007_Buyer_Switching.selectProduct2ndTimeTest()'><b>selectProduct2ndTimeTest</b><br>Test class: test.Test007_Buyer_Switching<br>Test method: Adding products to cart again</td>
<td></td>
<td>17</td>
<td>test.Test007_Buyer_Switching@39a8312f</td></tr>
<tr>
<td title='test.Test008_Container.clickUpdateQuoteButtonTest()'><b>clickUpdateQuoteButtonTest</b><br>Test class: test.Test008_Container<br>Test method: Click on update quote button</td>
<td></td>
<td>8</td>
<td>test.Test008_Container@5f6722d3</td></tr>
<tr>
<td title='test.Test004_Edit_Quote_01.verifyAmountAfterDiscountTest()'><b>verifyAmountAfterDiscountTest</b><br>Test class: test.Test004_Edit_Quote_01<br>Test method: Amount verification</td>
<td></td>
<td>5</td>
<td>test.Test004_Edit_Quote_01@72c28d64</td></tr>
<tr>
<td title='test.Test007_Buyer_Switching.clickCustomerSearchTextbox4theTime()'><b>clickCustomerSearchTextbox4theTime</b><br>Test class: test.Test007_Buyer_Switching<br>Test method: Select customer and selecting replace from popup as product existed in the customer cart</td>
<td></td>
<td>10</td>
<td>test.Test007_Buyer_Switching@39a8312f</td></tr>
<tr>
<td title='test.Test003_Convert_Quote_To_Order.clickExcelSheet()'><b>clickExcelSheet</b><br>Test class: test.Test003_Convert_Quote_To_Order<br>Test method: Click on Excel Sheet for downloading</td>
<td></td>
<td>4</td>
<td>test.Test003_Convert_Quote_To_Order@2807bdeb</td></tr>
<tr>
<td title='test.Test003_Convert_Quote_To_Order.clickThreeDotsOnOrderPageTest()'><b>clickThreeDotsOnOrderPageTest</b><br>Test class: test.Test003_Convert_Quote_To_Order<br>Test method: Click on three dots button on order page</td>
<td></td>
<td>5</td>
<td>test.Test003_Convert_Quote_To_Order@2807bdeb</td></tr>
<tr>
<td title='test.Test008_Container.customerSearchTest()'><b>customerSearchTest</b><br>Test class: test.Test008_Container<br>Test method: Searching customer</td>
<td></td>
<td>15</td>
<td>test.Test008_Container@5f6722d3</td></tr>
<tr>
<td title='test.Test009_Product_Page_With_All_Cases.verifyCartIconTest()'><b>verifyCartIconTest</b><br>Test class: test.Test009_Product_Page_With_All_Cases<br>Test method: check cart icon display</td>
<td></td>
<td>4</td>
<td>test.Test009_Product_Page_With_All_Cases@24d09c1</td></tr>
<tr>
<td title='test.Test005_Edit_Quote_02.clickAddProductsButtonTest()'><b>clickAddProductsButtonTest</b><br>Test class: test.Test005_Edit_Quote_02<br>Test method: Click on Add product button</td>
<td></td>
<td>8</td>
<td>test.Test005_Edit_Quote_02@6492fab5</td></tr>
<tr>
<td title='test.Test003_Convert_Quote_To_Order.verifyProductInfoTest()'><b>verifyProductInfoTest</b><br>Test class: test.Test003_Convert_Quote_To_Order<br>Test method: Verify product info on order page</td>
<td></td>
<td>4</td>
<td>test.Test003_Convert_Quote_To_Order@2807bdeb</td></tr>
<tr>
<td title='test.Test003_Convert_Quote_To_Order.clickSubmitOrderButtonTest()'><b>clickSubmitOrderButtonTest</b><br>Test class: test.Test003_Convert_Quote_To_Order<br>Test method: Click on submit order</td>
<td></td>
<td>5</td>
<td>test.Test003_Convert_Quote_To_Order@2807bdeb</td></tr>
<tr>
<td title='test.Test004_Edit_Quote_01.selectProduct()'><b>selectProduct</b><br>Test class: test.Test004_Edit_Quote_01<br>Test method: Adding products to cart</td>
<td></td>
<td>16</td>
<td>test.Test004_Edit_Quote_01@72c28d64</td></tr>
<tr>
<td title='test.Test004_Edit_Quote_01.clickSubmitQuoteTest()'><b>clickSubmitQuoteTest</b><br>Test class: test.Test004_Edit_Quote_01<br>Test method: Click on submit quote button</td>
<td></td>
<td>5</td>
<td>test.Test004_Edit_Quote_01@72c28d64</td></tr>
=======
<td>test.CreateCustomerTest@23e84203</td></tr>
>>>>>>> branch 'master' of https://github.com/Sourcewiz/automation-testing
<tr>
<td title='test.CreateCustomerTest.loginPageTitleTest()'><b>loginPageTitleTest</b><br>Test class: test.CreateCustomerTest<br>Test method: Verify that title should be the same as wizcommerce</td>
<td></td>
<<<<<<< HEAD
<td>6</td>
<td>test.Test002_Create_Order@18920cc</td></tr>
<tr>
<td title='test.Test008_Container.clickProceedButtonTest()'><b>clickProceedButtonTest</b><br>Test class: test.Test008_Container<br>Test method: Click on proceed button</td>
<td></td>
<td>5</td>
<td>test.Test008_Container@5f6722d3</td></tr>
<tr>
<td title='test.Test002_Create_Order.deleteProductByThreedotButtonTest()'><b>deleteProductByThreedotButtonTest</b><br>Test class: test.Test002_Create_Order<br>Test method: Delete product by click on three dots and selecting delete item</td>
<td></td>
<td>8</td>
<td>test.Test002_Create_Order@18920cc</td></tr>
<tr>
<td title='test.Test009_Product_Page_With_All_Cases.verifyCategoryViewAllButtonTest()'><b>verifyCategoryViewAllButtonTest</b><br>Test class: test.Test009_Product_Page_With_All_Cases<br>Test method: check category view all button display</td>
<td></td>
<td>24</td>
<td>test.Test009_Product_Page_With_All_Cases@24d09c1</td></tr>
<tr>
<td title='test.Test003_Convert_Quote_To_Order.selectCart()'><b>selectCart</b><br>Test class: test.Test003_Convert_Quote_To_Order<br>Test method: Moving towards Cart page</td>
<td></td>
<td>3</td>
<td>test.Test003_Convert_Quote_To_Order@2807bdeb</td></tr>
<tr>
<td title='test.Test004_Edit_Quote_01.clickAddShippingChargeButtonTest()'><b>clickAddShippingChargeButtonTest</b><br>Test class: test.Test004_Edit_Quote_01<br>Test method: Click on Add Shipping charge button</td>
<td></td>
<td>3</td>
<td>test.Test004_Edit_Quote_01@72c28d64</td></tr>
<tr>
<td title='test.Test005_Edit_Quote_02.clickCreateOrderTest()'><b>clickCreateOrderTest</b><br>Test class: test.Test005_Edit_Quote_02<br>Test method: clicking on Create quote button on cart page</td>
<td></td>
<td>5</td>
<td>test.Test005_Edit_Quote_02@6492fab5</td></tr>
<tr>
<td title='test.Test007_Buyer_Switching.verifyProductOnCart3rdTimeTest()'><b>verifyProductOnCart3rdTimeTest</b><br>Test class: test.Test007_Buyer_Switching<br>Test method: Count total products on cart after buyer switching after selecting keep existing from popup</td>
<td></td>
<td>3</td>
<td>test.Test007_Buyer_Switching@39a8312f</td></tr>
<tr>
<td title='test.Test005_Edit_Quote_02.customerSearchTest()'><b>customerSearchTest</b><br>Test class: test.Test005_Edit_Quote_02<br>Test method: Searching customer</td>
<td></td>
<td>15</td>
<td>test.Test005_Edit_Quote_02@6492fab5</td></tr>
<tr>
<td title='test.Test003_Convert_Quote_To_Order.getTypeStatusTest()'><b>getTypeStatusTest</b><br>Test class: test.Test003_Convert_Quote_To_Order<br>Test method: Get type status</td>
<td></td>
<td>3</td>
<td>test.Test003_Convert_Quote_To_Order@2807bdeb</td></tr>
<tr>
<td title='test.Test009_Product_Page_With_All_Cases.verifyBellIconTest()'><b>verifyBellIconTest</b><br>Test class: test.Test009_Product_Page_With_All_Cases<br>Test method: check Bell icon display</td>
<td></td>
<td>12</td>
<td>test.Test009_Product_Page_With_All_Cases@24d09c1</td></tr>
<tr>
<td title='test.Test001_Login_Logout.bookaDemoTest()'><b>bookaDemoTest</b><br>Test class: test.Test001_Login_Logout<br>Test method: Validating Book a Demo Button</td>
<td></td>
<td>0</td>
<td>test.Test001_Login_Logout@663411de</td></tr>
<tr>
<td title='test.Test006_Draft.copyOrderIdTest()'><b>copyOrderIdTest</b><br>Test class: test.Test006_Draft<br>Test method: Copy Id</td>
<td></td>
<td>18</td>
<td>test.Test006_Draft@2c5529ab</td></tr>
<tr>
<td title='test.Test003_Convert_Quote_To_Order.handlingCheckbox1Test()'><b>handlingCheckbox1Test</b><br>Test class: test.Test003_Convert_Quote_To_Order<br>Test method: Handling check box 1</td>
<td></td>
<td>10</td>
<td>test.Test003_Convert_Quote_To_Order@2807bdeb</td></tr>
<tr>
<td title='test.Test001_Login_Logout.loginAllCasesTest()'><b>loginAllCasesTest</b><br>Test class: test.Test001_Login_Logout<br>Test method: Login Cases<br>Parameters: qateam@wizcommerce.com, admin</td>
<td></td>
<td>8</td>
<td>test.Test001_Login_Logout@663411de</td></tr>
<tr>
<td title='test.Test008_Container.containerBoxVisibilityTest()'><b>containerBoxVisibilityTest</b><br>Test class: test.Test008_Container<br>Test method: Checking container box visible on cart page</td>
<td></td>
<td>3</td>
<td>test.Test008_Container@5f6722d3</td></tr>
<tr>
<td title='test.Test008_Container.toggleSwitchCheckTest()'><b>toggleSwitchCheckTest</b><br>Test class: test.Test008_Container<br>Test method: Checking container box not visible on cart page</td>
<td></td>
<td>3</td>
<td>test.Test008_Container@5f6722d3</td></tr>
<tr>
<td title='test.Test001_Login_Logout.loginAllCasesTest()'><b>loginAllCasesTest</b><br>Test class: test.Test001_Login_Logout<br>Test method: Login Cases<br>Parameters: , admin123</td>
<td></td>
<td>8</td>
<td>test.Test001_Login_Logout@663411de</td></tr>
<tr>
<td title='test.Test003_Convert_Quote_To_Order.handlingCancelOrderCheckboxTest()'><b>handlingCancelOrderCheckboxTest</b><br>Test class: test.Test003_Convert_Quote_To_Order<br>Test method: Handling cancel order check box</td>
<td></td>
<td>10</td>
<td>test.Test003_Convert_Quote_To_Order@2807bdeb</td></tr>
<tr>
<td title='test.Test003_Convert_Quote_To_Order.clickThreeDotsTest()'><b>clickThreeDotsTest</b><br>Test class: test.Test003_Convert_Quote_To_Order<br>Test method: Click on three dots button</td>
<td></td>
<td>4</td>
<td>test.Test003_Convert_Quote_To_Order@2807bdeb</td></tr>
<tr>
<td title='test.Test008_Container.selectProduct()'><b>selectProduct</b><br>Test class: test.Test008_Container<br>Test method: Adding products to cart</td>
<td></td>
<td>16</td>
<td>test.Test008_Container@5f6722d3</td></tr>
<tr>
<td title='test.Test006_Draft.selectCart()'><b>selectCart</b><br>Test class: test.Test006_Draft<br>Test method: Moving towards Cart page</td>
<td></td>
<td>3</td>
<td>test.Test006_Draft@2c5529ab</td></tr>
<tr>
<td title='test.Test008_Container.clickCreateOrder2ButtonTest()'><b>clickCreateOrder2ButtonTest</b><br>Test class: test.Test008_Container<br>Test method: Click on create quote</td>
<td></td>
<td>8</td>
<td>test.Test008_Container@5f6722d3</td></tr>
<tr>
<td title='test.Test007_Buyer_Switching.clickGuestCustomerButton4thTime()'><b>clickGuestCustomerButton4thTime</b><br>Test class: test.Test007_Buyer_Switching<br>Test method: Click on Guest Customer button again to check product added prior</td>
<td></td>
<td>5</td>
<td>test.Test007_Buyer_Switching@39a8312f</td></tr>
<tr>
<td title='test.Test005_Edit_Quote_02.selectProduct()'><b>selectProduct</b><br>Test class: test.Test005_Edit_Quote_02<br>Test method: Adding products to cart</td>
<td></td>
<td>16</td>
<td>test.Test005_Edit_Quote_02@6492fab5</td></tr>
<tr>
<td title='test.Test006_Draft.getDarftStatusTest()'><b>getDarftStatusTest</b><br>Test class: test.Test006_Draft<br>Test method: Get status</td>
<td></td>
<td>3</td>
<td>test.Test006_Draft@2c5529ab</td></tr>
<tr>
<td title='test.Test004_Edit_Quote_01.selectCartAgainTest()'><b>selectCartAgainTest</b><br>Test class: test.Test004_Edit_Quote_01<br>Test method: Moving again towards Cart page</td>
<td></td>
<td>3</td>
<td>test.Test004_Edit_Quote_01@72c28d64</td></tr>
<tr>
<td title='test.Test002_Create_Order.increasingProductCountTest()'><b>increasingProductCountTest</b><br>Test class: test.Test002_Create_Order<br>Test method: Increasing product count</td>
<td></td>
<td>3</td>
<td>test.Test002_Create_Order@18920cc</td></tr>
<tr>
<td title='test.Test004_Edit_Quote_01.clickCreateOrderTest()'><b>clickCreateOrderTest</b><br>Test class: test.Test004_Edit_Quote_01<br>Test method: clicking on Create quote button on cart page</td>
<td></td>
<td>5</td>
<td>test.Test004_Edit_Quote_01@72c28d64</td></tr>
<tr>
<td title='test.Test002_Create_Order.verifyDeleteTest()'><b>verifyDeleteTest</b><br>Test class: test.Test002_Create_Order<br>Test method: Delete product by clicking on delete button</td>
<td></td>
<td>3</td>
<td>test.Test002_Create_Order@18920cc</td></tr>
<tr>
<td title='test.Test004_Edit_Quote_01.handlingDiscardAllItemsInCartCheckboxTest()'><b>handlingDiscardAllItemsInCartCheckboxTest</b><br>Test class: test.Test004_Edit_Quote_01<br>Test method: Handling checkbox </td>
<td></td>
<td>6</td>
<td>test.Test004_Edit_Quote_01@72c28d64</td></tr>
<tr>
<td title='test.Test004_Edit_Quote_01.enterAdditionalchargeTest()'><b>enterAdditionalchargeTest</b><br>Test class: test.Test004_Edit_Quote_01<br>Test method: Enter the add charge value</td>
<td></td>
<td>3</td>
<td>test.Test004_Edit_Quote_01@72c28d64</td></tr>
<tr>
<td title='test.Test008_Container.checkContainerOnCartPageAfterSelectingCustomerTest()'><b>checkContainerOnCartPageAfterSelectingCustomerTest</b><br>Test class: test.Test008_Container<br>Test method: Checking toggle switch off after selecting customer</td>
<td></td>
<td>3</td>
<td>test.Test008_Container@5f6722d3</td></tr>
=======
<td>0</td>
<td>test.CreateCustomerTest@23e84203</td></tr>
>>>>>>> branch 'master' of https://github.com/Sourcewiz/automation-testing
</table><p>
</body>
</html>