<?xml version="1.0" encoding="UTF-8"?>
<!-- Generated by org.testng.reporters.JUnitXMLReporter -->
<<<<<<< HEAD
<testsuite ignored="0" hostname="DESKTOP-HGMSAGS" failures="15" tests="239" name="Test" time="1895.974" errors="0" timestamp="2024-06-17T18:25:46 IST">
  <testcase classname="test.Test001_Login_Logout" name="openBrowser" time="6.481"/>
  <testcase classname="test.Test001_Login_Logout" name="loginPageTitleTest" time="0.032"/>
  <testcase classname="test.Test001_Login_Logout" name="logoTest" time="0.064"/>
  <testcase classname="test.Test001_Login_Logout" name="headingTest" time="0.033"/>
  <testcase classname="test.Test001_Login_Logout" name="passwordEyeTest" time="0.047"/>
  <testcase classname="test.Test001_Login_Logout" name="forgotPassTest" time="0.035"/>
  <testcase classname="test.Test001_Login_Logout" name="bottomLineTest" time="0.047"/>
  <testcase classname="test.Test001_Login_Logout" name="bookaDemoTest" time="0.045"/>
  <testcase classname="test.Test001_Login_Logout" name="loginAllCasesTest" time="9.154"/>
  <testcase classname="test.Test001_Login_Logout" name="loginAllCasesTest" time="8.841"/>
  <testcase classname="test.Test001_Login_Logout" name="loginAllCasesTest" time="8.676"/>
  <testcase classname="test.Test001_Login_Logout" name="loginAllCasesTest" time="8.807"/>
  <testcase classname="test.Test001_Login_Logout" name="loginAllCasesTest" time="8.774"/>
  <testcase classname="test.Test001_Login_Logout" name="logoutTest" time="4.753"/>
  <testcase classname="test.Test001_Login_Logout" name="closeBrowser" time="6.985"/>
  <testcase classname="test.Test002_Create_Order" name="productButtonTest" time="13.306"/>
  <testcase classname="test.Test002_Create_Order" name="productsVisibleOnCartIconTest" time="18.227"/>
  <testcase classname="test.Test002_Create_Order" name="selectProduct" time="21.201"/>
  <testcase classname="test.Test002_Create_Order" name="selectCart" time="3.223"/>
  <testcase classname="test.Test002_Create_Order" name="plusButtonTest" time="3.179"/>
  <testcase classname="test.Test002_Create_Order" name="increasingProductCountTest" time="3.069"/>
  <testcase classname="test.Test002_Create_Order" name="verifyDeleteTest" time="3.159"/>
  <testcase classname="test.Test002_Create_Order" name="validatingTotalProductOnCartTest" time="3.067"/>
  <testcase classname="test.Test002_Create_Order" name="deleteProductByThreedotButtonTest" time="8.341"/>
  <testcase classname="test.Test002_Create_Order" name="minusButtonTest" time="5.291"/>
  <testcase classname="test.Test002_Create_Order" name="decreasingProductCountTest" time="3.057"/>
  <testcase classname="test.Test002_Create_Order" name="addNoteByThreedotButtonTest" time="8.491"/>
  <testcase classname="test.Test002_Create_Order" name="writeNoteTest" time="3.345"/>
  <testcase classname="test.Test002_Create_Order" name="saveButtonTest" time="4.177"/>
  <testcase classname="test.Test002_Create_Order" name="addNoteText" time="0.039"/>
  <testcase classname="test.Test002_Create_Order" name="clickAgainOnThreeDotsButtonTest" time="8.381"/>
  <testcase classname="test.Test002_Create_Order" name="offeringDiscountTest" time="3.33"/>
  <testcase classname="test.Test002_Create_Order" name="verifyingAmountTest" time="4.122"/>
  <testcase classname="test.Test002_Create_Order" name="clickConfirmButtonTest" time="8.195"/>
  <testcase classname="test.Test002_Create_Order" name="verifyDiscountVisibilityOnProductTest" time="0.055"/>
  <testcase classname="test.Test002_Create_Order" name="clickBackArrowNextToCartTest" time="6.225"/>
  <testcase classname="test.Test002_Create_Order" name="selectCartAgain" time="3.211"/>
  <testcase classname="test.Test002_Create_Order" name="verifyProductOnCartAgainTest" time="3.053"/>
  <testcase classname="test.Test002_Create_Order" name="clickCreateOrderTest" time="8.263"/>
  <testcase classname="test.Test002_Create_Order" name="clickChooseCustomerTest" time="8.189"/>
  <testcase classname="test.Test002_Create_Order" name="clickCustomerSearchTextboxTest" time="15.593"/>
  <testcase classname="test.Test002_Create_Order" name="clickCreateOrder2ButtonTest" time="8.183"/>
  <testcase classname="test.Test002_Create_Order" name="clickProceedButtonTest" time="5.279"/>
  <testcase classname="test.Test002_Create_Order" name="clickSubmitOrderButtonTest" time="5.931"/>
  <testcase classname="test.Test002_Create_Order" name="clickSubmitButtonTest" time="8.181"/>
  <testcase classname="test.Test003_Convert_Quote_To_Order" name="productButtonTest" time="13.365"/>
  <testcase classname="test.Test003_Convert_Quote_To_Order" name="selectProduct" time="16.941"/>
  <testcase classname="test.Test003_Convert_Quote_To_Order" name="selectCart" time="3.223"/>
  <testcase classname="test.Test003_Convert_Quote_To_Order" name="clickCreateOrderTest" time="5.236"/>
  <testcase classname="test.Test003_Convert_Quote_To_Order" name="clickChooseCustomerTest" time="5.261"/>
  <testcase classname="test.Test003_Convert_Quote_To_Order" name="customerSearchTest" time="15.494"/>
  <testcase classname="test.Test003_Convert_Quote_To_Order" name="clickCreateOrder2ButtonTest" time="8.201"/>
  <testcase classname="test.Test003_Convert_Quote_To_Order" name="clickProceedButtonTest" time="5.293"/>
  <testcase classname="test.Test003_Convert_Quote_To_Order" name="verifyCustomerDetailsOnQuoteTest" time="5.199"/>
  <testcase classname="test.Test003_Convert_Quote_To_Order" name="verifyBillingDetailsOnQuoteTest" time="4.134"/>
  <testcase classname="test.Test003_Convert_Quote_To_Order" name="verifyShippingDetailsOnQuoteTest" time="4.132"/>
  <testcase classname="test.Test003_Convert_Quote_To_Order" name="getMailIdOnQuotePageTest" time="3.121"/>
  <testcase classname="test.Test003_Convert_Quote_To_Order" name="clickTearSheetIconTest" time="4.22"/>
  <testcase classname="test.Test003_Convert_Quote_To_Order" name="clickExcelSheet" time="4.24"/>
  <testcase classname="test.Test003_Convert_Quote_To_Order" name="clickTearSheetIconAgainTest" time="4.176"/>
  <testcase classname="test.Test003_Convert_Quote_To_Order" name="clickPDFTest" time="4.264"/>
  <testcase classname="test.Test003_Convert_Quote_To_Order" name="verifyTotalAndPendingAmtTest" time="4.229"/>
  <testcase classname="test.Test003_Convert_Quote_To_Order" name="clickThreeDotsTest" time="4.171"/>
  <testcase classname="test.Test003_Convert_Quote_To_Order" name="threeDotsDropdownTest" time="4.291"/>
  <testcase classname="test.Test003_Convert_Quote_To_Order" name="handlingCancelQuoteCheckboxTest" time="10.218"/>
  <testcase classname="test.Test003_Convert_Quote_To_Order" name="copyOrderIdTest" time="13.468"/>
  <testcase classname="test.Test003_Convert_Quote_To_Order" name="selectSaveForLater" time="8.169"/>
  <testcase classname="test.Test003_Convert_Quote_To_Order" name="pasteOrderIdTest" time="10.271"/>
  <testcase classname="test.Test003_Convert_Quote_To_Order" name="getTypeStatusTest" time="3.085"/>
  <testcase classname="test.Test003_Convert_Quote_To_Order" name="getDarftStatusTest" time="3.12"/>
  <testcase classname="test.Test003_Convert_Quote_To_Order" name="clickmainIdTest" time="5.219"/>
  <testcase classname="test.Test003_Convert_Quote_To_Order" name="clickSubmitQuoteTest" time="5.175"/>
  <testcase classname="test.Test003_Convert_Quote_To_Order" name="clickConvertToOrderTest" time="5.203"/>
  <testcase classname="test.Test003_Convert_Quote_To_Order" name="handlingCheckbox1Test" time="10.233"/>
  <testcase classname="test.Test003_Convert_Quote_To_Order" name="clickSubmitOrderButtonTest" time="5.182"/>
  <testcase classname="test.Test003_Convert_Quote_To_Order" name="handlingCheckbox2Test" time="10.255"/>
  <testcase classname="test.Test003_Convert_Quote_To_Order" name="getCustomerDetailsOnOrderPageTest" time="4.174"/>
  <testcase classname="test.Test003_Convert_Quote_To_Order" name="getBillingAddressOnOrderPageTest" time="4.119"/>
  <testcase classname="test.Test003_Convert_Quote_To_Order" name="getShippingAddressOnOrderPageTest" time="4.134"/>
  <testcase classname="test.Test003_Convert_Quote_To_Order" name="clickThreeDotsOnOrderPageTest" time="5.18"/>
  <testcase classname="test.Test003_Convert_Quote_To_Order" name="threeDotsDropdownOrderPageTest" time="4.525"/>
  <testcase classname="test.Test003_Convert_Quote_To_Order" name="handlingCancelOrderCheckboxTest" time="10.324"/>
  <testcase classname="test.Test003_Convert_Quote_To_Order" name="verifyCartTotalOnOrderPageTest" time="4.082"/>
  <testcase classname="test.Test003_Convert_Quote_To_Order" name="verifyViewLinkedQuoteButtonTest" time="4.058"/>
  <testcase classname="test.Test003_Convert_Quote_To_Order" name="verifyTearSheetIconOrderPageTest" time="4.059"/>
  <testcase classname="test.Test003_Convert_Quote_To_Order" name="verifyProductInfoTest" time="4.055"/>
  <testcase classname="test.Test003_Convert_Quote_To_Order" name="getMailIdOnOrderPageTest" time="3.183"/>
  <testcase classname="test.Test004_Edit_Quote_01" name="productButtonTest" time="13.273"/>
  <testcase classname="test.Test004_Edit_Quote_01" name="selectProduct" time="16.977"/>
  <testcase classname="test.Test004_Edit_Quote_01" name="selectCart" time="3.222"/>
  <testcase classname="test.Test004_Edit_Quote_01" name="clickThreeDotsButtonTest" time="3.216"/>
  <testcase classname="test.Test004_Edit_Quote_01" name="selectDeleteCartTest" time="5.184"/>
  <testcase classname="test.Test004_Edit_Quote_01" name="handlingDiscardAllItemsInCartCheckboxTest" time="6.254"/>
  <testcase classname="test.Test004_Edit_Quote_01" name="clickAddExistingProductsTest" time="8.145"/>
  <testcase classname="test.Test004_Edit_Quote_01" name="selectmoreProductTest" time="26.932"/>
  <testcase classname="test.Test004_Edit_Quote_01" name="selectCartAgainTest" time="3.23"/>
  <testcase classname="test.Test004_Edit_Quote_01" name="clickCreateOrderTest" time="5.193"/>
  <testcase classname="test.Test004_Edit_Quote_01" name="clickChooseCustomerTest" time="5.228"/>
  <testcase classname="test.Test004_Edit_Quote_01" name="customerSearchTest" time="15.541"/>
  <testcase classname="test.Test004_Edit_Quote_01" name="clickCreateOrder2ButtonTest" time="8.126"/>
  <testcase classname="test.Test004_Edit_Quote_01" name="clickProceedButtonTest" time="5.222"/>
  <testcase classname="test.Test004_Edit_Quote_01" name="clickSubmitQuoteTest" time="5.178"/>
  <testcase classname="test.Test004_Edit_Quote_01" name="clickEditQuotebuttonTest" time="5.241"/>
  <testcase classname="test.Test004_Edit_Quote_01" name="clickAddDiscountButtonTest" time="3.15"/>
  <testcase classname="test.Test004_Edit_Quote_01" name="enterDiscountTest" time="3.471"/>
  <testcase classname="test.Test004_Edit_Quote_01" name="verifyAmountAfterDiscountTest" time="5.123"/>
  <testcase classname="test.Test004_Edit_Quote_01" name="clickApplyButtonTest" time="6.184"/>
  <testcase classname="test.Test004_Edit_Quote_01" name="clickAddShippingChargeButtonTest" time="3.101"/>
  <testcase classname="test.Test004_Edit_Quote_01" name="enterShippingChargeTest" time="3.291"/>
  <testcase classname="test.Test004_Edit_Quote_01" name="verifyAmountAfterShipping" time="0.139"/>
  <testcase classname="test.Test004_Edit_Quote_01" name="clickShippingApplyButtonTest" time="6.173"/>
  <testcase classname="test.Test004_Edit_Quote_01" name="clickAddTaxButtonTest" time="3.178"/>
  <testcase classname="test.Test004_Edit_Quote_01" name="enterTaxTest" time="3.287"/>
  <testcase classname="test.Test004_Edit_Quote_01" name="verifyAmountAfterTaxTest" time="0.151"/>
  <testcase classname="test.Test004_Edit_Quote_01" name="clickTaxApplyButtonTest" time="6.173"/>
  <testcase classname="test.Test004_Edit_Quote_01" name="clickAddAdditionalChargeButtonTest" time="3.16"/>
  <testcase classname="test.Test004_Edit_Quote_01" name="enterAdditionalchargeTest" time="3.214"/>
  <testcase classname="test.Test004_Edit_Quote_01" name="verifyAmountAfterAddChargeTest" time="0.208"/>
  <testcase classname="test.Test004_Edit_Quote_01" name="clickApplyAdditionalChargeButtonTest" time="10.17"/>
  <testcase classname="test.Test004_Edit_Quote_01" name="verifyPageAmountTest" time="6.266"/>
  <testcase classname="test.Test004_Edit_Quote_01" name="clickReSubmitQuoteButtonTest" time="7.186"/>
  <testcase classname="test.Test004_Edit_Quote_01" name="clickConvertToOrderTest" time="5.195"/>
  <testcase classname="test.Test004_Edit_Quote_01" name="handlingCheckbox1Test" time="10.291"/>
  <testcase classname="test.Test004_Edit_Quote_01" name="clickSubmitOrderButtonTest" time="5.176"/>
  <testcase classname="test.Test004_Edit_Quote_01" name="handlingCheckbox2Test" time="10.171"/>
  <testcase classname="test.Test005_Edit_Quote_02" name="productButtonTest" time="13.237"/>
  <testcase classname="test.Test005_Edit_Quote_02" name="selectProduct" time="16.881"/>
  <testcase classname="test.Test005_Edit_Quote_02" name="selectCart" time="3.201"/>
  <testcase classname="test.Test005_Edit_Quote_02" name="clickCreateOrderTest" time="5.212"/>
  <testcase classname="test.Test005_Edit_Quote_02" name="clickChooseCustomerTest" time="5.203"/>
  <testcase classname="test.Test005_Edit_Quote_02" name="customerSearchTest" time="15.49"/>
  <testcase classname="test.Test005_Edit_Quote_02" name="clickCreateOrder2ButtonTest" time="8.139"/>
  <testcase classname="test.Test005_Edit_Quote_02" name="clickProceedButtonTest" time="5.223"/>
  <testcase classname="test.Test005_Edit_Quote_02" name="clickSubmitQuoteTest" time="5.284"/>
  <testcase classname="test.Test005_Edit_Quote_02" name="clickEditQuotebuttonTest" time="10.225"/>
  <testcase classname="test.Test005_Edit_Quote_02" name="clickEditButtonTest" time="5.183"/>
  <testcase classname="test.Test005_Edit_Quote_02" name="clickAddProductsButtonTest" time="8.249"/>
  <testcase classname="test.Test005_Edit_Quote_02" name="selectmoreProductTest" time="26.877"/>
  <testcase classname="test.Test005_Edit_Quote_02" name="selectCartAgainTest" time="3.231"/>
  <testcase classname="test.Test005_Edit_Quote_02" name="clickUpdateQuoteButtonTest" time="8.569"/>
  <testcase classname="test.Test005_Edit_Quote_02" name="clickReSubmitQuoteButtonTest" time="7.195"/>
  <testcase classname="test.Test005_Edit_Quote_02" name="clickConvertToOrderTest" time="5.211"/>
  <testcase classname="test.Test005_Edit_Quote_02" name="handlingCheckbox1Test" time="10.195"/>
  <testcase classname="test.Test005_Edit_Quote_02" name="clickSubmitOrderButtonTest" time="5.152"/>
  <testcase classname="test.Test005_Edit_Quote_02" name="handlingCheckbox2Test" time="10.273"/>
  <testcase classname="test.Test006_Draft" name="productButtonTest" time="13.28"/>
  <testcase classname="test.Test006_Draft" name="selectProduct" time="17.467"/>
  <testcase classname="test.Test006_Draft" name="selectCart" time="3.333"/>
  <testcase classname="test.Test006_Draft" name="clickCreateOrderTest" time="5.302"/>
  <testcase classname="test.Test006_Draft" name="clickChooseCustomerTest" time="5.392"/>
  <testcase classname="test.Test006_Draft" name="customerSearchTest" time="15.707"/>
  <testcase classname="test.Test006_Draft" name="clickCreateOrder2ButtonTest" time="8.517"/>
  <testcase classname="test.Test006_Draft" name="clickProceedButtonTest" time="5.394"/>
  <testcase classname="test.Test006_Draft" name="copyOrderIdTest" time="18.389"/>
  <testcase classname="test.Test006_Draft" name="selectSaveForLater" time="8.288"/>
  <testcase classname="test.Test006_Draft" name="pasteOrderIdTest" time="10.646"/>
  <testcase classname="test.Test006_Draft" name="getTypeStatusTest" time="3.109"/>
  <testcase classname="test.Test006_Draft" name="getDarftStatusTest" time="3.105"/>
  <testcase classname="test.Test006_Draft" name="customerNameVerificationTest" time="3.278"/>
  <testcase classname="test.Test006_Draft" name="clickDarftTest" time="3.372"/>
  <testcase classname="test.Test006_Draft" name="pasteOrderIdOnDraftsTest" time="12.245"/>
  <testcase classname="test.Test006_Draft" name="getDarftTypeStatusTest" time="3.132"/>
  <testcase classname="test.Test006_Draft" name="getStatusOnDraftTest" time="3.131"/>
  <testcase classname="test.Test006_Draft" name="customerNameVerificationOnDraftTest" time="0.158">
    <failure type="java.lang.AssertionError" message="Both actual and expected are not same expected [Zenith Technologies] but found [wizcom_Automate]">
      <![CDATA[java.lang.AssertionError: Both actual and expected are not same expected [Zenith Technologies] but found [wizcom_Automate]
at pomPages.POM7_Draft.customerNameVerificationOnDraft(POM7_Draft.java:122)
at test.Test006_Draft.customerNameVerificationOnDraftTest(Test006_Draft.java:203)
at java.base/java.util.ArrayList.forEach(ArrayList.java:1511)
... Removed 36 stack frames]]>
    </failure>
  </testcase> <!-- customerNameVerificationOnDraftTest -->
  <testcase classname="test.Test006_Draft" name="clickmainIdTest" time="5.341"/>
  <testcase classname="test.Test006_Draft" name="clickSubmitQuoteTest" time="5.23"/>
  <testcase classname="test.Test006_Draft" name="clickConvertToOrderTest" time="5.092">
    <failure type="org.openqa.selenium.NoSuchElementException" message="no such element: Unable to locate element: {&amp;quot;method&amp;quot;:&amp;quot;xpath&amp;quot;,&amp;quot;selector&amp;quot;:&amp;quot;//button[starts-with(text(),&amp;quot;Convert to order&amp;quot;)]&amp;quot;}
  (Session info: chrome=125.0.6422.142)
For documentation on this error, please visit: https://www.selenium.dev/documentation/webdriver/troubleshooting/errors#no-such-element-exception
Build info: version: &amp;apos;4.21.0&amp;apos;, revision: &amp;apos;79ed462ef4&amp;apos;
System info: os.name: &amp;apos;Windows 11&amp;apos;, os.arch: &amp;apos;amd64&amp;apos;, os.version: &amp;apos;10.0&amp;apos;, java.version: &amp;apos;17.0.10&amp;apos;
Driver info: org.openqa.selenium.chrome.ChromeDriver
Command: [916dc14577efde84fc01a009dd0a795a, findElement {using=xpath, value=//button[starts-with(text(),&amp;quot;Convert to order&amp;quot;)]}]
Capabilities {acceptInsecureCerts: false, browserName: chrome, browserVersion: 125.0.6422.142, chrome: {chromedriverVersion: 125.0.6422.78 (14db42ec38ad..., userDataDir: C:\Users\DELL\AppData\Local...}, fedcm:accounts: true, goog:chromeOptions: {debuggerAddress: localhost:65132}, networkConnectionEnabled: false, pageLoadStrategy: normal, platformName: windows, proxy: Proxy(), se:cdp: ws://localhost:65132/devtoo..., se:cdpVersion: 125.0.6422.142, setWindowRect: true, strictFileInteractability: false, timeouts: {implicit: 0, pageLoad: 300000, script: 30000}, unhandledPromptBehavior: dismiss and notify, webauthn:extension:credBlob: true, webauthn:extension:largeBlob: true, webauthn:extension:minPinLength: true, webauthn:extension:prf: true, webauthn:virtualAuthenticators: true}
Session ID: 916dc14577efde84fc01a009dd0a795a">
      <![CDATA[org.openqa.selenium.NoSuchElementException: no such element: Unable to locate element: {"method":"xpath","selector":"//button[starts-with(text(),"Convert to order")]"}
  (Session info: chrome=125.0.6422.142)
For documentation on this error, please visit: https://www.selenium.dev/documentation/webdriver/troubleshooting/errors#no-such-element-exception
Build info: version: '4.21.0', revision: '79ed462ef4'
System info: os.name: 'Windows 11', os.arch: 'amd64', os.version: '10.0', java.version: '17.0.10'
Driver info: org.openqa.selenium.chrome.ChromeDriver
Command: [916dc14577efde84fc01a009dd0a795a, findElement {using=xpath, value=//button[starts-with(text(),"Convert to order")]}]
Capabilities {acceptInsecureCerts: false, browserName: chrome, browserVersion: 125.0.6422.142, chrome: {chromedriverVersion: 125.0.6422.78 (14db42ec38ad..., userDataDir: C:\Users\DELL\AppData\Local...}, fedcm:accounts: true, goog:chromeOptions: {debuggerAddress: localhost:65132}, networkConnectionEnabled: false, pageLoadStrategy: normal, platformName: windows, proxy: Proxy(), se:cdp: ws://localhost:65132/devtoo..., se:cdpVersion: 125.0.6422.142, setWindowRect: true, strictFileInteractability: false, timeouts: {implicit: 0, pageLoad: 300000, script: 30000}, unhandledPromptBehavior: dismiss and notify, webauthn:extension:credBlob: true, webauthn:extension:largeBlob: true, webauthn:extension:minPinLength: true, webauthn:extension:prf: true, webauthn:virtualAuthenticators: true}
Session ID: 916dc14577efde84fc01a009dd0a795a
at org.openqa.selenium.remote.ErrorCodec.decode(ErrorCodec.java:167)
at org.openqa.selenium.remote.codec.w3c.W3CHttpResponseCodec.decode(W3CHttpResponseCodec.java:138)
at org.openqa.selenium.remote.codec.w3c.W3CHttpResponseCodec.decode(W3CHttpResponseCodec.java:50)
at org.openqa.selenium.remote.HttpCommandExecutor.execute(HttpCommandExecutor.java:190)
at org.openqa.selenium.remote.service.DriverCommandExecutor.invokeExecute(DriverCommandExecutor.java:216)
at org.openqa.selenium.remote.service.DriverCommandExecutor.execute(DriverCommandExecutor.java:174)
at org.openqa.selenium.remote.RemoteWebDriver.execute(RemoteWebDriver.java:518)
at org.openqa.selenium.remote.ElementLocation$ElementFinder$2.findElement(ElementLocation.java:165)
at org.openqa.selenium.remote.ElementLocation.findElement(ElementLocation.java:59)
at org.openqa.selenium.remote.RemoteWebDriver.findElement(RemoteWebDriver.java:355)
at org.openqa.selenium.remote.RemoteWebDriver.findElement(RemoteWebDriver.java:349)
at org.openqa.selenium.support.pagefactory.DefaultElementLocator.findElement(DefaultElementLocator.java:68)
at org.openqa.selenium.support.pagefactory.internal.LocatingElementHandler.invoke(LocatingElementHandler.java:38)
at jdk.proxy2/jdk.proxy2.$Proxy15.isEnabled(Unknown Source)
at pomPages.POM4_Convert_Quote_To_Order.clickConvertToOrder(POM4_Convert_Quote_To_Order.java:446)
at test.Test006_Draft.clickConvertToOrderTest(Test006_Draft.java:230)
at java.base/java.util.ArrayList.forEach(ArrayList.java:1511)
... Removed 36 stack frames]]>
    </failure>
  </testcase> <!-- clickConvertToOrderTest -->
  <testcase classname="test.Test006_Draft" name="handlingCheckbox1Test" time="5.039">
    <failure type="org.openqa.selenium.NoSuchElementException" message="no such element: Unable to locate element: {&amp;quot;method&amp;quot;:&amp;quot;xpath&amp;quot;,&amp;quot;selector&amp;quot;:&amp;quot;//button[starts-with(text(),&amp;apos;No, Edit quote&amp;apos;)]&amp;quot;}
  (Session info: chrome=125.0.6422.142)
For documentation on this error, please visit: https://www.selenium.dev/documentation/webdriver/troubleshooting/errors#no-such-element-exception
Build info: version: &amp;apos;4.21.0&amp;apos;, revision: &amp;apos;79ed462ef4&amp;apos;
System info: os.name: &amp;apos;Windows 11&amp;apos;, os.arch: &amp;apos;amd64&amp;apos;, os.version: &amp;apos;10.0&amp;apos;, java.version: &amp;apos;17.0.10&amp;apos;
Driver info: org.openqa.selenium.chrome.ChromeDriver
Command: [916dc14577efde84fc01a009dd0a795a, findElement {using=xpath, value=//button[starts-with(text(),&amp;apos;No, Edit quote&amp;apos;)]}]
Capabilities {acceptInsecureCerts: false, browserName: chrome, browserVersion: 125.0.6422.142, chrome: {chromedriverVersion: 125.0.6422.78 (14db42ec38ad..., userDataDir: C:\Users\DELL\AppData\Local...}, fedcm:accounts: true, goog:chromeOptions: {debuggerAddress: localhost:65132}, networkConnectionEnabled: false, pageLoadStrategy: normal, platformName: windows, proxy: Proxy(), se:cdp: ws://localhost:65132/devtoo..., se:cdpVersion: 125.0.6422.142, setWindowRect: true, strictFileInteractability: false, timeouts: {implicit: 0, pageLoad: 300000, script: 30000}, unhandledPromptBehavior: dismiss and notify, webauthn:extension:credBlob: true, webauthn:extension:largeBlob: true, webauthn:extension:minPinLength: true, webauthn:extension:prf: true, webauthn:virtualAuthenticators: true}
Session ID: 916dc14577efde84fc01a009dd0a795a">
      <![CDATA[org.openqa.selenium.NoSuchElementException: no such element: Unable to locate element: {"method":"xpath","selector":"//button[starts-with(text(),'No, Edit quote')]"}
  (Session info: chrome=125.0.6422.142)
For documentation on this error, please visit: https://www.selenium.dev/documentation/webdriver/troubleshooting/errors#no-such-element-exception
Build info: version: '4.21.0', revision: '79ed462ef4'
System info: os.name: 'Windows 11', os.arch: 'amd64', os.version: '10.0', java.version: '17.0.10'
Driver info: org.openqa.selenium.chrome.ChromeDriver
Command: [916dc14577efde84fc01a009dd0a795a, findElement {using=xpath, value=//button[starts-with(text(),'No, Edit quote')]}]
Capabilities {acceptInsecureCerts: false, browserName: chrome, browserVersion: 125.0.6422.142, chrome: {chromedriverVersion: 125.0.6422.78 (14db42ec38ad..., userDataDir: C:\Users\DELL\AppData\Local...}, fedcm:accounts: true, goog:chromeOptions: {debuggerAddress: localhost:65132}, networkConnectionEnabled: false, pageLoadStrategy: normal, platformName: windows, proxy: Proxy(), se:cdp: ws://localhost:65132/devtoo..., se:cdpVersion: 125.0.6422.142, setWindowRect: true, strictFileInteractability: false, timeouts: {implicit: 0, pageLoad: 300000, script: 30000}, unhandledPromptBehavior: dismiss and notify, webauthn:extension:credBlob: true, webauthn:extension:largeBlob: true, webauthn:extension:minPinLength: true, webauthn:extension:prf: true, webauthn:virtualAuthenticators: true}
Session ID: 916dc14577efde84fc01a009dd0a795a
at org.openqa.selenium.remote.ErrorCodec.decode(ErrorCodec.java:167)
at org.openqa.selenium.remote.codec.w3c.W3CHttpResponseCodec.decode(W3CHttpResponseCodec.java:138)
at org.openqa.selenium.remote.codec.w3c.W3CHttpResponseCodec.decode(W3CHttpResponseCodec.java:50)
at org.openqa.selenium.remote.HttpCommandExecutor.execute(HttpCommandExecutor.java:190)
at org.openqa.selenium.remote.service.DriverCommandExecutor.invokeExecute(DriverCommandExecutor.java:216)
at org.openqa.selenium.remote.service.DriverCommandExecutor.execute(DriverCommandExecutor.java:174)
at org.openqa.selenium.remote.RemoteWebDriver.execute(RemoteWebDriver.java:518)
at org.openqa.selenium.remote.ElementLocation$ElementFinder$2.findElement(ElementLocation.java:165)
at org.openqa.selenium.remote.ElementLocation.findElement(ElementLocation.java:59)
at org.openqa.selenium.remote.RemoteWebDriver.findElement(RemoteWebDriver.java:355)
at org.openqa.selenium.remote.RemoteWebDriver.findElement(RemoteWebDriver.java:349)
at org.openqa.selenium.support.pagefactory.DefaultElementLocator.findElement(DefaultElementLocator.java:68)
at org.openqa.selenium.support.pagefactory.internal.LocatingElementHandler.invoke(LocatingElementHandler.java:38)
at jdk.proxy2/jdk.proxy2.$Proxy15.isDisplayed(Unknown Source)
at pomPages.POM4_Convert_Quote_To_Order.handlingCheckbox1(POM4_Convert_Quote_To_Order.java:453)
at test.Test006_Draft.handlingCheckbox1Test(Test006_Draft.java:239)
at java.base/java.util.ArrayList.forEach(ArrayList.java:1511)
... Removed 36 stack frames]]>
    </failure>
  </testcase> <!-- handlingCheckbox1Test -->
  <testcase classname="test.Test006_Draft" name="clickSubmitOrderButtonTest" time="5.078">
    <failure type="org.openqa.selenium.NoSuchElementException" message="no such element: Unable to locate element: {&amp;quot;method&amp;quot;:&amp;quot;xpath&amp;quot;,&amp;quot;selector&amp;quot;:&amp;quot;//button[starts-with(text(),&amp;apos;Submit order&amp;apos;)]&amp;quot;}
  (Session info: chrome=125.0.6422.142)
For documentation on this error, please visit: https://www.selenium.dev/documentation/webdriver/troubleshooting/errors#no-such-element-exception
Build info: version: &amp;apos;4.21.0&amp;apos;, revision: &amp;apos;79ed462ef4&amp;apos;
System info: os.name: &amp;apos;Windows 11&amp;apos;, os.arch: &amp;apos;amd64&amp;apos;, os.version: &amp;apos;10.0&amp;apos;, java.version: &amp;apos;17.0.10&amp;apos;
Driver info: org.openqa.selenium.chrome.ChromeDriver
Command: [916dc14577efde84fc01a009dd0a795a, findElement {using=xpath, value=//button[starts-with(text(),&amp;apos;Submit order&amp;apos;)]}]
Capabilities {acceptInsecureCerts: false, browserName: chrome, browserVersion: 125.0.6422.142, chrome: {chromedriverVersion: 125.0.6422.78 (14db42ec38ad..., userDataDir: C:\Users\DELL\AppData\Local...}, fedcm:accounts: true, goog:chromeOptions: {debuggerAddress: localhost:65132}, networkConnectionEnabled: false, pageLoadStrategy: normal, platformName: windows, proxy: Proxy(), se:cdp: ws://localhost:65132/devtoo..., se:cdpVersion: 125.0.6422.142, setWindowRect: true, strictFileInteractability: false, timeouts: {implicit: 0, pageLoad: 300000, script: 30000}, unhandledPromptBehavior: dismiss and notify, webauthn:extension:credBlob: true, webauthn:extension:largeBlob: true, webauthn:extension:minPinLength: true, webauthn:extension:prf: true, webauthn:virtualAuthenticators: true}
Session ID: 916dc14577efde84fc01a009dd0a795a">
      <![CDATA[org.openqa.selenium.NoSuchElementException: no such element: Unable to locate element: {"method":"xpath","selector":"//button[starts-with(text(),'Submit order')]"}
  (Session info: chrome=125.0.6422.142)
For documentation on this error, please visit: https://www.selenium.dev/documentation/webdriver/troubleshooting/errors#no-such-element-exception
Build info: version: '4.21.0', revision: '79ed462ef4'
System info: os.name: 'Windows 11', os.arch: 'amd64', os.version: '10.0', java.version: '17.0.10'
Driver info: org.openqa.selenium.chrome.ChromeDriver
Command: [916dc14577efde84fc01a009dd0a795a, findElement {using=xpath, value=//button[starts-with(text(),'Submit order')]}]
Capabilities {acceptInsecureCerts: false, browserName: chrome, browserVersion: 125.0.6422.142, chrome: {chromedriverVersion: 125.0.6422.78 (14db42ec38ad..., userDataDir: C:\Users\DELL\AppData\Local...}, fedcm:accounts: true, goog:chromeOptions: {debuggerAddress: localhost:65132}, networkConnectionEnabled: false, pageLoadStrategy: normal, platformName: windows, proxy: Proxy(), se:cdp: ws://localhost:65132/devtoo..., se:cdpVersion: 125.0.6422.142, setWindowRect: true, strictFileInteractability: false, timeouts: {implicit: 0, pageLoad: 300000, script: 30000}, unhandledPromptBehavior: dismiss and notify, webauthn:extension:credBlob: true, webauthn:extension:largeBlob: true, webauthn:extension:minPinLength: true, webauthn:extension:prf: true, webauthn:virtualAuthenticators: true}
Session ID: 916dc14577efde84fc01a009dd0a795a
at org.openqa.selenium.remote.ErrorCodec.decode(ErrorCodec.java:167)
at org.openqa.selenium.remote.codec.w3c.W3CHttpResponseCodec.decode(W3CHttpResponseCodec.java:138)
at org.openqa.selenium.remote.codec.w3c.W3CHttpResponseCodec.decode(W3CHttpResponseCodec.java:50)
at org.openqa.selenium.remote.HttpCommandExecutor.execute(HttpCommandExecutor.java:190)
at org.openqa.selenium.remote.service.DriverCommandExecutor.invokeExecute(DriverCommandExecutor.java:216)
at org.openqa.selenium.remote.service.DriverCommandExecutor.execute(DriverCommandExecutor.java:174)
at org.openqa.selenium.remote.RemoteWebDriver.execute(RemoteWebDriver.java:518)
at org.openqa.selenium.remote.ElementLocation$ElementFinder$2.findElement(ElementLocation.java:165)
at org.openqa.selenium.remote.ElementLocation.findElement(ElementLocation.java:59)
at org.openqa.selenium.remote.RemoteWebDriver.findElement(RemoteWebDriver.java:355)
at org.openqa.selenium.remote.RemoteWebDriver.findElement(RemoteWebDriver.java:349)
at org.openqa.selenium.support.pagefactory.DefaultElementLocator.findElement(DefaultElementLocator.java:68)
at org.openqa.selenium.support.pagefactory.internal.LocatingElementHandler.invoke(LocatingElementHandler.java:38)
at jdk.proxy2/jdk.proxy2.$Proxy15.isEnabled(Unknown Source)
at pomPages.POM4_Convert_Quote_To_Order.clickSubmitOrderButton(POM4_Convert_Quote_To_Order.java:462)
at test.Test006_Draft.clickSubmitOrderButtonTest(Test006_Draft.java:248)
at java.base/java.util.ArrayList.forEach(ArrayList.java:1511)
... Removed 36 stack frames]]>
    </failure>
  </testcase> <!-- clickSubmitOrderButtonTest -->
  <testcase classname="test.Test006_Draft" name="handlingCheckbox2Test" time="5.092">
    <failure type="org.openqa.selenium.NoSuchElementException" message="no such element: Unable to locate element: {&amp;quot;method&amp;quot;:&amp;quot;xpath&amp;quot;,&amp;quot;selector&amp;quot;:&amp;quot;//button[starts-with(text(),&amp;apos;Go Back&amp;apos;)]&amp;quot;}
  (Session info: chrome=125.0.6422.142)
For documentation on this error, please visit: https://www.selenium.dev/documentation/webdriver/troubleshooting/errors#no-such-element-exception
Build info: version: &amp;apos;4.21.0&amp;apos;, revision: &amp;apos;79ed462ef4&amp;apos;
System info: os.name: &amp;apos;Windows 11&amp;apos;, os.arch: &amp;apos;amd64&amp;apos;, os.version: &amp;apos;10.0&amp;apos;, java.version: &amp;apos;17.0.10&amp;apos;
Driver info: org.openqa.selenium.chrome.ChromeDriver
Command: [916dc14577efde84fc01a009dd0a795a, findElement {using=xpath, value=//button[starts-with(text(),&amp;apos;Go Back&amp;apos;)]}]
Capabilities {acceptInsecureCerts: false, browserName: chrome, browserVersion: 125.0.6422.142, chrome: {chromedriverVersion: 125.0.6422.78 (14db42ec38ad..., userDataDir: C:\Users\DELL\AppData\Local...}, fedcm:accounts: true, goog:chromeOptions: {debuggerAddress: localhost:65132}, networkConnectionEnabled: false, pageLoadStrategy: normal, platformName: windows, proxy: Proxy(), se:cdp: ws://localhost:65132/devtoo..., se:cdpVersion: 125.0.6422.142, setWindowRect: true, strictFileInteractability: false, timeouts: {implicit: 0, pageLoad: 300000, script: 30000}, unhandledPromptBehavior: dismiss and notify, webauthn:extension:credBlob: true, webauthn:extension:largeBlob: true, webauthn:extension:minPinLength: true, webauthn:extension:prf: true, webauthn:virtualAuthenticators: true}
Session ID: 916dc14577efde84fc01a009dd0a795a">
      <![CDATA[org.openqa.selenium.NoSuchElementException: no such element: Unable to locate element: {"method":"xpath","selector":"//button[starts-with(text(),'Go Back')]"}
  (Session info: chrome=125.0.6422.142)
For documentation on this error, please visit: https://www.selenium.dev/documentation/webdriver/troubleshooting/errors#no-such-element-exception
Build info: version: '4.21.0', revision: '79ed462ef4'
System info: os.name: 'Windows 11', os.arch: 'amd64', os.version: '10.0', java.version: '17.0.10'
Driver info: org.openqa.selenium.chrome.ChromeDriver
Command: [916dc14577efde84fc01a009dd0a795a, findElement {using=xpath, value=//button[starts-with(text(),'Go Back')]}]
Capabilities {acceptInsecureCerts: false, browserName: chrome, browserVersion: 125.0.6422.142, chrome: {chromedriverVersion: 125.0.6422.78 (14db42ec38ad..., userDataDir: C:\Users\DELL\AppData\Local...}, fedcm:accounts: true, goog:chromeOptions: {debuggerAddress: localhost:65132}, networkConnectionEnabled: false, pageLoadStrategy: normal, platformName: windows, proxy: Proxy(), se:cdp: ws://localhost:65132/devtoo..., se:cdpVersion: 125.0.6422.142, setWindowRect: true, strictFileInteractability: false, timeouts: {implicit: 0, pageLoad: 300000, script: 30000}, unhandledPromptBehavior: dismiss and notify, webauthn:extension:credBlob: true, webauthn:extension:largeBlob: true, webauthn:extension:minPinLength: true, webauthn:extension:prf: true, webauthn:virtualAuthenticators: true}
Session ID: 916dc14577efde84fc01a009dd0a795a
at org.openqa.selenium.remote.ErrorCodec.decode(ErrorCodec.java:167)
at org.openqa.selenium.remote.codec.w3c.W3CHttpResponseCodec.decode(W3CHttpResponseCodec.java:138)
at org.openqa.selenium.remote.codec.w3c.W3CHttpResponseCodec.decode(W3CHttpResponseCodec.java:50)
at org.openqa.selenium.remote.HttpCommandExecutor.execute(HttpCommandExecutor.java:190)
at org.openqa.selenium.remote.service.DriverCommandExecutor.invokeExecute(DriverCommandExecutor.java:216)
at org.openqa.selenium.remote.service.DriverCommandExecutor.execute(DriverCommandExecutor.java:174)
at org.openqa.selenium.remote.RemoteWebDriver.execute(RemoteWebDriver.java:518)
at org.openqa.selenium.remote.ElementLocation$ElementFinder$2.findElement(ElementLocation.java:165)
at org.openqa.selenium.remote.ElementLocation.findElement(ElementLocation.java:59)
at org.openqa.selenium.remote.RemoteWebDriver.findElement(RemoteWebDriver.java:355)
at org.openqa.selenium.remote.RemoteWebDriver.findElement(RemoteWebDriver.java:349)
at org.openqa.selenium.support.pagefactory.DefaultElementLocator.findElement(DefaultElementLocator.java:68)
at org.openqa.selenium.support.pagefactory.internal.LocatingElementHandler.invoke(LocatingElementHandler.java:38)
at jdk.proxy2/jdk.proxy2.$Proxy15.isDisplayed(Unknown Source)
at pomPages.POM4_Convert_Quote_To_Order.handlingCheckbox2(POM4_Convert_Quote_To_Order.java:469)
at test.Test006_Draft.handlingCheckbox2Test(Test006_Draft.java:257)
at java.base/java.util.ArrayList.forEach(ArrayList.java:1511)
... Removed 36 stack frames]]>
    </failure>
  </testcase> <!-- handlingCheckbox2Test -->
  <testcase classname="test.Test007_Buyer_Switching" name="productButtonTest" time="13.646"/>
  <testcase classname="test.Test007_Buyer_Switching" name="selectProduct" time="17.2"/>
  <testcase classname="test.Test007_Buyer_Switching" name="clickGuestCustomerButton1sttimeTest" time="5.603"/>
  <testcase classname="test.Test007_Buyer_Switching" name="clickCustomerSearchTextbox1stTimeTest" time="5.409"/>
  <testcase classname="test.Test007_Buyer_Switching" name="clickCustomer1Test" time="11.832"/>
  <testcase classname="test.Test007_Buyer_Switching" name="clickCartButton1stTimeTest" time="10.476"/>
  <testcase classname="test.Test007_Buyer_Switching" name="verifyEmptyCart1stTimeTest" time="3.492"/>
  <testcase classname="test.Test007_Buyer_Switching" name="verifyCustomerNameOnCartPage1stTimeTest" time="6.059"/>
  <testcase classname="test.Test007_Buyer_Switching" name="selectProduct2ndTimeTest" time="17.469"/>
  <testcase classname="test.Test007_Buyer_Switching" name="clickGuestCustomerButton2ndTimeTest" time="5.568"/>
  <testcase classname="test.Test007_Buyer_Switching" name="clickCustomerSearchTextbox2ndTimeTest" time="10.35"/>
  <testcase classname="test.Test007_Buyer_Switching" name="clickCustomer2Test" time="10.565"/>
  <testcase classname="test.Test007_Buyer_Switching" name="clickCartButton2ndTime" time="10.434"/>
  <testcase classname="test.Test007_Buyer_Switching" name="verifyCustomerNameOnCartPage2ndTimeTest" time="5.12"/>
  <testcase classname="test.Test007_Buyer_Switching" name="verifyProductOnCart1stTimeTest" time="3.125"/>
  <testcase classname="test.Test007_Buyer_Switching" name="clickOnCustomerButton3rdTime" time="11.513"/>
  <testcase classname="test.Test007_Buyer_Switching" name="verifyProductOnCart2ndTime" time="3.256"/>
  <testcase classname="test.Test007_Buyer_Switching" name="clickGuestCustomerButton3rdTimeforReplaceTest" time="5.252"/>
  <testcase classname="test.Test007_Buyer_Switching" name="clickCustomerSearchTextbox3rdTime" time="5.495"/>
  <testcase classname="test.Test007_Buyer_Switching" name="clickCustomer2AgainForkeepExistingTest" time="10.747"/>
  <testcase classname="test.Test007_Buyer_Switching" name="verifyProductOnCart3rdTimeTest" time="3.1"/>
  <testcase classname="test.Test007_Buyer_Switching" name="clickGuestCustomerButton4thTime" time="5.242"/>
  <testcase classname="test.Test007_Buyer_Switching" name="clickCustomerSearchTextbox4thTime" time="5.302"/>
  <testcase classname="test.Test007_Buyer_Switching" name="clickCustomerSearchTextbox4theTime" time="10.595"/>
  <testcase classname="test.Test007_Buyer_Switching" name="clickCustomer4ForReplaceTest" time="3.089"/>
  <testcase classname="test.Test008_Container" name="productButtonTest" time="13.266"/>
  <testcase classname="test.Test008_Container" name="selectProduct" time="16.959"/>
  <testcase classname="test.Test008_Container" name="selectCart" time="3.407"/>
  <testcase classname="test.Test008_Container" name="containerBoxVisibilityTest" time="3.07"/>
  <testcase classname="test.Test008_Container" name="toggleSwitchTest" time="6.203"/>
  <testcase classname="test.Test008_Container" name="clickCreateOrderTest" time="5.338"/>
  <testcase classname="test.Test008_Container" name="clickChooseCustomerTest" time="5.284"/>
  <testcase classname="test.Test008_Container" name="customerSearchTest" time="15.679"/>
  <testcase classname="test.Test008_Container" name="checkContainerOnCartPageAfterSelectingCustomerTest" time="3.289"/>
  <testcase classname="test.Test008_Container" name="defaultCFTTest" time="0.047"/>
  <testcase classname="test.Test008_Container" name="clickCBMTest" time="5.369"/>
  <testcase classname="test.Test008_Container" name="selctCBMFromDropdownTest" time="14.59"/>
  <testcase classname="test.Test008_Container" name="clickCFTAgainAndSelctCFTFromDropdownTest" time="14.417"/>
  <testcase classname="test.Test008_Container" name="toggleSwitchAgainTest" time="6.213"/>
  <testcase classname="test.Test008_Container" name="clickCreateOrder2ButtonTest" time="8.187"/>
  <testcase classname="test.Test008_Container" name="clickProceedButtonTest" time="5.359"/>
  <testcase classname="test.Test008_Container" name="toggleSwitchCheckTest" time="3.095"/>
  <testcase classname="test.Test008_Container" name="clickEditButtonTest" time="5.246"/>
  <testcase classname="test.Test008_Container" name="clickAddProductsButtonTest" time="8.265"/>
  <testcase classname="test.Test008_Container" name="selectmoreProductTest" time="27.109"/>
  <testcase classname="test.Test008_Container" name="selectCartAgainTest" time="3.348"/>
  <testcase classname="test.Test008_Container" name="toggleSwitchCheckTest2" time="3.147"/>
  <testcase classname="test.Test008_Container" name="clickUpdateQuoteButtonTest" time="8.307"/>
  <testcase classname="test.Test008_Container" name="toggleSwitchCheckTest3" time="3.11"/>
  <testcase classname="test.Test009_Product_Page_With_All_Cases" name="productButtonTest" time="13.305"/>
  <testcase classname="test.Test009_Product_Page_With_All_Cases" name="productsVisibleOnCartIconTest" time="18.128"/>
  <testcase classname="test.Test009_Product_Page_With_All_Cases" name="verifyBellIconTest" time="12.597"/>
  <testcase classname="test.Test009_Product_Page_With_All_Cases" name="verifyRepresentativeTest" time="4.06"/>
  <testcase classname="test.Test009_Product_Page_With_All_Cases" name="verifyCartIconTest" time="4.038"/>
  <testcase classname="test.Test009_Product_Page_With_All_Cases" name="verifyCategoryViewAllButtonTest" time="24.369"/>
  <testcase classname="test.Test009_Product_Page_With_All_Cases" name="verifyCategoryRailProductsTest" time="4.056"/>
  <testcase classname="test.Test009_Product_Page_With_All_Cases" name="verifyCollectionsViewAllButtonTest" time="24.364"/>
  <testcase classname="test.Test009_Product_Page_With_All_Cases" name="verifyCollectionsRailProductsTest" time="4.131"/>
  <testcase classname="test.Test009_Product_Page_With_All_Cases" name="verifyExploreAll_AllDropdownsTest" time="68.53">
    <failure type="java.lang.AssertionError" message="Both actual and expected are not same expected [30] but found [20]">
      <![CDATA[java.lang.AssertionError: Both actual and expected are not same expected [30] but found [20]
at pomPages.POM10_Product_Page_With_All_Cases.verifyExploreAll_AllDropdowns(POM10_Product_Page_With_All_Cases.java:411)
at test.Test009_Product_Page_With_All_Cases.verifyExploreAll_AllDropdownsTest(Test009_Product_Page_With_All_Cases.java:107)
at java.base/java.util.ArrayList.forEach(ArrayList.java:1511)
... Removed 37 stack frames]]>
    </failure>
  </testcase> <!-- verifyExploreAll_AllDropdownsTest -->
  <testcase classname="test.Test009_Product_Page_With_All_Cases" name="verifyFilterIconTest" time="17.866">
    <failure type="org.openqa.selenium.ElementNotInteractableException" message="element not interactable
  (Session info: chrome=125.0.6422.142)
Build info: version: &amp;apos;4.21.0&amp;apos;, revision: &amp;apos;79ed462ef4&amp;apos;
System info: os.name: &amp;apos;Windows 11&amp;apos;, os.arch: &amp;apos;amd64&amp;apos;, os.version: &amp;apos;10.0&amp;apos;, java.version: &amp;apos;17.0.10&amp;apos;
Driver info: org.openqa.selenium.chrome.ChromeDriver
Command: [0996fd8c45b07ad28b71816e21e311fe, clickElement {id=f.569959452C65F5AC116E9E283112A03B.d.5AC85A46713EB5C931C954D4424792B3.e.380}]
Capabilities {acceptInsecureCerts: false, browserName: chrome, browserVersion: 125.0.6422.142, chrome: {chromedriverVersion: 125.0.6422.78 (14db42ec38ad..., userDataDir: C:\Users\DELL\AppData\Local...}, fedcm:accounts: true, goog:chromeOptions: {debuggerAddress: localhost:49336}, networkConnectionEnabled: false, pageLoadStrategy: normal, platformName: windows, proxy: Proxy(), se:cdp: ws://localhost:49336/devtoo..., se:cdpVersion: 125.0.6422.142, setWindowRect: true, strictFileInteractability: false, timeouts: {implicit: 0, pageLoad: 300000, script: 30000}, unhandledPromptBehavior: dismiss and notify, webauthn:extension:credBlob: true, webauthn:extension:largeBlob: true, webauthn:extension:minPinLength: true, webauthn:extension:prf: true, webauthn:virtualAuthenticators: true}
Element: [[ChromeDriver: chrome on windows (0996fd8c45b07ad28b71816e21e311fe)] -&amp;gt; xpath: (//button[text()=&amp;apos;Apply&amp;apos;])[1]]
Session ID: 0996fd8c45b07ad28b71816e21e311fe">
      <![CDATA[org.openqa.selenium.ElementNotInteractableException: element not interactable
  (Session info: chrome=125.0.6422.142)
Build info: version: '4.21.0', revision: '79ed462ef4'
System info: os.name: 'Windows 11', os.arch: 'amd64', os.version: '10.0', java.version: '17.0.10'
Driver info: org.openqa.selenium.chrome.ChromeDriver
Command: [0996fd8c45b07ad28b71816e21e311fe, clickElement {id=f.569959452C65F5AC116E9E283112A03B.d.5AC85A46713EB5C931C954D4424792B3.e.380}]
Capabilities {acceptInsecureCerts: false, browserName: chrome, browserVersion: 125.0.6422.142, chrome: {chromedriverVersion: 125.0.6422.78 (14db42ec38ad..., userDataDir: C:\Users\DELL\AppData\Local...}, fedcm:accounts: true, goog:chromeOptions: {debuggerAddress: localhost:49336}, networkConnectionEnabled: false, pageLoadStrategy: normal, platformName: windows, proxy: Proxy(), se:cdp: ws://localhost:49336/devtoo..., se:cdpVersion: 125.0.6422.142, setWindowRect: true, strictFileInteractability: false, timeouts: {implicit: 0, pageLoad: 300000, script: 30000}, unhandledPromptBehavior: dismiss and notify, webauthn:extension:credBlob: true, webauthn:extension:largeBlob: true, webauthn:extension:minPinLength: true, webauthn:extension:prf: true, webauthn:virtualAuthenticators: true}
Element: [[ChromeDriver: chrome on windows (0996fd8c45b07ad28b71816e21e311fe)] -> xpath: (//button[text()='Apply'])[1]]
Session ID: 0996fd8c45b07ad28b71816e21e311fe
at org.openqa.selenium.remote.ErrorCodec.decode(ErrorCodec.java:167)
at org.openqa.selenium.remote.codec.w3c.W3CHttpResponseCodec.decode(W3CHttpResponseCodec.java:138)
at org.openqa.selenium.remote.codec.w3c.W3CHttpResponseCodec.decode(W3CHttpResponseCodec.java:50)
at org.openqa.selenium.remote.HttpCommandExecutor.execute(HttpCommandExecutor.java:190)
at org.openqa.selenium.remote.service.DriverCommandExecutor.invokeExecute(DriverCommandExecutor.java:216)
at org.openqa.selenium.remote.service.DriverCommandExecutor.execute(DriverCommandExecutor.java:174)
at org.openqa.selenium.remote.RemoteWebDriver.execute(RemoteWebDriver.java:518)
at org.openqa.selenium.remote.RemoteWebElement.execute(RemoteWebElement.java:223)
at org.openqa.selenium.remote.RemoteWebElement.click(RemoteWebElement.java:76)
at org.openqa.selenium.support.pagefactory.internal.LocatingElementHandler.invoke(LocatingElementHandler.java:51)
at jdk.proxy2/jdk.proxy2.$Proxy15.click(Unknown Source)
at pomPages.POM10_Product_Page_With_All_Cases.verifyFilterIcon(POM10_Product_Page_With_All_Cases.java:445)
at test.Test009_Product_Page_With_All_Cases.verifyFilterIconTest(Test009_Product_Page_With_All_Cases.java:116)
at java.base/java.util.ArrayList.forEach(ArrayList.java:1511)
... Removed 39 stack frames]]>
    </failure>
  </testcase> <!-- verifyFilterIconTest -->
  <testcase classname="test.Test009_Product_Page_With_All_Cases" name="verifySortByDropdownTest" time="5.221">
    <failure type="org.openqa.selenium.ElementClickInterceptedException" message="element click intercepted: Element &amp;lt;div class=&amp;quot;MuiGrid-root MuiGrid-item css-10s5n5l&amp;quot;&amp;gt;...&amp;lt;/div&amp;gt; is not clickable at point (1360, 141). Other element would receive the click: &amp;lt;p style=&amp;quot;color: black; font-size: 16px; font-weight: normal; width: 85%;&amp;quot;&amp;gt;...&amp;lt;/p&amp;gt;
  (Session info: chrome=125.0.6422.142)
Build info: version: &amp;apos;4.21.0&amp;apos;, revision: &amp;apos;79ed462ef4&amp;apos;
System info: os.name: &amp;apos;Windows 11&amp;apos;, os.arch: &amp;apos;amd64&amp;apos;, os.version: &amp;apos;10.0&amp;apos;, java.version: &amp;apos;17.0.10&amp;apos;
Driver info: org.openqa.selenium.chrome.ChromeDriver
Command: [0996fd8c45b07ad28b71816e21e311fe, clickElement {id=f.569959452C65F5AC116E9E283112A03B.d.5AC85A46713EB5C931C954D4424792B3.e.116}]
Capabilities {acceptInsecureCerts: false, browserName: chrome, browserVersion: 125.0.6422.142, chrome: {chromedriverVersion: 125.0.6422.78 (14db42ec38ad..., userDataDir: C:\Users\DELL\AppData\Local...}, fedcm:accounts: true, goog:chromeOptions: {debuggerAddress: localhost:49336}, networkConnectionEnabled: false, pageLoadStrategy: normal, platformName: windows, proxy: Proxy(), se:cdp: ws://localhost:49336/devtoo..., se:cdpVersion: 125.0.6422.142, setWindowRect: true, strictFileInteractability: false, timeouts: {implicit: 0, pageLoad: 300000, script: 30000}, unhandledPromptBehavior: dismiss and notify, webauthn:extension:credBlob: true, webauthn:extension:largeBlob: true, webauthn:extension:minPinLength: true, webauthn:extension:prf: true, webauthn:virtualAuthenticators: true}
Element: [[ChromeDriver: chrome on windows (0996fd8c45b07ad28b71816e21e311fe)] -&amp;gt; xpath: //div[@class=&amp;quot;MuiGrid-root MuiGrid-item css-10s5n5l&amp;quot;]]
Session ID: 0996fd8c45b07ad28b71816e21e311fe">
      <![CDATA[org.openqa.selenium.ElementClickInterceptedException: element click intercepted: Element <div class="MuiGrid-root MuiGrid-item css-10s5n5l">...</div> is not clickable at point (1360, 141). Other element would receive the click: <p style="color: black; font-size: 16px; font-weight: normal; width: 85%;">...</p>
  (Session info: chrome=125.0.6422.142)
Build info: version: '4.21.0', revision: '79ed462ef4'
System info: os.name: 'Windows 11', os.arch: 'amd64', os.version: '10.0', java.version: '17.0.10'
Driver info: org.openqa.selenium.chrome.ChromeDriver
Command: [0996fd8c45b07ad28b71816e21e311fe, clickElement {id=f.569959452C65F5AC116E9E283112A03B.d.5AC85A46713EB5C931C954D4424792B3.e.116}]
Capabilities {acceptInsecureCerts: false, browserName: chrome, browserVersion: 125.0.6422.142, chrome: {chromedriverVersion: 125.0.6422.78 (14db42ec38ad..., userDataDir: C:\Users\DELL\AppData\Local...}, fedcm:accounts: true, goog:chromeOptions: {debuggerAddress: localhost:49336}, networkConnectionEnabled: false, pageLoadStrategy: normal, platformName: windows, proxy: Proxy(), se:cdp: ws://localhost:49336/devtoo..., se:cdpVersion: 125.0.6422.142, setWindowRect: true, strictFileInteractability: false, timeouts: {implicit: 0, pageLoad: 300000, script: 30000}, unhandledPromptBehavior: dismiss and notify, webauthn:extension:credBlob: true, webauthn:extension:largeBlob: true, webauthn:extension:minPinLength: true, webauthn:extension:prf: true, webauthn:virtualAuthenticators: true}
Element: [[ChromeDriver: chrome on windows (0996fd8c45b07ad28b71816e21e311fe)] -> xpath: //div[@class="MuiGrid-root MuiGrid-item css-10s5n5l"]]
Session ID: 0996fd8c45b07ad28b71816e21e311fe
at org.openqa.selenium.remote.ErrorCodec.decode(ErrorCodec.java:167)
at org.openqa.selenium.remote.codec.w3c.W3CHttpResponseCodec.decode(W3CHttpResponseCodec.java:138)
at org.openqa.selenium.remote.codec.w3c.W3CHttpResponseCodec.decode(W3CHttpResponseCodec.java:50)
at org.openqa.selenium.remote.HttpCommandExecutor.execute(HttpCommandExecutor.java:190)
at org.openqa.selenium.remote.service.DriverCommandExecutor.invokeExecute(DriverCommandExecutor.java:216)
at org.openqa.selenium.remote.service.DriverCommandExecutor.execute(DriverCommandExecutor.java:174)
at org.openqa.selenium.remote.RemoteWebDriver.execute(RemoteWebDriver.java:518)
at org.openqa.selenium.remote.RemoteWebElement.execute(RemoteWebElement.java:223)
at org.openqa.selenium.remote.RemoteWebElement.click(RemoteWebElement.java:76)
at org.openqa.selenium.support.pagefactory.internal.LocatingElementHandler.invoke(LocatingElementHandler.java:51)
at jdk.proxy2/jdk.proxy2.$Proxy15.click(Unknown Source)
at pomPages.POM10_Product_Page_With_All_Cases.verifySortByDropdown(POM10_Product_Page_With_All_Cases.java:512)
at test.Test009_Product_Page_With_All_Cases.verifySortByDropdownTest(Test009_Product_Page_With_All_Cases.java:125)
at java.base/java.util.ArrayList.forEach(ArrayList.java:1511)
... Removed 39 stack frames]]>
    </failure>
  </testcase> <!-- verifySortByDropdownTest -->
  <testcase classname="test.Test009_Product_Page_With_All_Cases" name="searchProductBoxTest" time="1.266">
    <failure type="org.openqa.selenium.ElementClickInterceptedException" message="element click intercepted: Element &amp;lt;input aria-invalid=&amp;quot;false&amp;quot; autocomplete=&amp;quot;off&amp;quot; id=&amp;quot;outlined-adornment&amp;quot; type=&amp;quot;text&amp;quot; class=&amp;quot;MuiInputBase-input MuiOutlinedInput-input MuiInputBase-inputSizeSmall MuiInputBase-inputAdornedStart MuiInputBase-inputAdornedEnd css-1445wi2&amp;quot; value=&amp;quot;&amp;quot;&amp;gt; is not clickable at point (373, 87). Other element would receive the click: &amp;lt;div aria-hidden=&amp;quot;true&amp;quot; class=&amp;quot;MuiBackdrop-root MuiModal-backdrop css-919eu4&amp;quot; style=&amp;quot;opacity: 1; transition: opacity 225ms cubic-bezier(0.4, 0, 0.2, 1) 0ms;&amp;quot;&amp;gt;&amp;lt;/div&amp;gt;
  (Session info: chrome=125.0.6422.142)
Build info: version: &amp;apos;4.21.0&amp;apos;, revision: &amp;apos;79ed462ef4&amp;apos;
System info: os.name: &amp;apos;Windows 11&amp;apos;, os.arch: &amp;apos;amd64&amp;apos;, os.version: &amp;apos;10.0&amp;apos;, java.version: &amp;apos;17.0.10&amp;apos;
Driver info: org.openqa.selenium.chrome.ChromeDriver
Command: [0996fd8c45b07ad28b71816e21e311fe, clickElement {id=f.569959452C65F5AC116E9E283112A03B.d.5AC85A46713EB5C931C954D4424792B3.e.83}]
Capabilities {acceptInsecureCerts: false, browserName: chrome, browserVersion: 125.0.6422.142, chrome: {chromedriverVersion: 125.0.6422.78 (14db42ec38ad..., userDataDir: C:\Users\DELL\AppData\Local...}, fedcm:accounts: true, goog:chromeOptions: {debuggerAddress: localhost:49336}, networkConnectionEnabled: false, pageLoadStrategy: normal, platformName: windows, proxy: Proxy(), se:cdp: ws://localhost:49336/devtoo..., se:cdpVersion: 125.0.6422.142, setWindowRect: true, strictFileInteractability: false, timeouts: {implicit: 0, pageLoad: 300000, script: 30000}, unhandledPromptBehavior: dismiss and notify, webauthn:extension:credBlob: true, webauthn:extension:largeBlob: true, webauthn:extension:minPinLength: true, webauthn:extension:prf: true, webauthn:virtualAuthenticators: true}
Element: [[ChromeDriver: chrome on windows (0996fd8c45b07ad28b71816e21e311fe)] -&amp;gt; xpath: //input[starts-with(@id,&amp;quot;outlined-adornment&amp;quot;)]]
Session ID: 0996fd8c45b07ad28b71816e21e311fe">
      <![CDATA[org.openqa.selenium.ElementClickInterceptedException: element click intercepted: Element <input aria-invalid="false" autocomplete="off" id="outlined-adornment" type="text" class="MuiInputBase-input MuiOutlinedInput-input MuiInputBase-inputSizeSmall MuiInputBase-inputAdornedStart MuiInputBase-inputAdornedEnd css-1445wi2" value=""> is not clickable at point (373, 87). Other element would receive the click: <div aria-hidden="true" class="MuiBackdrop-root MuiModal-backdrop css-919eu4" style="opacity: 1; transition: opacity 225ms cubic-bezier(0.4, 0, 0.2, 1) 0ms;"></div>
  (Session info: chrome=125.0.6422.142)
Build info: version: '4.21.0', revision: '79ed462ef4'
System info: os.name: 'Windows 11', os.arch: 'amd64', os.version: '10.0', java.version: '17.0.10'
Driver info: org.openqa.selenium.chrome.ChromeDriver
Command: [0996fd8c45b07ad28b71816e21e311fe, clickElement {id=f.569959452C65F5AC116E9E283112A03B.d.5AC85A46713EB5C931C954D4424792B3.e.83}]
Capabilities {acceptInsecureCerts: false, browserName: chrome, browserVersion: 125.0.6422.142, chrome: {chromedriverVersion: 125.0.6422.78 (14db42ec38ad..., userDataDir: C:\Users\DELL\AppData\Local...}, fedcm:accounts: true, goog:chromeOptions: {debuggerAddress: localhost:49336}, networkConnectionEnabled: false, pageLoadStrategy: normal, platformName: windows, proxy: Proxy(), se:cdp: ws://localhost:49336/devtoo..., se:cdpVersion: 125.0.6422.142, setWindowRect: true, strictFileInteractability: false, timeouts: {implicit: 0, pageLoad: 300000, script: 30000}, unhandledPromptBehavior: dismiss and notify, webauthn:extension:credBlob: true, webauthn:extension:largeBlob: true, webauthn:extension:minPinLength: true, webauthn:extension:prf: true, webauthn:virtualAuthenticators: true}
Element: [[ChromeDriver: chrome on windows (0996fd8c45b07ad28b71816e21e311fe)] -> xpath: //input[starts-with(@id,"outlined-adornment")]]
Session ID: 0996fd8c45b07ad28b71816e21e311fe
at org.openqa.selenium.remote.ErrorCodec.decode(ErrorCodec.java:167)
at org.openqa.selenium.remote.codec.w3c.W3CHttpResponseCodec.decode(W3CHttpResponseCodec.java:138)
at org.openqa.selenium.remote.codec.w3c.W3CHttpResponseCodec.decode(W3CHttpResponseCodec.java:50)
at org.openqa.selenium.remote.HttpCommandExecutor.execute(HttpCommandExecutor.java:190)
at org.openqa.selenium.remote.service.DriverCommandExecutor.invokeExecute(DriverCommandExecutor.java:216)
at org.openqa.selenium.remote.service.DriverCommandExecutor.execute(DriverCommandExecutor.java:174)
at org.openqa.selenium.remote.RemoteWebDriver.execute(RemoteWebDriver.java:518)
at org.openqa.selenium.remote.RemoteWebElement.execute(RemoteWebElement.java:223)
at org.openqa.selenium.remote.RemoteWebElement.click(RemoteWebElement.java:76)
at org.openqa.selenium.support.pagefactory.internal.LocatingElementHandler.invoke(LocatingElementHandler.java:51)
at jdk.proxy2/jdk.proxy2.$Proxy15.click(Unknown Source)
at pomPages.POM10_Product_Page_With_All_Cases.searchProductBox(POM10_Product_Page_With_All_Cases.java:619)
at test.Test009_Product_Page_With_All_Cases.searchProductBoxTest(Test009_Product_Page_With_All_Cases.java:134)
at java.base/java.util.ArrayList.forEach(ArrayList.java:1511)
... Removed 39 stack frames]]>
    </failure>
  </testcase> <!-- searchProductBoxTest -->
  <testcase classname="test.Test009_Product_Page_With_All_Cases" name="clickBackArrowNextToCartTest" time="13.063">
    <failure type="org.openqa.selenium.NoSuchElementException" message="no such element: Unable to locate element: {&amp;quot;method&amp;quot;:&amp;quot;xpath&amp;quot;,&amp;quot;selector&amp;quot;:&amp;quot;//*[@class=&amp;quot;MuiSvgIcon-root MuiSvgIcon-fontSizeSmall css-krpi0&amp;quot;]&amp;quot;}
  (Session info: chrome=125.0.6422.142)
For documentation on this error, please visit: https://www.selenium.dev/documentation/webdriver/troubleshooting/errors#no-such-element-exception
Build info: version: &amp;apos;4.21.0&amp;apos;, revision: &amp;apos;79ed462ef4&amp;apos;
System info: os.name: &amp;apos;Windows 11&amp;apos;, os.arch: &amp;apos;amd64&amp;apos;, os.version: &amp;apos;10.0&amp;apos;, java.version: &amp;apos;17.0.10&amp;apos;
Driver info: org.openqa.selenium.chrome.ChromeDriver
Command: [0996fd8c45b07ad28b71816e21e311fe, findElement {using=xpath, value=//*[@class=&amp;quot;MuiSvgIcon-root MuiSvgIcon-fontSizeSmall css-krpi0&amp;quot;]}]
Capabilities {acceptInsecureCerts: false, browserName: chrome, browserVersion: 125.0.6422.142, chrome: {chromedriverVersion: 125.0.6422.78 (14db42ec38ad..., userDataDir: C:\Users\DELL\AppData\Local...}, fedcm:accounts: true, goog:chromeOptions: {debuggerAddress: localhost:49336}, networkConnectionEnabled: false, pageLoadStrategy: normal, platformName: windows, proxy: Proxy(), se:cdp: ws://localhost:49336/devtoo..., se:cdpVersion: 125.0.6422.142, setWindowRect: true, strictFileInteractability: false, timeouts: {implicit: 0, pageLoad: 300000, script: 30000}, unhandledPromptBehavior: dismiss and notify, webauthn:extension:credBlob: true, webauthn:extension:largeBlob: true, webauthn:extension:minPinLength: true, webauthn:extension:prf: true, webauthn:virtualAuthenticators: true}
Session ID: 0996fd8c45b07ad28b71816e21e311fe">
      <![CDATA[org.openqa.selenium.NoSuchElementException: no such element: Unable to locate element: {"method":"xpath","selector":"//*[@class="MuiSvgIcon-root MuiSvgIcon-fontSizeSmall css-krpi0"]"}
  (Session info: chrome=125.0.6422.142)
For documentation on this error, please visit: https://www.selenium.dev/documentation/webdriver/troubleshooting/errors#no-such-element-exception
Build info: version: '4.21.0', revision: '79ed462ef4'
System info: os.name: 'Windows 11', os.arch: 'amd64', os.version: '10.0', java.version: '17.0.10'
Driver info: org.openqa.selenium.chrome.ChromeDriver
Command: [0996fd8c45b07ad28b71816e21e311fe, findElement {using=xpath, value=//*[@class="MuiSvgIcon-root MuiSvgIcon-fontSizeSmall css-krpi0"]}]
Capabilities {acceptInsecureCerts: false, browserName: chrome, browserVersion: 125.0.6422.142, chrome: {chromedriverVersion: 125.0.6422.78 (14db42ec38ad..., userDataDir: C:\Users\DELL\AppData\Local...}, fedcm:accounts: true, goog:chromeOptions: {debuggerAddress: localhost:49336}, networkConnectionEnabled: false, pageLoadStrategy: normal, platformName: windows, proxy: Proxy(), se:cdp: ws://localhost:49336/devtoo..., se:cdpVersion: 125.0.6422.142, setWindowRect: true, strictFileInteractability: false, timeouts: {implicit: 0, pageLoad: 300000, script: 30000}, unhandledPromptBehavior: dismiss and notify, webauthn:extension:credBlob: true, webauthn:extension:largeBlob: true, webauthn:extension:minPinLength: true, webauthn:extension:prf: true, webauthn:virtualAuthenticators: true}
Session ID: 0996fd8c45b07ad28b71816e21e311fe
at org.openqa.selenium.remote.ErrorCodec.decode(ErrorCodec.java:167)
at org.openqa.selenium.remote.codec.w3c.W3CHttpResponseCodec.decode(W3CHttpResponseCodec.java:138)
at org.openqa.selenium.remote.codec.w3c.W3CHttpResponseCodec.decode(W3CHttpResponseCodec.java:50)
at org.openqa.selenium.remote.HttpCommandExecutor.execute(HttpCommandExecutor.java:190)
at org.openqa.selenium.remote.service.DriverCommandExecutor.invokeExecute(DriverCommandExecutor.java:216)
at org.openqa.selenium.remote.service.DriverCommandExecutor.execute(DriverCommandExecutor.java:174)
at org.openqa.selenium.remote.RemoteWebDriver.execute(RemoteWebDriver.java:518)
at org.openqa.selenium.remote.ElementLocation$ElementFinder$2.findElement(ElementLocation.java:165)
at org.openqa.selenium.remote.ElementLocation.findElement(ElementLocation.java:59)
at org.openqa.selenium.remote.RemoteWebDriver.findElement(RemoteWebDriver.java:355)
at org.openqa.selenium.remote.RemoteWebDriver.findElement(RemoteWebDriver.java:349)
at org.openqa.selenium.support.pagefactory.DefaultElementLocator.findElement(DefaultElementLocator.java:68)
at org.openqa.selenium.support.pagefactory.internal.LocatingElementHandler.invoke(LocatingElementHandler.java:38)
at jdk.proxy2/jdk.proxy2.$Proxy15.isEnabled(Unknown Source)
at pomPages.POM10_Product_Page_With_All_Cases.clickBackArrowNextToCart(POM10_Product_Page_With_All_Cases.java:649)
at test.Test009_Product_Page_With_All_Cases.clickBackArrowNextToCartTest(Test009_Product_Page_With_All_Cases.java:143)
at java.base/java.util.ArrayList.forEach(ArrayList.java:1511)
... Removed 36 stack frames]]>
    </failure>
  </testcase> <!-- clickBackArrowNextToCartTest -->
  <testcase classname="test.Test009_Product_Page_With_All_Cases" name="searchProductBoxAgainToCheckSuggestionTest" time="1.2">
    <failure type="org.openqa.selenium.ElementClickInterceptedException" message="element click intercepted: Element &amp;lt;input aria-invalid=&amp;quot;false&amp;quot; autocomplete=&amp;quot;off&amp;quot; id=&amp;quot;outlined-adornment&amp;quot; type=&amp;quot;text&amp;quot; class=&amp;quot;MuiInputBase-input MuiOutlinedInput-input MuiInputBase-inputSizeSmall MuiInputBase-inputAdornedStart MuiInputBase-inputAdornedEnd css-1445wi2&amp;quot; value=&amp;quot;&amp;quot;&amp;gt; is not clickable at point (373, 87). Other element would receive the click: &amp;lt;div aria-hidden=&amp;quot;true&amp;quot; class=&amp;quot;MuiBackdrop-root MuiModal-backdrop css-919eu4&amp;quot; style=&amp;quot;opacity: 1; transition: opacity 225ms cubic-bezier(0.4, 0, 0.2, 1) 0ms;&amp;quot;&amp;gt;&amp;lt;/div&amp;gt;
  (Session info: chrome=125.0.6422.142)
Build info: version: &amp;apos;4.21.0&amp;apos;, revision: &amp;apos;79ed462ef4&amp;apos;
System info: os.name: &amp;apos;Windows 11&amp;apos;, os.arch: &amp;apos;amd64&amp;apos;, os.version: &amp;apos;10.0&amp;apos;, java.version: &amp;apos;17.0.10&amp;apos;
Driver info: org.openqa.selenium.chrome.ChromeDriver
Command: [0996fd8c45b07ad28b71816e21e311fe, clickElement {id=f.569959452C65F5AC116E9E283112A03B.d.5AC85A46713EB5C931C954D4424792B3.e.83}]
Capabilities {acceptInsecureCerts: false, browserName: chrome, browserVersion: 125.0.6422.142, chrome: {chromedriverVersion: 125.0.6422.78 (14db42ec38ad..., userDataDir: C:\Users\DELL\AppData\Local...}, fedcm:accounts: true, goog:chromeOptions: {debuggerAddress: localhost:49336}, networkConnectionEnabled: false, pageLoadStrategy: normal, platformName: windows, proxy: Proxy(), se:cdp: ws://localhost:49336/devtoo..., se:cdpVersion: 125.0.6422.142, setWindowRect: true, strictFileInteractability: false, timeouts: {implicit: 0, pageLoad: 300000, script: 30000}, unhandledPromptBehavior: dismiss and notify, webauthn:extension:credBlob: true, webauthn:extension:largeBlob: true, webauthn:extension:minPinLength: true, webauthn:extension:prf: true, webauthn:virtualAuthenticators: true}
Element: [[ChromeDriver: chrome on windows (0996fd8c45b07ad28b71816e21e311fe)] -&amp;gt; xpath: //input[starts-with(@id,&amp;quot;outlined-adornment&amp;quot;)]]
Session ID: 0996fd8c45b07ad28b71816e21e311fe">
      <![CDATA[org.openqa.selenium.ElementClickInterceptedException: element click intercepted: Element <input aria-invalid="false" autocomplete="off" id="outlined-adornment" type="text" class="MuiInputBase-input MuiOutlinedInput-input MuiInputBase-inputSizeSmall MuiInputBase-inputAdornedStart MuiInputBase-inputAdornedEnd css-1445wi2" value=""> is not clickable at point (373, 87). Other element would receive the click: <div aria-hidden="true" class="MuiBackdrop-root MuiModal-backdrop css-919eu4" style="opacity: 1; transition: opacity 225ms cubic-bezier(0.4, 0, 0.2, 1) 0ms;"></div>
  (Session info: chrome=125.0.6422.142)
Build info: version: '4.21.0', revision: '79ed462ef4'
System info: os.name: 'Windows 11', os.arch: 'amd64', os.version: '10.0', java.version: '17.0.10'
Driver info: org.openqa.selenium.chrome.ChromeDriver
Command: [0996fd8c45b07ad28b71816e21e311fe, clickElement {id=f.569959452C65F5AC116E9E283112A03B.d.5AC85A46713EB5C931C954D4424792B3.e.83}]
Capabilities {acceptInsecureCerts: false, browserName: chrome, browserVersion: 125.0.6422.142, chrome: {chromedriverVersion: 125.0.6422.78 (14db42ec38ad..., userDataDir: C:\Users\DELL\AppData\Local...}, fedcm:accounts: true, goog:chromeOptions: {debuggerAddress: localhost:49336}, networkConnectionEnabled: false, pageLoadStrategy: normal, platformName: windows, proxy: Proxy(), se:cdp: ws://localhost:49336/devtoo..., se:cdpVersion: 125.0.6422.142, setWindowRect: true, strictFileInteractability: false, timeouts: {implicit: 0, pageLoad: 300000, script: 30000}, unhandledPromptBehavior: dismiss and notify, webauthn:extension:credBlob: true, webauthn:extension:largeBlob: true, webauthn:extension:minPinLength: true, webauthn:extension:prf: true, webauthn:virtualAuthenticators: true}
Element: [[ChromeDriver: chrome on windows (0996fd8c45b07ad28b71816e21e311fe)] -> xpath: //input[starts-with(@id,"outlined-adornment")]]
Session ID: 0996fd8c45b07ad28b71816e21e311fe
at org.openqa.selenium.remote.ErrorCodec.decode(ErrorCodec.java:167)
at org.openqa.selenium.remote.codec.w3c.W3CHttpResponseCodec.decode(W3CHttpResponseCodec.java:138)
at org.openqa.selenium.remote.codec.w3c.W3CHttpResponseCodec.decode(W3CHttpResponseCodec.java:50)
at org.openqa.selenium.remote.HttpCommandExecutor.execute(HttpCommandExecutor.java:190)
at org.openqa.selenium.remote.service.DriverCommandExecutor.invokeExecute(DriverCommandExecutor.java:216)
at org.openqa.selenium.remote.service.DriverCommandExecutor.execute(DriverCommandExecutor.java:174)
at org.openqa.selenium.remote.RemoteWebDriver.execute(RemoteWebDriver.java:518)
at org.openqa.selenium.remote.RemoteWebElement.execute(RemoteWebElement.java:223)
at org.openqa.selenium.remote.RemoteWebElement.click(RemoteWebElement.java:76)
at org.openqa.selenium.support.pagefactory.internal.LocatingElementHandler.invoke(LocatingElementHandler.java:51)
at jdk.proxy2/jdk.proxy2.$Proxy15.click(Unknown Source)
at pomPages.POM10_Product_Page_With_All_Cases.searchProductBoxAgainToCheckSuggestion(POM10_Product_Page_With_All_Cases.java:657)
at test.Test009_Product_Page_With_All_Cases.searchProductBoxAgainToCheckSuggestionTest(Test009_Product_Page_With_All_Cases.java:152)
at java.base/java.util.ArrayList.forEach(ArrayList.java:1511)
... Removed 39 stack frames]]>
    </failure>
  </testcase> <!-- searchProductBoxAgainToCheckSuggestionTest -->
  <testcase classname="test.Test009_Product_Page_With_All_Cases" name="serachProductWithDifferentOperationsTest" time="1.085">
    <failure type="org.openqa.selenium.ElementClickInterceptedException" message="element click intercepted: Element &amp;lt;input aria-invalid=&amp;quot;false&amp;quot; autocomplete=&amp;quot;off&amp;quot; id=&amp;quot;outlined-adornment&amp;quot; type=&amp;quot;text&amp;quot; class=&amp;quot;MuiInputBase-input MuiOutlinedInput-input MuiInputBase-inputSizeSmall MuiInputBase-inputAdornedStart MuiInputBase-inputAdornedEnd css-1445wi2&amp;quot; value=&amp;quot;&amp;quot;&amp;gt; is not clickable at point (373, 87). Other element would receive the click: &amp;lt;div aria-hidden=&amp;quot;true&amp;quot; class=&amp;quot;MuiBackdrop-root MuiModal-backdrop css-919eu4&amp;quot; style=&amp;quot;opacity: 1; transition: opacity 225ms cubic-bezier(0.4, 0, 0.2, 1) 0ms;&amp;quot;&amp;gt;&amp;lt;/div&amp;gt;
  (Session info: chrome=125.0.6422.142)
Build info: version: &amp;apos;4.21.0&amp;apos;, revision: &amp;apos;79ed462ef4&amp;apos;
System info: os.name: &amp;apos;Windows 11&amp;apos;, os.arch: &amp;apos;amd64&amp;apos;, os.version: &amp;apos;10.0&amp;apos;, java.version: &amp;apos;17.0.10&amp;apos;
Driver info: org.openqa.selenium.chrome.ChromeDriver
Command: [0996fd8c45b07ad28b71816e21e311fe, clickElement {id=f.569959452C65F5AC116E9E283112A03B.d.5AC85A46713EB5C931C954D4424792B3.e.83}]
Capabilities {acceptInsecureCerts: false, browserName: chrome, browserVersion: 125.0.6422.142, chrome: {chromedriverVersion: 125.0.6422.78 (14db42ec38ad..., userDataDir: C:\Users\DELL\AppData\Local...}, fedcm:accounts: true, goog:chromeOptions: {debuggerAddress: localhost:49336}, networkConnectionEnabled: false, pageLoadStrategy: normal, platformName: windows, proxy: Proxy(), se:cdp: ws://localhost:49336/devtoo..., se:cdpVersion: 125.0.6422.142, setWindowRect: true, strictFileInteractability: false, timeouts: {implicit: 0, pageLoad: 300000, script: 30000}, unhandledPromptBehavior: dismiss and notify, webauthn:extension:credBlob: true, webauthn:extension:largeBlob: true, webauthn:extension:minPinLength: true, webauthn:extension:prf: true, webauthn:virtualAuthenticators: true}
Element: [[ChromeDriver: chrome on windows (0996fd8c45b07ad28b71816e21e311fe)] -&amp;gt; xpath: //input[starts-with(@id,&amp;quot;outlined-adornment&amp;quot;)]]
Session ID: 0996fd8c45b07ad28b71816e21e311fe">
      <![CDATA[org.openqa.selenium.ElementClickInterceptedException: element click intercepted: Element <input aria-invalid="false" autocomplete="off" id="outlined-adornment" type="text" class="MuiInputBase-input MuiOutlinedInput-input MuiInputBase-inputSizeSmall MuiInputBase-inputAdornedStart MuiInputBase-inputAdornedEnd css-1445wi2" value=""> is not clickable at point (373, 87). Other element would receive the click: <div aria-hidden="true" class="MuiBackdrop-root MuiModal-backdrop css-919eu4" style="opacity: 1; transition: opacity 225ms cubic-bezier(0.4, 0, 0.2, 1) 0ms;"></div>
  (Session info: chrome=125.0.6422.142)
Build info: version: '4.21.0', revision: '79ed462ef4'
System info: os.name: 'Windows 11', os.arch: 'amd64', os.version: '10.0', java.version: '17.0.10'
Driver info: org.openqa.selenium.chrome.ChromeDriver
Command: [0996fd8c45b07ad28b71816e21e311fe, clickElement {id=f.569959452C65F5AC116E9E283112A03B.d.5AC85A46713EB5C931C954D4424792B3.e.83}]
Capabilities {acceptInsecureCerts: false, browserName: chrome, browserVersion: 125.0.6422.142, chrome: {chromedriverVersion: 125.0.6422.78 (14db42ec38ad..., userDataDir: C:\Users\DELL\AppData\Local...}, fedcm:accounts: true, goog:chromeOptions: {debuggerAddress: localhost:49336}, networkConnectionEnabled: false, pageLoadStrategy: normal, platformName: windows, proxy: Proxy(), se:cdp: ws://localhost:49336/devtoo..., se:cdpVersion: 125.0.6422.142, setWindowRect: true, strictFileInteractability: false, timeouts: {implicit: 0, pageLoad: 300000, script: 30000}, unhandledPromptBehavior: dismiss and notify, webauthn:extension:credBlob: true, webauthn:extension:largeBlob: true, webauthn:extension:minPinLength: true, webauthn:extension:prf: true, webauthn:virtualAuthenticators: true}
Element: [[ChromeDriver: chrome on windows (0996fd8c45b07ad28b71816e21e311fe)] -> xpath: //input[starts-with(@id,"outlined-adornment")]]
Session ID: 0996fd8c45b07ad28b71816e21e311fe
at org.openqa.selenium.remote.ErrorCodec.decode(ErrorCodec.java:167)
at org.openqa.selenium.remote.codec.w3c.W3CHttpResponseCodec.decode(W3CHttpResponseCodec.java:138)
at org.openqa.selenium.remote.codec.w3c.W3CHttpResponseCodec.decode(W3CHttpResponseCodec.java:50)
at org.openqa.selenium.remote.HttpCommandExecutor.execute(HttpCommandExecutor.java:190)
at org.openqa.selenium.remote.service.DriverCommandExecutor.invokeExecute(DriverCommandExecutor.java:216)
at org.openqa.selenium.remote.service.DriverCommandExecutor.execute(DriverCommandExecutor.java:174)
at org.openqa.selenium.remote.RemoteWebDriver.execute(RemoteWebDriver.java:518)
at org.openqa.selenium.remote.RemoteWebElement.execute(RemoteWebElement.java:223)
at org.openqa.selenium.remote.RemoteWebElement.click(RemoteWebElement.java:76)
at org.openqa.selenium.support.pagefactory.internal.LocatingElementHandler.invoke(LocatingElementHandler.java:51)
at jdk.proxy2/jdk.proxy2.$Proxy15.click(Unknown Source)
at pomPages.POM10_Product_Page_With_All_Cases.serachProductWithDifferentOperations(POM10_Product_Page_With_All_Cases.java:667)
at test.Test009_Product_Page_With_All_Cases.serachProductWithDifferentOperationsTest(Test009_Product_Page_With_All_Cases.java:161)
at java.base/java.util.ArrayList.forEach(ArrayList.java:1511)
... Removed 39 stack frames]]>
    </failure>
  </testcase> <!-- serachProductWithDifferentOperationsTest -->
  <testcase classname="test.Test009_Product_Page_With_All_Cases" name="productButtonAgainTest" time="9.118">
    <failure type="org.openqa.selenium.ElementClickInterceptedException" message="element click intercepted: Element &amp;lt;button class=&amp;quot;MuiButtonBase-root MuiIconButton-root MuiIconButton-sizeLarge css-yz543y&amp;quot; tabindex=&amp;quot;0&amp;quot; type=&amp;quot;button&amp;quot; style=&amp;quot;border-radius: 8px;&amp;quot;&amp;gt;...&amp;lt;/button&amp;gt; is not clickable at point (29, 144). Other element would receive the click: &amp;lt;div aria-hidden=&amp;quot;true&amp;quot; class=&amp;quot;MuiBackdrop-root MuiModal-backdrop css-919eu4&amp;quot; style=&amp;quot;opacity: 1; transition: opacity 225ms cubic-bezier(0.4, 0, 0.2, 1) 0ms;&amp;quot;&amp;gt;&amp;lt;/div&amp;gt;
  (Session info: chrome=125.0.6422.142)
Build info: version: &amp;apos;4.21.0&amp;apos;, revision: &amp;apos;79ed462ef4&amp;apos;
System info: os.name: &amp;apos;Windows 11&amp;apos;, os.arch: &amp;apos;amd64&amp;apos;, os.version: &amp;apos;10.0&amp;apos;, java.version: &amp;apos;17.0.10&amp;apos;
Driver info: org.openqa.selenium.chrome.ChromeDriver
Command: [0996fd8c45b07ad28b71816e21e311fe, clickElement {id=f.569959452C65F5AC116E9E283112A03B.d.5AC85A46713EB5C931C954D4424792B3.e.395}]
Capabilities {acceptInsecureCerts: false, browserName: chrome, browserVersion: 125.0.6422.142, chrome: {chromedriverVersion: 125.0.6422.78 (14db42ec38ad..., userDataDir: C:\Users\DELL\AppData\Local...}, fedcm:accounts: true, goog:chromeOptions: {debuggerAddress: localhost:49336}, networkConnectionEnabled: false, pageLoadStrategy: normal, platformName: windows, proxy: Proxy(), se:cdp: ws://localhost:49336/devtoo..., se:cdpVersion: 125.0.6422.142, setWindowRect: true, strictFileInteractability: false, timeouts: {implicit: 0, pageLoad: 300000, script: 30000}, unhandledPromptBehavior: dismiss and notify, webauthn:extension:credBlob: true, webauthn:extension:largeBlob: true, webauthn:extension:minPinLength: true, webauthn:extension:prf: true, webauthn:virtualAuthenticators: true}
Element: [[ChromeDriver: chrome on windows (0996fd8c45b07ad28b71816e21e311fe)] -&amp;gt; xpath: (//div[@class=&amp;quot;MuiGrid-root MuiGrid-item MuiGrid-grid-xs-12 css-15j76c0&amp;quot;])[2]//button]
Session ID: 0996fd8c45b07ad28b71816e21e311fe">
      <![CDATA[org.openqa.selenium.ElementClickInterceptedException: element click intercepted: Element <button class="MuiButtonBase-root MuiIconButton-root MuiIconButton-sizeLarge css-yz543y" tabindex="0" type="button" style="border-radius: 8px;">...</button> is not clickable at point (29, 144). Other element would receive the click: <div aria-hidden="true" class="MuiBackdrop-root MuiModal-backdrop css-919eu4" style="opacity: 1; transition: opacity 225ms cubic-bezier(0.4, 0, 0.2, 1) 0ms;"></div>
  (Session info: chrome=125.0.6422.142)
Build info: version: '4.21.0', revision: '79ed462ef4'
System info: os.name: 'Windows 11', os.arch: 'amd64', os.version: '10.0', java.version: '17.0.10'
Driver info: org.openqa.selenium.chrome.ChromeDriver
Command: [0996fd8c45b07ad28b71816e21e311fe, clickElement {id=f.569959452C65F5AC116E9E283112A03B.d.5AC85A46713EB5C931C954D4424792B3.e.395}]
Capabilities {acceptInsecureCerts: false, browserName: chrome, browserVersion: 125.0.6422.142, chrome: {chromedriverVersion: 125.0.6422.78 (14db42ec38ad..., userDataDir: C:\Users\DELL\AppData\Local...}, fedcm:accounts: true, goog:chromeOptions: {debuggerAddress: localhost:49336}, networkConnectionEnabled: false, pageLoadStrategy: normal, platformName: windows, proxy: Proxy(), se:cdp: ws://localhost:49336/devtoo..., se:cdpVersion: 125.0.6422.142, setWindowRect: true, strictFileInteractability: false, timeouts: {implicit: 0, pageLoad: 300000, script: 30000}, unhandledPromptBehavior: dismiss and notify, webauthn:extension:credBlob: true, webauthn:extension:largeBlob: true, webauthn:extension:minPinLength: true, webauthn:extension:prf: true, webauthn:virtualAuthenticators: true}
Element: [[ChromeDriver: chrome on windows (0996fd8c45b07ad28b71816e21e311fe)] -> xpath: (//div[@class="MuiGrid-root MuiGrid-item MuiGrid-grid-xs-12 css-15j76c0"])[2]//button]
Session ID: 0996fd8c45b07ad28b71816e21e311fe
at org.openqa.selenium.remote.ErrorCodec.decode(ErrorCodec.java:167)
at org.openqa.selenium.remote.codec.w3c.W3CHttpResponseCodec.decode(W3CHttpResponseCodec.java:138)
at org.openqa.selenium.remote.codec.w3c.W3CHttpResponseCodec.decode(W3CHttpResponseCodec.java:50)
at org.openqa.selenium.remote.HttpCommandExecutor.execute(HttpCommandExecutor.java:190)
at org.openqa.selenium.remote.service.DriverCommandExecutor.invokeExecute(DriverCommandExecutor.java:216)
at org.openqa.selenium.remote.service.DriverCommandExecutor.execute(DriverCommandExecutor.java:174)
at org.openqa.selenium.remote.RemoteWebDriver.execute(RemoteWebDriver.java:518)
at org.openqa.selenium.remote.RemoteWebElement.execute(RemoteWebElement.java:223)
at org.openqa.selenium.remote.RemoteWebElement.click(RemoteWebElement.java:76)
at org.openqa.selenium.support.pagefactory.internal.LocatingElementHandler.invoke(LocatingElementHandler.java:51)
at jdk.proxy2/jdk.proxy2.$Proxy15.click(Unknown Source)
at pomPages.POM2_Product_Page.clickProduct(POM2_Product_Page.java:153)
at test.Test009_Product_Page_With_All_Cases.productButtonAgainTest(Test009_Product_Page_With_All_Cases.java:170)
at java.base/java.util.ArrayList.forEach(ArrayList.java:1511)
... Removed 39 stack frames]]>
    </failure>
  </testcase> <!-- productButtonAgainTest -->
  <testcase classname="test.Test009_Product_Page_With_All_Cases" name="verifyProductsCountTest" time="4.084"/>
  <testcase classname="test.Test009_Product_Page_With_All_Cases" name="catlogueSwitchTestTest" time="4.136">
    <failure type="org.openqa.selenium.ElementClickInterceptedException" message="element click intercepted: Element &amp;lt;span class=&amp;quot;MuiTypography-root MuiTypography-contained css-952gj8&amp;quot;&amp;gt;...&amp;lt;/span&amp;gt; is not clickable at point (1375, 87). Other element would receive the click: &amp;lt;div class=&amp;quot;MuiGrid-root MuiGrid-container MuiGrid-spacing-xs-1 css-tuxzvu&amp;quot;&amp;gt;...&amp;lt;/div&amp;gt;
  (Session info: chrome=125.0.6422.142)
Build info: version: &amp;apos;4.21.0&amp;apos;, revision: &amp;apos;79ed462ef4&amp;apos;
System info: os.name: &amp;apos;Windows 11&amp;apos;, os.arch: &amp;apos;amd64&amp;apos;, os.version: &amp;apos;10.0&amp;apos;, java.version: &amp;apos;17.0.10&amp;apos;
Driver info: org.openqa.selenium.chrome.ChromeDriver
Command: [0996fd8c45b07ad28b71816e21e311fe, clickElement {id=f.569959452C65F5AC116E9E283112A03B.d.5AC85A46713EB5C931C954D4424792B3.e.396}]
Capabilities {acceptInsecureCerts: false, browserName: chrome, browserVersion: 125.0.6422.142, chrome: {chromedriverVersion: 125.0.6422.78 (14db42ec38ad..., userDataDir: C:\Users\DELL\AppData\Local...}, fedcm:accounts: true, goog:chromeOptions: {debuggerAddress: localhost:49336}, networkConnectionEnabled: false, pageLoadStrategy: normal, platformName: windows, proxy: Proxy(), se:cdp: ws://localhost:49336/devtoo..., se:cdpVersion: 125.0.6422.142, setWindowRect: true, strictFileInteractability: false, timeouts: {implicit: 0, pageLoad: 300000, script: 30000}, unhandledPromptBehavior: dismiss and notify, webauthn:extension:credBlob: true, webauthn:extension:largeBlob: true, webauthn:extension:minPinLength: true, webauthn:extension:prf: true, webauthn:virtualAuthenticators: true}
Element: [[ChromeDriver: chrome on windows (0996fd8c45b07ad28b71816e21e311fe)] -&amp;gt; xpath: //div[@class=&amp;quot;MuiGrid-root MuiGrid-item MuiGrid-grid-xs-12 MuiGrid-grid-sm-12 MuiGrid-grid-md-6 MuiGrid-grid-lg-6 css-1ebhcds&amp;quot;]//div[2]/span]
Session ID: 0996fd8c45b07ad28b71816e21e311fe">
      <![CDATA[org.openqa.selenium.ElementClickInterceptedException: element click intercepted: Element <span class="MuiTypography-root MuiTypography-contained css-952gj8">...</span> is not clickable at point (1375, 87). Other element would receive the click: <div class="MuiGrid-root MuiGrid-container MuiGrid-spacing-xs-1 css-tuxzvu">...</div>
  (Session info: chrome=125.0.6422.142)
Build info: version: '4.21.0', revision: '79ed462ef4'
System info: os.name: 'Windows 11', os.arch: 'amd64', os.version: '10.0', java.version: '17.0.10'
Driver info: org.openqa.selenium.chrome.ChromeDriver
Command: [0996fd8c45b07ad28b71816e21e311fe, clickElement {id=f.569959452C65F5AC116E9E283112A03B.d.5AC85A46713EB5C931C954D4424792B3.e.396}]
Capabilities {acceptInsecureCerts: false, browserName: chrome, browserVersion: 125.0.6422.142, chrome: {chromedriverVersion: 125.0.6422.78 (14db42ec38ad..., userDataDir: C:\Users\DELL\AppData\Local...}, fedcm:accounts: true, goog:chromeOptions: {debuggerAddress: localhost:49336}, networkConnectionEnabled: false, pageLoadStrategy: normal, platformName: windows, proxy: Proxy(), se:cdp: ws://localhost:49336/devtoo..., se:cdpVersion: 125.0.6422.142, setWindowRect: true, strictFileInteractability: false, timeouts: {implicit: 0, pageLoad: 300000, script: 30000}, unhandledPromptBehavior: dismiss and notify, webauthn:extension:credBlob: true, webauthn:extension:largeBlob: true, webauthn:extension:minPinLength: true, webauthn:extension:prf: true, webauthn:virtualAuthenticators: true}
Element: [[ChromeDriver: chrome on windows (0996fd8c45b07ad28b71816e21e311fe)] -> xpath: //div[@class="MuiGrid-root MuiGrid-item MuiGrid-grid-xs-12 MuiGrid-grid-sm-12 MuiGrid-grid-md-6 MuiGrid-grid-lg-6 css-1ebhcds"]//div[2]/span]
Session ID: 0996fd8c45b07ad28b71816e21e311fe
at org.openqa.selenium.remote.ErrorCodec.decode(ErrorCodec.java:167)
at org.openqa.selenium.remote.codec.w3c.W3CHttpResponseCodec.decode(W3CHttpResponseCodec.java:138)
at org.openqa.selenium.remote.codec.w3c.W3CHttpResponseCodec.decode(W3CHttpResponseCodec.java:50)
at org.openqa.selenium.remote.HttpCommandExecutor.execute(HttpCommandExecutor.java:190)
at org.openqa.selenium.remote.service.DriverCommandExecutor.invokeExecute(DriverCommandExecutor.java:216)
at org.openqa.selenium.remote.service.DriverCommandExecutor.execute(DriverCommandExecutor.java:174)
at org.openqa.selenium.remote.RemoteWebDriver.execute(RemoteWebDriver.java:518)
at org.openqa.selenium.remote.RemoteWebElement.execute(RemoteWebElement.java:223)
at org.openqa.selenium.remote.RemoteWebElement.click(RemoteWebElement.java:76)
at org.openqa.selenium.support.pagefactory.internal.LocatingElementHandler.invoke(LocatingElementHandler.java:51)
at jdk.proxy2/jdk.proxy2.$Proxy15.click(Unknown Source)
at pomPages.POM10_Product_Page_With_All_Cases.catlogueSwitchTest(POM10_Product_Page_With_All_Cases.java:758)
at test.Test009_Product_Page_With_All_Cases.catlogueSwitchTestTest(Test009_Product_Page_With_All_Cases.java:188)
at java.base/java.util.ArrayList.forEach(ArrayList.java:1511)
... Removed 39 stack frames]]>
    </failure>
  </testcase> <!-- catlogueSwitchTestTest -->
  <testcase classname="test.Test009_Product_Page_With_All_Cases" name="verifyNumberOfProductsDisplayTest" time="64.31">
    <failure type="java.lang.NumberFormatException" message="For input string: &amp;quot;30 &amp;quot;">
      <![CDATA[java.lang.NumberFormatException: For input string: "30 "
at java.base/java.lang.NumberFormatException.forInputString(NumberFormatException.java:67)
at java.base/java.lang.Integer.parseInt(Integer.java:668)
at java.base/java.lang.Integer.parseInt(Integer.java:786)
at pomPages.POM10_Product_Page_With_All_Cases.verifyNumberOfProductsDisplay(POM10_Product_Page_With_All_Cases.java:605)
at test.Test009_Product_Page_With_All_Cases.verifyNumberOfProductsDisplayTest(Test009_Product_Page_With_All_Cases.java:197)
at java.base/java.util.ArrayList.forEach(ArrayList.java:1511)
... Removed 31 stack frames]]>
    </failure>
  </testcase> <!-- verifyNumberOfProductsDisplayTest -->
</testsuite> <!-- Test -->
=======
<testsuite ignored="0" hostname="192.168.1.5" failures="0" tests="16" name="Test" time="153.435" errors="0" timestamp="2024-06-19T12:49:03 IST">
  <testcase classname="test.CreateCustomerTest" name="loginPageTitleTest" time="0.05"/>
  <testcase classname="test.CreateCustomerTest" name="click_customer_tab" time="17.165"/>
  <testcase classname="test.CreateCustomerTest" name="create_customer_button_display" time="3.207"/>
  <testcase classname="test.CreateCustomerTest" name="create_customer_button_enabled" time="0.027"/>
  <testcase classname="test.CreateCustomerTest" name="create_customer_button_spelling_check" time="0.262"/>
  <testcase classname="test.CreateCustomerTest" name="create_customer_button_click" time="15.317"/>
  <testcase classname="test.CreateCustomerTest" name="verify_add_customer_title" time="1.659"/>
  <testcase classname="test.CreateCustomerTest" name="verify_basic_details_heading" time="5.411"/>
  <testcase classname="test.CreateCustomerTest" name="verify_basic_details_spelling" time="0.026"/>
  <testcase classname="test.CreateCustomerTest" name="company_name" time="6.221"/>
  <testcase classname="test.CreateCustomerTest" name="click_catalog_dropdown" time="1.455"/>
  <testcase classname="test.CreateCustomerTest" name="select_catalog" time="7.963"/>
  <testcase classname="test.CreateCustomerTest" name="click_addcontactc" time="1.455"/>
  <testcase classname="test.CreateCustomerTest" name="verify_Elemnts_OnPage_Test" time="13.689"/>
  <testcase classname="test.CreateCustomerTest" name="emptyAllFiledsTest" time="12.943"/>
  <testcase classname="test.CreateCustomerTest" name="Emailandphoneerrortest" time="16.398"/>
</testsuite> <!-- Test -->
>>>>>>> branch 'master' of https://github.com/Sourcewiz/automation-testing
