<<<<<<< HEAD
<?xml version="1.0" encoding="UTF-8"?>
<testng-results ignored="0" total="239" passed="224" failed="15" skipped="0">
  <reporter-output>
  </reporter-output>
  <suite started-at="2024-06-17T17:54:10 IST" name="Smoke Testing" finished-at="2024-06-17T18:25:46 IST" duration-ms="1895974">
    <groups>
    </groups>
    <test started-at="2024-06-17T17:54:10 IST" name="Test" finished-at="2024-06-17T18:25:46 IST" duration-ms="1895974">
      <class name="test.Test004_Edit_Quote_01">
        <test-method is-config="true" signature="openBrowser()[pri:0, instance:test.Test004_Edit_Quote_01@72c28d64]" started-at="2024-06-17T18:03:15 IST" name="openBrowser" finished-at="2024-06-17T18:03:21 IST" duration-ms="6332" status="PASS">
          <reporter-output>
          </reporter-output>
        </test-method> <!-- openBrowser -->
        <test-method signature="productButtonTest()[pri:1, instance:test.Test004_Edit_Quote_01@72c28d64]" started-at="2024-06-17T18:03:21 IST" name="productButtonTest" description="Click on product button" finished-at="2024-06-17T18:03:35 IST" duration-ms="13273" status="PASS">
          <reporter-output>
          </reporter-output>
        </test-method> <!-- productButtonTest -->
        <test-method signature="selectProduct()[pri:2, instance:test.Test004_Edit_Quote_01@72c28d64]" started-at="2024-06-17T18:03:35 IST" name="selectProduct" description="Adding products to cart" finished-at="2024-06-17T18:03:52 IST" duration-ms="16977" status="PASS">
          <reporter-output>
          </reporter-output>
        </test-method> <!-- selectProduct -->
        <test-method signature="selectCart()[pri:3, instance:test.Test004_Edit_Quote_01@72c28d64]" started-at="2024-06-17T18:03:52 IST" name="selectCart" description="Moving towards Cart page" finished-at="2024-06-17T18:03:55 IST" duration-ms="3222" status="PASS">
          <reporter-output>
          </reporter-output>
        </test-method> <!-- selectCart -->
        <test-method signature="clickThreeDotsButtonTest()[pri:4, instance:test.Test004_Edit_Quote_01@72c28d64]" started-at="2024-06-17T18:03:55 IST" name="clickThreeDotsButtonTest" description="Click three dots button next to Add Products" finished-at="2024-06-17T18:03:58 IST" duration-ms="3216" status="PASS">
          <reporter-output>
          </reporter-output>
        </test-method> <!-- clickThreeDotsButtonTest -->
        <test-method signature="selectDeleteCartTest()[pri:5, instance:test.Test004_Edit_Quote_01@72c28d64]" started-at="2024-06-17T18:03:58 IST" name="selectDeleteCartTest" description="Selecting delete cart" finished-at="2024-06-17T18:04:03 IST" duration-ms="5184" status="PASS">
          <reporter-output>
          </reporter-output>
        </test-method> <!-- selectDeleteCartTest -->
        <test-method signature="handlingDiscardAllItemsInCartCheckboxTest()[pri:6, instance:test.Test004_Edit_Quote_01@72c28d64]" started-at="2024-06-17T18:04:03 IST" name="handlingDiscardAllItemsInCartCheckboxTest" description="Handling checkbox " finished-at="2024-06-17T18:04:09 IST" duration-ms="6254" status="PASS">
          <reporter-output>
          </reporter-output>
        </test-method> <!-- handlingDiscardAllItemsInCartCheckboxTest -->
        <test-method signature="clickAddExistingProductsTest()[pri:7, instance:test.Test004_Edit_Quote_01@72c28d64]" started-at="2024-06-17T18:04:09 IST" name="clickAddExistingProductsTest" description="Click on add existing products" finished-at="2024-06-17T18:04:18 IST" duration-ms="8145" status="PASS">
          <reporter-output>
          </reporter-output>
        </test-method> <!-- clickAddExistingProductsTest -->
        <test-method signature="selectmoreProductTest()[pri:8, instance:test.Test004_Edit_Quote_01@72c28d64]" started-at="2024-06-17T18:04:18 IST" name="selectmoreProductTest" description="Adding products again to the cart after deleting entire cart" finished-at="2024-06-17T18:04:45 IST" duration-ms="26932" status="PASS">
          <reporter-output>
          </reporter-output>
        </test-method> <!-- selectmoreProductTest -->
        <test-method signature="selectCartAgainTest()[pri:9, instance:test.Test004_Edit_Quote_01@72c28d64]" started-at="2024-06-17T18:04:45 IST" name="selectCartAgainTest" description="Moving again towards Cart page" finished-at="2024-06-17T18:04:48 IST" duration-ms="3230" status="PASS">
          <reporter-output>
          </reporter-output>
        </test-method> <!-- selectCartAgainTest -->
        <test-method signature="clickCreateOrderTest()[pri:10, instance:test.Test004_Edit_Quote_01@72c28d64]" started-at="2024-06-17T18:04:48 IST" name="clickCreateOrderTest" description="clicking on Create quote button on cart page" finished-at="2024-06-17T18:04:53 IST" duration-ms="5193" status="PASS">
          <reporter-output>
          </reporter-output>
        </test-method> <!-- clickCreateOrderTest -->
        <test-method signature="clickChooseCustomerTest()[pri:11, instance:test.Test004_Edit_Quote_01@72c28d64]" started-at="2024-06-17T18:04:53 IST" name="clickChooseCustomerTest" description="clicking on Choose customer button" finished-at="2024-06-17T18:04:58 IST" duration-ms="5228" status="PASS">
          <reporter-output>
          </reporter-output>
        </test-method> <!-- clickChooseCustomerTest -->
        <test-method signature="customerSearchTest()[pri:12, instance:test.Test004_Edit_Quote_01@72c28d64]" started-at="2024-06-17T18:04:58 IST" name="customerSearchTest" description="Searching customer" finished-at="2024-06-17T18:05:14 IST" duration-ms="15541" status="PASS">
          <reporter-output>
          </reporter-output>
        </test-method> <!-- customerSearchTest -->
        <test-method signature="clickCreateOrder2ButtonTest()[pri:13, instance:test.Test004_Edit_Quote_01@72c28d64]" started-at="2024-06-17T18:05:14 IST" name="clickCreateOrder2ButtonTest" description="Click on create quote" finished-at="2024-06-17T18:05:22 IST" duration-ms="8126" status="PASS">
          <reporter-output>
          </reporter-output>
        </test-method> <!-- clickCreateOrder2ButtonTest -->
        <test-method signature="clickProceedButtonTest()[pri:14, instance:test.Test004_Edit_Quote_01@72c28d64]" started-at="2024-06-17T18:05:22 IST" name="clickProceedButtonTest" description="Click on proceed button" finished-at="2024-06-17T18:05:27 IST" duration-ms="5222" status="PASS">
          <reporter-output>
          </reporter-output>
        </test-method> <!-- clickProceedButtonTest -->
        <test-method signature="clickSubmitQuoteTest()[pri:15, instance:test.Test004_Edit_Quote_01@72c28d64]" started-at="2024-06-17T18:05:27 IST" name="clickSubmitQuoteTest" description="Click on submit quote button" finished-at="2024-06-17T18:05:32 IST" duration-ms="5178" status="PASS">
          <reporter-output>
          </reporter-output>
        </test-method> <!-- clickSubmitQuoteTest -->
        <test-method signature="clickEditQuotebuttonTest()[pri:16, instance:test.Test004_Edit_Quote_01@72c28d64]" started-at="2024-06-17T18:05:32 IST" name="clickEditQuotebuttonTest" description="Click on edit quote button" finished-at="2024-06-17T18:05:38 IST" duration-ms="5241" status="PASS">
          <reporter-output>
          </reporter-output>
        </test-method> <!-- clickEditQuotebuttonTest -->
        <test-method signature="clickAddDiscountButtonTest()[pri:17, instance:test.Test004_Edit_Quote_01@72c28d64]" started-at="2024-06-17T18:05:38 IST" name="clickAddDiscountButtonTest" description="Click on Add discount button" finished-at="2024-06-17T18:05:41 IST" duration-ms="3150" status="PASS">
          <reporter-output>
          </reporter-output>
        </test-method> <!-- clickAddDiscountButtonTest -->
        <test-method signature="enterDiscountTest()[pri:18, instance:test.Test004_Edit_Quote_01@72c28d64]" started-at="2024-06-17T18:05:41 IST" name="enterDiscountTest" description="Enter the discount value" finished-at="2024-06-17T18:05:44 IST" duration-ms="3471" status="PASS">
          <reporter-output>
          </reporter-output>
        </test-method> <!-- enterDiscountTest -->
        <test-method signature="verifyAmountAfterDiscountTest()[pri:19, instance:test.Test004_Edit_Quote_01@72c28d64]" started-at="2024-06-17T18:05:44 IST" name="verifyAmountAfterDiscountTest" description="Amount verification" finished-at="2024-06-17T18:05:49 IST" duration-ms="5123" status="PASS">
          <reporter-output>
          </reporter-output>
        </test-method> <!-- verifyAmountAfterDiscountTest -->
        <test-method signature="clickApplyButtonTest()[pri:20, instance:test.Test004_Edit_Quote_01@72c28d64]" started-at="2024-06-17T18:05:49 IST" name="clickApplyButtonTest" description="Click on apply button" finished-at="2024-06-17T18:05:55 IST" duration-ms="6184" status="PASS">
          <reporter-output>
          </reporter-output>
        </test-method> <!-- clickApplyButtonTest -->
        <test-method signature="clickAddShippingChargeButtonTest()[pri:21, instance:test.Test004_Edit_Quote_01@72c28d64]" started-at="2024-06-17T18:05:55 IST" name="clickAddShippingChargeButtonTest" description="Click on Add Shipping charge button" finished-at="2024-06-17T18:05:59 IST" duration-ms="3101" status="PASS">
          <reporter-output>
          </reporter-output>
        </test-method> <!-- clickAddShippingChargeButtonTest -->
        <test-method signature="enterShippingChargeTest()[pri:22, instance:test.Test004_Edit_Quote_01@72c28d64]" started-at="2024-06-17T18:05:59 IST" name="enterShippingChargeTest" description="Enter the shipping value" finished-at="2024-06-17T18:06:02 IST" duration-ms="3291" status="PASS">
          <reporter-output>
          </reporter-output>
        </test-method> <!-- enterShippingChargeTest -->
        <test-method signature="verifyAmountAfterShipping()[pri:23, instance:test.Test004_Edit_Quote_01@72c28d64]" started-at="2024-06-17T18:06:02 IST" name="verifyAmountAfterShipping" description="Amount verification" finished-at="2024-06-17T18:06:02 IST" duration-ms="139" status="PASS">
          <reporter-output>
          </reporter-output>
        </test-method> <!-- verifyAmountAfterShipping -->
        <test-method signature="clickShippingApplyButtonTest()[pri:24, instance:test.Test004_Edit_Quote_01@72c28d64]" started-at="2024-06-17T18:06:02 IST" name="clickShippingApplyButtonTest" description="Click on apply button" finished-at="2024-06-17T18:06:08 IST" duration-ms="6173" status="PASS">
          <reporter-output>
          </reporter-output>
        </test-method> <!-- clickShippingApplyButtonTest -->
        <test-method signature="clickAddTaxButtonTest()[pri:25, instance:test.Test004_Edit_Quote_01@72c28d64]" started-at="2024-06-17T18:06:08 IST" name="clickAddTaxButtonTest" description="Click on Add Tax button" finished-at="2024-06-17T18:06:11 IST" duration-ms="3178" status="PASS">
          <reporter-output>
          </reporter-output>
        </test-method> <!-- clickAddTaxButtonTest -->
        <test-method signature="enterTaxTest()[pri:26, instance:test.Test004_Edit_Quote_01@72c28d64]" started-at="2024-06-17T18:06:11 IST" name="enterTaxTest" description="Enter the tax value" finished-at="2024-06-17T18:06:15 IST" duration-ms="3287" status="PASS">
          <reporter-output>
          </reporter-output>
        </test-method> <!-- enterTaxTest -->
        <test-method signature="verifyAmountAfterTaxTest()[pri:27, instance:test.Test004_Edit_Quote_01@72c28d64]" started-at="2024-06-17T18:06:15 IST" name="verifyAmountAfterTaxTest" description="Amount verification" finished-at="2024-06-17T18:06:15 IST" duration-ms="151" status="PASS">
          <reporter-output>
          </reporter-output>
        </test-method> <!-- verifyAmountAfterTaxTest -->
        <test-method signature="clickTaxApplyButtonTest()[pri:28, instance:test.Test004_Edit_Quote_01@72c28d64]" started-at="2024-06-17T18:06:15 IST" name="clickTaxApplyButtonTest" description="Click on apply button" finished-at="2024-06-17T18:06:21 IST" duration-ms="6173" status="PASS">
          <reporter-output>
          </reporter-output>
        </test-method> <!-- clickTaxApplyButtonTest -->
        <test-method signature="clickAddAdditionalChargeButtonTest()[pri:29, instance:test.Test004_Edit_Quote_01@72c28d64]" started-at="2024-06-17T18:06:21 IST" name="clickAddAdditionalChargeButtonTest" description="Click on Add additional charge button" finished-at="2024-06-17T18:06:24 IST" duration-ms="3160" status="PASS">
          <reporter-output>
          </reporter-output>
        </test-method> <!-- clickAddAdditionalChargeButtonTest -->
        <test-method signature="enterAdditionalchargeTest()[pri:31, instance:test.Test004_Edit_Quote_01@72c28d64]" started-at="2024-06-17T18:06:24 IST" name="enterAdditionalchargeTest" description="Enter the add charge value" finished-at="2024-06-17T18:06:27 IST" duration-ms="3214" status="PASS">
          <reporter-output>
          </reporter-output>
        </test-method> <!-- enterAdditionalchargeTest -->
        <test-method signature="verifyAmountAfterAddChargeTest()[pri:32, instance:test.Test004_Edit_Quote_01@72c28d64]" started-at="2024-06-17T18:06:27 IST" name="verifyAmountAfterAddChargeTest" description="Amount verification" finished-at="2024-06-17T18:06:28 IST" duration-ms="208" status="PASS">
          <reporter-output>
          </reporter-output>
        </test-method> <!-- verifyAmountAfterAddChargeTest -->
        <test-method signature="clickApplyAdditionalChargeButtonTest()[pri:33, instance:test.Test004_Edit_Quote_01@72c28d64]" started-at="2024-06-17T18:06:28 IST" name="clickApplyAdditionalChargeButtonTest" description="Click on apply button" finished-at="2024-06-17T18:06:38 IST" duration-ms="10170" status="PASS">
          <reporter-output>
          </reporter-output>
        </test-method> <!-- clickApplyAdditionalChargeButtonTest -->
        <test-method signature="verifyPageAmountTest()[pri:34, instance:test.Test004_Edit_Quote_01@72c28d64]" started-at="2024-06-17T18:06:38 IST" name="verifyPageAmountTest" description="Page amount verification" finished-at="2024-06-17T18:06:44 IST" duration-ms="6266" status="PASS">
          <reporter-output>
          </reporter-output>
        </test-method> <!-- verifyPageAmountTest -->
        <test-method signature="clickReSubmitQuoteButtonTest()[pri:35, instance:test.Test004_Edit_Quote_01@72c28d64]" started-at="2024-06-17T18:06:44 IST" name="clickReSubmitQuoteButtonTest" description="Click on re-submit quote button" finished-at="2024-06-17T18:06:51 IST" duration-ms="7186" status="PASS">
          <reporter-output>
          </reporter-output>
        </test-method> <!-- clickReSubmitQuoteButtonTest -->
        <test-method signature="clickConvertToOrderTest()[pri:36, instance:test.Test004_Edit_Quote_01@72c28d64]" started-at="2024-06-17T18:06:51 IST" name="clickConvertToOrderTest" description="Click on convert to order" finished-at="2024-06-17T18:06:56 IST" duration-ms="5195" status="PASS">
          <reporter-output>
          </reporter-output>
        </test-method> <!-- clickConvertToOrderTest -->
        <test-method signature="handlingCheckbox1Test()[pri:37, instance:test.Test004_Edit_Quote_01@72c28d64]" started-at="2024-06-17T18:06:56 IST" name="handlingCheckbox1Test" description="Handling check box 1" finished-at="2024-06-17T18:07:07 IST" duration-ms="10291" status="PASS">
          <reporter-output>
          </reporter-output>
        </test-method> <!-- handlingCheckbox1Test -->
        <test-method signature="clickSubmitOrderButtonTest()[pri:38, instance:test.Test004_Edit_Quote_01@72c28d64]" started-at="2024-06-17T18:07:07 IST" name="clickSubmitOrderButtonTest" description="Click on submit order" finished-at="2024-06-17T18:07:12 IST" duration-ms="5176" status="PASS">
          <reporter-output>
          </reporter-output>
        </test-method> <!-- clickSubmitOrderButtonTest -->
        <test-method signature="handlingCheckbox2Test()[pri:39, instance:test.Test004_Edit_Quote_01@72c28d64]" started-at="2024-06-17T18:07:12 IST" name="handlingCheckbox2Test" description="Handling check box 2" finished-at="2024-06-17T18:07:22 IST" duration-ms="10171" status="PASS">
          <reporter-output>
          </reporter-output>
        </test-method> <!-- handlingCheckbox2Test -->
        <test-method is-config="true" signature="closeBrowser()[pri:0, instance:test.Test004_Edit_Quote_01@72c28d64]" started-at="2024-06-17T18:07:22 IST" name="closeBrowser" finished-at="2024-06-17T18:07:28 IST" duration-ms="5566" status="PASS">
          <reporter-output>
          </reporter-output>
        </test-method> <!-- closeBrowser -->
      </class> <!-- test.Test004_Edit_Quote_01 -->
      <class name="test.Test003_Convert_Quote_To_Order">
        <test-method is-config="true" signature="openBrowser()[pri:0, instance:test.Test003_Convert_Quote_To_Order@2807bdeb]" started-at="2024-06-17T17:58:44 IST" name="openBrowser" finished-at="2024-06-17T17:58:49 IST" duration-ms="5030" status="PASS">
          <reporter-output>
          </reporter-output>
        </test-method> <!-- openBrowser -->
        <test-method signature="productButtonTest()[pri:1, instance:test.Test003_Convert_Quote_To_Order@2807bdeb]" started-at="2024-06-17T17:58:49 IST" name="productButtonTest" description="Click on product button" finished-at="2024-06-17T17:59:02 IST" duration-ms="13365" status="PASS">
          <reporter-output>
          </reporter-output>
        </test-method> <!-- productButtonTest -->
        <test-method signature="selectProduct()[pri:2, instance:test.Test003_Convert_Quote_To_Order@2807bdeb]" started-at="2024-06-17T17:59:02 IST" name="selectProduct" description="Adding products to cart" finished-at="2024-06-17T17:59:19 IST" duration-ms="16941" status="PASS">
          <reporter-output>
          </reporter-output>
        </test-method> <!-- selectProduct -->
        <test-method signature="selectCart()[pri:3, instance:test.Test003_Convert_Quote_To_Order@2807bdeb]" started-at="2024-06-17T17:59:19 IST" name="selectCart" description="Moving towards Cart page" finished-at="2024-06-17T17:59:22 IST" duration-ms="3223" status="PASS">
          <reporter-output>
          </reporter-output>
        </test-method> <!-- selectCart -->
        <test-method signature="clickCreateOrderTest()[pri:4, instance:test.Test003_Convert_Quote_To_Order@2807bdeb]" started-at="2024-06-17T17:59:22 IST" name="clickCreateOrderTest" description="clicking on Create quote button on cart page" finished-at="2024-06-17T17:59:27 IST" duration-ms="5236" status="PASS">
          <reporter-output>
          </reporter-output>
        </test-method> <!-- clickCreateOrderTest -->
        <test-method signature="clickChooseCustomerTest()[pri:5, instance:test.Test003_Convert_Quote_To_Order@2807bdeb]" started-at="2024-06-17T17:59:27 IST" name="clickChooseCustomerTest" description="clicking on Choose customer button" finished-at="2024-06-17T17:59:33 IST" duration-ms="5261" status="PASS">
          <reporter-output>
          </reporter-output>
        </test-method> <!-- clickChooseCustomerTest -->
        <test-method signature="customerSearchTest()[pri:6, instance:test.Test003_Convert_Quote_To_Order@2807bdeb]" started-at="2024-06-17T17:59:33 IST" name="customerSearchTest" description="Searching customer" finished-at="2024-06-17T17:59:48 IST" duration-ms="15494" status="PASS">
          <reporter-output>
          </reporter-output>
        </test-method> <!-- customerSearchTest -->
        <test-method signature="clickCreateOrder2ButtonTest()[pri:7, instance:test.Test003_Convert_Quote_To_Order@2807bdeb]" started-at="2024-06-17T17:59:48 IST" name="clickCreateOrder2ButtonTest" description="Click on create quote" finished-at="2024-06-17T17:59:56 IST" duration-ms="8201" status="PASS">
          <reporter-output>
          </reporter-output>
        </test-method> <!-- clickCreateOrder2ButtonTest -->
        <test-method signature="clickProceedButtonTest()[pri:8, instance:test.Test003_Convert_Quote_To_Order@2807bdeb]" started-at="2024-06-17T17:59:56 IST" name="clickProceedButtonTest" description="Click on proceed button" finished-at="2024-06-17T18:00:02 IST" duration-ms="5293" status="PASS">
          <reporter-output>
          </reporter-output>
        </test-method> <!-- clickProceedButtonTest -->
        <test-method signature="verifyCustomerDetailsOnQuoteTest()[pri:9, instance:test.Test003_Convert_Quote_To_Order@2807bdeb]" started-at="2024-06-17T18:00:02 IST" name="verifyCustomerDetailsOnQuoteTest" description="Verify customer details" finished-at="2024-06-17T18:00:07 IST" duration-ms="5199" status="PASS">
          <reporter-output>
          </reporter-output>
        </test-method> <!-- verifyCustomerDetailsOnQuoteTest -->
        <test-method signature="verifyBillingDetailsOnQuoteTest()[pri:10, instance:test.Test003_Convert_Quote_To_Order@2807bdeb]" started-at="2024-06-17T18:00:07 IST" name="verifyBillingDetailsOnQuoteTest" description="Verify billing address details on quote" finished-at="2024-06-17T18:00:11 IST" duration-ms="4134" status="PASS">
          <reporter-output>
          </reporter-output>
        </test-method> <!-- verifyBillingDetailsOnQuoteTest -->
        <test-method signature="verifyShippingDetailsOnQuoteTest()[pri:11, instance:test.Test003_Convert_Quote_To_Order@2807bdeb]" started-at="2024-06-17T18:00:11 IST" name="verifyShippingDetailsOnQuoteTest" description="Verify shipping address details on quote" finished-at="2024-06-17T18:00:15 IST" duration-ms="4132" status="PASS">
          <reporter-output>
          </reporter-output>
        </test-method> <!-- verifyShippingDetailsOnQuoteTest -->
        <test-method signature="getMailIdOnQuotePageTest()[pri:12, instance:test.Test003_Convert_Quote_To_Order@2807bdeb]" started-at="2024-06-17T18:00:15 IST" name="getMailIdOnQuotePageTest" description="Verify mailId details on quote" finished-at="2024-06-17T18:00:18 IST" duration-ms="3121" status="PASS">
          <reporter-output>
          </reporter-output>
        </test-method> <!-- getMailIdOnQuotePageTest -->
        <test-method signature="clickTearSheetIconTest()[pri:13, instance:test.Test003_Convert_Quote_To_Order@2807bdeb]" started-at="2024-06-17T18:00:18 IST" name="clickTearSheetIconTest" description="Click on tear sheet icon" finished-at="2024-06-17T18:00:22 IST" duration-ms="4220" status="PASS">
          <reporter-output>
          </reporter-output>
        </test-method> <!-- clickTearSheetIconTest -->
        <test-method signature="clickExcelSheet()[pri:14, instance:test.Test003_Convert_Quote_To_Order@2807bdeb]" started-at="2024-06-17T18:00:22 IST" name="clickExcelSheet" description="Click on Excel Sheet for downloading" finished-at="2024-06-17T18:00:27 IST" duration-ms="4240" status="PASS">
          <reporter-output>
          </reporter-output>
        </test-method> <!-- clickExcelSheet -->
        <test-method signature="clickTearSheetIconAgainTest()[pri:15, instance:test.Test003_Convert_Quote_To_Order@2807bdeb]" started-at="2024-06-17T18:00:27 IST" name="clickTearSheetIconAgainTest" description="Click on tear sheet icon again" finished-at="2024-06-17T18:00:31 IST" duration-ms="4176" status="PASS">
          <reporter-output>
          </reporter-output>
        </test-method> <!-- clickTearSheetIconAgainTest -->
        <test-method signature="clickPDFTest()[pri:16, instance:test.Test003_Convert_Quote_To_Order@2807bdeb]" started-at="2024-06-17T18:00:31 IST" name="clickPDFTest" description="Click on PDF for downloading" finished-at="2024-06-17T18:00:35 IST" duration-ms="4264" status="PASS">
          <reporter-output>
          </reporter-output>
        </test-method> <!-- clickPDFTest -->
        <test-method signature="verifyTotalAndPendingAmtTest()[pri:17, instance:test.Test003_Convert_Quote_To_Order@2807bdeb]" started-at="2024-06-17T18:00:35 IST" name="verifyTotalAndPendingAmtTest" description="Verify total and pending amount" finished-at="2024-06-17T18:00:39 IST" duration-ms="4229" status="PASS">
          <reporter-output>
          </reporter-output>
        </test-method> <!-- verifyTotalAndPendingAmtTest -->
        <test-method signature="clickThreeDotsTest()[pri:18, instance:test.Test003_Convert_Quote_To_Order@2807bdeb]" started-at="2024-06-17T18:00:39 IST" name="clickThreeDotsTest" description="Click on three dots button" finished-at="2024-06-17T18:00:43 IST" duration-ms="4171" status="PASS">
          <reporter-output>
          </reporter-output>
        </test-method> <!-- clickThreeDotsTest -->
        <test-method signature="threeDotsDropdownTest()[pri:19, instance:test.Test003_Convert_Quote_To_Order@2807bdeb]" started-at="2024-06-17T18:00:43 IST" name="threeDotsDropdownTest" description="Click on Cancel quote from dropdown" finished-at="2024-06-17T18:00:48 IST" duration-ms="4291" status="PASS">
          <reporter-output>
          </reporter-output>
        </test-method> <!-- threeDotsDropdownTest -->
        <test-method signature="handlingCancelQuoteCheckboxTest()[pri:20, instance:test.Test003_Convert_Quote_To_Order@2807bdeb]" started-at="2024-06-17T18:00:48 IST" name="handlingCancelQuoteCheckboxTest" description="Handling cancel quote check box" finished-at="2024-06-17T18:00:58 IST" duration-ms="10218" status="PASS">
          <reporter-output>
          </reporter-output>
        </test-method> <!-- handlingCancelQuoteCheckboxTest -->
        <test-method signature="copyOrderIdTest()[pri:21, instance:test.Test003_Convert_Quote_To_Order@2807bdeb]" started-at="2024-06-17T18:00:58 IST" name="copyOrderIdTest" description="Copy Id" finished-at="2024-06-17T18:01:11 IST" duration-ms="13468" status="PASS">
          <reporter-output>
          </reporter-output>
        </test-method> <!-- copyOrderIdTest -->
        <test-method signature="selectSaveForLater()[pri:22, instance:test.Test003_Convert_Quote_To_Order@2807bdeb]" started-at="2024-06-17T18:01:11 IST" name="selectSaveForLater" description="Selecting save for later to submit quote" finished-at="2024-06-17T18:01:20 IST" duration-ms="8169" status="PASS">
          <reporter-output>
          </reporter-output>
        </test-method> <!-- selectSaveForLater -->
        <test-method signature="pasteOrderIdTest()[pri:23, instance:test.Test003_Convert_Quote_To_Order@2807bdeb]" started-at="2024-06-17T18:01:20 IST" name="pasteOrderIdTest" description="Paste Id in reference textbox" finished-at="2024-06-17T18:01:30 IST" duration-ms="10271" status="PASS">
          <reporter-output>
          </reporter-output>
        </test-method> <!-- pasteOrderIdTest -->
        <test-method signature="getTypeStatusTest()[pri:24, instance:test.Test003_Convert_Quote_To_Order@2807bdeb]" started-at="2024-06-17T18:01:30 IST" name="getTypeStatusTest" description="Get type status" finished-at="2024-06-17T18:01:33 IST" duration-ms="3085" status="PASS">
          <reporter-output>
          </reporter-output>
        </test-method> <!-- getTypeStatusTest -->
        <test-method signature="getDarftStatusTest()[pri:25, instance:test.Test003_Convert_Quote_To_Order@2807bdeb]" started-at="2024-06-17T18:01:33 IST" name="getDarftStatusTest" description="Get status" finished-at="2024-06-17T18:01:36 IST" duration-ms="3120" status="PASS">
          <reporter-output>
          </reporter-output>
        </test-method> <!-- getDarftStatusTest -->
        <test-method signature="clickmainIdTest()[pri:26, instance:test.Test003_Convert_Quote_To_Order@2807bdeb]" started-at="2024-06-17T18:01:36 IST" name="clickmainIdTest" description="Click on mainID" finished-at="2024-06-17T18:01:41 IST" duration-ms="5219" status="PASS">
          <reporter-output>
          </reporter-output>
        </test-method> <!-- clickmainIdTest -->
        <test-method signature="clickSubmitQuoteTest()[pri:27, instance:test.Test003_Convert_Quote_To_Order@2807bdeb]" started-at="2024-06-17T18:01:41 IST" name="clickSubmitQuoteTest" description="Click on Submit Quote" finished-at="2024-06-17T18:01:47 IST" duration-ms="5175" status="PASS">
          <reporter-output>
          </reporter-output>
        </test-method> <!-- clickSubmitQuoteTest -->
        <test-method signature="clickConvertToOrderTest()[pri:28, instance:test.Test003_Convert_Quote_To_Order@2807bdeb]" started-at="2024-06-17T18:01:47 IST" name="clickConvertToOrderTest" description="Click on convert to order" finished-at="2024-06-17T18:01:52 IST" duration-ms="5203" status="PASS">
          <reporter-output>
          </reporter-output>
        </test-method> <!-- clickConvertToOrderTest -->
        <test-method signature="handlingCheckbox1Test()[pri:29, instance:test.Test003_Convert_Quote_To_Order@2807bdeb]" started-at="2024-06-17T18:01:52 IST" name="handlingCheckbox1Test" description="Handling check box 1" finished-at="2024-06-17T18:02:02 IST" duration-ms="10233" status="PASS">
          <reporter-output>
          </reporter-output>
        </test-method> <!-- handlingCheckbox1Test -->
        <test-method signature="clickSubmitOrderButtonTest()[pri:30, instance:test.Test003_Convert_Quote_To_Order@2807bdeb]" started-at="2024-06-17T18:02:02 IST" name="clickSubmitOrderButtonTest" description="Click on submit order" finished-at="2024-06-17T18:02:07 IST" duration-ms="5182" status="PASS">
          <reporter-output>
          </reporter-output>
        </test-method> <!-- clickSubmitOrderButtonTest -->
        <test-method signature="handlingCheckbox2Test()[pri:31, instance:test.Test003_Convert_Quote_To_Order@2807bdeb]" started-at="2024-06-17T18:02:07 IST" name="handlingCheckbox2Test" description="Handling check box 2" finished-at="2024-06-17T18:02:17 IST" duration-ms="10255" status="PASS">
          <reporter-output>
          </reporter-output>
        </test-method> <!-- handlingCheckbox2Test -->
        <test-method signature="getCustomerDetailsOnOrderPageTest()[pri:32, instance:test.Test003_Convert_Quote_To_Order@2807bdeb]" started-at="2024-06-17T18:02:17 IST" name="getCustomerDetailsOnOrderPageTest" description="Verify customer details" finished-at="2024-06-17T18:02:22 IST" duration-ms="4174" status="PASS">
          <reporter-output>
          </reporter-output>
        </test-method> <!-- getCustomerDetailsOnOrderPageTest -->
        <test-method signature="getBillingAddressOnOrderPageTest()[pri:33, instance:test.Test003_Convert_Quote_To_Order@2807bdeb]" started-at="2024-06-17T18:02:22 IST" name="getBillingAddressOnOrderPageTest" description="Verify billing address details" finished-at="2024-06-17T18:02:26 IST" duration-ms="4119" status="PASS">
          <reporter-output>
          </reporter-output>
        </test-method> <!-- getBillingAddressOnOrderPageTest -->
        <test-method signature="getShippingAddressOnOrderPageTest()[pri:34, instance:test.Test003_Convert_Quote_To_Order@2807bdeb]" started-at="2024-06-17T18:02:26 IST" name="getShippingAddressOnOrderPageTest" description="Verify shipping address details" finished-at="2024-06-17T18:02:30 IST" duration-ms="4134" status="PASS">
          <reporter-output>
          </reporter-output>
        </test-method> <!-- getShippingAddressOnOrderPageTest -->
        <test-method signature="clickThreeDotsOnOrderPageTest()[pri:35, instance:test.Test003_Convert_Quote_To_Order@2807bdeb]" started-at="2024-06-17T18:02:30 IST" name="clickThreeDotsOnOrderPageTest" description="Click on three dots button on order page" finished-at="2024-06-17T18:02:35 IST" duration-ms="5180" status="PASS">
          <reporter-output>
          </reporter-output>
        </test-method> <!-- clickThreeDotsOnOrderPageTest -->
        <test-method signature="threeDotsDropdownOrderPageTest()[pri:36, instance:test.Test003_Convert_Quote_To_Order@2807bdeb]" started-at="2024-06-17T18:02:35 IST" name="threeDotsDropdownOrderPageTest" description="Click on cancel order on dropdown" finished-at="2024-06-17T18:02:40 IST" duration-ms="4525" status="PASS">
          <reporter-output>
          </reporter-output>
        </test-method> <!-- threeDotsDropdownOrderPageTest -->
        <test-method signature="handlingCancelOrderCheckboxTest()[pri:37, instance:test.Test003_Convert_Quote_To_Order@2807bdeb]" started-at="2024-06-17T18:02:40 IST" name="handlingCancelOrderCheckboxTest" description="Handling cancel order check box" finished-at="2024-06-17T18:02:50 IST" duration-ms="10324" status="PASS">
          <reporter-output>
          </reporter-output>
        </test-method> <!-- handlingCancelOrderCheckboxTest -->
        <test-method signature="verifyCartTotalOnOrderPageTest()[pri:38, instance:test.Test003_Convert_Quote_To_Order@2807bdeb]" started-at="2024-06-17T18:02:50 IST" name="verifyCartTotalOnOrderPageTest" description="Verify total amount on order page" finished-at="2024-06-17T18:02:54 IST" duration-ms="4082" status="PASS">
          <reporter-output>
          </reporter-output>
        </test-method> <!-- verifyCartTotalOnOrderPageTest -->
        <test-method signature="verifyViewLinkedQuoteButtonTest()[pri:39, instance:test.Test003_Convert_Quote_To_Order@2807bdeb]" started-at="2024-06-17T18:02:54 IST" name="verifyViewLinkedQuoteButtonTest" description="Verify view linked quote button" finished-at="2024-06-17T18:02:58 IST" duration-ms="4058" status="PASS">
          <reporter-output>
          </reporter-output>
        </test-method> <!-- verifyViewLinkedQuoteButtonTest -->
        <test-method signature="verifyTearSheetIconOrderPageTest()[pri:40, instance:test.Test003_Convert_Quote_To_Order@2807bdeb]" started-at="2024-06-17T18:02:58 IST" name="verifyTearSheetIconOrderPageTest" description="Verify tear sheet icon on order page" finished-at="2024-06-17T18:03:02 IST" duration-ms="4059" status="PASS">
          <reporter-output>
          </reporter-output>
        </test-method> <!-- verifyTearSheetIconOrderPageTest -->
        <test-method signature="verifyProductInfoTest()[pri:41, instance:test.Test003_Convert_Quote_To_Order@2807bdeb]" started-at="2024-06-17T18:03:02 IST" name="verifyProductInfoTest" description="Verify product info on order page" finished-at="2024-06-17T18:03:06 IST" duration-ms="4055" status="PASS">
          <reporter-output>
          </reporter-output>
        </test-method> <!-- verifyProductInfoTest -->
        <test-method signature="getMailIdOnOrderPageTest()[pri:42, instance:test.Test003_Convert_Quote_To_Order@2807bdeb]" started-at="2024-06-17T18:03:06 IST" name="getMailIdOnOrderPageTest" description="Verify mailId details" finished-at="2024-06-17T18:03:09 IST" duration-ms="3183" status="PASS">
          <reporter-output>
          </reporter-output>
        </test-method> <!-- getMailIdOnOrderPageTest -->
        <test-method is-config="true" signature="closeBrowser()[pri:0, instance:test.Test003_Convert_Quote_To_Order@2807bdeb]" started-at="2024-06-17T18:03:09 IST" name="closeBrowser" finished-at="2024-06-17T18:03:15 IST" duration-ms="5632" status="PASS">
          <reporter-output>
          </reporter-output>
        </test-method> <!-- closeBrowser -->
      </class> <!-- test.Test003_Convert_Quote_To_Order -->
      <class name="test.Test002_Create_Order">
        <test-method is-config="true" signature="openBrowser()[pri:0, instance:test.Test002_Create_Order@18920cc]" started-at="2024-06-17T17:55:15 IST" name="openBrowser" finished-at="2024-06-17T17:55:20 IST" duration-ms="5858" status="PASS">
          <reporter-output>
          </reporter-output>
        </test-method> <!-- openBrowser -->
        <test-method signature="productButtonTest()[pri:1, instance:test.Test002_Create_Order@18920cc]" started-at="2024-06-17T17:55:20 IST" name="productButtonTest" description="Click on product button" finished-at="2024-06-17T17:55:34 IST" duration-ms="13306" status="PASS">
          <reporter-output>
          </reporter-output>
        </test-method> <!-- productButtonTest -->
        <test-method signature="productsVisibleOnCartIconTest()[pri:2, instance:test.Test002_Create_Order@18920cc]" started-at="2024-06-17T17:55:34 IST" name="productsVisibleOnCartIconTest" description="check cart to discard entire cart if products existed prior" finished-at="2024-06-17T17:55:52 IST" duration-ms="18227" status="PASS">
          <reporter-output>
          </reporter-output>
        </test-method> <!-- productsVisibleOnCartIconTest -->
        <test-method signature="selectProduct()[pri:3, instance:test.Test002_Create_Order@18920cc]" started-at="2024-06-17T17:55:52 IST" name="selectProduct" description="Adding products to cart" finished-at="2024-06-17T17:56:13 IST" duration-ms="21201" status="PASS">
          <reporter-output>
          </reporter-output>
        </test-method> <!-- selectProduct -->
        <test-method signature="selectCart()[pri:4, instance:test.Test002_Create_Order@18920cc]" started-at="2024-06-17T17:56:13 IST" name="selectCart" description="Moving towards Cart page" finished-at="2024-06-17T17:56:16 IST" duration-ms="3223" status="PASS">
          <reporter-output>
          </reporter-output>
        </test-method> <!-- selectCart -->
        <test-method signature="plusButtonTest()[pri:5, instance:test.Test002_Create_Order@18920cc]" started-at="2024-06-17T17:56:16 IST" name="plusButtonTest" description="Increasing product count by click on plus button" finished-at="2024-06-17T17:56:20 IST" duration-ms="3179" status="PASS">
          <reporter-output>
          </reporter-output>
        </test-method> <!-- plusButtonTest -->
        <test-method signature="increasingProductCountTest()[pri:6, instance:test.Test002_Create_Order@18920cc]" started-at="2024-06-17T17:56:20 IST" name="increasingProductCountTest" description="Increasing product count" finished-at="2024-06-17T17:56:23 IST" duration-ms="3069" status="PASS">
          <reporter-output>
          </reporter-output>
        </test-method> <!-- increasingProductCountTest -->
        <test-method signature="verifyDeleteTest()[pri:7, instance:test.Test002_Create_Order@18920cc]" started-at="2024-06-17T17:56:23 IST" name="verifyDeleteTest" description="Delete product by clicking on delete button" finished-at="2024-06-17T17:56:26 IST" duration-ms="3159" status="PASS">
          <reporter-output>
          </reporter-output>
        </test-method> <!-- verifyDeleteTest -->
        <test-method signature="validatingTotalProductOnCartTest()[pri:8, instance:test.Test002_Create_Order@18920cc]" started-at="2024-06-17T17:56:26 IST" name="validatingTotalProductOnCartTest" description="Count total products on cart after deleting" finished-at="2024-06-17T17:56:29 IST" duration-ms="3067" status="PASS">
          <reporter-output>
          </reporter-output>
        </test-method> <!-- validatingTotalProductOnCartTest -->
        <test-method signature="deleteProductByThreedotButtonTest()[pri:9, instance:test.Test002_Create_Order@18920cc]" started-at="2024-06-17T17:56:29 IST" name="deleteProductByThreedotButtonTest" description="Delete product by click on three dots and selecting delete item" finished-at="2024-06-17T17:56:37 IST" duration-ms="8341" status="PASS">
          <reporter-output>
          </reporter-output>
        </test-method> <!-- deleteProductByThreedotButtonTest -->
        <test-method signature="minusButtonTest()[pri:10, instance:test.Test002_Create_Order@18920cc]" started-at="2024-06-17T17:56:37 IST" name="minusButtonTest" description="Decreasing product count by click on minus button" finished-at="2024-06-17T17:56:42 IST" duration-ms="5291" status="PASS">
          <reporter-output>
          </reporter-output>
        </test-method> <!-- minusButtonTest -->
        <test-method signature="decreasingProductCountTest()[pri:11, instance:test.Test002_Create_Order@18920cc]" started-at="2024-06-17T17:56:42 IST" name="decreasingProductCountTest" description="Decreasing product count" finished-at="2024-06-17T17:56:46 IST" duration-ms="3057" status="PASS">
          <reporter-output>
          </reporter-output>
        </test-method> <!-- decreasingProductCountTest -->
        <test-method signature="addNoteByThreedotButtonTest()[pri:12, instance:test.Test002_Create_Order@18920cc]" started-at="2024-06-17T17:56:46 IST" name="addNoteByThreedotButtonTest" description="Add Note by click on three dots" finished-at="2024-06-17T17:56:54 IST" duration-ms="8491" status="PASS">
          <reporter-output>
          </reporter-output>
        </test-method> <!-- addNoteByThreedotButtonTest -->
        <test-method signature="writeNoteTest()[pri:13, instance:test.Test002_Create_Order@18920cc]" started-at="2024-06-17T17:56:54 IST" name="writeNoteTest" description="Adding note in textbox" finished-at="2024-06-17T17:56:57 IST" duration-ms="3345" status="PASS">
          <reporter-output>
          </reporter-output>
        </test-method> <!-- writeNoteTest -->
        <test-method signature="saveButtonTest()[pri:14, instance:test.Test002_Create_Order@18920cc]" started-at="2024-06-17T17:56:57 IST" name="saveButtonTest" description="click on save button" finished-at="2024-06-17T17:57:02 IST" duration-ms="4177" status="PASS">
          <reporter-output>
          </reporter-output>
        </test-method> <!-- saveButtonTest -->
        <test-method signature="addNoteText()[pri:15, instance:test.Test002_Create_Order@18920cc]" started-at="2024-06-17T17:57:02 IST" name="addNoteText" description="verifying note on cart page" finished-at="2024-06-17T17:57:02 IST" duration-ms="39" status="PASS">
          <reporter-output>
          </reporter-output>
        </test-method> <!-- addNoteText -->
        <test-method signature="clickAgainOnThreeDotsButtonTest()[pri:16, instance:test.Test002_Create_Order@18920cc]" started-at="2024-06-17T17:57:02 IST" name="clickAgainOnThreeDotsButtonTest" description="Offer Dicount by click on three dots" finished-at="2024-06-17T17:57:10 IST" duration-ms="8381" status="PASS">
          <reporter-output>
          </reporter-output>
        </test-method> <!-- clickAgainOnThreeDotsButtonTest -->
        <test-method signature="offeringDiscountTest()[pri:17, instance:test.Test002_Create_Order@18920cc]" started-at="2024-06-17T17:57:10 IST" name="offeringDiscountTest" description="Adding discount in the textbox" finished-at="2024-06-17T17:57:13 IST" duration-ms="3330" status="PASS">
          <reporter-output>
          </reporter-output>
        </test-method> <!-- offeringDiscountTest -->
        <test-method signature="verifyingAmountTest()[pri:18, instance:test.Test002_Create_Order@18920cc]" started-at="2024-06-17T17:57:13 IST" name="verifyingAmountTest" description="Amount verification" finished-at="2024-06-17T17:57:18 IST" duration-ms="4122" status="PASS">
          <reporter-output>
          </reporter-output>
        </test-method> <!-- verifyingAmountTest -->
        <test-method signature="clickConfirmButtonTest()[pri:19, instance:test.Test002_Create_Order@18920cc]" started-at="2024-06-17T17:57:18 IST" name="clickConfirmButtonTest" description="Click on confirm button" finished-at="2024-06-17T17:57:26 IST" duration-ms="8195" status="PASS">
          <reporter-output>
          </reporter-output>
        </test-method> <!-- clickConfirmButtonTest -->
        <test-method signature="verifyDiscountVisibilityOnProductTest()[pri:20, instance:test.Test002_Create_Order@18920cc]" started-at="2024-06-17T17:57:26 IST" name="verifyDiscountVisibilityOnProductTest" description="Verify that discount visible on selected product " finished-at="2024-06-17T17:57:26 IST" duration-ms="55" status="PASS">
          <reporter-output>
          </reporter-output>
        </test-method> <!-- verifyDiscountVisibilityOnProductTest -->
        <test-method signature="clickBackArrowNextToCartTest()[pri:21, instance:test.Test002_Create_Order@18920cc]" started-at="2024-06-17T17:57:26 IST" name="clickBackArrowNextToCartTest" description="verifying click on back arrow next to cart" finished-at="2024-06-17T17:57:32 IST" duration-ms="6225" status="PASS">
          <reporter-output>
          </reporter-output>
        </test-method> <!-- clickBackArrowNextToCartTest -->
        <test-method signature="selectCartAgain()[pri:22, instance:test.Test002_Create_Order@18920cc]" started-at="2024-06-17T17:57:32 IST" name="selectCartAgain" description="Moving towards Cart page again" finished-at="2024-06-17T17:57:35 IST" duration-ms="3211" status="PASS">
          <reporter-output>
          </reporter-output>
        </test-method> <!-- selectCartAgain -->
        <test-method signature="verifyProductOnCartAgainTest()[pri:23, instance:test.Test002_Create_Order@18920cc]" started-at="2024-06-17T17:57:35 IST" name="verifyProductOnCartAgainTest" description="Count total products on cart after coming on cart page again" finished-at="2024-06-17T17:57:38 IST" duration-ms="3053" status="PASS">
          <reporter-output>
          </reporter-output>
        </test-method> <!-- verifyProductOnCartAgainTest -->
        <test-method signature="clickCreateOrderTest()[pri:24, instance:test.Test002_Create_Order@18920cc]" started-at="2024-06-17T17:57:38 IST" name="clickCreateOrderTest" description="clicking on Create Order button on cart page" finished-at="2024-06-17T17:57:47 IST" duration-ms="8263" status="PASS">
          <reporter-output>
          </reporter-output>
        </test-method> <!-- clickCreateOrderTest -->
        <test-method signature="clickChooseCustomerTest()[pri:25, instance:test.Test002_Create_Order@18920cc]" started-at="2024-06-17T17:57:47 IST" name="clickChooseCustomerTest" description="clicking on Choose customer button" finished-at="2024-06-17T17:57:55 IST" duration-ms="8189" status="PASS">
          <reporter-output>
          </reporter-output>
        </test-method> <!-- clickChooseCustomerTest -->
        <test-method signature="clickCustomerSearchTextboxTest()[pri:26, instance:test.Test002_Create_Order@18920cc]" started-at="2024-06-17T17:57:55 IST" name="clickCustomerSearchTextboxTest" description="Searching customer" finished-at="2024-06-17T17:58:10 IST" duration-ms="15593" status="PASS">
          <reporter-output>
          </reporter-output>
        </test-method> <!-- clickCustomerSearchTextboxTest -->
        <test-method signature="clickCreateOrder2ButtonTest()[pri:27, instance:test.Test002_Create_Order@18920cc]" started-at="2024-06-17T17:58:10 IST" name="clickCreateOrder2ButtonTest" description="Click on create order" finished-at="2024-06-17T17:58:19 IST" duration-ms="8183" status="PASS">
          <reporter-output>
          </reporter-output>
        </test-method> <!-- clickCreateOrder2ButtonTest -->
        <test-method signature="clickProceedButtonTest()[pri:28, instance:test.Test002_Create_Order@18920cc]" started-at="2024-06-17T17:58:19 IST" name="clickProceedButtonTest" description="Click on proceed button" finished-at="2024-06-17T17:58:24 IST" duration-ms="5279" status="PASS">
          <reporter-output>
          </reporter-output>
        </test-method> <!-- clickProceedButtonTest -->
        <test-method signature="clickSubmitOrderButtonTest()[pri:29, instance:test.Test002_Create_Order@18920cc]" started-at="2024-06-17T17:58:24 IST" name="clickSubmitOrderButtonTest" description="Click on submit order button" finished-at="2024-06-17T17:58:30 IST" duration-ms="5931" status="PASS">
          <reporter-output>
          </reporter-output>
        </test-method> <!-- clickSubmitOrderButtonTest -->
        <test-method signature="clickSubmitButtonTest()[pri:30, instance:test.Test002_Create_Order@18920cc]" started-at="2024-06-17T17:58:30 IST" name="clickSubmitButtonTest" description="Click on submit button" finished-at="2024-06-17T17:58:38 IST" duration-ms="8181" status="PASS">
          <reporter-output>
          </reporter-output>
        </test-method> <!-- clickSubmitButtonTest -->
        <test-method is-config="true" signature="closeBrowser()[pri:0, instance:test.Test002_Create_Order@18920cc]" started-at="2024-06-17T17:58:38 IST" name="closeBrowser" finished-at="2024-06-17T17:58:44 IST" duration-ms="5506" status="PASS">
          <reporter-output>
          </reporter-output>
        </test-method> <!-- closeBrowser -->
      </class> <!-- test.Test002_Create_Order -->
      <class name="test.Test007_Buyer_Switching">
        <test-method is-config="true" signature="openBrowser()[pri:0, instance:test.Test007_Buyer_Switching@39a8312f]" started-at="2024-06-17T18:13:42 IST" name="openBrowser" finished-at="2024-06-17T18:13:50 IST" duration-ms="7853" status="PASS">
          <reporter-output>
          </reporter-output>
        </test-method> <!-- openBrowser -->
        <test-method signature="productButtonTest()[pri:1, instance:test.Test007_Buyer_Switching@39a8312f]" started-at="2024-06-17T18:13:50 IST" name="productButtonTest" description="Click on product button" finished-at="2024-06-17T18:14:04 IST" duration-ms="13646" status="PASS">
          <reporter-output>
          </reporter-output>
        </test-method> <!-- productButtonTest -->
        <test-method signature="selectProduct()[pri:2, instance:test.Test007_Buyer_Switching@39a8312f]" started-at="2024-06-17T18:14:04 IST" name="selectProduct" description="Adding products to cart" finished-at="2024-06-17T18:14:21 IST" duration-ms="17200" status="PASS">
          <reporter-output>
          </reporter-output>
        </test-method> <!-- selectProduct -->
        <test-method signature="clickGuestCustomerButton1sttimeTest()[pri:3, instance:test.Test007_Buyer_Switching@39a8312f]" started-at="2024-06-17T18:14:21 IST" name="clickGuestCustomerButton1sttimeTest" description="Click on Guest Customer button" finished-at="2024-06-17T18:14:27 IST" duration-ms="5603" status="PASS">
          <reporter-output>
          </reporter-output>
        </test-method> <!-- clickGuestCustomerButton1sttimeTest -->
        <test-method signature="clickCustomerSearchTextbox1stTimeTest()[pri:4, instance:test.Test007_Buyer_Switching@39a8312f]" started-at="2024-06-17T18:14:27 IST" name="clickCustomerSearchTextbox1stTimeTest" description="Searching customer" finished-at="2024-06-17T18:14:32 IST" duration-ms="5409" status="PASS">
          <reporter-output>
          </reporter-output>
        </test-method> <!-- clickCustomerSearchTextbox1stTimeTest -->
        <test-method signature="clickCustomer1Test()[pri:5, instance:test.Test007_Buyer_Switching@39a8312f]" started-at="2024-06-17T18:14:32 IST" name="clickCustomer1Test" description="Click on selected customer and selecting new cart from popup" finished-at="2024-06-17T18:14:44 IST" duration-ms="11832" status="PASS">
          <reporter-output>
          </reporter-output>
        </test-method> <!-- clickCustomer1Test -->
        <test-method signature="clickCartButton1stTimeTest()[pri:6, instance:test.Test007_Buyer_Switching@39a8312f]" started-at="2024-06-17T18:14:44 IST" name="clickCartButton1stTimeTest" description="Moving towards Cart page" finished-at="2024-06-17T18:14:54 IST" duration-ms="10476" status="PASS">
          <reporter-output>
          </reporter-output>
        </test-method> <!-- clickCartButton1stTimeTest -->
        <test-method signature="verifyEmptyCart1stTimeTest()[pri:7, instance:test.Test007_Buyer_Switching@39a8312f]" started-at="2024-06-17T18:14:54 IST" name="verifyEmptyCart1stTimeTest" description="verify cart is empty after choosing new cart" finished-at="2024-06-17T18:14:58 IST" duration-ms="3492" status="PASS">
          <reporter-output>
          </reporter-output>
        </test-method> <!-- verifyEmptyCart1stTimeTest -->
        <test-method signature="verifyCustomerNameOnCartPage1stTimeTest()[pri:8, instance:test.Test007_Buyer_Switching@39a8312f]" started-at="2024-06-17T18:14:58 IST" name="verifyCustomerNameOnCartPage1stTimeTest" description="verify customer name on cart page" finished-at="2024-06-17T18:15:04 IST" duration-ms="6059" status="PASS">
          <reporter-output>
          </reporter-output>
        </test-method> <!-- verifyCustomerNameOnCartPage1stTimeTest -->
        <test-method signature="selectProduct2ndTimeTest()[pri:9, instance:test.Test007_Buyer_Switching@39a8312f]" started-at="2024-06-17T18:15:04 IST" name="selectProduct2ndTimeTest" description="Adding products to cart again" finished-at="2024-06-17T18:15:21 IST" duration-ms="17469" status="PASS">
          <reporter-output>
          </reporter-output>
        </test-method> <!-- selectProduct2ndTimeTest -->
        <test-method signature="clickGuestCustomerButton2ndTimeTest()[pri:10, instance:test.Test007_Buyer_Switching@39a8312f]" started-at="2024-06-17T18:15:21 IST" name="clickGuestCustomerButton2ndTimeTest" description="Click on Guest Customer button again for assign cart" finished-at="2024-06-17T18:15:27 IST" duration-ms="5568" status="PASS">
          <reporter-output>
          </reporter-output>
        </test-method> <!-- clickGuestCustomerButton2ndTimeTest -->
        <test-method signature="clickCustomerSearchTextbox2ndTimeTest()[pri:11, instance:test.Test007_Buyer_Switching@39a8312f]" started-at="2024-06-17T18:15:27 IST" name="clickCustomerSearchTextbox2ndTimeTest" description="Searching customer again for assign cart" finished-at="2024-06-17T18:15:37 IST" duration-ms="10350" status="PASS">
          <reporter-output>
          </reporter-output>
        </test-method> <!-- clickCustomerSearchTextbox2ndTimeTest -->
        <test-method signature="clickCustomer2Test()[pri:12, instance:test.Test007_Buyer_Switching@39a8312f]" started-at="2024-06-17T18:15:37 IST" name="clickCustomer2Test" description="Select customer and selecting assign cart " finished-at="2024-06-17T18:15:48 IST" duration-ms="10565" status="PASS">
          <reporter-output>
          </reporter-output>
        </test-method> <!-- clickCustomer2Test -->
        <test-method signature="clickCartButton2ndTime()[pri:13, instance:test.Test007_Buyer_Switching@39a8312f]" started-at="2024-06-17T18:15:48 IST" name="clickCartButton2ndTime" description="Moving towards Cart page again" finished-at="2024-06-17T18:15:58 IST" duration-ms="10434" status="PASS">
          <reporter-output>
          </reporter-output>
        </test-method> <!-- clickCartButton2ndTime -->
        <test-method signature="verifyCustomerNameOnCartPage2ndTimeTest()[pri:14, instance:test.Test007_Buyer_Switching@39a8312f]" started-at="2024-06-17T18:15:58 IST" name="verifyCustomerNameOnCartPage2ndTimeTest" description="verify customer name on cart page again" finished-at="2024-06-17T18:16:04 IST" duration-ms="5120" status="PASS">
          <reporter-output>
          </reporter-output>
        </test-method> <!-- verifyCustomerNameOnCartPage2ndTimeTest -->
        <test-method signature="verifyProductOnCart1stTimeTest()[pri:15, instance:test.Test007_Buyer_Switching@39a8312f]" started-at="2024-06-17T18:16:04 IST" name="verifyProductOnCart1stTimeTest" description="Count total products on cart after buyer switching" finished-at="2024-06-17T18:16:07 IST" duration-ms="3125" status="PASS">
          <reporter-output>
          </reporter-output>
        </test-method> <!-- verifyProductOnCart1stTimeTest -->
        <test-method signature="clickOnCustomerButton3rdTime()[pri:16, instance:test.Test007_Buyer_Switching@39a8312f]" started-at="2024-06-17T18:16:07 IST" name="clickOnCustomerButton3rdTime" description="Click on Customer button again to check no popup came" finished-at="2024-06-17T18:16:18 IST" duration-ms="11513" status="PASS">
          <reporter-output>
          </reporter-output>
        </test-method> <!-- clickOnCustomerButton3rdTime -->
        <test-method signature="verifyProductOnCart2ndTime()[pri:17, instance:test.Test007_Buyer_Switching@39a8312f]" started-at="2024-06-17T18:16:18 IST" name="verifyProductOnCart2ndTime" description="Count total products on cart after selecting guest customer" finished-at="2024-06-17T18:16:21 IST" duration-ms="3256" status="PASS">
          <reporter-output>
          </reporter-output>
        </test-method> <!-- verifyProductOnCart2ndTime -->
        <test-method signature="clickGuestCustomerButton3rdTimeforReplaceTest()[pri:18, instance:test.Test007_Buyer_Switching@39a8312f]" started-at="2024-06-17T18:16:21 IST" name="clickGuestCustomerButton3rdTimeforReplaceTest" description="Click on Guest Customer button again to check product added prior" finished-at="2024-06-17T18:16:27 IST" duration-ms="5252" status="PASS">
          <reporter-output>
          </reporter-output>
        </test-method> <!-- clickGuestCustomerButton3rdTimeforReplaceTest -->
        <test-method signature="clickCustomerSearchTextbox3rdTime()[pri:19, instance:test.Test007_Buyer_Switching@39a8312f]" started-at="2024-06-17T18:16:27 IST" name="clickCustomerSearchTextbox3rdTime" description="Searching customer again in which products were added previously" finished-at="2024-06-17T18:16:32 IST" duration-ms="5495" status="PASS">
          <reporter-output>
          </reporter-output>
        </test-method> <!-- clickCustomerSearchTextbox3rdTime -->
        <test-method signature="clickCustomer2AgainForkeepExistingTest()[pri:20, instance:test.Test007_Buyer_Switching@39a8312f]" started-at="2024-06-17T18:16:32 IST" name="clickCustomer2AgainForkeepExistingTest" description="Select customer and selecting keep existing from popup as product existed in the customer cart" finished-at="2024-06-17T18:16:43 IST" duration-ms="10747" status="PASS">
          <reporter-output>
          </reporter-output>
        </test-method> <!-- clickCustomer2AgainForkeepExistingTest -->
        <test-method signature="verifyProductOnCart3rdTimeTest()[pri:21, instance:test.Test007_Buyer_Switching@39a8312f]" started-at="2024-06-17T18:16:43 IST" name="verifyProductOnCart3rdTimeTest" description="Count total products on cart after buyer switching after selecting keep existing from popup" finished-at="2024-06-17T18:16:46 IST" duration-ms="3100" status="PASS">
          <reporter-output>
          </reporter-output>
        </test-method> <!-- verifyProductOnCart3rdTimeTest -->
        <test-method signature="clickGuestCustomerButton4thTime()[pri:22, instance:test.Test007_Buyer_Switching@39a8312f]" started-at="2024-06-17T18:16:46 IST" name="clickGuestCustomerButton4thTime" description="Click on Guest Customer button again to check product added prior" finished-at="2024-06-17T18:16:51 IST" duration-ms="5242" status="PASS">
          <reporter-output>
          </reporter-output>
        </test-method> <!-- clickGuestCustomerButton4thTime -->
        <test-method signature="clickCustomerSearchTextbox4thTime()[pri:23, instance:test.Test007_Buyer_Switching@39a8312f]" started-at="2024-06-17T18:16:51 IST" name="clickCustomerSearchTextbox4thTime" description="Searching customer again in which products were added previously" finished-at="2024-06-17T18:16:57 IST" duration-ms="5302" status="PASS">
          <reporter-output>
          </reporter-output>
        </test-method> <!-- clickCustomerSearchTextbox4thTime -->
        <test-method signature="clickCustomerSearchTextbox4theTime()[pri:24, instance:test.Test007_Buyer_Switching@39a8312f]" started-at="2024-06-17T18:16:57 IST" name="clickCustomerSearchTextbox4theTime" description="Select customer and selecting replace from popup as product existed in the customer cart" finished-at="2024-06-17T18:17:07 IST" duration-ms="10595" status="PASS">
          <reporter-output>
          </reporter-output>
        </test-method> <!-- clickCustomerSearchTextbox4theTime -->
        <test-method signature="clickCustomer4ForReplaceTest()[pri:25, instance:test.Test007_Buyer_Switching@39a8312f]" started-at="2024-06-17T18:17:07 IST" name="clickCustomer4ForReplaceTest" description="Count total products on cart after buyer switching after selecting replace from popup" finished-at="2024-06-17T18:17:10 IST" duration-ms="3089" status="PASS">
          <reporter-output>
          </reporter-output>
        </test-method> <!-- clickCustomer4ForReplaceTest -->
        <test-method is-config="true" signature="closeBrowser()[pri:0, instance:test.Test007_Buyer_Switching@39a8312f]" started-at="2024-06-17T18:17:10 IST" name="closeBrowser" finished-at="2024-06-17T18:17:16 IST" duration-ms="5317" status="PASS">
          <reporter-output>
          </reporter-output>
        </test-method> <!-- closeBrowser -->
      </class> <!-- test.Test007_Buyer_Switching -->
      <class name="test.Test008_Container">
        <test-method is-config="true" signature="openBrowser()[pri:0, instance:test.Test008_Container@5f6722d3]" started-at="2024-06-17T18:17:16 IST" name="openBrowser" finished-at="2024-06-17T18:17:22 IST" duration-ms="6235" status="PASS">
          <reporter-output>
          </reporter-output>
        </test-method> <!-- openBrowser -->
        <test-method signature="productButtonTest()[pri:1, instance:test.Test008_Container@5f6722d3]" started-at="2024-06-17T18:17:22 IST" name="productButtonTest" description="Click on product button" finished-at="2024-06-17T18:17:35 IST" duration-ms="13266" status="PASS">
          <reporter-output>
          </reporter-output>
        </test-method> <!-- productButtonTest -->
        <test-method signature="selectProduct()[pri:2, instance:test.Test008_Container@5f6722d3]" started-at="2024-06-17T18:17:35 IST" name="selectProduct" description="Adding products to cart" finished-at="2024-06-17T18:17:52 IST" duration-ms="16959" status="PASS">
          <reporter-output>
          </reporter-output>
        </test-method> <!-- selectProduct -->
        <test-method signature="selectCart()[pri:3, instance:test.Test008_Container@5f6722d3]" started-at="2024-06-17T18:17:52 IST" name="selectCart" description="Moving towards Cart page" finished-at="2024-06-17T18:17:55 IST" duration-ms="3407" status="PASS">
          <reporter-output>
          </reporter-output>
        </test-method> <!-- selectCart -->
        <test-method signature="containerBoxVisibilityTest()[pri:4, instance:test.Test008_Container@5f6722d3]" started-at="2024-06-17T18:17:55 IST" name="containerBoxVisibilityTest" description="Checking container box visible on cart page" finished-at="2024-06-17T18:17:59 IST" duration-ms="3070" status="PASS">
          <reporter-output>
          </reporter-output>
        </test-method> <!-- containerBoxVisibilityTest -->
        <test-method signature="toggleSwitchTest()[pri:5, instance:test.Test008_Container@5f6722d3]" started-at="2024-06-17T18:17:59 IST" name="toggleSwitchTest" description="handling toggle switch" finished-at="2024-06-17T18:18:05 IST" duration-ms="6203" status="PASS">
          <reporter-output>
          </reporter-output>
        </test-method> <!-- toggleSwitchTest -->
        <test-method signature="clickCreateOrderTest()[pri:6, instance:test.Test008_Container@5f6722d3]" started-at="2024-06-17T18:18:05 IST" name="clickCreateOrderTest" description="clicking on Create quote button on cart page" finished-at="2024-06-17T18:18:10 IST" duration-ms="5338" status="PASS">
          <reporter-output>
          </reporter-output>
        </test-method> <!-- clickCreateOrderTest -->
        <test-method signature="clickChooseCustomerTest()[pri:7, instance:test.Test008_Container@5f6722d3]" started-at="2024-06-17T18:18:10 IST" name="clickChooseCustomerTest" description="clicking on Choose customer button" finished-at="2024-06-17T18:18:15 IST" duration-ms="5284" status="PASS">
          <reporter-output>
          </reporter-output>
        </test-method> <!-- clickChooseCustomerTest -->
        <test-method signature="customerSearchTest()[pri:8, instance:test.Test008_Container@5f6722d3]" started-at="2024-06-17T18:18:15 IST" name="customerSearchTest" description="Searching customer" finished-at="2024-06-17T18:18:31 IST" duration-ms="15679" status="PASS">
          <reporter-output>
          </reporter-output>
        </test-method> <!-- customerSearchTest -->
        <test-method signature="checkContainerOnCartPageAfterSelectingCustomerTest()[pri:10, instance:test.Test008_Container@5f6722d3]" started-at="2024-06-17T18:18:31 IST" name="checkContainerOnCartPageAfterSelectingCustomerTest" description="Checking toggle switch off after selecting customer" finished-at="2024-06-17T18:18:34 IST" duration-ms="3289" status="PASS">
          <reporter-output>
          </reporter-output>
        </test-method> <!-- checkContainerOnCartPageAfterSelectingCustomerTest -->
        <test-method signature="defaultCFTTest()[pri:11, instance:test.Test008_Container@5f6722d3]" started-at="2024-06-17T18:18:34 IST" name="defaultCFTTest" description="Checking that by default CFT is displaying and in bottom totalCFT value is showing" finished-at="2024-06-17T18:18:34 IST" duration-ms="47" status="PASS">
          <reporter-output>
          </reporter-output>
        </test-method> <!-- defaultCFTTest -->
        <test-method signature="clickCBMTest()[pri:12, instance:test.Test008_Container@5f6722d3]" started-at="2024-06-17T18:18:34 IST" name="clickCBMTest" description="Checking that by click on CBM, in bottom totalCBM value is showing" finished-at="2024-06-17T18:18:40 IST" duration-ms="5369" status="PASS">
          <reporter-output>
          </reporter-output>
        </test-method> <!-- clickCBMTest -->
        <test-method signature="selctCBMFromDropdownTest()[pri:13, instance:test.Test008_Container@5f6722d3]" started-at="2024-06-17T18:18:40 IST" name="selctCBMFromDropdownTest" description="Selecting from CBM dropdown" finished-at="2024-06-17T18:18:54 IST" duration-ms="14590" status="PASS">
          <reporter-output>
          </reporter-output>
        </test-method> <!-- selctCBMFromDropdownTest -->
        <test-method signature="clickCFTAgainAndSelctCFTFromDropdownTest()[pri:14, instance:test.Test008_Container@5f6722d3]" started-at="2024-06-17T18:18:54 IST" name="clickCFTAgainAndSelctCFTFromDropdownTest" description="Click on CFT again and selecting from CFT dropdown" finished-at="2024-06-17T18:19:09 IST" duration-ms="14417" status="PASS">
          <reporter-output>
          </reporter-output>
        </test-method> <!-- clickCFTAgainAndSelctCFTFromDropdownTest -->
        <test-method signature="toggleSwitchAgainTest()[pri:15, instance:test.Test008_Container@5f6722d3]" started-at="2024-06-17T18:19:09 IST" name="toggleSwitchAgainTest" description="handling toggle switch again" finished-at="2024-06-17T18:19:15 IST" duration-ms="6213" status="PASS">
          <reporter-output>
          </reporter-output>
        </test-method> <!-- toggleSwitchAgainTest -->
        <test-method signature="clickCreateOrder2ButtonTest()[pri:16, instance:test.Test008_Container@5f6722d3]" started-at="2024-06-17T18:19:15 IST" name="clickCreateOrder2ButtonTest" description="Click on create quote" finished-at="2024-06-17T18:19:23 IST" duration-ms="8187" status="PASS">
          <reporter-output>
          </reporter-output>
        </test-method> <!-- clickCreateOrder2ButtonTest -->
        <test-method signature="clickProceedButtonTest()[pri:17, instance:test.Test008_Container@5f6722d3]" started-at="2024-06-17T18:19:23 IST" name="clickProceedButtonTest" description="Click on proceed button" finished-at="2024-06-17T18:19:29 IST" duration-ms="5359" status="PASS">
          <reporter-output>
          </reporter-output>
        </test-method> <!-- clickProceedButtonTest -->
        <test-method signature="toggleSwitchCheckTest()[pri:18, instance:test.Test008_Container@5f6722d3]" started-at="2024-06-17T18:19:29 IST" name="toggleSwitchCheckTest" description="Checking container box not visible on cart page" finished-at="2024-06-17T18:19:32 IST" duration-ms="3095" status="PASS">
          <reporter-output>
          </reporter-output>
        </test-method> <!-- toggleSwitchCheckTest -->
        <test-method signature="clickEditButtonTest()[pri:19, instance:test.Test008_Container@5f6722d3]" started-at="2024-06-17T18:19:32 IST" name="clickEditButtonTest" description="Click on edit button" finished-at="2024-06-17T18:19:37 IST" duration-ms="5246" status="PASS">
          <reporter-output>
          </reporter-output>
        </test-method> <!-- clickEditButtonTest -->
        <test-method signature="clickAddProductsButtonTest()[pri:20, instance:test.Test008_Container@5f6722d3]" started-at="2024-06-17T18:19:37 IST" name="clickAddProductsButtonTest" description="Click on Add product button" finished-at="2024-06-17T18:19:45 IST" duration-ms="8265" status="PASS">
          <reporter-output>
          </reporter-output>
        </test-method> <!-- clickAddProductsButtonTest -->
        <test-method signature="selectmoreProductTest()[pri:21, instance:test.Test008_Container@5f6722d3]" started-at="2024-06-17T18:19:45 IST" name="selectmoreProductTest" description="Adding more products to cart" finished-at="2024-06-17T18:20:12 IST" duration-ms="27109" status="PASS">
          <reporter-output>
          </reporter-output>
        </test-method> <!-- selectmoreProductTest -->
        <test-method signature="selectCartAgainTest()[pri:22, instance:test.Test008_Container@5f6722d3]" started-at="2024-06-17T18:20:12 IST" name="selectCartAgainTest" description="Moving again towards Cart page" finished-at="2024-06-17T18:20:16 IST" duration-ms="3348" status="PASS">
          <reporter-output>
          </reporter-output>
        </test-method> <!-- selectCartAgainTest -->
        <test-method signature="toggleSwitchCheckTest2()[pri:23, instance:test.Test008_Container@5f6722d3]" started-at="2024-06-17T18:20:16 IST" name="toggleSwitchCheckTest2" description="Checking again container box not visible on cart page" finished-at="2024-06-17T18:20:19 IST" duration-ms="3147" status="PASS">
          <reporter-output>
          </reporter-output>
        </test-method> <!-- toggleSwitchCheckTest2 -->
        <test-method signature="clickUpdateQuoteButtonTest()[pri:24, instance:test.Test008_Container@5f6722d3]" started-at="2024-06-17T18:20:19 IST" name="clickUpdateQuoteButtonTest" description="Click on update quote button" finished-at="2024-06-17T18:20:27 IST" duration-ms="8307" status="PASS">
          <reporter-output>
          </reporter-output>
        </test-method> <!-- clickUpdateQuoteButtonTest -->
        <test-method signature="toggleSwitchCheckTest3()[pri:25, instance:test.Test008_Container@5f6722d3]" started-at="2024-06-17T18:20:27 IST" name="toggleSwitchCheckTest3" description="Checking after updating quote, container box not visible on cart page" finished-at="2024-06-17T18:20:30 IST" duration-ms="3110" status="PASS">
          <reporter-output>
          </reporter-output>
        </test-method> <!-- toggleSwitchCheckTest3 -->
        <test-method is-config="true" signature="closeBrowser()[pri:0, instance:test.Test008_Container@5f6722d3]" started-at="2024-06-17T18:20:30 IST" name="closeBrowser" finished-at="2024-06-17T18:20:36 IST" duration-ms="5371" status="PASS">
          <reporter-output>
          </reporter-output>
        </test-method> <!-- closeBrowser -->
      </class> <!-- test.Test008_Container -->
      <class name="test.Test001_Login_Logout">
        <test-method signature="openBrowser()[pri:1, instance:test.Test001_Login_Logout@663411de]" started-at="2024-06-17T17:54:10 IST" name="openBrowser" description="Launching browser and open URL" finished-at="2024-06-17T17:54:16 IST" duration-ms="6481" status="PASS">
          <reporter-output>
          </reporter-output>
        </test-method> <!-- openBrowser -->
        <test-method signature="loginPageTitleTest()[pri:2, instance:test.Test001_Login_Logout@663411de]" started-at="2024-06-17T17:54:16 IST" name="loginPageTitleTest" description="Validating Login Page Title" finished-at="2024-06-17T17:54:16 IST" duration-ms="32" status="PASS">
          <reporter-output>
          </reporter-output>
        </test-method> <!-- loginPageTitleTest -->
        <test-method signature="logoTest()[pri:3, instance:test.Test001_Login_Logout@663411de]" started-at="2024-06-17T17:54:16 IST" name="logoTest" description="Validating Page Logo" finished-at="2024-06-17T17:54:17 IST" duration-ms="64" status="PASS">
          <reporter-output>
          </reporter-output>
        </test-method> <!-- logoTest -->
        <test-method signature="headingTest()[pri:4, instance:test.Test001_Login_Logout@663411de]" started-at="2024-06-17T17:54:17 IST" name="headingTest" description="Validating Page Heading" finished-at="2024-06-17T17:54:17 IST" duration-ms="33" status="PASS">
          <reporter-output>
          </reporter-output>
        </test-method> <!-- headingTest -->
        <test-method signature="passwordEyeTest()[pri:5, instance:test.Test001_Login_Logout@663411de]" started-at="2024-06-17T17:54:17 IST" name="passwordEyeTest" description="Validating Password Eye Button" finished-at="2024-06-17T17:54:17 IST" duration-ms="47" status="PASS">
          <reporter-output>
          </reporter-output>
        </test-method> <!-- passwordEyeTest -->
        <test-method signature="forgotPassTest()[pri:6, instance:test.Test001_Login_Logout@663411de]" started-at="2024-06-17T17:54:17 IST" name="forgotPassTest" description="Validating Forgot Password Button" finished-at="2024-06-17T17:54:17 IST" duration-ms="35" status="PASS">
          <reporter-output>
          </reporter-output>
        </test-method> <!-- forgotPassTest -->
        <test-method signature="bottomLineTest()[pri:7, instance:test.Test001_Login_Logout@663411de]" started-at="2024-06-17T17:54:17 IST" name="bottomLineTest" description="Validating Bottom Line Title" finished-at="2024-06-17T17:54:17 IST" duration-ms="47" status="PASS">
          <reporter-output>
          </reporter-output>
        </test-method> <!-- bottomLineTest -->
        <test-method signature="bookaDemoTest()[pri:8, instance:test.Test001_Login_Logout@663411de]" started-at="2024-06-17T17:54:17 IST" name="bookaDemoTest" description="Validating Book a Demo Button" finished-at="2024-06-17T17:54:17 IST" duration-ms="45" status="PASS">
          <reporter-output>
          </reporter-output>
        </test-method> <!-- bookaDemoTest -->
        <test-method signature="loginAllCasesTest(java.lang.String,java.lang.String)[pri:9, instance:test.Test001_Login_Logout@663411de]" started-at="2024-06-17T17:54:18 IST" name="loginAllCasesTest" description="Login Cases" data-provider="credentials" finished-at="2024-06-17T17:54:28 IST" duration-ms="9154" status="PASS">
          <params>
            <param index="0">
              <value>
                <![CDATA[qateam@wizcommerce.com]]>
              </value>
            </param>
            <param index="1">
              <value>
                <![CDATA[]]>
              </value>
            </param>
          </params>
          <reporter-output>
          </reporter-output>
        </test-method> <!-- loginAllCasesTest -->
        <test-method signature="loginAllCasesTest(java.lang.String,java.lang.String)[pri:9, instance:test.Test001_Login_Logout@663411de]" started-at="2024-06-17T17:54:28 IST" name="loginAllCasesTest" description="Login Cases" data-provider="credentials" finished-at="2024-06-17T17:54:36 IST" duration-ms="8841" status="PASS">
          <params>
            <param index="0">
              <value>
                <![CDATA[xyz@sourcewiz.co]]>
              </value>
            </param>
            <param index="1">
              <value>
                <![CDATA[]]>
              </value>
            </param>
          </params>
          <reporter-output>
          </reporter-output>
        </test-method> <!-- loginAllCasesTest -->
        <test-method signature="loginAllCasesTest(java.lang.String,java.lang.String)[pri:9, instance:test.Test001_Login_Logout@663411de]" started-at="2024-06-17T17:54:36 IST" name="loginAllCasesTest" description="Login Cases" data-provider="credentials" finished-at="2024-06-17T17:54:45 IST" duration-ms="8676" status="PASS">
          <params>
            <param index="0">
              <value>
                <![CDATA[]]>
              </value>
            </param>
            <param index="1">
              <value>
                <![CDATA[admin123]]>
              </value>
            </param>
          </params>
          <reporter-output>
          </reporter-output>
        </test-method> <!-- loginAllCasesTest -->
        <test-method signature="loginAllCasesTest(java.lang.String,java.lang.String)[pri:9, instance:test.Test001_Login_Logout@663411de]" started-at="2024-06-17T17:54:45 IST" name="loginAllCasesTest" description="Login Cases" data-provider="credentials" finished-at="2024-06-17T17:54:54 IST" duration-ms="8807" status="PASS">
          <params>
            <param index="0">
              <value>
                <![CDATA[xyz@sourcewiz.co]]>
              </value>
            </param>
            <param index="1">
              <value>
                <![CDATA[lui]]>
              </value>
            </param>
          </params>
          <reporter-output>
          </reporter-output>
        </test-method> <!-- loginAllCasesTest -->
        <test-method signature="loginAllCasesTest(java.lang.String,java.lang.String)[pri:9, instance:test.Test001_Login_Logout@663411de]" started-at="2024-06-17T17:54:54 IST" name="loginAllCasesTest" description="Login Cases" data-provider="credentials" finished-at="2024-06-17T17:55:03 IST" duration-ms="8774" status="PASS">
          <params>
            <param index="0">
              <value>
                <![CDATA[qateam@wizcommerce.com]]>
              </value>
            </param>
            <param index="1">
              <value>
                <![CDATA[admin]]>
              </value>
            </param>
          </params>
          <reporter-output>
          </reporter-output>
        </test-method> <!-- loginAllCasesTest -->
        <test-method signature="logoutTest()[pri:10, instance:test.Test001_Login_Logout@663411de]" started-at="2024-06-17T17:55:03 IST" name="logoutTest" description="Logout" finished-at="2024-06-17T17:55:08 IST" depends-on-methods="test.Test001_Login_Logout.loginAllCasesTest" duration-ms="4753" status="PASS">
          <reporter-output>
          </reporter-output>
        </test-method> <!-- logoutTest -->
        <test-method signature="closeBrowser()[pri:11, instance:test.Test001_Login_Logout@663411de]" started-at="2024-06-17T17:55:08 IST" name="closeBrowser" description="Closing browser" finished-at="2024-06-17T17:55:15 IST" duration-ms="6985" status="PASS">
          <reporter-output>
          </reporter-output>
        </test-method> <!-- closeBrowser -->
      </class> <!-- test.Test001_Login_Logout -->
      <class name="test.Test006_Draft">
        <test-method is-config="true" signature="openBrowser()[pri:0, instance:test.Test006_Draft@2c5529ab]" started-at="2024-06-17T18:10:37 IST" name="openBrowser" finished-at="2024-06-17T18:10:43 IST" duration-ms="5794" status="PASS">
          <reporter-output>
          </reporter-output>
        </test-method> <!-- openBrowser -->
        <test-method signature="productButtonTest()[pri:1, instance:test.Test006_Draft@2c5529ab]" started-at="2024-06-17T18:10:43 IST" name="productButtonTest" description="Click on product button" finished-at="2024-06-17T18:10:56 IST" duration-ms="13280" status="PASS">
          <reporter-output>
          </reporter-output>
        </test-method> <!-- productButtonTest -->
        <test-method signature="selectProduct()[pri:2, instance:test.Test006_Draft@2c5529ab]" started-at="2024-06-17T18:10:56 IST" name="selectProduct" description="Adding products to cart" finished-at="2024-06-17T18:11:14 IST" duration-ms="17467" status="PASS">
          <reporter-output>
          </reporter-output>
        </test-method> <!-- selectProduct -->
        <test-method signature="selectCart()[pri:3, instance:test.Test006_Draft@2c5529ab]" started-at="2024-06-17T18:11:14 IST" name="selectCart" description="Moving towards Cart page" finished-at="2024-06-17T18:11:17 IST" duration-ms="3333" status="PASS">
          <reporter-output>
          </reporter-output>
        </test-method> <!-- selectCart -->
        <test-method signature="clickCreateOrderTest()[pri:4, instance:test.Test006_Draft@2c5529ab]" started-at="2024-06-17T18:11:17 IST" name="clickCreateOrderTest" description="clicking on Create quote button on cart page" finished-at="2024-06-17T18:11:22 IST" duration-ms="5302" status="PASS">
          <reporter-output>
          </reporter-output>
        </test-method> <!-- clickCreateOrderTest -->
        <test-method signature="clickChooseCustomerTest()[pri:5, instance:test.Test006_Draft@2c5529ab]" started-at="2024-06-17T18:11:22 IST" name="clickChooseCustomerTest" description="clicking on Choose customer button" finished-at="2024-06-17T18:11:28 IST" duration-ms="5392" status="PASS">
          <reporter-output>
          </reporter-output>
        </test-method> <!-- clickChooseCustomerTest -->
        <test-method signature="customerSearchTest()[pri:6, instance:test.Test006_Draft@2c5529ab]" started-at="2024-06-17T18:11:28 IST" name="customerSearchTest" description="Searching customer" finished-at="2024-06-17T18:11:43 IST" duration-ms="15707" status="PASS">
          <reporter-output>
          </reporter-output>
        </test-method> <!-- customerSearchTest -->
        <test-method signature="clickCreateOrder2ButtonTest()[pri:7, instance:test.Test006_Draft@2c5529ab]" started-at="2024-06-17T18:11:43 IST" name="clickCreateOrder2ButtonTest" description="Click on create quote" finished-at="2024-06-17T18:11:52 IST" duration-ms="8517" status="PASS">
          <reporter-output>
          </reporter-output>
        </test-method> <!-- clickCreateOrder2ButtonTest -->
        <test-method signature="clickProceedButtonTest()[pri:8, instance:test.Test006_Draft@2c5529ab]" started-at="2024-06-17T18:11:52 IST" name="clickProceedButtonTest" description="Click on proceed button" finished-at="2024-06-17T18:11:57 IST" duration-ms="5394" status="PASS">
          <reporter-output>
          </reporter-output>
        </test-method> <!-- clickProceedButtonTest -->
        <test-method signature="copyOrderIdTest()[pri:9, instance:test.Test006_Draft@2c5529ab]" started-at="2024-06-17T18:11:57 IST" name="copyOrderIdTest" description="Copy Id" finished-at="2024-06-17T18:12:16 IST" duration-ms="18389" status="PASS">
          <reporter-output>
          </reporter-output>
        </test-method> <!-- copyOrderIdTest -->
        <test-method signature="selectSaveForLater()[pri:10, instance:test.Test006_Draft@2c5529ab]" started-at="2024-06-17T18:12:16 IST" name="selectSaveForLater" description="Selecting save for later to submit quote" finished-at="2024-06-17T18:12:24 IST" duration-ms="8288" status="PASS">
          <reporter-output>
          </reporter-output>
        </test-method> <!-- selectSaveForLater -->
        <test-method signature="pasteOrderIdTest()[pri:11, instance:test.Test006_Draft@2c5529ab]" started-at="2024-06-17T18:12:24 IST" name="pasteOrderIdTest" description="Paste Id in reference textbox" finished-at="2024-06-17T18:12:35 IST" duration-ms="10646" status="PASS">
          <reporter-output>
          </reporter-output>
        </test-method> <!-- pasteOrderIdTest -->
        <test-method signature="getTypeStatusTest()[pri:12, instance:test.Test006_Draft@2c5529ab]" started-at="2024-06-17T18:12:35 IST" name="getTypeStatusTest" description="Get type status" finished-at="2024-06-17T18:12:38 IST" duration-ms="3109" status="PASS">
          <reporter-output>
          </reporter-output>
        </test-method> <!-- getTypeStatusTest -->
        <test-method signature="getDarftStatusTest()[pri:13, instance:test.Test006_Draft@2c5529ab]" started-at="2024-06-17T18:12:38 IST" name="getDarftStatusTest" description="Get status" finished-at="2024-06-17T18:12:41 IST" duration-ms="3105" status="PASS">
          <reporter-output>
          </reporter-output>
        </test-method> <!-- getDarftStatusTest -->
        <test-method signature="customerNameVerificationTest()[pri:14, instance:test.Test006_Draft@2c5529ab]" started-at="2024-06-17T18:12:41 IST" name="customerNameVerificationTest" description="Get customer name" finished-at="2024-06-17T18:12:44 IST" duration-ms="3278" status="PASS">
          <reporter-output>
          </reporter-output>
        </test-method> <!-- customerNameVerificationTest -->
        <test-method signature="clickDarftTest()[pri:15, instance:test.Test006_Draft@2c5529ab]" started-at="2024-06-17T18:12:44 IST" name="clickDarftTest" description="Click on Drafts button" finished-at="2024-06-17T18:12:47 IST" duration-ms="3372" status="PASS">
          <reporter-output>
          </reporter-output>
        </test-method> <!-- clickDarftTest -->
        <test-method signature="pasteOrderIdOnDraftsTest()[pri:16, instance:test.Test006_Draft@2c5529ab]" started-at="2024-06-17T18:12:47 IST" name="pasteOrderIdOnDraftsTest" description="Paste Id in reference textbox on Drafts" finished-at="2024-06-17T18:13:00 IST" duration-ms="12245" status="PASS">
          <reporter-output>
          </reporter-output>
        </test-method> <!-- pasteOrderIdOnDraftsTest -->
        <test-method signature="getDarftTypeStatusTest()[pri:17, instance:test.Test006_Draft@2c5529ab]" started-at="2024-06-17T18:13:00 IST" name="getDarftTypeStatusTest" description="Get type status on drafts" finished-at="2024-06-17T18:13:03 IST" duration-ms="3132" status="PASS">
          <reporter-output>
          </reporter-output>
        </test-method> <!-- getDarftTypeStatusTest -->
        <test-method signature="getStatusOnDraftTest()[pri:18, instance:test.Test006_Draft@2c5529ab]" started-at="2024-06-17T18:13:03 IST" name="getStatusOnDraftTest" description="Get status on drafts" finished-at="2024-06-17T18:13:06 IST" duration-ms="3131" status="PASS">
          <reporter-output>
          </reporter-output>
        </test-method> <!-- getStatusOnDraftTest -->
        <test-method signature="customerNameVerificationOnDraftTest()[pri:19, instance:test.Test006_Draft@2c5529ab]" started-at="2024-06-17T18:13:06 IST" name="customerNameVerificationOnDraftTest" description="Get customer name" finished-at="2024-06-17T18:13:06 IST" duration-ms="158" status="FAIL">
          <exception class="java.lang.AssertionError">
            <message>
              <![CDATA[Both actual and expected are not same expected [Zenith Technologies] but found [wizcom_Automate]]]>
            </message>
            <full-stacktrace>
              <![CDATA[java.lang.AssertionError: Both actual and expected are not same expected [Zenith Technologies] but found [wizcom_Automate]
at org.testng.Assert.fail(Assert.java:111)
at org.testng.Assert.failNotEquals(Assert.java:1578)
at org.testng.Assert.assertEqualsImpl(Assert.java:150)
at org.testng.Assert.assertEquals(Assert.java:132)
at org.testng.Assert.assertEquals(Assert.java:656)
at pomPages.POM7_Draft.customerNameVerificationOnDraft(POM7_Draft.java:122)
at test.Test006_Draft.customerNameVerificationOnDraftTest(Test006_Draft.java:203)
at java.base/jdk.internal.reflect.NativeMethodAccessorImpl.invoke0(Native Method)
at java.base/jdk.internal.reflect.NativeMethodAccessorImpl.invoke(NativeMethodAccessorImpl.java:77)
at java.base/jdk.internal.reflect.DelegatingMethodAccessorImpl.invoke(DelegatingMethodAccessorImpl.java:43)
at java.base/java.lang.reflect.Method.invoke(Method.java:568)
at org.testng.internal.invokers.MethodInvocationHelper.invokeMethod(MethodInvocationHelper.java:141)
at org.testng.internal.invokers.TestInvoker.invokeMethod(TestInvoker.java:686)
at org.testng.internal.invokers.TestInvoker.invokeTestMethod(TestInvoker.java:230)
at org.testng.internal.invokers.MethodRunner.runInSequence(MethodRunner.java:63)
at org.testng.internal.invokers.TestInvoker$MethodInvocationAgent.invoke(TestInvoker.java:992)
at org.testng.internal.invokers.TestInvoker.invokeTestMethods(TestInvoker.java:203)
at org.testng.internal.invokers.TestMethodWorker.invokeTestMethods(TestMethodWorker.java:154)
at org.testng.internal.invokers.TestMethodWorker.run(TestMethodWorker.java:134)
at java.base/java.util.ArrayList.forEach(ArrayList.java:1511)
at org.testng.TestRunner.privateRun(TestRunner.java:739)
at org.testng.TestRunner.run(TestRunner.java:614)
at org.testng.SuiteRunner.runTest(SuiteRunner.java:421)
at org.testng.SuiteRunner.runSequentially(SuiteRunner.java:413)
at org.testng.SuiteRunner.privateRun(SuiteRunner.java:373)
at org.testng.SuiteRunner.run(SuiteRunner.java:312)
at org.testng.SuiteRunnerWorker.runSuite(SuiteRunnerWorker.java:52)
at org.testng.SuiteRunnerWorker.run(SuiteRunnerWorker.java:95)
at org.testng.TestNG.runSuitesSequentially(TestNG.java:1274)
at org.testng.TestNG.runSuitesLocally(TestNG.java:1208)
at org.testng.TestNG.runSuites(TestNG.java:1112)
at org.testng.TestNG.run(TestNG.java:1079)
at org.apache.maven.surefire.testng.TestNGExecutor.run(TestNGExecutor.java:308)
at org.apache.maven.surefire.testng.TestNGXmlTestSuite.execute(TestNGXmlTestSuite.java:71)
at org.apache.maven.surefire.testng.TestNGProvider.invoke(TestNGProvider.java:113)
at org.apache.maven.surefire.booter.ForkedBooter.runSuitesInProcess(ForkedBooter.java:385)
at org.apache.maven.surefire.booter.ForkedBooter.execute(ForkedBooter.java:162)
at org.apache.maven.surefire.booter.ForkedBooter.run(ForkedBooter.java:507)
at org.apache.maven.surefire.booter.ForkedBooter.main(ForkedBooter.java:495)
]]>
            </full-stacktrace>
          </exception> <!-- java.lang.AssertionError -->
          <reporter-output>
          </reporter-output>
        </test-method> <!-- customerNameVerificationOnDraftTest -->
        <test-method signature="clickmainIdTest()[pri:20, instance:test.Test006_Draft@2c5529ab]" started-at="2024-06-17T18:13:06 IST" name="clickmainIdTest" description="Click on mainID" finished-at="2024-06-17T18:13:11 IST" duration-ms="5341" status="PASS">
          <reporter-output>
          </reporter-output>
        </test-method> <!-- clickmainIdTest -->
        <test-method signature="clickSubmitQuoteTest()[pri:21, instance:test.Test006_Draft@2c5529ab]" started-at="2024-06-17T18:13:11 IST" name="clickSubmitQuoteTest" description="Click on Submit Quote" finished-at="2024-06-17T18:13:17 IST" duration-ms="5230" status="PASS">
          <reporter-output>
          </reporter-output>
        </test-method> <!-- clickSubmitQuoteTest -->
        <test-method signature="clickConvertToOrderTest()[pri:22, instance:test.Test006_Draft@2c5529ab]" started-at="2024-06-17T18:13:17 IST" name="clickConvertToOrderTest" description="Click on convert to order" finished-at="2024-06-17T18:13:22 IST" duration-ms="5092" status="FAIL">
          <exception class="org.openqa.selenium.NoSuchElementException">
            <message>
              <![CDATA[no such element: Unable to locate element: {"method":"xpath","selector":"//button[starts-with(text(),"Convert to order")]"}
  (Session info: chrome=125.0.6422.142)
For documentation on this error, please visit: https://www.selenium.dev/documentation/webdriver/troubleshooting/errors#no-such-element-exception
Build info: version: '4.21.0', revision: '79ed462ef4'
System info: os.name: 'Windows 11', os.arch: 'amd64', os.version: '10.0', java.version: '17.0.10'
Driver info: org.openqa.selenium.chrome.ChromeDriver
Command: [916dc14577efde84fc01a009dd0a795a, findElement {using=xpath, value=//button[starts-with(text(),"Convert to order")]}]
Capabilities {acceptInsecureCerts: false, browserName: chrome, browserVersion: 125.0.6422.142, chrome: {chromedriverVersion: 125.0.6422.78 (14db42ec38ad..., userDataDir: C:\Users\DELL\AppData\Local...}, fedcm:accounts: true, goog:chromeOptions: {debuggerAddress: localhost:65132}, networkConnectionEnabled: false, pageLoadStrategy: normal, platformName: windows, proxy: Proxy(), se:cdp: ws://localhost:65132/devtoo..., se:cdpVersion: 125.0.6422.142, setWindowRect: true, strictFileInteractability: false, timeouts: {implicit: 0, pageLoad: 300000, script: 30000}, unhandledPromptBehavior: dismiss and notify, webauthn:extension:credBlob: true, webauthn:extension:largeBlob: true, webauthn:extension:minPinLength: true, webauthn:extension:prf: true, webauthn:virtualAuthenticators: true}
Session ID: 916dc14577efde84fc01a009dd0a795a]]>
            </message>
            <full-stacktrace>
              <![CDATA[org.openqa.selenium.NoSuchElementException: no such element: Unable to locate element: {"method":"xpath","selector":"//button[starts-with(text(),"Convert to order")]"}
  (Session info: chrome=125.0.6422.142)
For documentation on this error, please visit: https://www.selenium.dev/documentation/webdriver/troubleshooting/errors#no-such-element-exception
Build info: version: '4.21.0', revision: '79ed462ef4'
System info: os.name: 'Windows 11', os.arch: 'amd64', os.version: '10.0', java.version: '17.0.10'
Driver info: org.openqa.selenium.chrome.ChromeDriver
Command: [916dc14577efde84fc01a009dd0a795a, findElement {using=xpath, value=//button[starts-with(text(),"Convert to order")]}]
Capabilities {acceptInsecureCerts: false, browserName: chrome, browserVersion: 125.0.6422.142, chrome: {chromedriverVersion: 125.0.6422.78 (14db42ec38ad..., userDataDir: C:\Users\DELL\AppData\Local...}, fedcm:accounts: true, goog:chromeOptions: {debuggerAddress: localhost:65132}, networkConnectionEnabled: false, pageLoadStrategy: normal, platformName: windows, proxy: Proxy(), se:cdp: ws://localhost:65132/devtoo..., se:cdpVersion: 125.0.6422.142, setWindowRect: true, strictFileInteractability: false, timeouts: {implicit: 0, pageLoad: 300000, script: 30000}, unhandledPromptBehavior: dismiss and notify, webauthn:extension:credBlob: true, webauthn:extension:largeBlob: true, webauthn:extension:minPinLength: true, webauthn:extension:prf: true, webauthn:virtualAuthenticators: true}
Session ID: 916dc14577efde84fc01a009dd0a795a
at java.base/jdk.internal.reflect.NativeConstructorAccessorImpl.newInstance0(Native Method)
at java.base/jdk.internal.reflect.NativeConstructorAccessorImpl.newInstance(NativeConstructorAccessorImpl.java:77)
at java.base/jdk.internal.reflect.DelegatingConstructorAccessorImpl.newInstance(DelegatingConstructorAccessorImpl.java:45)
at java.base/java.lang.reflect.Constructor.newInstanceWithCaller(Constructor.java:499)
at java.base/java.lang.reflect.Constructor.newInstance(Constructor.java:480)
at org.openqa.selenium.remote.ErrorCodec.decode(ErrorCodec.java:167)
at org.openqa.selenium.remote.codec.w3c.W3CHttpResponseCodec.decode(W3CHttpResponseCodec.java:138)
at org.openqa.selenium.remote.codec.w3c.W3CHttpResponseCodec.decode(W3CHttpResponseCodec.java:50)
at org.openqa.selenium.remote.HttpCommandExecutor.execute(HttpCommandExecutor.java:190)
at org.openqa.selenium.remote.service.DriverCommandExecutor.invokeExecute(DriverCommandExecutor.java:216)
at org.openqa.selenium.remote.service.DriverCommandExecutor.execute(DriverCommandExecutor.java:174)
at org.openqa.selenium.remote.RemoteWebDriver.execute(RemoteWebDriver.java:518)
at org.openqa.selenium.remote.ElementLocation$ElementFinder$2.findElement(ElementLocation.java:165)
at org.openqa.selenium.remote.ElementLocation.findElement(ElementLocation.java:59)
at org.openqa.selenium.remote.RemoteWebDriver.findElement(RemoteWebDriver.java:355)
at org.openqa.selenium.remote.RemoteWebDriver.findElement(RemoteWebDriver.java:349)
at org.openqa.selenium.support.pagefactory.DefaultElementLocator.findElement(DefaultElementLocator.java:68)
at org.openqa.selenium.support.pagefactory.internal.LocatingElementHandler.invoke(LocatingElementHandler.java:38)
at jdk.proxy2/jdk.proxy2.$Proxy15.isEnabled(Unknown Source)
at pomPages.POM4_Convert_Quote_To_Order.clickConvertToOrder(POM4_Convert_Quote_To_Order.java:446)
at test.Test006_Draft.clickConvertToOrderTest(Test006_Draft.java:230)
at java.base/jdk.internal.reflect.NativeMethodAccessorImpl.invoke0(Native Method)
at java.base/jdk.internal.reflect.NativeMethodAccessorImpl.invoke(NativeMethodAccessorImpl.java:77)
at java.base/jdk.internal.reflect.DelegatingMethodAccessorImpl.invoke(DelegatingMethodAccessorImpl.java:43)
at java.base/java.lang.reflect.Method.invoke(Method.java:568)
at org.testng.internal.invokers.MethodInvocationHelper.invokeMethod(MethodInvocationHelper.java:141)
at org.testng.internal.invokers.TestInvoker.invokeMethod(TestInvoker.java:686)
at org.testng.internal.invokers.TestInvoker.invokeTestMethod(TestInvoker.java:230)
at org.testng.internal.invokers.MethodRunner.runInSequence(MethodRunner.java:63)
at org.testng.internal.invokers.TestInvoker$MethodInvocationAgent.invoke(TestInvoker.java:992)
at org.testng.internal.invokers.TestInvoker.invokeTestMethods(TestInvoker.java:203)
at org.testng.internal.invokers.TestMethodWorker.invokeTestMethods(TestMethodWorker.java:154)
at org.testng.internal.invokers.TestMethodWorker.run(TestMethodWorker.java:134)
at java.base/java.util.ArrayList.forEach(ArrayList.java:1511)
at org.testng.TestRunner.privateRun(TestRunner.java:739)
at org.testng.TestRunner.run(TestRunner.java:614)
at org.testng.SuiteRunner.runTest(SuiteRunner.java:421)
at org.testng.SuiteRunner.runSequentially(SuiteRunner.java:413)
at org.testng.SuiteRunner.privateRun(SuiteRunner.java:373)
at org.testng.SuiteRunner.run(SuiteRunner.java:312)
at org.testng.SuiteRunnerWorker.runSuite(SuiteRunnerWorker.java:52)
at org.testng.SuiteRunnerWorker.run(SuiteRunnerWorker.java:95)
at org.testng.TestNG.runSuitesSequentially(TestNG.java:1274)
at org.testng.TestNG.runSuitesLocally(TestNG.java:1208)
at org.testng.TestNG.runSuites(TestNG.java:1112)
at org.testng.TestNG.run(TestNG.java:1079)
at org.apache.maven.surefire.testng.TestNGExecutor.run(TestNGExecutor.java:308)
at org.apache.maven.surefire.testng.TestNGXmlTestSuite.execute(TestNGXmlTestSuite.java:71)
at org.apache.maven.surefire.testng.TestNGProvider.invoke(TestNGProvider.java:113)
at org.apache.maven.surefire.booter.ForkedBooter.runSuitesInProcess(ForkedBooter.java:385)
at org.apache.maven.surefire.booter.ForkedBooter.execute(ForkedBooter.java:162)
at org.apache.maven.surefire.booter.ForkedBooter.run(ForkedBooter.java:507)
at org.apache.maven.surefire.booter.ForkedBooter.main(ForkedBooter.java:495)
]]>
            </full-stacktrace>
          </exception> <!-- org.openqa.selenium.NoSuchElementException -->
          <reporter-output>
          </reporter-output>
        </test-method> <!-- clickConvertToOrderTest -->
        <test-method signature="handlingCheckbox1Test()[pri:22, instance:test.Test006_Draft@2c5529ab]" started-at="2024-06-17T18:13:22 IST" name="handlingCheckbox1Test" description="Handling check box 1" finished-at="2024-06-17T18:13:27 IST" duration-ms="5039" status="FAIL">
          <exception class="org.openqa.selenium.NoSuchElementException">
            <message>
              <![CDATA[no such element: Unable to locate element: {"method":"xpath","selector":"//button[starts-with(text(),'No, Edit quote')]"}
  (Session info: chrome=125.0.6422.142)
For documentation on this error, please visit: https://www.selenium.dev/documentation/webdriver/troubleshooting/errors#no-such-element-exception
Build info: version: '4.21.0', revision: '79ed462ef4'
System info: os.name: 'Windows 11', os.arch: 'amd64', os.version: '10.0', java.version: '17.0.10'
Driver info: org.openqa.selenium.chrome.ChromeDriver
Command: [916dc14577efde84fc01a009dd0a795a, findElement {using=xpath, value=//button[starts-with(text(),'No, Edit quote')]}]
Capabilities {acceptInsecureCerts: false, browserName: chrome, browserVersion: 125.0.6422.142, chrome: {chromedriverVersion: 125.0.6422.78 (14db42ec38ad..., userDataDir: C:\Users\DELL\AppData\Local...}, fedcm:accounts: true, goog:chromeOptions: {debuggerAddress: localhost:65132}, networkConnectionEnabled: false, pageLoadStrategy: normal, platformName: windows, proxy: Proxy(), se:cdp: ws://localhost:65132/devtoo..., se:cdpVersion: 125.0.6422.142, setWindowRect: true, strictFileInteractability: false, timeouts: {implicit: 0, pageLoad: 300000, script: 30000}, unhandledPromptBehavior: dismiss and notify, webauthn:extension:credBlob: true, webauthn:extension:largeBlob: true, webauthn:extension:minPinLength: true, webauthn:extension:prf: true, webauthn:virtualAuthenticators: true}
Session ID: 916dc14577efde84fc01a009dd0a795a]]>
            </message>
            <full-stacktrace>
              <![CDATA[org.openqa.selenium.NoSuchElementException: no such element: Unable to locate element: {"method":"xpath","selector":"//button[starts-with(text(),'No, Edit quote')]"}
  (Session info: chrome=125.0.6422.142)
For documentation on this error, please visit: https://www.selenium.dev/documentation/webdriver/troubleshooting/errors#no-such-element-exception
Build info: version: '4.21.0', revision: '79ed462ef4'
System info: os.name: 'Windows 11', os.arch: 'amd64', os.version: '10.0', java.version: '17.0.10'
Driver info: org.openqa.selenium.chrome.ChromeDriver
Command: [916dc14577efde84fc01a009dd0a795a, findElement {using=xpath, value=//button[starts-with(text(),'No, Edit quote')]}]
Capabilities {acceptInsecureCerts: false, browserName: chrome, browserVersion: 125.0.6422.142, chrome: {chromedriverVersion: 125.0.6422.78 (14db42ec38ad..., userDataDir: C:\Users\DELL\AppData\Local...}, fedcm:accounts: true, goog:chromeOptions: {debuggerAddress: localhost:65132}, networkConnectionEnabled: false, pageLoadStrategy: normal, platformName: windows, proxy: Proxy(), se:cdp: ws://localhost:65132/devtoo..., se:cdpVersion: 125.0.6422.142, setWindowRect: true, strictFileInteractability: false, timeouts: {implicit: 0, pageLoad: 300000, script: 30000}, unhandledPromptBehavior: dismiss and notify, webauthn:extension:credBlob: true, webauthn:extension:largeBlob: true, webauthn:extension:minPinLength: true, webauthn:extension:prf: true, webauthn:virtualAuthenticators: true}
Session ID: 916dc14577efde84fc01a009dd0a795a
at java.base/jdk.internal.reflect.NativeConstructorAccessorImpl.newInstance0(Native Method)
at java.base/jdk.internal.reflect.NativeConstructorAccessorImpl.newInstance(NativeConstructorAccessorImpl.java:77)
at java.base/jdk.internal.reflect.DelegatingConstructorAccessorImpl.newInstance(DelegatingConstructorAccessorImpl.java:45)
at java.base/java.lang.reflect.Constructor.newInstanceWithCaller(Constructor.java:499)
at java.base/java.lang.reflect.Constructor.newInstance(Constructor.java:480)
at org.openqa.selenium.remote.ErrorCodec.decode(ErrorCodec.java:167)
at org.openqa.selenium.remote.codec.w3c.W3CHttpResponseCodec.decode(W3CHttpResponseCodec.java:138)
at org.openqa.selenium.remote.codec.w3c.W3CHttpResponseCodec.decode(W3CHttpResponseCodec.java:50)
at org.openqa.selenium.remote.HttpCommandExecutor.execute(HttpCommandExecutor.java:190)
at org.openqa.selenium.remote.service.DriverCommandExecutor.invokeExecute(DriverCommandExecutor.java:216)
at org.openqa.selenium.remote.service.DriverCommandExecutor.execute(DriverCommandExecutor.java:174)
at org.openqa.selenium.remote.RemoteWebDriver.execute(RemoteWebDriver.java:518)
at org.openqa.selenium.remote.ElementLocation$ElementFinder$2.findElement(ElementLocation.java:165)
at org.openqa.selenium.remote.ElementLocation.findElement(ElementLocation.java:59)
at org.openqa.selenium.remote.RemoteWebDriver.findElement(RemoteWebDriver.java:355)
at org.openqa.selenium.remote.RemoteWebDriver.findElement(RemoteWebDriver.java:349)
at org.openqa.selenium.support.pagefactory.DefaultElementLocator.findElement(DefaultElementLocator.java:68)
at org.openqa.selenium.support.pagefactory.internal.LocatingElementHandler.invoke(LocatingElementHandler.java:38)
at jdk.proxy2/jdk.proxy2.$Proxy15.isDisplayed(Unknown Source)
at pomPages.POM4_Convert_Quote_To_Order.handlingCheckbox1(POM4_Convert_Quote_To_Order.java:453)
at test.Test006_Draft.handlingCheckbox1Test(Test006_Draft.java:239)
at java.base/jdk.internal.reflect.NativeMethodAccessorImpl.invoke0(Native Method)
at java.base/jdk.internal.reflect.NativeMethodAccessorImpl.invoke(NativeMethodAccessorImpl.java:77)
at java.base/jdk.internal.reflect.DelegatingMethodAccessorImpl.invoke(DelegatingMethodAccessorImpl.java:43)
at java.base/java.lang.reflect.Method.invoke(Method.java:568)
at org.testng.internal.invokers.MethodInvocationHelper.invokeMethod(MethodInvocationHelper.java:141)
at org.testng.internal.invokers.TestInvoker.invokeMethod(TestInvoker.java:686)
at org.testng.internal.invokers.TestInvoker.invokeTestMethod(TestInvoker.java:230)
at org.testng.internal.invokers.MethodRunner.runInSequence(MethodRunner.java:63)
at org.testng.internal.invokers.TestInvoker$MethodInvocationAgent.invoke(TestInvoker.java:992)
at org.testng.internal.invokers.TestInvoker.invokeTestMethods(TestInvoker.java:203)
at org.testng.internal.invokers.TestMethodWorker.invokeTestMethods(TestMethodWorker.java:154)
at org.testng.internal.invokers.TestMethodWorker.run(TestMethodWorker.java:134)
at java.base/java.util.ArrayList.forEach(ArrayList.java:1511)
at org.testng.TestRunner.privateRun(TestRunner.java:739)
at org.testng.TestRunner.run(TestRunner.java:614)
at org.testng.SuiteRunner.runTest(SuiteRunner.java:421)
at org.testng.SuiteRunner.runSequentially(SuiteRunner.java:413)
at org.testng.SuiteRunner.privateRun(SuiteRunner.java:373)
at org.testng.SuiteRunner.run(SuiteRunner.java:312)
at org.testng.SuiteRunnerWorker.runSuite(SuiteRunnerWorker.java:52)
at org.testng.SuiteRunnerWorker.run(SuiteRunnerWorker.java:95)
at org.testng.TestNG.runSuitesSequentially(TestNG.java:1274)
at org.testng.TestNG.runSuitesLocally(TestNG.java:1208)
at org.testng.TestNG.runSuites(TestNG.java:1112)
at org.testng.TestNG.run(TestNG.java:1079)
at org.apache.maven.surefire.testng.TestNGExecutor.run(TestNGExecutor.java:308)
at org.apache.maven.surefire.testng.TestNGXmlTestSuite.execute(TestNGXmlTestSuite.java:71)
at org.apache.maven.surefire.testng.TestNGProvider.invoke(TestNGProvider.java:113)
at org.apache.maven.surefire.booter.ForkedBooter.runSuitesInProcess(ForkedBooter.java:385)
at org.apache.maven.surefire.booter.ForkedBooter.execute(ForkedBooter.java:162)
at org.apache.maven.surefire.booter.ForkedBooter.run(ForkedBooter.java:507)
at org.apache.maven.surefire.booter.ForkedBooter.main(ForkedBooter.java:495)
]]>
            </full-stacktrace>
          </exception> <!-- org.openqa.selenium.NoSuchElementException -->
          <reporter-output>
          </reporter-output>
        </test-method> <!-- handlingCheckbox1Test -->
        <test-method signature="clickSubmitOrderButtonTest()[pri:23, instance:test.Test006_Draft@2c5529ab]" started-at="2024-06-17T18:13:27 IST" name="clickSubmitOrderButtonTest" description="Click on submit order" finished-at="2024-06-17T18:13:32 IST" duration-ms="5078" status="FAIL">
          <exception class="org.openqa.selenium.NoSuchElementException">
            <message>
              <![CDATA[no such element: Unable to locate element: {"method":"xpath","selector":"//button[starts-with(text(),'Submit order')]"}
  (Session info: chrome=125.0.6422.142)
For documentation on this error, please visit: https://www.selenium.dev/documentation/webdriver/troubleshooting/errors#no-such-element-exception
Build info: version: '4.21.0', revision: '79ed462ef4'
System info: os.name: 'Windows 11', os.arch: 'amd64', os.version: '10.0', java.version: '17.0.10'
Driver info: org.openqa.selenium.chrome.ChromeDriver
Command: [916dc14577efde84fc01a009dd0a795a, findElement {using=xpath, value=//button[starts-with(text(),'Submit order')]}]
Capabilities {acceptInsecureCerts: false, browserName: chrome, browserVersion: 125.0.6422.142, chrome: {chromedriverVersion: 125.0.6422.78 (14db42ec38ad..., userDataDir: C:\Users\DELL\AppData\Local...}, fedcm:accounts: true, goog:chromeOptions: {debuggerAddress: localhost:65132}, networkConnectionEnabled: false, pageLoadStrategy: normal, platformName: windows, proxy: Proxy(), se:cdp: ws://localhost:65132/devtoo..., se:cdpVersion: 125.0.6422.142, setWindowRect: true, strictFileInteractability: false, timeouts: {implicit: 0, pageLoad: 300000, script: 30000}, unhandledPromptBehavior: dismiss and notify, webauthn:extension:credBlob: true, webauthn:extension:largeBlob: true, webauthn:extension:minPinLength: true, webauthn:extension:prf: true, webauthn:virtualAuthenticators: true}
Session ID: 916dc14577efde84fc01a009dd0a795a]]>
            </message>
            <full-stacktrace>
              <![CDATA[org.openqa.selenium.NoSuchElementException: no such element: Unable to locate element: {"method":"xpath","selector":"//button[starts-with(text(),'Submit order')]"}
  (Session info: chrome=125.0.6422.142)
For documentation on this error, please visit: https://www.selenium.dev/documentation/webdriver/troubleshooting/errors#no-such-element-exception
Build info: version: '4.21.0', revision: '79ed462ef4'
System info: os.name: 'Windows 11', os.arch: 'amd64', os.version: '10.0', java.version: '17.0.10'
Driver info: org.openqa.selenium.chrome.ChromeDriver
Command: [916dc14577efde84fc01a009dd0a795a, findElement {using=xpath, value=//button[starts-with(text(),'Submit order')]}]
Capabilities {acceptInsecureCerts: false, browserName: chrome, browserVersion: 125.0.6422.142, chrome: {chromedriverVersion: 125.0.6422.78 (14db42ec38ad..., userDataDir: C:\Users\DELL\AppData\Local...}, fedcm:accounts: true, goog:chromeOptions: {debuggerAddress: localhost:65132}, networkConnectionEnabled: false, pageLoadStrategy: normal, platformName: windows, proxy: Proxy(), se:cdp: ws://localhost:65132/devtoo..., se:cdpVersion: 125.0.6422.142, setWindowRect: true, strictFileInteractability: false, timeouts: {implicit: 0, pageLoad: 300000, script: 30000}, unhandledPromptBehavior: dismiss and notify, webauthn:extension:credBlob: true, webauthn:extension:largeBlob: true, webauthn:extension:minPinLength: true, webauthn:extension:prf: true, webauthn:virtualAuthenticators: true}
Session ID: 916dc14577efde84fc01a009dd0a795a
at java.base/jdk.internal.reflect.NativeConstructorAccessorImpl.newInstance0(Native Method)
at java.base/jdk.internal.reflect.NativeConstructorAccessorImpl.newInstance(NativeConstructorAccessorImpl.java:77)
at java.base/jdk.internal.reflect.DelegatingConstructorAccessorImpl.newInstance(DelegatingConstructorAccessorImpl.java:45)
at java.base/java.lang.reflect.Constructor.newInstanceWithCaller(Constructor.java:499)
at java.base/java.lang.reflect.Constructor.newInstance(Constructor.java:480)
at org.openqa.selenium.remote.ErrorCodec.decode(ErrorCodec.java:167)
at org.openqa.selenium.remote.codec.w3c.W3CHttpResponseCodec.decode(W3CHttpResponseCodec.java:138)
at org.openqa.selenium.remote.codec.w3c.W3CHttpResponseCodec.decode(W3CHttpResponseCodec.java:50)
at org.openqa.selenium.remote.HttpCommandExecutor.execute(HttpCommandExecutor.java:190)
at org.openqa.selenium.remote.service.DriverCommandExecutor.invokeExecute(DriverCommandExecutor.java:216)
at org.openqa.selenium.remote.service.DriverCommandExecutor.execute(DriverCommandExecutor.java:174)
at org.openqa.selenium.remote.RemoteWebDriver.execute(RemoteWebDriver.java:518)
at org.openqa.selenium.remote.ElementLocation$ElementFinder$2.findElement(ElementLocation.java:165)
at org.openqa.selenium.remote.ElementLocation.findElement(ElementLocation.java:59)
at org.openqa.selenium.remote.RemoteWebDriver.findElement(RemoteWebDriver.java:355)
at org.openqa.selenium.remote.RemoteWebDriver.findElement(RemoteWebDriver.java:349)
at org.openqa.selenium.support.pagefactory.DefaultElementLocator.findElement(DefaultElementLocator.java:68)
at org.openqa.selenium.support.pagefactory.internal.LocatingElementHandler.invoke(LocatingElementHandler.java:38)
at jdk.proxy2/jdk.proxy2.$Proxy15.isEnabled(Unknown Source)
at pomPages.POM4_Convert_Quote_To_Order.clickSubmitOrderButton(POM4_Convert_Quote_To_Order.java:462)
at test.Test006_Draft.clickSubmitOrderButtonTest(Test006_Draft.java:248)
at java.base/jdk.internal.reflect.NativeMethodAccessorImpl.invoke0(Native Method)
at java.base/jdk.internal.reflect.NativeMethodAccessorImpl.invoke(NativeMethodAccessorImpl.java:77)
at java.base/jdk.internal.reflect.DelegatingMethodAccessorImpl.invoke(DelegatingMethodAccessorImpl.java:43)
at java.base/java.lang.reflect.Method.invoke(Method.java:568)
at org.testng.internal.invokers.MethodInvocationHelper.invokeMethod(MethodInvocationHelper.java:141)
at org.testng.internal.invokers.TestInvoker.invokeMethod(TestInvoker.java:686)
at org.testng.internal.invokers.TestInvoker.invokeTestMethod(TestInvoker.java:230)
at org.testng.internal.invokers.MethodRunner.runInSequence(MethodRunner.java:63)
at org.testng.internal.invokers.TestInvoker$MethodInvocationAgent.invoke(TestInvoker.java:992)
at org.testng.internal.invokers.TestInvoker.invokeTestMethods(TestInvoker.java:203)
at org.testng.internal.invokers.TestMethodWorker.invokeTestMethods(TestMethodWorker.java:154)
at org.testng.internal.invokers.TestMethodWorker.run(TestMethodWorker.java:134)
at java.base/java.util.ArrayList.forEach(ArrayList.java:1511)
at org.testng.TestRunner.privateRun(TestRunner.java:739)
at org.testng.TestRunner.run(TestRunner.java:614)
at org.testng.SuiteRunner.runTest(SuiteRunner.java:421)
at org.testng.SuiteRunner.runSequentially(SuiteRunner.java:413)
at org.testng.SuiteRunner.privateRun(SuiteRunner.java:373)
at org.testng.SuiteRunner.run(SuiteRunner.java:312)
at org.testng.SuiteRunnerWorker.runSuite(SuiteRunnerWorker.java:52)
at org.testng.SuiteRunnerWorker.run(SuiteRunnerWorker.java:95)
at org.testng.TestNG.runSuitesSequentially(TestNG.java:1274)
at org.testng.TestNG.runSuitesLocally(TestNG.java:1208)
at org.testng.TestNG.runSuites(TestNG.java:1112)
at org.testng.TestNG.run(TestNG.java:1079)
at org.apache.maven.surefire.testng.TestNGExecutor.run(TestNGExecutor.java:308)
at org.apache.maven.surefire.testng.TestNGXmlTestSuite.execute(TestNGXmlTestSuite.java:71)
at org.apache.maven.surefire.testng.TestNGProvider.invoke(TestNGProvider.java:113)
at org.apache.maven.surefire.booter.ForkedBooter.runSuitesInProcess(ForkedBooter.java:385)
at org.apache.maven.surefire.booter.ForkedBooter.execute(ForkedBooter.java:162)
at org.apache.maven.surefire.booter.ForkedBooter.run(ForkedBooter.java:507)
at org.apache.maven.surefire.booter.ForkedBooter.main(ForkedBooter.java:495)
]]>
            </full-stacktrace>
          </exception> <!-- org.openqa.selenium.NoSuchElementException -->
          <reporter-output>
          </reporter-output>
        </test-method> <!-- clickSubmitOrderButtonTest -->
        <test-method signature="handlingCheckbox2Test()[pri:24, instance:test.Test006_Draft@2c5529ab]" started-at="2024-06-17T18:13:32 IST" name="handlingCheckbox2Test" description="Handling check box 2" finished-at="2024-06-17T18:13:37 IST" duration-ms="5092" status="FAIL">
          <exception class="org.openqa.selenium.NoSuchElementException">
            <message>
              <![CDATA[no such element: Unable to locate element: {"method":"xpath","selector":"//button[starts-with(text(),'Go Back')]"}
  (Session info: chrome=125.0.6422.142)
For documentation on this error, please visit: https://www.selenium.dev/documentation/webdriver/troubleshooting/errors#no-such-element-exception
Build info: version: '4.21.0', revision: '79ed462ef4'
System info: os.name: 'Windows 11', os.arch: 'amd64', os.version: '10.0', java.version: '17.0.10'
Driver info: org.openqa.selenium.chrome.ChromeDriver
Command: [916dc14577efde84fc01a009dd0a795a, findElement {using=xpath, value=//button[starts-with(text(),'Go Back')]}]
Capabilities {acceptInsecureCerts: false, browserName: chrome, browserVersion: 125.0.6422.142, chrome: {chromedriverVersion: 125.0.6422.78 (14db42ec38ad..., userDataDir: C:\Users\DELL\AppData\Local...}, fedcm:accounts: true, goog:chromeOptions: {debuggerAddress: localhost:65132}, networkConnectionEnabled: false, pageLoadStrategy: normal, platformName: windows, proxy: Proxy(), se:cdp: ws://localhost:65132/devtoo..., se:cdpVersion: 125.0.6422.142, setWindowRect: true, strictFileInteractability: false, timeouts: {implicit: 0, pageLoad: 300000, script: 30000}, unhandledPromptBehavior: dismiss and notify, webauthn:extension:credBlob: true, webauthn:extension:largeBlob: true, webauthn:extension:minPinLength: true, webauthn:extension:prf: true, webauthn:virtualAuthenticators: true}
Session ID: 916dc14577efde84fc01a009dd0a795a]]>
            </message>
            <full-stacktrace>
              <![CDATA[org.openqa.selenium.NoSuchElementException: no such element: Unable to locate element: {"method":"xpath","selector":"//button[starts-with(text(),'Go Back')]"}
  (Session info: chrome=125.0.6422.142)
For documentation on this error, please visit: https://www.selenium.dev/documentation/webdriver/troubleshooting/errors#no-such-element-exception
Build info: version: '4.21.0', revision: '79ed462ef4'
System info: os.name: 'Windows 11', os.arch: 'amd64', os.version: '10.0', java.version: '17.0.10'
Driver info: org.openqa.selenium.chrome.ChromeDriver
Command: [916dc14577efde84fc01a009dd0a795a, findElement {using=xpath, value=//button[starts-with(text(),'Go Back')]}]
Capabilities {acceptInsecureCerts: false, browserName: chrome, browserVersion: 125.0.6422.142, chrome: {chromedriverVersion: 125.0.6422.78 (14db42ec38ad..., userDataDir: C:\Users\DELL\AppData\Local...}, fedcm:accounts: true, goog:chromeOptions: {debuggerAddress: localhost:65132}, networkConnectionEnabled: false, pageLoadStrategy: normal, platformName: windows, proxy: Proxy(), se:cdp: ws://localhost:65132/devtoo..., se:cdpVersion: 125.0.6422.142, setWindowRect: true, strictFileInteractability: false, timeouts: {implicit: 0, pageLoad: 300000, script: 30000}, unhandledPromptBehavior: dismiss and notify, webauthn:extension:credBlob: true, webauthn:extension:largeBlob: true, webauthn:extension:minPinLength: true, webauthn:extension:prf: true, webauthn:virtualAuthenticators: true}
Session ID: 916dc14577efde84fc01a009dd0a795a
at java.base/jdk.internal.reflect.NativeConstructorAccessorImpl.newInstance0(Native Method)
at java.base/jdk.internal.reflect.NativeConstructorAccessorImpl.newInstance(NativeConstructorAccessorImpl.java:77)
at java.base/jdk.internal.reflect.DelegatingConstructorAccessorImpl.newInstance(DelegatingConstructorAccessorImpl.java:45)
at java.base/java.lang.reflect.Constructor.newInstanceWithCaller(Constructor.java:499)
at java.base/java.lang.reflect.Constructor.newInstance(Constructor.java:480)
at org.openqa.selenium.remote.ErrorCodec.decode(ErrorCodec.java:167)
at org.openqa.selenium.remote.codec.w3c.W3CHttpResponseCodec.decode(W3CHttpResponseCodec.java:138)
at org.openqa.selenium.remote.codec.w3c.W3CHttpResponseCodec.decode(W3CHttpResponseCodec.java:50)
at org.openqa.selenium.remote.HttpCommandExecutor.execute(HttpCommandExecutor.java:190)
at org.openqa.selenium.remote.service.DriverCommandExecutor.invokeExecute(DriverCommandExecutor.java:216)
at org.openqa.selenium.remote.service.DriverCommandExecutor.execute(DriverCommandExecutor.java:174)
at org.openqa.selenium.remote.RemoteWebDriver.execute(RemoteWebDriver.java:518)
at org.openqa.selenium.remote.ElementLocation$ElementFinder$2.findElement(ElementLocation.java:165)
at org.openqa.selenium.remote.ElementLocation.findElement(ElementLocation.java:59)
at org.openqa.selenium.remote.RemoteWebDriver.findElement(RemoteWebDriver.java:355)
at org.openqa.selenium.remote.RemoteWebDriver.findElement(RemoteWebDriver.java:349)
at org.openqa.selenium.support.pagefactory.DefaultElementLocator.findElement(DefaultElementLocator.java:68)
at org.openqa.selenium.support.pagefactory.internal.LocatingElementHandler.invoke(LocatingElementHandler.java:38)
at jdk.proxy2/jdk.proxy2.$Proxy15.isDisplayed(Unknown Source)
at pomPages.POM4_Convert_Quote_To_Order.handlingCheckbox2(POM4_Convert_Quote_To_Order.java:469)
at test.Test006_Draft.handlingCheckbox2Test(Test006_Draft.java:257)
at java.base/jdk.internal.reflect.NativeMethodAccessorImpl.invoke0(Native Method)
at java.base/jdk.internal.reflect.NativeMethodAccessorImpl.invoke(NativeMethodAccessorImpl.java:77)
at java.base/jdk.internal.reflect.DelegatingMethodAccessorImpl.invoke(DelegatingMethodAccessorImpl.java:43)
at java.base/java.lang.reflect.Method.invoke(Method.java:568)
at org.testng.internal.invokers.MethodInvocationHelper.invokeMethod(MethodInvocationHelper.java:141)
at org.testng.internal.invokers.TestInvoker.invokeMethod(TestInvoker.java:686)
at org.testng.internal.invokers.TestInvoker.invokeTestMethod(TestInvoker.java:230)
at org.testng.internal.invokers.MethodRunner.runInSequence(MethodRunner.java:63)
at org.testng.internal.invokers.TestInvoker$MethodInvocationAgent.invoke(TestInvoker.java:992)
at org.testng.internal.invokers.TestInvoker.invokeTestMethods(TestInvoker.java:203)
at org.testng.internal.invokers.TestMethodWorker.invokeTestMethods(TestMethodWorker.java:154)
at org.testng.internal.invokers.TestMethodWorker.run(TestMethodWorker.java:134)
at java.base/java.util.ArrayList.forEach(ArrayList.java:1511)
at org.testng.TestRunner.privateRun(TestRunner.java:739)
at org.testng.TestRunner.run(TestRunner.java:614)
at org.testng.SuiteRunner.runTest(SuiteRunner.java:421)
at org.testng.SuiteRunner.runSequentially(SuiteRunner.java:413)
at org.testng.SuiteRunner.privateRun(SuiteRunner.java:373)
at org.testng.SuiteRunner.run(SuiteRunner.java:312)
at org.testng.SuiteRunnerWorker.runSuite(SuiteRunnerWorker.java:52)
at org.testng.SuiteRunnerWorker.run(SuiteRunnerWorker.java:95)
at org.testng.TestNG.runSuitesSequentially(TestNG.java:1274)
at org.testng.TestNG.runSuitesLocally(TestNG.java:1208)
at org.testng.TestNG.runSuites(TestNG.java:1112)
at org.testng.TestNG.run(TestNG.java:1079)
at org.apache.maven.surefire.testng.TestNGExecutor.run(TestNGExecutor.java:308)
at org.apache.maven.surefire.testng.TestNGXmlTestSuite.execute(TestNGXmlTestSuite.java:71)
at org.apache.maven.surefire.testng.TestNGProvider.invoke(TestNGProvider.java:113)
at org.apache.maven.surefire.booter.ForkedBooter.runSuitesInProcess(ForkedBooter.java:385)
at org.apache.maven.surefire.booter.ForkedBooter.execute(ForkedBooter.java:162)
at org.apache.maven.surefire.booter.ForkedBooter.run(ForkedBooter.java:507)
at org.apache.maven.surefire.booter.ForkedBooter.main(ForkedBooter.java:495)
]]>
            </full-stacktrace>
          </exception> <!-- org.openqa.selenium.NoSuchElementException -->
          <reporter-output>
          </reporter-output>
        </test-method> <!-- handlingCheckbox2Test -->
        <test-method is-config="true" signature="closeBrowser()[pri:0, instance:test.Test006_Draft@2c5529ab]" started-at="2024-06-17T18:13:37 IST" name="closeBrowser" finished-at="2024-06-17T18:13:42 IST" duration-ms="5393" status="PASS">
          <reporter-output>
          </reporter-output>
        </test-method> <!-- closeBrowser -->
      </class> <!-- test.Test006_Draft -->
      <class name="test.Test009_Product_Page_With_All_Cases">
        <test-method is-config="true" signature="openBrowser()[pri:0, instance:test.Test009_Product_Page_With_All_Cases@24d09c1]" started-at="2024-06-17T18:20:36 IST" name="openBrowser" finished-at="2024-06-17T18:20:41 IST" duration-ms="5593" status="PASS">
          <reporter-output>
          </reporter-output>
        </test-method> <!-- openBrowser -->
        <test-method signature="productButtonTest()[pri:1, instance:test.Test009_Product_Page_With_All_Cases@24d09c1]" started-at="2024-06-17T18:20:41 IST" name="productButtonTest" description="Click on product button" finished-at="2024-06-17T18:20:55 IST" duration-ms="13305" status="PASS">
          <reporter-output>
          </reporter-output>
        </test-method> <!-- productButtonTest -->
        <test-method signature="productsVisibleOnCartIconTest()[pri:2, instance:test.Test009_Product_Page_With_All_Cases@24d09c1]" started-at="2024-06-17T18:20:55 IST" name="productsVisibleOnCartIconTest" description="check cart to discard entire cart if products existed prior" finished-at="2024-06-17T18:21:13 IST" duration-ms="18128" status="PASS">
          <reporter-output>
          </reporter-output>
        </test-method> <!-- productsVisibleOnCartIconTest -->
        <test-method signature="verifyBellIconTest()[pri:3, instance:test.Test009_Product_Page_With_All_Cases@24d09c1]" started-at="2024-06-17T18:21:13 IST" name="verifyBellIconTest" description="check Bell icon display" finished-at="2024-06-17T18:21:25 IST" duration-ms="12597" status="PASS">
          <reporter-output>
          </reporter-output>
        </test-method> <!-- verifyBellIconTest -->
        <test-method signature="verifyRepresentativeTest()[pri:4, instance:test.Test009_Product_Page_With_All_Cases@24d09c1]" started-at="2024-06-17T18:21:25 IST" name="verifyRepresentativeTest" description="check representative name" finished-at="2024-06-17T18:21:29 IST" duration-ms="4060" status="PASS">
          <reporter-output>
          </reporter-output>
        </test-method> <!-- verifyRepresentativeTest -->
        <test-method signature="verifyCartIconTest()[pri:5, instance:test.Test009_Product_Page_With_All_Cases@24d09c1]" started-at="2024-06-17T18:21:29 IST" name="verifyCartIconTest" description="check cart icon display" finished-at="2024-06-17T18:21:33 IST" duration-ms="4038" status="PASS">
          <reporter-output>
          </reporter-output>
        </test-method> <!-- verifyCartIconTest -->
        <test-method signature="verifyCategoryViewAllButtonTest()[pri:6, instance:test.Test009_Product_Page_With_All_Cases@24d09c1]" started-at="2024-06-17T18:21:33 IST" name="verifyCategoryViewAllButtonTest" description="check category view all button display" finished-at="2024-06-17T18:21:58 IST" duration-ms="24369" status="PASS">
          <reporter-output>
          </reporter-output>
        </test-method> <!-- verifyCategoryViewAllButtonTest -->
        <test-method signature="verifyCategoryRailProductsTest()[pri:7, instance:test.Test009_Product_Page_With_All_Cases@24d09c1]" started-at="2024-06-17T18:21:58 IST" name="verifyCategoryRailProductsTest" description="check category rail products display" finished-at="2024-06-17T18:22:02 IST" duration-ms="4056" status="PASS">
          <reporter-output>
          </reporter-output>
        </test-method> <!-- verifyCategoryRailProductsTest -->
        <test-method signature="verifyCollectionsViewAllButtonTest()[pri:8, instance:test.Test009_Product_Page_With_All_Cases@24d09c1]" started-at="2024-06-17T18:22:02 IST" name="verifyCollectionsViewAllButtonTest" description="check Collections view all button display" finished-at="2024-06-17T18:22:26 IST" duration-ms="24364" status="PASS">
          <reporter-output>
          </reporter-output>
        </test-method> <!-- verifyCollectionsViewAllButtonTest -->
        <test-method signature="verifyCollectionsRailProductsTest()[pri:9, instance:test.Test009_Product_Page_With_All_Cases@24d09c1]" started-at="2024-06-17T18:22:26 IST" name="verifyCollectionsRailProductsTest" description="check Collections rail products display" finished-at="2024-06-17T18:22:30 IST" duration-ms="4131" status="PASS">
          <reporter-output>
          </reporter-output>
        </test-method> <!-- verifyCollectionsRailProductsTest -->
        <test-method signature="verifyExploreAll_AllDropdownsTest()[pri:10, instance:test.Test009_Product_Page_With_All_Cases@24d09c1]" started-at="2024-06-17T18:22:30 IST" name="verifyExploreAll_AllDropdownsTest" description="check explore all, all dropdown display" finished-at="2024-06-17T18:23:39 IST" duration-ms="68530" status="FAIL">
          <exception class="java.lang.AssertionError">
            <message>
              <![CDATA[Both actual and expected are not same expected [30] but found [20]]]>
            </message>
            <full-stacktrace>
              <![CDATA[java.lang.AssertionError: Both actual and expected are not same expected [30] but found [20]
at org.testng.Assert.fail(Assert.java:111)
at org.testng.Assert.failNotEquals(Assert.java:1578)
at org.testng.Assert.assertEqualsImpl(Assert.java:150)
at org.testng.Assert.assertEquals(Assert.java:132)
at org.testng.Assert.assertEquals(Assert.java:1419)
at org.testng.Assert.assertEquals(Assert.java:1383)
at pomPages.POM10_Product_Page_With_All_Cases.verifyExploreAll_AllDropdowns(POM10_Product_Page_With_All_Cases.java:411)
at test.Test009_Product_Page_With_All_Cases.verifyExploreAll_AllDropdownsTest(Test009_Product_Page_With_All_Cases.java:107)
at java.base/jdk.internal.reflect.NativeMethodAccessorImpl.invoke0(Native Method)
at java.base/jdk.internal.reflect.NativeMethodAccessorImpl.invoke(NativeMethodAccessorImpl.java:77)
at java.base/jdk.internal.reflect.DelegatingMethodAccessorImpl.invoke(DelegatingMethodAccessorImpl.java:43)
at java.base/java.lang.reflect.Method.invoke(Method.java:568)
at org.testng.internal.invokers.MethodInvocationHelper.invokeMethod(MethodInvocationHelper.java:141)
at org.testng.internal.invokers.TestInvoker.invokeMethod(TestInvoker.java:686)
at org.testng.internal.invokers.TestInvoker.invokeTestMethod(TestInvoker.java:230)
at org.testng.internal.invokers.MethodRunner.runInSequence(MethodRunner.java:63)
at org.testng.internal.invokers.TestInvoker$MethodInvocationAgent.invoke(TestInvoker.java:992)
at org.testng.internal.invokers.TestInvoker.invokeTestMethods(TestInvoker.java:203)
at org.testng.internal.invokers.TestMethodWorker.invokeTestMethods(TestMethodWorker.java:154)
at org.testng.internal.invokers.TestMethodWorker.run(TestMethodWorker.java:134)
at java.base/java.util.ArrayList.forEach(ArrayList.java:1511)
at org.testng.TestRunner.privateRun(TestRunner.java:739)
at org.testng.TestRunner.run(TestRunner.java:614)
at org.testng.SuiteRunner.runTest(SuiteRunner.java:421)
at org.testng.SuiteRunner.runSequentially(SuiteRunner.java:413)
at org.testng.SuiteRunner.privateRun(SuiteRunner.java:373)
at org.testng.SuiteRunner.run(SuiteRunner.java:312)
at org.testng.SuiteRunnerWorker.runSuite(SuiteRunnerWorker.java:52)
at org.testng.SuiteRunnerWorker.run(SuiteRunnerWorker.java:95)
at org.testng.TestNG.runSuitesSequentially(TestNG.java:1274)
at org.testng.TestNG.runSuitesLocally(TestNG.java:1208)
at org.testng.TestNG.runSuites(TestNG.java:1112)
at org.testng.TestNG.run(TestNG.java:1079)
at org.apache.maven.surefire.testng.TestNGExecutor.run(TestNGExecutor.java:308)
at org.apache.maven.surefire.testng.TestNGXmlTestSuite.execute(TestNGXmlTestSuite.java:71)
at org.apache.maven.surefire.testng.TestNGProvider.invoke(TestNGProvider.java:113)
at org.apache.maven.surefire.booter.ForkedBooter.runSuitesInProcess(ForkedBooter.java:385)
at org.apache.maven.surefire.booter.ForkedBooter.execute(ForkedBooter.java:162)
at org.apache.maven.surefire.booter.ForkedBooter.run(ForkedBooter.java:507)
at org.apache.maven.surefire.booter.ForkedBooter.main(ForkedBooter.java:495)
]]>
            </full-stacktrace>
          </exception> <!-- java.lang.AssertionError -->
          <reporter-output>
          </reporter-output>
        </test-method> <!-- verifyExploreAll_AllDropdownsTest -->
        <test-method signature="verifyFilterIconTest()[pri:11, instance:test.Test009_Product_Page_With_All_Cases@24d09c1]" started-at="2024-06-17T18:23:39 IST" name="verifyFilterIconTest" description="check filter icon display" finished-at="2024-06-17T18:23:57 IST" duration-ms="17866" status="FAIL">
          <exception class="org.openqa.selenium.ElementNotInteractableException">
            <message>
              <![CDATA[element not interactable
  (Session info: chrome=125.0.6422.142)
Build info: version: '4.21.0', revision: '79ed462ef4'
System info: os.name: 'Windows 11', os.arch: 'amd64', os.version: '10.0', java.version: '17.0.10'
Driver info: org.openqa.selenium.chrome.ChromeDriver
Command: [0996fd8c45b07ad28b71816e21e311fe, clickElement {id=f.569959452C65F5AC116E9E283112A03B.d.5AC85A46713EB5C931C954D4424792B3.e.380}]
Capabilities {acceptInsecureCerts: false, browserName: chrome, browserVersion: 125.0.6422.142, chrome: {chromedriverVersion: 125.0.6422.78 (14db42ec38ad..., userDataDir: C:\Users\DELL\AppData\Local...}, fedcm:accounts: true, goog:chromeOptions: {debuggerAddress: localhost:49336}, networkConnectionEnabled: false, pageLoadStrategy: normal, platformName: windows, proxy: Proxy(), se:cdp: ws://localhost:49336/devtoo..., se:cdpVersion: 125.0.6422.142, setWindowRect: true, strictFileInteractability: false, timeouts: {implicit: 0, pageLoad: 300000, script: 30000}, unhandledPromptBehavior: dismiss and notify, webauthn:extension:credBlob: true, webauthn:extension:largeBlob: true, webauthn:extension:minPinLength: true, webauthn:extension:prf: true, webauthn:virtualAuthenticators: true}
Element: [[ChromeDriver: chrome on windows (0996fd8c45b07ad28b71816e21e311fe)] -> xpath: (//button[text()='Apply'])[1]]
Session ID: 0996fd8c45b07ad28b71816e21e311fe]]>
            </message>
            <full-stacktrace>
              <![CDATA[org.openqa.selenium.ElementNotInteractableException: element not interactable
  (Session info: chrome=125.0.6422.142)
Build info: version: '4.21.0', revision: '79ed462ef4'
System info: os.name: 'Windows 11', os.arch: 'amd64', os.version: '10.0', java.version: '17.0.10'
Driver info: org.openqa.selenium.chrome.ChromeDriver
Command: [0996fd8c45b07ad28b71816e21e311fe, clickElement {id=f.569959452C65F5AC116E9E283112A03B.d.5AC85A46713EB5C931C954D4424792B3.e.380}]
Capabilities {acceptInsecureCerts: false, browserName: chrome, browserVersion: 125.0.6422.142, chrome: {chromedriverVersion: 125.0.6422.78 (14db42ec38ad..., userDataDir: C:\Users\DELL\AppData\Local...}, fedcm:accounts: true, goog:chromeOptions: {debuggerAddress: localhost:49336}, networkConnectionEnabled: false, pageLoadStrategy: normal, platformName: windows, proxy: Proxy(), se:cdp: ws://localhost:49336/devtoo..., se:cdpVersion: 125.0.6422.142, setWindowRect: true, strictFileInteractability: false, timeouts: {implicit: 0, pageLoad: 300000, script: 30000}, unhandledPromptBehavior: dismiss and notify, webauthn:extension:credBlob: true, webauthn:extension:largeBlob: true, webauthn:extension:minPinLength: true, webauthn:extension:prf: true, webauthn:virtualAuthenticators: true}
Element: [[ChromeDriver: chrome on windows (0996fd8c45b07ad28b71816e21e311fe)] -> xpath: (//button[text()='Apply'])[1]]
Session ID: 0996fd8c45b07ad28b71816e21e311fe
at java.base/jdk.internal.reflect.NativeConstructorAccessorImpl.newInstance0(Native Method)
at java.base/jdk.internal.reflect.NativeConstructorAccessorImpl.newInstance(NativeConstructorAccessorImpl.java:77)
at java.base/jdk.internal.reflect.DelegatingConstructorAccessorImpl.newInstance(DelegatingConstructorAccessorImpl.java:45)
at java.base/java.lang.reflect.Constructor.newInstanceWithCaller(Constructor.java:499)
at java.base/java.lang.reflect.Constructor.newInstance(Constructor.java:480)
at org.openqa.selenium.remote.ErrorCodec.decode(ErrorCodec.java:167)
at org.openqa.selenium.remote.codec.w3c.W3CHttpResponseCodec.decode(W3CHttpResponseCodec.java:138)
at org.openqa.selenium.remote.codec.w3c.W3CHttpResponseCodec.decode(W3CHttpResponseCodec.java:50)
at org.openqa.selenium.remote.HttpCommandExecutor.execute(HttpCommandExecutor.java:190)
at org.openqa.selenium.remote.service.DriverCommandExecutor.invokeExecute(DriverCommandExecutor.java:216)
at org.openqa.selenium.remote.service.DriverCommandExecutor.execute(DriverCommandExecutor.java:174)
at org.openqa.selenium.remote.RemoteWebDriver.execute(RemoteWebDriver.java:518)
at org.openqa.selenium.remote.RemoteWebElement.execute(RemoteWebElement.java:223)
at org.openqa.selenium.remote.RemoteWebElement.click(RemoteWebElement.java:76)
at jdk.internal.reflect.GeneratedMethodAccessor28.invoke(Unknown Source)
at java.base/jdk.internal.reflect.DelegatingMethodAccessorImpl.invoke(DelegatingMethodAccessorImpl.java:43)
at java.base/java.lang.reflect.Method.invoke(Method.java:568)
at org.openqa.selenium.support.pagefactory.internal.LocatingElementHandler.invoke(LocatingElementHandler.java:51)
at jdk.proxy2/jdk.proxy2.$Proxy15.click(Unknown Source)
at pomPages.POM10_Product_Page_With_All_Cases.verifyFilterIcon(POM10_Product_Page_With_All_Cases.java:445)
at test.Test009_Product_Page_With_All_Cases.verifyFilterIconTest(Test009_Product_Page_With_All_Cases.java:116)
at java.base/jdk.internal.reflect.NativeMethodAccessorImpl.invoke0(Native Method)
at java.base/jdk.internal.reflect.NativeMethodAccessorImpl.invoke(NativeMethodAccessorImpl.java:77)
at java.base/jdk.internal.reflect.DelegatingMethodAccessorImpl.invoke(DelegatingMethodAccessorImpl.java:43)
at java.base/java.lang.reflect.Method.invoke(Method.java:568)
at org.testng.internal.invokers.MethodInvocationHelper.invokeMethod(MethodInvocationHelper.java:141)
at org.testng.internal.invokers.TestInvoker.invokeMethod(TestInvoker.java:686)
at org.testng.internal.invokers.TestInvoker.invokeTestMethod(TestInvoker.java:230)
at org.testng.internal.invokers.MethodRunner.runInSequence(MethodRunner.java:63)
at org.testng.internal.invokers.TestInvoker$MethodInvocationAgent.invoke(TestInvoker.java:992)
at org.testng.internal.invokers.TestInvoker.invokeTestMethods(TestInvoker.java:203)
at org.testng.internal.invokers.TestMethodWorker.invokeTestMethods(TestMethodWorker.java:154)
at org.testng.internal.invokers.TestMethodWorker.run(TestMethodWorker.java:134)
at java.base/java.util.ArrayList.forEach(ArrayList.java:1511)
at org.testng.TestRunner.privateRun(TestRunner.java:739)
at org.testng.TestRunner.run(TestRunner.java:614)
at org.testng.SuiteRunner.runTest(SuiteRunner.java:421)
at org.testng.SuiteRunner.runSequentially(SuiteRunner.java:413)
at org.testng.SuiteRunner.privateRun(SuiteRunner.java:373)
at org.testng.SuiteRunner.run(SuiteRunner.java:312)
at org.testng.SuiteRunnerWorker.runSuite(SuiteRunnerWorker.java:52)
at org.testng.SuiteRunnerWorker.run(SuiteRunnerWorker.java:95)
at org.testng.TestNG.runSuitesSequentially(TestNG.java:1274)
at org.testng.TestNG.runSuitesLocally(TestNG.java:1208)
at org.testng.TestNG.runSuites(TestNG.java:1112)
at org.testng.TestNG.run(TestNG.java:1079)
at org.apache.maven.surefire.testng.TestNGExecutor.run(TestNGExecutor.java:308)
at org.apache.maven.surefire.testng.TestNGXmlTestSuite.execute(TestNGXmlTestSuite.java:71)
at org.apache.maven.surefire.testng.TestNGProvider.invoke(TestNGProvider.java:113)
at org.apache.maven.surefire.booter.ForkedBooter.runSuitesInProcess(ForkedBooter.java:385)
at org.apache.maven.surefire.booter.ForkedBooter.execute(ForkedBooter.java:162)
at org.apache.maven.surefire.booter.ForkedBooter.run(ForkedBooter.java:507)
at org.apache.maven.surefire.booter.ForkedBooter.main(ForkedBooter.java:495)
]]>
            </full-stacktrace>
          </exception> <!-- org.openqa.selenium.ElementNotInteractableException -->
          <reporter-output>
          </reporter-output>
        </test-method> <!-- verifyFilterIconTest -->
        <test-method signature="verifySortByDropdownTest()[pri:12, instance:test.Test009_Product_Page_With_All_Cases@24d09c1]" started-at="2024-06-17T18:23:57 IST" name="verifySortByDropdownTest" description="check sort by dropdown display" finished-at="2024-06-17T18:24:02 IST" duration-ms="5221" status="FAIL">
          <exception class="org.openqa.selenium.ElementClickInterceptedException">
            <message>
              <![CDATA[element click intercepted: Element <div class="MuiGrid-root MuiGrid-item css-10s5n5l">...</div> is not clickable at point (1360, 141). Other element would receive the click: <p style="color: black; font-size: 16px; font-weight: normal; width: 85%;">...</p>
  (Session info: chrome=125.0.6422.142)
Build info: version: '4.21.0', revision: '79ed462ef4'
System info: os.name: 'Windows 11', os.arch: 'amd64', os.version: '10.0', java.version: '17.0.10'
Driver info: org.openqa.selenium.chrome.ChromeDriver
Command: [0996fd8c45b07ad28b71816e21e311fe, clickElement {id=f.569959452C65F5AC116E9E283112A03B.d.5AC85A46713EB5C931C954D4424792B3.e.116}]
Capabilities {acceptInsecureCerts: false, browserName: chrome, browserVersion: 125.0.6422.142, chrome: {chromedriverVersion: 125.0.6422.78 (14db42ec38ad..., userDataDir: C:\Users\DELL\AppData\Local...}, fedcm:accounts: true, goog:chromeOptions: {debuggerAddress: localhost:49336}, networkConnectionEnabled: false, pageLoadStrategy: normal, platformName: windows, proxy: Proxy(), se:cdp: ws://localhost:49336/devtoo..., se:cdpVersion: 125.0.6422.142, setWindowRect: true, strictFileInteractability: false, timeouts: {implicit: 0, pageLoad: 300000, script: 30000}, unhandledPromptBehavior: dismiss and notify, webauthn:extension:credBlob: true, webauthn:extension:largeBlob: true, webauthn:extension:minPinLength: true, webauthn:extension:prf: true, webauthn:virtualAuthenticators: true}
Element: [[ChromeDriver: chrome on windows (0996fd8c45b07ad28b71816e21e311fe)] -> xpath: //div[@class="MuiGrid-root MuiGrid-item css-10s5n5l"]]
Session ID: 0996fd8c45b07ad28b71816e21e311fe]]>
            </message>
            <full-stacktrace>
              <![CDATA[org.openqa.selenium.ElementClickInterceptedException: element click intercepted: Element <div class="MuiGrid-root MuiGrid-item css-10s5n5l">...</div> is not clickable at point (1360, 141). Other element would receive the click: <p style="color: black; font-size: 16px; font-weight: normal; width: 85%;">...</p>
  (Session info: chrome=125.0.6422.142)
Build info: version: '4.21.0', revision: '79ed462ef4'
System info: os.name: 'Windows 11', os.arch: 'amd64', os.version: '10.0', java.version: '17.0.10'
Driver info: org.openqa.selenium.chrome.ChromeDriver
Command: [0996fd8c45b07ad28b71816e21e311fe, clickElement {id=f.569959452C65F5AC116E9E283112A03B.d.5AC85A46713EB5C931C954D4424792B3.e.116}]
Capabilities {acceptInsecureCerts: false, browserName: chrome, browserVersion: 125.0.6422.142, chrome: {chromedriverVersion: 125.0.6422.78 (14db42ec38ad..., userDataDir: C:\Users\DELL\AppData\Local...}, fedcm:accounts: true, goog:chromeOptions: {debuggerAddress: localhost:49336}, networkConnectionEnabled: false, pageLoadStrategy: normal, platformName: windows, proxy: Proxy(), se:cdp: ws://localhost:49336/devtoo..., se:cdpVersion: 125.0.6422.142, setWindowRect: true, strictFileInteractability: false, timeouts: {implicit: 0, pageLoad: 300000, script: 30000}, unhandledPromptBehavior: dismiss and notify, webauthn:extension:credBlob: true, webauthn:extension:largeBlob: true, webauthn:extension:minPinLength: true, webauthn:extension:prf: true, webauthn:virtualAuthenticators: true}
Element: [[ChromeDriver: chrome on windows (0996fd8c45b07ad28b71816e21e311fe)] -> xpath: //div[@class="MuiGrid-root MuiGrid-item css-10s5n5l"]]
Session ID: 0996fd8c45b07ad28b71816e21e311fe
at java.base/jdk.internal.reflect.NativeConstructorAccessorImpl.newInstance0(Native Method)
at java.base/jdk.internal.reflect.NativeConstructorAccessorImpl.newInstance(NativeConstructorAccessorImpl.java:77)
at java.base/jdk.internal.reflect.DelegatingConstructorAccessorImpl.newInstance(DelegatingConstructorAccessorImpl.java:45)
at java.base/java.lang.reflect.Constructor.newInstanceWithCaller(Constructor.java:499)
at java.base/java.lang.reflect.Constructor.newInstance(Constructor.java:480)
at org.openqa.selenium.remote.ErrorCodec.decode(ErrorCodec.java:167)
at org.openqa.selenium.remote.codec.w3c.W3CHttpResponseCodec.decode(W3CHttpResponseCodec.java:138)
at org.openqa.selenium.remote.codec.w3c.W3CHttpResponseCodec.decode(W3CHttpResponseCodec.java:50)
at org.openqa.selenium.remote.HttpCommandExecutor.execute(HttpCommandExecutor.java:190)
at org.openqa.selenium.remote.service.DriverCommandExecutor.invokeExecute(DriverCommandExecutor.java:216)
at org.openqa.selenium.remote.service.DriverCommandExecutor.execute(DriverCommandExecutor.java:174)
at org.openqa.selenium.remote.RemoteWebDriver.execute(RemoteWebDriver.java:518)
at org.openqa.selenium.remote.RemoteWebElement.execute(RemoteWebElement.java:223)
at org.openqa.selenium.remote.RemoteWebElement.click(RemoteWebElement.java:76)
at jdk.internal.reflect.GeneratedMethodAccessor28.invoke(Unknown Source)
at java.base/jdk.internal.reflect.DelegatingMethodAccessorImpl.invoke(DelegatingMethodAccessorImpl.java:43)
at java.base/java.lang.reflect.Method.invoke(Method.java:568)
at org.openqa.selenium.support.pagefactory.internal.LocatingElementHandler.invoke(LocatingElementHandler.java:51)
at jdk.proxy2/jdk.proxy2.$Proxy15.click(Unknown Source)
at pomPages.POM10_Product_Page_With_All_Cases.verifySortByDropdown(POM10_Product_Page_With_All_Cases.java:512)
at test.Test009_Product_Page_With_All_Cases.verifySortByDropdownTest(Test009_Product_Page_With_All_Cases.java:125)
at java.base/jdk.internal.reflect.NativeMethodAccessorImpl.invoke0(Native Method)
at java.base/jdk.internal.reflect.NativeMethodAccessorImpl.invoke(NativeMethodAccessorImpl.java:77)
at java.base/jdk.internal.reflect.DelegatingMethodAccessorImpl.invoke(DelegatingMethodAccessorImpl.java:43)
at java.base/java.lang.reflect.Method.invoke(Method.java:568)
at org.testng.internal.invokers.MethodInvocationHelper.invokeMethod(MethodInvocationHelper.java:141)
at org.testng.internal.invokers.TestInvoker.invokeMethod(TestInvoker.java:686)
at org.testng.internal.invokers.TestInvoker.invokeTestMethod(TestInvoker.java:230)
at org.testng.internal.invokers.MethodRunner.runInSequence(MethodRunner.java:63)
at org.testng.internal.invokers.TestInvoker$MethodInvocationAgent.invoke(TestInvoker.java:992)
at org.testng.internal.invokers.TestInvoker.invokeTestMethods(TestInvoker.java:203)
at org.testng.internal.invokers.TestMethodWorker.invokeTestMethods(TestMethodWorker.java:154)
at org.testng.internal.invokers.TestMethodWorker.run(TestMethodWorker.java:134)
at java.base/java.util.ArrayList.forEach(ArrayList.java:1511)
at org.testng.TestRunner.privateRun(TestRunner.java:739)
at org.testng.TestRunner.run(TestRunner.java:614)
at org.testng.SuiteRunner.runTest(SuiteRunner.java:421)
at org.testng.SuiteRunner.runSequentially(SuiteRunner.java:413)
at org.testng.SuiteRunner.privateRun(SuiteRunner.java:373)
at org.testng.SuiteRunner.run(SuiteRunner.java:312)
at org.testng.SuiteRunnerWorker.runSuite(SuiteRunnerWorker.java:52)
at org.testng.SuiteRunnerWorker.run(SuiteRunnerWorker.java:95)
at org.testng.TestNG.runSuitesSequentially(TestNG.java:1274)
at org.testng.TestNG.runSuitesLocally(TestNG.java:1208)
at org.testng.TestNG.runSuites(TestNG.java:1112)
at org.testng.TestNG.run(TestNG.java:1079)
at org.apache.maven.surefire.testng.TestNGExecutor.run(TestNGExecutor.java:308)
at org.apache.maven.surefire.testng.TestNGXmlTestSuite.execute(TestNGXmlTestSuite.java:71)
at org.apache.maven.surefire.testng.TestNGProvider.invoke(TestNGProvider.java:113)
at org.apache.maven.surefire.booter.ForkedBooter.runSuitesInProcess(ForkedBooter.java:385)
at org.apache.maven.surefire.booter.ForkedBooter.execute(ForkedBooter.java:162)
at org.apache.maven.surefire.booter.ForkedBooter.run(ForkedBooter.java:507)
at org.apache.maven.surefire.booter.ForkedBooter.main(ForkedBooter.java:495)
]]>
            </full-stacktrace>
          </exception> <!-- org.openqa.selenium.ElementClickInterceptedException -->
          <reporter-output>
          </reporter-output>
        </test-method> <!-- verifySortByDropdownTest -->
        <test-method signature="searchProductBoxTest()[pri:13, instance:test.Test009_Product_Page_With_All_Cases@24d09c1]" started-at="2024-06-17T18:24:02 IST" name="searchProductBoxTest" finished-at="2024-06-17T18:24:03 IST" duration-ms="1266" status="FAIL">
          <exception class="org.openqa.selenium.ElementClickInterceptedException">
            <message>
              <![CDATA[element click intercepted: Element <input aria-invalid="false" autocomplete="off" id="outlined-adornment" type="text" class="MuiInputBase-input MuiOutlinedInput-input MuiInputBase-inputSizeSmall MuiInputBase-inputAdornedStart MuiInputBase-inputAdornedEnd css-1445wi2" value=""> is not clickable at point (373, 87). Other element would receive the click: <div aria-hidden="true" class="MuiBackdrop-root MuiModal-backdrop css-919eu4" style="opacity: 1; transition: opacity 225ms cubic-bezier(0.4, 0, 0.2, 1) 0ms;"></div>
  (Session info: chrome=125.0.6422.142)
Build info: version: '4.21.0', revision: '79ed462ef4'
System info: os.name: 'Windows 11', os.arch: 'amd64', os.version: '10.0', java.version: '17.0.10'
Driver info: org.openqa.selenium.chrome.ChromeDriver
Command: [0996fd8c45b07ad28b71816e21e311fe, clickElement {id=f.569959452C65F5AC116E9E283112A03B.d.5AC85A46713EB5C931C954D4424792B3.e.83}]
Capabilities {acceptInsecureCerts: false, browserName: chrome, browserVersion: 125.0.6422.142, chrome: {chromedriverVersion: 125.0.6422.78 (14db42ec38ad..., userDataDir: C:\Users\DELL\AppData\Local...}, fedcm:accounts: true, goog:chromeOptions: {debuggerAddress: localhost:49336}, networkConnectionEnabled: false, pageLoadStrategy: normal, platformName: windows, proxy: Proxy(), se:cdp: ws://localhost:49336/devtoo..., se:cdpVersion: 125.0.6422.142, setWindowRect: true, strictFileInteractability: false, timeouts: {implicit: 0, pageLoad: 300000, script: 30000}, unhandledPromptBehavior: dismiss and notify, webauthn:extension:credBlob: true, webauthn:extension:largeBlob: true, webauthn:extension:minPinLength: true, webauthn:extension:prf: true, webauthn:virtualAuthenticators: true}
Element: [[ChromeDriver: chrome on windows (0996fd8c45b07ad28b71816e21e311fe)] -> xpath: //input[starts-with(@id,"outlined-adornment")]]
Session ID: 0996fd8c45b07ad28b71816e21e311fe]]>
            </message>
            <full-stacktrace>
              <![CDATA[org.openqa.selenium.ElementClickInterceptedException: element click intercepted: Element <input aria-invalid="false" autocomplete="off" id="outlined-adornment" type="text" class="MuiInputBase-input MuiOutlinedInput-input MuiInputBase-inputSizeSmall MuiInputBase-inputAdornedStart MuiInputBase-inputAdornedEnd css-1445wi2" value=""> is not clickable at point (373, 87). Other element would receive the click: <div aria-hidden="true" class="MuiBackdrop-root MuiModal-backdrop css-919eu4" style="opacity: 1; transition: opacity 225ms cubic-bezier(0.4, 0, 0.2, 1) 0ms;"></div>
  (Session info: chrome=125.0.6422.142)
Build info: version: '4.21.0', revision: '79ed462ef4'
System info: os.name: 'Windows 11', os.arch: 'amd64', os.version: '10.0', java.version: '17.0.10'
Driver info: org.openqa.selenium.chrome.ChromeDriver
Command: [0996fd8c45b07ad28b71816e21e311fe, clickElement {id=f.569959452C65F5AC116E9E283112A03B.d.5AC85A46713EB5C931C954D4424792B3.e.83}]
Capabilities {acceptInsecureCerts: false, browserName: chrome, browserVersion: 125.0.6422.142, chrome: {chromedriverVersion: 125.0.6422.78 (14db42ec38ad..., userDataDir: C:\Users\DELL\AppData\Local...}, fedcm:accounts: true, goog:chromeOptions: {debuggerAddress: localhost:49336}, networkConnectionEnabled: false, pageLoadStrategy: normal, platformName: windows, proxy: Proxy(), se:cdp: ws://localhost:49336/devtoo..., se:cdpVersion: 125.0.6422.142, setWindowRect: true, strictFileInteractability: false, timeouts: {implicit: 0, pageLoad: 300000, script: 30000}, unhandledPromptBehavior: dismiss and notify, webauthn:extension:credBlob: true, webauthn:extension:largeBlob: true, webauthn:extension:minPinLength: true, webauthn:extension:prf: true, webauthn:virtualAuthenticators: true}
Element: [[ChromeDriver: chrome on windows (0996fd8c45b07ad28b71816e21e311fe)] -> xpath: //input[starts-with(@id,"outlined-adornment")]]
Session ID: 0996fd8c45b07ad28b71816e21e311fe
at java.base/jdk.internal.reflect.NativeConstructorAccessorImpl.newInstance0(Native Method)
at java.base/jdk.internal.reflect.NativeConstructorAccessorImpl.newInstance(NativeConstructorAccessorImpl.java:77)
at java.base/jdk.internal.reflect.DelegatingConstructorAccessorImpl.newInstance(DelegatingConstructorAccessorImpl.java:45)
at java.base/java.lang.reflect.Constructor.newInstanceWithCaller(Constructor.java:499)
at java.base/java.lang.reflect.Constructor.newInstance(Constructor.java:480)
at org.openqa.selenium.remote.ErrorCodec.decode(ErrorCodec.java:167)
at org.openqa.selenium.remote.codec.w3c.W3CHttpResponseCodec.decode(W3CHttpResponseCodec.java:138)
at org.openqa.selenium.remote.codec.w3c.W3CHttpResponseCodec.decode(W3CHttpResponseCodec.java:50)
at org.openqa.selenium.remote.HttpCommandExecutor.execute(HttpCommandExecutor.java:190)
at org.openqa.selenium.remote.service.DriverCommandExecutor.invokeExecute(DriverCommandExecutor.java:216)
at org.openqa.selenium.remote.service.DriverCommandExecutor.execute(DriverCommandExecutor.java:174)
at org.openqa.selenium.remote.RemoteWebDriver.execute(RemoteWebDriver.java:518)
at org.openqa.selenium.remote.RemoteWebElement.execute(RemoteWebElement.java:223)
at org.openqa.selenium.remote.RemoteWebElement.click(RemoteWebElement.java:76)
at jdk.internal.reflect.GeneratedMethodAccessor28.invoke(Unknown Source)
at java.base/jdk.internal.reflect.DelegatingMethodAccessorImpl.invoke(DelegatingMethodAccessorImpl.java:43)
at java.base/java.lang.reflect.Method.invoke(Method.java:568)
at org.openqa.selenium.support.pagefactory.internal.LocatingElementHandler.invoke(LocatingElementHandler.java:51)
at jdk.proxy2/jdk.proxy2.$Proxy15.click(Unknown Source)
at pomPages.POM10_Product_Page_With_All_Cases.searchProductBox(POM10_Product_Page_With_All_Cases.java:619)
at test.Test009_Product_Page_With_All_Cases.searchProductBoxTest(Test009_Product_Page_With_All_Cases.java:134)
at java.base/jdk.internal.reflect.NativeMethodAccessorImpl.invoke0(Native Method)
at java.base/jdk.internal.reflect.NativeMethodAccessorImpl.invoke(NativeMethodAccessorImpl.java:77)
at java.base/jdk.internal.reflect.DelegatingMethodAccessorImpl.invoke(DelegatingMethodAccessorImpl.java:43)
at java.base/java.lang.reflect.Method.invoke(Method.java:568)
at org.testng.internal.invokers.MethodInvocationHelper.invokeMethod(MethodInvocationHelper.java:141)
at org.testng.internal.invokers.TestInvoker.invokeMethod(TestInvoker.java:686)
at org.testng.internal.invokers.TestInvoker.invokeTestMethod(TestInvoker.java:230)
at org.testng.internal.invokers.MethodRunner.runInSequence(MethodRunner.java:63)
at org.testng.internal.invokers.TestInvoker$MethodInvocationAgent.invoke(TestInvoker.java:992)
at org.testng.internal.invokers.TestInvoker.invokeTestMethods(TestInvoker.java:203)
at org.testng.internal.invokers.TestMethodWorker.invokeTestMethods(TestMethodWorker.java:154)
at org.testng.internal.invokers.TestMethodWorker.run(TestMethodWorker.java:134)
at java.base/java.util.ArrayList.forEach(ArrayList.java:1511)
at org.testng.TestRunner.privateRun(TestRunner.java:739)
at org.testng.TestRunner.run(TestRunner.java:614)
at org.testng.SuiteRunner.runTest(SuiteRunner.java:421)
at org.testng.SuiteRunner.runSequentially(SuiteRunner.java:413)
at org.testng.SuiteRunner.privateRun(SuiteRunner.java:373)
at org.testng.SuiteRunner.run(SuiteRunner.java:312)
at org.testng.SuiteRunnerWorker.runSuite(SuiteRunnerWorker.java:52)
at org.testng.SuiteRunnerWorker.run(SuiteRunnerWorker.java:95)
at org.testng.TestNG.runSuitesSequentially(TestNG.java:1274)
at org.testng.TestNG.runSuitesLocally(TestNG.java:1208)
at org.testng.TestNG.runSuites(TestNG.java:1112)
at org.testng.TestNG.run(TestNG.java:1079)
at org.apache.maven.surefire.testng.TestNGExecutor.run(TestNGExecutor.java:308)
at org.apache.maven.surefire.testng.TestNGXmlTestSuite.execute(TestNGXmlTestSuite.java:71)
at org.apache.maven.surefire.testng.TestNGProvider.invoke(TestNGProvider.java:113)
at org.apache.maven.surefire.booter.ForkedBooter.runSuitesInProcess(ForkedBooter.java:385)
at org.apache.maven.surefire.booter.ForkedBooter.execute(ForkedBooter.java:162)
at org.apache.maven.surefire.booter.ForkedBooter.run(ForkedBooter.java:507)
at org.apache.maven.surefire.booter.ForkedBooter.main(ForkedBooter.java:495)
]]>
            </full-stacktrace>
          </exception> <!-- org.openqa.selenium.ElementClickInterceptedException -->
          <reporter-output>
          </reporter-output>
        </test-method> <!-- searchProductBoxTest -->
        <test-method signature="clickBackArrowNextToCartTest()[pri:14, instance:test.Test009_Product_Page_With_All_Cases@24d09c1]" started-at="2024-06-17T18:24:03 IST" name="clickBackArrowNextToCartTest" finished-at="2024-06-17T18:24:16 IST" duration-ms="13063" status="FAIL">
          <exception class="org.openqa.selenium.NoSuchElementException">
            <message>
              <![CDATA[no such element: Unable to locate element: {"method":"xpath","selector":"//*[@class="MuiSvgIcon-root MuiSvgIcon-fontSizeSmall css-krpi0"]"}
  (Session info: chrome=125.0.6422.142)
For documentation on this error, please visit: https://www.selenium.dev/documentation/webdriver/troubleshooting/errors#no-such-element-exception
Build info: version: '4.21.0', revision: '79ed462ef4'
System info: os.name: 'Windows 11', os.arch: 'amd64', os.version: '10.0', java.version: '17.0.10'
Driver info: org.openqa.selenium.chrome.ChromeDriver
Command: [0996fd8c45b07ad28b71816e21e311fe, findElement {using=xpath, value=//*[@class="MuiSvgIcon-root MuiSvgIcon-fontSizeSmall css-krpi0"]}]
Capabilities {acceptInsecureCerts: false, browserName: chrome, browserVersion: 125.0.6422.142, chrome: {chromedriverVersion: 125.0.6422.78 (14db42ec38ad..., userDataDir: C:\Users\DELL\AppData\Local...}, fedcm:accounts: true, goog:chromeOptions: {debuggerAddress: localhost:49336}, networkConnectionEnabled: false, pageLoadStrategy: normal, platformName: windows, proxy: Proxy(), se:cdp: ws://localhost:49336/devtoo..., se:cdpVersion: 125.0.6422.142, setWindowRect: true, strictFileInteractability: false, timeouts: {implicit: 0, pageLoad: 300000, script: 30000}, unhandledPromptBehavior: dismiss and notify, webauthn:extension:credBlob: true, webauthn:extension:largeBlob: true, webauthn:extension:minPinLength: true, webauthn:extension:prf: true, webauthn:virtualAuthenticators: true}
Session ID: 0996fd8c45b07ad28b71816e21e311fe]]>
            </message>
            <full-stacktrace>
              <![CDATA[org.openqa.selenium.NoSuchElementException: no such element: Unable to locate element: {"method":"xpath","selector":"//*[@class="MuiSvgIcon-root MuiSvgIcon-fontSizeSmall css-krpi0"]"}
  (Session info: chrome=125.0.6422.142)
For documentation on this error, please visit: https://www.selenium.dev/documentation/webdriver/troubleshooting/errors#no-such-element-exception
Build info: version: '4.21.0', revision: '79ed462ef4'
System info: os.name: 'Windows 11', os.arch: 'amd64', os.version: '10.0', java.version: '17.0.10'
Driver info: org.openqa.selenium.chrome.ChromeDriver
Command: [0996fd8c45b07ad28b71816e21e311fe, findElement {using=xpath, value=//*[@class="MuiSvgIcon-root MuiSvgIcon-fontSizeSmall css-krpi0"]}]
Capabilities {acceptInsecureCerts: false, browserName: chrome, browserVersion: 125.0.6422.142, chrome: {chromedriverVersion: 125.0.6422.78 (14db42ec38ad..., userDataDir: C:\Users\DELL\AppData\Local...}, fedcm:accounts: true, goog:chromeOptions: {debuggerAddress: localhost:49336}, networkConnectionEnabled: false, pageLoadStrategy: normal, platformName: windows, proxy: Proxy(), se:cdp: ws://localhost:49336/devtoo..., se:cdpVersion: 125.0.6422.142, setWindowRect: true, strictFileInteractability: false, timeouts: {implicit: 0, pageLoad: 300000, script: 30000}, unhandledPromptBehavior: dismiss and notify, webauthn:extension:credBlob: true, webauthn:extension:largeBlob: true, webauthn:extension:minPinLength: true, webauthn:extension:prf: true, webauthn:virtualAuthenticators: true}
Session ID: 0996fd8c45b07ad28b71816e21e311fe
at java.base/jdk.internal.reflect.NativeConstructorAccessorImpl.newInstance0(Native Method)
at java.base/jdk.internal.reflect.NativeConstructorAccessorImpl.newInstance(NativeConstructorAccessorImpl.java:77)
at java.base/jdk.internal.reflect.DelegatingConstructorAccessorImpl.newInstance(DelegatingConstructorAccessorImpl.java:45)
at java.base/java.lang.reflect.Constructor.newInstanceWithCaller(Constructor.java:499)
at java.base/java.lang.reflect.Constructor.newInstance(Constructor.java:480)
at org.openqa.selenium.remote.ErrorCodec.decode(ErrorCodec.java:167)
at org.openqa.selenium.remote.codec.w3c.W3CHttpResponseCodec.decode(W3CHttpResponseCodec.java:138)
at org.openqa.selenium.remote.codec.w3c.W3CHttpResponseCodec.decode(W3CHttpResponseCodec.java:50)
at org.openqa.selenium.remote.HttpCommandExecutor.execute(HttpCommandExecutor.java:190)
at org.openqa.selenium.remote.service.DriverCommandExecutor.invokeExecute(DriverCommandExecutor.java:216)
at org.openqa.selenium.remote.service.DriverCommandExecutor.execute(DriverCommandExecutor.java:174)
at org.openqa.selenium.remote.RemoteWebDriver.execute(RemoteWebDriver.java:518)
at org.openqa.selenium.remote.ElementLocation$ElementFinder$2.findElement(ElementLocation.java:165)
at org.openqa.selenium.remote.ElementLocation.findElement(ElementLocation.java:59)
at org.openqa.selenium.remote.RemoteWebDriver.findElement(RemoteWebDriver.java:355)
at org.openqa.selenium.remote.RemoteWebDriver.findElement(RemoteWebDriver.java:349)
at org.openqa.selenium.support.pagefactory.DefaultElementLocator.findElement(DefaultElementLocator.java:68)
at org.openqa.selenium.support.pagefactory.internal.LocatingElementHandler.invoke(LocatingElementHandler.java:38)
at jdk.proxy2/jdk.proxy2.$Proxy15.isEnabled(Unknown Source)
at pomPages.POM10_Product_Page_With_All_Cases.clickBackArrowNextToCart(POM10_Product_Page_With_All_Cases.java:649)
at test.Test009_Product_Page_With_All_Cases.clickBackArrowNextToCartTest(Test009_Product_Page_With_All_Cases.java:143)
at java.base/jdk.internal.reflect.NativeMethodAccessorImpl.invoke0(Native Method)
at java.base/jdk.internal.reflect.NativeMethodAccessorImpl.invoke(NativeMethodAccessorImpl.java:77)
at java.base/jdk.internal.reflect.DelegatingMethodAccessorImpl.invoke(DelegatingMethodAccessorImpl.java:43)
at java.base/java.lang.reflect.Method.invoke(Method.java:568)
at org.testng.internal.invokers.MethodInvocationHelper.invokeMethod(MethodInvocationHelper.java:141)
at org.testng.internal.invokers.TestInvoker.invokeMethod(TestInvoker.java:686)
at org.testng.internal.invokers.TestInvoker.invokeTestMethod(TestInvoker.java:230)
at org.testng.internal.invokers.MethodRunner.runInSequence(MethodRunner.java:63)
at org.testng.internal.invokers.TestInvoker$MethodInvocationAgent.invoke(TestInvoker.java:992)
at org.testng.internal.invokers.TestInvoker.invokeTestMethods(TestInvoker.java:203)
at org.testng.internal.invokers.TestMethodWorker.invokeTestMethods(TestMethodWorker.java:154)
at org.testng.internal.invokers.TestMethodWorker.run(TestMethodWorker.java:134)
at java.base/java.util.ArrayList.forEach(ArrayList.java:1511)
at org.testng.TestRunner.privateRun(TestRunner.java:739)
at org.testng.TestRunner.run(TestRunner.java:614)
at org.testng.SuiteRunner.runTest(SuiteRunner.java:421)
at org.testng.SuiteRunner.runSequentially(SuiteRunner.java:413)
at org.testng.SuiteRunner.privateRun(SuiteRunner.java:373)
at org.testng.SuiteRunner.run(SuiteRunner.java:312)
at org.testng.SuiteRunnerWorker.runSuite(SuiteRunnerWorker.java:52)
at org.testng.SuiteRunnerWorker.run(SuiteRunnerWorker.java:95)
at org.testng.TestNG.runSuitesSequentially(TestNG.java:1274)
at org.testng.TestNG.runSuitesLocally(TestNG.java:1208)
at org.testng.TestNG.runSuites(TestNG.java:1112)
at org.testng.TestNG.run(TestNG.java:1079)
at org.apache.maven.surefire.testng.TestNGExecutor.run(TestNGExecutor.java:308)
at org.apache.maven.surefire.testng.TestNGXmlTestSuite.execute(TestNGXmlTestSuite.java:71)
at org.apache.maven.surefire.testng.TestNGProvider.invoke(TestNGProvider.java:113)
at org.apache.maven.surefire.booter.ForkedBooter.runSuitesInProcess(ForkedBooter.java:385)
at org.apache.maven.surefire.booter.ForkedBooter.execute(ForkedBooter.java:162)
at org.apache.maven.surefire.booter.ForkedBooter.run(ForkedBooter.java:507)
at org.apache.maven.surefire.booter.ForkedBooter.main(ForkedBooter.java:495)
]]>
            </full-stacktrace>
          </exception> <!-- org.openqa.selenium.NoSuchElementException -->
          <reporter-output>
          </reporter-output>
        </test-method> <!-- clickBackArrowNextToCartTest -->
        <test-method signature="searchProductBoxAgainToCheckSuggestionTest()[pri:15, instance:test.Test009_Product_Page_With_All_Cases@24d09c1]" started-at="2024-06-17T18:24:16 IST" name="searchProductBoxAgainToCheckSuggestionTest" finished-at="2024-06-17T18:24:17 IST" duration-ms="1200" status="FAIL">
          <exception class="org.openqa.selenium.ElementClickInterceptedException">
            <message>
              <![CDATA[element click intercepted: Element <input aria-invalid="false" autocomplete="off" id="outlined-adornment" type="text" class="MuiInputBase-input MuiOutlinedInput-input MuiInputBase-inputSizeSmall MuiInputBase-inputAdornedStart MuiInputBase-inputAdornedEnd css-1445wi2" value=""> is not clickable at point (373, 87). Other element would receive the click: <div aria-hidden="true" class="MuiBackdrop-root MuiModal-backdrop css-919eu4" style="opacity: 1; transition: opacity 225ms cubic-bezier(0.4, 0, 0.2, 1) 0ms;"></div>
  (Session info: chrome=125.0.6422.142)
Build info: version: '4.21.0', revision: '79ed462ef4'
System info: os.name: 'Windows 11', os.arch: 'amd64', os.version: '10.0', java.version: '17.0.10'
Driver info: org.openqa.selenium.chrome.ChromeDriver
Command: [0996fd8c45b07ad28b71816e21e311fe, clickElement {id=f.569959452C65F5AC116E9E283112A03B.d.5AC85A46713EB5C931C954D4424792B3.e.83}]
Capabilities {acceptInsecureCerts: false, browserName: chrome, browserVersion: 125.0.6422.142, chrome: {chromedriverVersion: 125.0.6422.78 (14db42ec38ad..., userDataDir: C:\Users\DELL\AppData\Local...}, fedcm:accounts: true, goog:chromeOptions: {debuggerAddress: localhost:49336}, networkConnectionEnabled: false, pageLoadStrategy: normal, platformName: windows, proxy: Proxy(), se:cdp: ws://localhost:49336/devtoo..., se:cdpVersion: 125.0.6422.142, setWindowRect: true, strictFileInteractability: false, timeouts: {implicit: 0, pageLoad: 300000, script: 30000}, unhandledPromptBehavior: dismiss and notify, webauthn:extension:credBlob: true, webauthn:extension:largeBlob: true, webauthn:extension:minPinLength: true, webauthn:extension:prf: true, webauthn:virtualAuthenticators: true}
Element: [[ChromeDriver: chrome on windows (0996fd8c45b07ad28b71816e21e311fe)] -> xpath: //input[starts-with(@id,"outlined-adornment")]]
Session ID: 0996fd8c45b07ad28b71816e21e311fe]]>
            </message>
            <full-stacktrace>
              <![CDATA[org.openqa.selenium.ElementClickInterceptedException: element click intercepted: Element <input aria-invalid="false" autocomplete="off" id="outlined-adornment" type="text" class="MuiInputBase-input MuiOutlinedInput-input MuiInputBase-inputSizeSmall MuiInputBase-inputAdornedStart MuiInputBase-inputAdornedEnd css-1445wi2" value=""> is not clickable at point (373, 87). Other element would receive the click: <div aria-hidden="true" class="MuiBackdrop-root MuiModal-backdrop css-919eu4" style="opacity: 1; transition: opacity 225ms cubic-bezier(0.4, 0, 0.2, 1) 0ms;"></div>
  (Session info: chrome=125.0.6422.142)
Build info: version: '4.21.0', revision: '79ed462ef4'
System info: os.name: 'Windows 11', os.arch: 'amd64', os.version: '10.0', java.version: '17.0.10'
Driver info: org.openqa.selenium.chrome.ChromeDriver
Command: [0996fd8c45b07ad28b71816e21e311fe, clickElement {id=f.569959452C65F5AC116E9E283112A03B.d.5AC85A46713EB5C931C954D4424792B3.e.83}]
Capabilities {acceptInsecureCerts: false, browserName: chrome, browserVersion: 125.0.6422.142, chrome: {chromedriverVersion: 125.0.6422.78 (14db42ec38ad..., userDataDir: C:\Users\DELL\AppData\Local...}, fedcm:accounts: true, goog:chromeOptions: {debuggerAddress: localhost:49336}, networkConnectionEnabled: false, pageLoadStrategy: normal, platformName: windows, proxy: Proxy(), se:cdp: ws://localhost:49336/devtoo..., se:cdpVersion: 125.0.6422.142, setWindowRect: true, strictFileInteractability: false, timeouts: {implicit: 0, pageLoad: 300000, script: 30000}, unhandledPromptBehavior: dismiss and notify, webauthn:extension:credBlob: true, webauthn:extension:largeBlob: true, webauthn:extension:minPinLength: true, webauthn:extension:prf: true, webauthn:virtualAuthenticators: true}
Element: [[ChromeDriver: chrome on windows (0996fd8c45b07ad28b71816e21e311fe)] -> xpath: //input[starts-with(@id,"outlined-adornment")]]
Session ID: 0996fd8c45b07ad28b71816e21e311fe
at java.base/jdk.internal.reflect.NativeConstructorAccessorImpl.newInstance0(Native Method)
at java.base/jdk.internal.reflect.NativeConstructorAccessorImpl.newInstance(NativeConstructorAccessorImpl.java:77)
at java.base/jdk.internal.reflect.DelegatingConstructorAccessorImpl.newInstance(DelegatingConstructorAccessorImpl.java:45)
at java.base/java.lang.reflect.Constructor.newInstanceWithCaller(Constructor.java:499)
at java.base/java.lang.reflect.Constructor.newInstance(Constructor.java:480)
at org.openqa.selenium.remote.ErrorCodec.decode(ErrorCodec.java:167)
at org.openqa.selenium.remote.codec.w3c.W3CHttpResponseCodec.decode(W3CHttpResponseCodec.java:138)
at org.openqa.selenium.remote.codec.w3c.W3CHttpResponseCodec.decode(W3CHttpResponseCodec.java:50)
at org.openqa.selenium.remote.HttpCommandExecutor.execute(HttpCommandExecutor.java:190)
at org.openqa.selenium.remote.service.DriverCommandExecutor.invokeExecute(DriverCommandExecutor.java:216)
at org.openqa.selenium.remote.service.DriverCommandExecutor.execute(DriverCommandExecutor.java:174)
at org.openqa.selenium.remote.RemoteWebDriver.execute(RemoteWebDriver.java:518)
at org.openqa.selenium.remote.RemoteWebElement.execute(RemoteWebElement.java:223)
at org.openqa.selenium.remote.RemoteWebElement.click(RemoteWebElement.java:76)
at jdk.internal.reflect.GeneratedMethodAccessor28.invoke(Unknown Source)
at java.base/jdk.internal.reflect.DelegatingMethodAccessorImpl.invoke(DelegatingMethodAccessorImpl.java:43)
at java.base/java.lang.reflect.Method.invoke(Method.java:568)
at org.openqa.selenium.support.pagefactory.internal.LocatingElementHandler.invoke(LocatingElementHandler.java:51)
at jdk.proxy2/jdk.proxy2.$Proxy15.click(Unknown Source)
at pomPages.POM10_Product_Page_With_All_Cases.searchProductBoxAgainToCheckSuggestion(POM10_Product_Page_With_All_Cases.java:657)
at test.Test009_Product_Page_With_All_Cases.searchProductBoxAgainToCheckSuggestionTest(Test009_Product_Page_With_All_Cases.java:152)
at java.base/jdk.internal.reflect.NativeMethodAccessorImpl.invoke0(Native Method)
at java.base/jdk.internal.reflect.NativeMethodAccessorImpl.invoke(NativeMethodAccessorImpl.java:77)
at java.base/jdk.internal.reflect.DelegatingMethodAccessorImpl.invoke(DelegatingMethodAccessorImpl.java:43)
at java.base/java.lang.reflect.Method.invoke(Method.java:568)
at org.testng.internal.invokers.MethodInvocationHelper.invokeMethod(MethodInvocationHelper.java:141)
at org.testng.internal.invokers.TestInvoker.invokeMethod(TestInvoker.java:686)
at org.testng.internal.invokers.TestInvoker.invokeTestMethod(TestInvoker.java:230)
at org.testng.internal.invokers.MethodRunner.runInSequence(MethodRunner.java:63)
at org.testng.internal.invokers.TestInvoker$MethodInvocationAgent.invoke(TestInvoker.java:992)
at org.testng.internal.invokers.TestInvoker.invokeTestMethods(TestInvoker.java:203)
at org.testng.internal.invokers.TestMethodWorker.invokeTestMethods(TestMethodWorker.java:154)
at org.testng.internal.invokers.TestMethodWorker.run(TestMethodWorker.java:134)
at java.base/java.util.ArrayList.forEach(ArrayList.java:1511)
at org.testng.TestRunner.privateRun(TestRunner.java:739)
at org.testng.TestRunner.run(TestRunner.java:614)
at org.testng.SuiteRunner.runTest(SuiteRunner.java:421)
at org.testng.SuiteRunner.runSequentially(SuiteRunner.java:413)
at org.testng.SuiteRunner.privateRun(SuiteRunner.java:373)
at org.testng.SuiteRunner.run(SuiteRunner.java:312)
at org.testng.SuiteRunnerWorker.runSuite(SuiteRunnerWorker.java:52)
at org.testng.SuiteRunnerWorker.run(SuiteRunnerWorker.java:95)
at org.testng.TestNG.runSuitesSequentially(TestNG.java:1274)
at org.testng.TestNG.runSuitesLocally(TestNG.java:1208)
at org.testng.TestNG.runSuites(TestNG.java:1112)
at org.testng.TestNG.run(TestNG.java:1079)
at org.apache.maven.surefire.testng.TestNGExecutor.run(TestNGExecutor.java:308)
at org.apache.maven.surefire.testng.TestNGXmlTestSuite.execute(TestNGXmlTestSuite.java:71)
at org.apache.maven.surefire.testng.TestNGProvider.invoke(TestNGProvider.java:113)
at org.apache.maven.surefire.booter.ForkedBooter.runSuitesInProcess(ForkedBooter.java:385)
at org.apache.maven.surefire.booter.ForkedBooter.execute(ForkedBooter.java:162)
at org.apache.maven.surefire.booter.ForkedBooter.run(ForkedBooter.java:507)
at org.apache.maven.surefire.booter.ForkedBooter.main(ForkedBooter.java:495)
]]>
            </full-stacktrace>
          </exception> <!-- org.openqa.selenium.ElementClickInterceptedException -->
          <reporter-output>
          </reporter-output>
        </test-method> <!-- searchProductBoxAgainToCheckSuggestionTest -->
        <test-method signature="serachProductWithDifferentOperationsTest()[pri:16, instance:test.Test009_Product_Page_With_All_Cases@24d09c1]" started-at="2024-06-17T18:24:17 IST" name="serachProductWithDifferentOperationsTest" finished-at="2024-06-17T18:24:19 IST" duration-ms="1085" status="FAIL">
          <exception class="org.openqa.selenium.ElementClickInterceptedException">
            <message>
              <![CDATA[element click intercepted: Element <input aria-invalid="false" autocomplete="off" id="outlined-adornment" type="text" class="MuiInputBase-input MuiOutlinedInput-input MuiInputBase-inputSizeSmall MuiInputBase-inputAdornedStart MuiInputBase-inputAdornedEnd css-1445wi2" value=""> is not clickable at point (373, 87). Other element would receive the click: <div aria-hidden="true" class="MuiBackdrop-root MuiModal-backdrop css-919eu4" style="opacity: 1; transition: opacity 225ms cubic-bezier(0.4, 0, 0.2, 1) 0ms;"></div>
  (Session info: chrome=125.0.6422.142)
Build info: version: '4.21.0', revision: '79ed462ef4'
System info: os.name: 'Windows 11', os.arch: 'amd64', os.version: '10.0', java.version: '17.0.10'
Driver info: org.openqa.selenium.chrome.ChromeDriver
Command: [0996fd8c45b07ad28b71816e21e311fe, clickElement {id=f.569959452C65F5AC116E9E283112A03B.d.5AC85A46713EB5C931C954D4424792B3.e.83}]
Capabilities {acceptInsecureCerts: false, browserName: chrome, browserVersion: 125.0.6422.142, chrome: {chromedriverVersion: 125.0.6422.78 (14db42ec38ad..., userDataDir: C:\Users\DELL\AppData\Local...}, fedcm:accounts: true, goog:chromeOptions: {debuggerAddress: localhost:49336}, networkConnectionEnabled: false, pageLoadStrategy: normal, platformName: windows, proxy: Proxy(), se:cdp: ws://localhost:49336/devtoo..., se:cdpVersion: 125.0.6422.142, setWindowRect: true, strictFileInteractability: false, timeouts: {implicit: 0, pageLoad: 300000, script: 30000}, unhandledPromptBehavior: dismiss and notify, webauthn:extension:credBlob: true, webauthn:extension:largeBlob: true, webauthn:extension:minPinLength: true, webauthn:extension:prf: true, webauthn:virtualAuthenticators: true}
Element: [[ChromeDriver: chrome on windows (0996fd8c45b07ad28b71816e21e311fe)] -> xpath: //input[starts-with(@id,"outlined-adornment")]]
Session ID: 0996fd8c45b07ad28b71816e21e311fe]]>
            </message>
            <full-stacktrace>
              <![CDATA[org.openqa.selenium.ElementClickInterceptedException: element click intercepted: Element <input aria-invalid="false" autocomplete="off" id="outlined-adornment" type="text" class="MuiInputBase-input MuiOutlinedInput-input MuiInputBase-inputSizeSmall MuiInputBase-inputAdornedStart MuiInputBase-inputAdornedEnd css-1445wi2" value=""> is not clickable at point (373, 87). Other element would receive the click: <div aria-hidden="true" class="MuiBackdrop-root MuiModal-backdrop css-919eu4" style="opacity: 1; transition: opacity 225ms cubic-bezier(0.4, 0, 0.2, 1) 0ms;"></div>
  (Session info: chrome=125.0.6422.142)
Build info: version: '4.21.0', revision: '79ed462ef4'
System info: os.name: 'Windows 11', os.arch: 'amd64', os.version: '10.0', java.version: '17.0.10'
Driver info: org.openqa.selenium.chrome.ChromeDriver
Command: [0996fd8c45b07ad28b71816e21e311fe, clickElement {id=f.569959452C65F5AC116E9E283112A03B.d.5AC85A46713EB5C931C954D4424792B3.e.83}]
Capabilities {acceptInsecureCerts: false, browserName: chrome, browserVersion: 125.0.6422.142, chrome: {chromedriverVersion: 125.0.6422.78 (14db42ec38ad..., userDataDir: C:\Users\DELL\AppData\Local...}, fedcm:accounts: true, goog:chromeOptions: {debuggerAddress: localhost:49336}, networkConnectionEnabled: false, pageLoadStrategy: normal, platformName: windows, proxy: Proxy(), se:cdp: ws://localhost:49336/devtoo..., se:cdpVersion: 125.0.6422.142, setWindowRect: true, strictFileInteractability: false, timeouts: {implicit: 0, pageLoad: 300000, script: 30000}, unhandledPromptBehavior: dismiss and notify, webauthn:extension:credBlob: true, webauthn:extension:largeBlob: true, webauthn:extension:minPinLength: true, webauthn:extension:prf: true, webauthn:virtualAuthenticators: true}
Element: [[ChromeDriver: chrome on windows (0996fd8c45b07ad28b71816e21e311fe)] -> xpath: //input[starts-with(@id,"outlined-adornment")]]
Session ID: 0996fd8c45b07ad28b71816e21e311fe
at java.base/jdk.internal.reflect.NativeConstructorAccessorImpl.newInstance0(Native Method)
at java.base/jdk.internal.reflect.NativeConstructorAccessorImpl.newInstance(NativeConstructorAccessorImpl.java:77)
at java.base/jdk.internal.reflect.DelegatingConstructorAccessorImpl.newInstance(DelegatingConstructorAccessorImpl.java:45)
at java.base/java.lang.reflect.Constructor.newInstanceWithCaller(Constructor.java:499)
at java.base/java.lang.reflect.Constructor.newInstance(Constructor.java:480)
at org.openqa.selenium.remote.ErrorCodec.decode(ErrorCodec.java:167)
at org.openqa.selenium.remote.codec.w3c.W3CHttpResponseCodec.decode(W3CHttpResponseCodec.java:138)
at org.openqa.selenium.remote.codec.w3c.W3CHttpResponseCodec.decode(W3CHttpResponseCodec.java:50)
at org.openqa.selenium.remote.HttpCommandExecutor.execute(HttpCommandExecutor.java:190)
at org.openqa.selenium.remote.service.DriverCommandExecutor.invokeExecute(DriverCommandExecutor.java:216)
at org.openqa.selenium.remote.service.DriverCommandExecutor.execute(DriverCommandExecutor.java:174)
at org.openqa.selenium.remote.RemoteWebDriver.execute(RemoteWebDriver.java:518)
at org.openqa.selenium.remote.RemoteWebElement.execute(RemoteWebElement.java:223)
at org.openqa.selenium.remote.RemoteWebElement.click(RemoteWebElement.java:76)
at jdk.internal.reflect.GeneratedMethodAccessor28.invoke(Unknown Source)
at java.base/jdk.internal.reflect.DelegatingMethodAccessorImpl.invoke(DelegatingMethodAccessorImpl.java:43)
at java.base/java.lang.reflect.Method.invoke(Method.java:568)
at org.openqa.selenium.support.pagefactory.internal.LocatingElementHandler.invoke(LocatingElementHandler.java:51)
at jdk.proxy2/jdk.proxy2.$Proxy15.click(Unknown Source)
at pomPages.POM10_Product_Page_With_All_Cases.serachProductWithDifferentOperations(POM10_Product_Page_With_All_Cases.java:667)
at test.Test009_Product_Page_With_All_Cases.serachProductWithDifferentOperationsTest(Test009_Product_Page_With_All_Cases.java:161)
at java.base/jdk.internal.reflect.NativeMethodAccessorImpl.invoke0(Native Method)
at java.base/jdk.internal.reflect.NativeMethodAccessorImpl.invoke(NativeMethodAccessorImpl.java:77)
at java.base/jdk.internal.reflect.DelegatingMethodAccessorImpl.invoke(DelegatingMethodAccessorImpl.java:43)
at java.base/java.lang.reflect.Method.invoke(Method.java:568)
at org.testng.internal.invokers.MethodInvocationHelper.invokeMethod(MethodInvocationHelper.java:141)
at org.testng.internal.invokers.TestInvoker.invokeMethod(TestInvoker.java:686)
at org.testng.internal.invokers.TestInvoker.invokeTestMethod(TestInvoker.java:230)
at org.testng.internal.invokers.MethodRunner.runInSequence(MethodRunner.java:63)
at org.testng.internal.invokers.TestInvoker$MethodInvocationAgent.invoke(TestInvoker.java:992)
at org.testng.internal.invokers.TestInvoker.invokeTestMethods(TestInvoker.java:203)
at org.testng.internal.invokers.TestMethodWorker.invokeTestMethods(TestMethodWorker.java:154)
at org.testng.internal.invokers.TestMethodWorker.run(TestMethodWorker.java:134)
at java.base/java.util.ArrayList.forEach(ArrayList.java:1511)
at org.testng.TestRunner.privateRun(TestRunner.java:739)
at org.testng.TestRunner.run(TestRunner.java:614)
at org.testng.SuiteRunner.runTest(SuiteRunner.java:421)
at org.testng.SuiteRunner.runSequentially(SuiteRunner.java:413)
at org.testng.SuiteRunner.privateRun(SuiteRunner.java:373)
at org.testng.SuiteRunner.run(SuiteRunner.java:312)
at org.testng.SuiteRunnerWorker.runSuite(SuiteRunnerWorker.java:52)
at org.testng.SuiteRunnerWorker.run(SuiteRunnerWorker.java:95)
at org.testng.TestNG.runSuitesSequentially(TestNG.java:1274)
at org.testng.TestNG.runSuitesLocally(TestNG.java:1208)
at org.testng.TestNG.runSuites(TestNG.java:1112)
at org.testng.TestNG.run(TestNG.java:1079)
at org.apache.maven.surefire.testng.TestNGExecutor.run(TestNGExecutor.java:308)
at org.apache.maven.surefire.testng.TestNGXmlTestSuite.execute(TestNGXmlTestSuite.java:71)
at org.apache.maven.surefire.testng.TestNGProvider.invoke(TestNGProvider.java:113)
at org.apache.maven.surefire.booter.ForkedBooter.runSuitesInProcess(ForkedBooter.java:385)
at org.apache.maven.surefire.booter.ForkedBooter.execute(ForkedBooter.java:162)
at org.apache.maven.surefire.booter.ForkedBooter.run(ForkedBooter.java:507)
at org.apache.maven.surefire.booter.ForkedBooter.main(ForkedBooter.java:495)
]]>
            </full-stacktrace>
          </exception> <!-- org.openqa.selenium.ElementClickInterceptedException -->
          <reporter-output>
          </reporter-output>
        </test-method> <!-- serachProductWithDifferentOperationsTest -->
        <test-method signature="productButtonAgainTest()[pri:17, instance:test.Test009_Product_Page_With_All_Cases@24d09c1]" started-at="2024-06-17T18:24:19 IST" name="productButtonAgainTest" description="Click on product button" finished-at="2024-06-17T18:24:28 IST" duration-ms="9118" status="FAIL">
          <exception class="org.openqa.selenium.ElementClickInterceptedException">
            <message>
              <![CDATA[element click intercepted: Element <button class="MuiButtonBase-root MuiIconButton-root MuiIconButton-sizeLarge css-yz543y" tabindex="0" type="button" style="border-radius: 8px;">...</button> is not clickable at point (29, 144). Other element would receive the click: <div aria-hidden="true" class="MuiBackdrop-root MuiModal-backdrop css-919eu4" style="opacity: 1; transition: opacity 225ms cubic-bezier(0.4, 0, 0.2, 1) 0ms;"></div>
  (Session info: chrome=125.0.6422.142)
Build info: version: '4.21.0', revision: '79ed462ef4'
System info: os.name: 'Windows 11', os.arch: 'amd64', os.version: '10.0', java.version: '17.0.10'
Driver info: org.openqa.selenium.chrome.ChromeDriver
Command: [0996fd8c45b07ad28b71816e21e311fe, clickElement {id=f.569959452C65F5AC116E9E283112A03B.d.5AC85A46713EB5C931C954D4424792B3.e.395}]
Capabilities {acceptInsecureCerts: false, browserName: chrome, browserVersion: 125.0.6422.142, chrome: {chromedriverVersion: 125.0.6422.78 (14db42ec38ad..., userDataDir: C:\Users\DELL\AppData\Local...}, fedcm:accounts: true, goog:chromeOptions: {debuggerAddress: localhost:49336}, networkConnectionEnabled: false, pageLoadStrategy: normal, platformName: windows, proxy: Proxy(), se:cdp: ws://localhost:49336/devtoo..., se:cdpVersion: 125.0.6422.142, setWindowRect: true, strictFileInteractability: false, timeouts: {implicit: 0, pageLoad: 300000, script: 30000}, unhandledPromptBehavior: dismiss and notify, webauthn:extension:credBlob: true, webauthn:extension:largeBlob: true, webauthn:extension:minPinLength: true, webauthn:extension:prf: true, webauthn:virtualAuthenticators: true}
Element: [[ChromeDriver: chrome on windows (0996fd8c45b07ad28b71816e21e311fe)] -> xpath: (//div[@class="MuiGrid-root MuiGrid-item MuiGrid-grid-xs-12 css-15j76c0"])[2]//button]
Session ID: 0996fd8c45b07ad28b71816e21e311fe]]>
            </message>
            <full-stacktrace>
              <![CDATA[org.openqa.selenium.ElementClickInterceptedException: element click intercepted: Element <button class="MuiButtonBase-root MuiIconButton-root MuiIconButton-sizeLarge css-yz543y" tabindex="0" type="button" style="border-radius: 8px;">...</button> is not clickable at point (29, 144). Other element would receive the click: <div aria-hidden="true" class="MuiBackdrop-root MuiModal-backdrop css-919eu4" style="opacity: 1; transition: opacity 225ms cubic-bezier(0.4, 0, 0.2, 1) 0ms;"></div>
  (Session info: chrome=125.0.6422.142)
Build info: version: '4.21.0', revision: '79ed462ef4'
System info: os.name: 'Windows 11', os.arch: 'amd64', os.version: '10.0', java.version: '17.0.10'
Driver info: org.openqa.selenium.chrome.ChromeDriver
Command: [0996fd8c45b07ad28b71816e21e311fe, clickElement {id=f.569959452C65F5AC116E9E283112A03B.d.5AC85A46713EB5C931C954D4424792B3.e.395}]
Capabilities {acceptInsecureCerts: false, browserName: chrome, browserVersion: 125.0.6422.142, chrome: {chromedriverVersion: 125.0.6422.78 (14db42ec38ad..., userDataDir: C:\Users\DELL\AppData\Local...}, fedcm:accounts: true, goog:chromeOptions: {debuggerAddress: localhost:49336}, networkConnectionEnabled: false, pageLoadStrategy: normal, platformName: windows, proxy: Proxy(), se:cdp: ws://localhost:49336/devtoo..., se:cdpVersion: 125.0.6422.142, setWindowRect: true, strictFileInteractability: false, timeouts: {implicit: 0, pageLoad: 300000, script: 30000}, unhandledPromptBehavior: dismiss and notify, webauthn:extension:credBlob: true, webauthn:extension:largeBlob: true, webauthn:extension:minPinLength: true, webauthn:extension:prf: true, webauthn:virtualAuthenticators: true}
Element: [[ChromeDriver: chrome on windows (0996fd8c45b07ad28b71816e21e311fe)] -> xpath: (//div[@class="MuiGrid-root MuiGrid-item MuiGrid-grid-xs-12 css-15j76c0"])[2]//button]
Session ID: 0996fd8c45b07ad28b71816e21e311fe
at java.base/jdk.internal.reflect.NativeConstructorAccessorImpl.newInstance0(Native Method)
at java.base/jdk.internal.reflect.NativeConstructorAccessorImpl.newInstance(NativeConstructorAccessorImpl.java:77)
at java.base/jdk.internal.reflect.DelegatingConstructorAccessorImpl.newInstance(DelegatingConstructorAccessorImpl.java:45)
at java.base/java.lang.reflect.Constructor.newInstanceWithCaller(Constructor.java:499)
at java.base/java.lang.reflect.Constructor.newInstance(Constructor.java:480)
at org.openqa.selenium.remote.ErrorCodec.decode(ErrorCodec.java:167)
at org.openqa.selenium.remote.codec.w3c.W3CHttpResponseCodec.decode(W3CHttpResponseCodec.java:138)
at org.openqa.selenium.remote.codec.w3c.W3CHttpResponseCodec.decode(W3CHttpResponseCodec.java:50)
at org.openqa.selenium.remote.HttpCommandExecutor.execute(HttpCommandExecutor.java:190)
at org.openqa.selenium.remote.service.DriverCommandExecutor.invokeExecute(DriverCommandExecutor.java:216)
at org.openqa.selenium.remote.service.DriverCommandExecutor.execute(DriverCommandExecutor.java:174)
at org.openqa.selenium.remote.RemoteWebDriver.execute(RemoteWebDriver.java:518)
at org.openqa.selenium.remote.RemoteWebElement.execute(RemoteWebElement.java:223)
at org.openqa.selenium.remote.RemoteWebElement.click(RemoteWebElement.java:76)
at jdk.internal.reflect.GeneratedMethodAccessor28.invoke(Unknown Source)
at java.base/jdk.internal.reflect.DelegatingMethodAccessorImpl.invoke(DelegatingMethodAccessorImpl.java:43)
at java.base/java.lang.reflect.Method.invoke(Method.java:568)
at org.openqa.selenium.support.pagefactory.internal.LocatingElementHandler.invoke(LocatingElementHandler.java:51)
at jdk.proxy2/jdk.proxy2.$Proxy15.click(Unknown Source)
at pomPages.POM2_Product_Page.clickProduct(POM2_Product_Page.java:153)
at test.Test009_Product_Page_With_All_Cases.productButtonAgainTest(Test009_Product_Page_With_All_Cases.java:170)
at java.base/jdk.internal.reflect.NativeMethodAccessorImpl.invoke0(Native Method)
at java.base/jdk.internal.reflect.NativeMethodAccessorImpl.invoke(NativeMethodAccessorImpl.java:77)
at java.base/jdk.internal.reflect.DelegatingMethodAccessorImpl.invoke(DelegatingMethodAccessorImpl.java:43)
at java.base/java.lang.reflect.Method.invoke(Method.java:568)
at org.testng.internal.invokers.MethodInvocationHelper.invokeMethod(MethodInvocationHelper.java:141)
at org.testng.internal.invokers.TestInvoker.invokeMethod(TestInvoker.java:686)
at org.testng.internal.invokers.TestInvoker.invokeTestMethod(TestInvoker.java:230)
at org.testng.internal.invokers.MethodRunner.runInSequence(MethodRunner.java:63)
at org.testng.internal.invokers.TestInvoker$MethodInvocationAgent.invoke(TestInvoker.java:992)
at org.testng.internal.invokers.TestInvoker.invokeTestMethods(TestInvoker.java:203)
at org.testng.internal.invokers.TestMethodWorker.invokeTestMethods(TestMethodWorker.java:154)
at org.testng.internal.invokers.TestMethodWorker.run(TestMethodWorker.java:134)
at java.base/java.util.ArrayList.forEach(ArrayList.java:1511)
at org.testng.TestRunner.privateRun(TestRunner.java:739)
at org.testng.TestRunner.run(TestRunner.java:614)
at org.testng.SuiteRunner.runTest(SuiteRunner.java:421)
at org.testng.SuiteRunner.runSequentially(SuiteRunner.java:413)
at org.testng.SuiteRunner.privateRun(SuiteRunner.java:373)
at org.testng.SuiteRunner.run(SuiteRunner.java:312)
at org.testng.SuiteRunnerWorker.runSuite(SuiteRunnerWorker.java:52)
at org.testng.SuiteRunnerWorker.run(SuiteRunnerWorker.java:95)
at org.testng.TestNG.runSuitesSequentially(TestNG.java:1274)
at org.testng.TestNG.runSuitesLocally(TestNG.java:1208)
at org.testng.TestNG.runSuites(TestNG.java:1112)
at org.testng.TestNG.run(TestNG.java:1079)
at org.apache.maven.surefire.testng.TestNGExecutor.run(TestNGExecutor.java:308)
at org.apache.maven.surefire.testng.TestNGXmlTestSuite.execute(TestNGXmlTestSuite.java:71)
at org.apache.maven.surefire.testng.TestNGProvider.invoke(TestNGProvider.java:113)
at org.apache.maven.surefire.booter.ForkedBooter.runSuitesInProcess(ForkedBooter.java:385)
at org.apache.maven.surefire.booter.ForkedBooter.execute(ForkedBooter.java:162)
at org.apache.maven.surefire.booter.ForkedBooter.run(ForkedBooter.java:507)
at org.apache.maven.surefire.booter.ForkedBooter.main(ForkedBooter.java:495)
]]>
            </full-stacktrace>
          </exception> <!-- org.openqa.selenium.ElementClickInterceptedException -->
          <reporter-output>
          </reporter-output>
        </test-method> <!-- productButtonAgainTest -->
        <test-method signature="verifyProductsCountTest()[pri:18, instance:test.Test009_Product_Page_With_All_Cases@24d09c1]" started-at="2024-06-17T18:24:28 IST" name="verifyProductsCountTest" description="check product count display" finished-at="2024-06-17T18:24:32 IST" duration-ms="4084" status="PASS">
          <reporter-output>
          </reporter-output>
        </test-method> <!-- verifyProductsCountTest -->
        <test-method signature="catlogueSwitchTestTest()[pri:19, instance:test.Test009_Product_Page_With_All_Cases@24d09c1]" started-at="2024-06-17T18:24:32 IST" name="catlogueSwitchTestTest" finished-at="2024-06-17T18:24:36 IST" duration-ms="4136" status="FAIL">
          <exception class="org.openqa.selenium.ElementClickInterceptedException">
            <message>
              <![CDATA[element click intercepted: Element <span class="MuiTypography-root MuiTypography-contained css-952gj8">...</span> is not clickable at point (1375, 87). Other element would receive the click: <div class="MuiGrid-root MuiGrid-container MuiGrid-spacing-xs-1 css-tuxzvu">...</div>
  (Session info: chrome=125.0.6422.142)
Build info: version: '4.21.0', revision: '79ed462ef4'
System info: os.name: 'Windows 11', os.arch: 'amd64', os.version: '10.0', java.version: '17.0.10'
Driver info: org.openqa.selenium.chrome.ChromeDriver
Command: [0996fd8c45b07ad28b71816e21e311fe, clickElement {id=f.569959452C65F5AC116E9E283112A03B.d.5AC85A46713EB5C931C954D4424792B3.e.396}]
Capabilities {acceptInsecureCerts: false, browserName: chrome, browserVersion: 125.0.6422.142, chrome: {chromedriverVersion: 125.0.6422.78 (14db42ec38ad..., userDataDir: C:\Users\DELL\AppData\Local...}, fedcm:accounts: true, goog:chromeOptions: {debuggerAddress: localhost:49336}, networkConnectionEnabled: false, pageLoadStrategy: normal, platformName: windows, proxy: Proxy(), se:cdp: ws://localhost:49336/devtoo..., se:cdpVersion: 125.0.6422.142, setWindowRect: true, strictFileInteractability: false, timeouts: {implicit: 0, pageLoad: 300000, script: 30000}, unhandledPromptBehavior: dismiss and notify, webauthn:extension:credBlob: true, webauthn:extension:largeBlob: true, webauthn:extension:minPinLength: true, webauthn:extension:prf: true, webauthn:virtualAuthenticators: true}
Element: [[ChromeDriver: chrome on windows (0996fd8c45b07ad28b71816e21e311fe)] -> xpath: //div[@class="MuiGrid-root MuiGrid-item MuiGrid-grid-xs-12 MuiGrid-grid-sm-12 MuiGrid-grid-md-6 MuiGrid-grid-lg-6 css-1ebhcds"]//div[2]/span]
Session ID: 0996fd8c45b07ad28b71816e21e311fe]]>
            </message>
            <full-stacktrace>
              <![CDATA[org.openqa.selenium.ElementClickInterceptedException: element click intercepted: Element <span class="MuiTypography-root MuiTypography-contained css-952gj8">...</span> is not clickable at point (1375, 87). Other element would receive the click: <div class="MuiGrid-root MuiGrid-container MuiGrid-spacing-xs-1 css-tuxzvu">...</div>
  (Session info: chrome=125.0.6422.142)
Build info: version: '4.21.0', revision: '79ed462ef4'
System info: os.name: 'Windows 11', os.arch: 'amd64', os.version: '10.0', java.version: '17.0.10'
Driver info: org.openqa.selenium.chrome.ChromeDriver
Command: [0996fd8c45b07ad28b71816e21e311fe, clickElement {id=f.569959452C65F5AC116E9E283112A03B.d.5AC85A46713EB5C931C954D4424792B3.e.396}]
Capabilities {acceptInsecureCerts: false, browserName: chrome, browserVersion: 125.0.6422.142, chrome: {chromedriverVersion: 125.0.6422.78 (14db42ec38ad..., userDataDir: C:\Users\DELL\AppData\Local...}, fedcm:accounts: true, goog:chromeOptions: {debuggerAddress: localhost:49336}, networkConnectionEnabled: false, pageLoadStrategy: normal, platformName: windows, proxy: Proxy(), se:cdp: ws://localhost:49336/devtoo..., se:cdpVersion: 125.0.6422.142, setWindowRect: true, strictFileInteractability: false, timeouts: {implicit: 0, pageLoad: 300000, script: 30000}, unhandledPromptBehavior: dismiss and notify, webauthn:extension:credBlob: true, webauthn:extension:largeBlob: true, webauthn:extension:minPinLength: true, webauthn:extension:prf: true, webauthn:virtualAuthenticators: true}
Element: [[ChromeDriver: chrome on windows (0996fd8c45b07ad28b71816e21e311fe)] -> xpath: //div[@class="MuiGrid-root MuiGrid-item MuiGrid-grid-xs-12 MuiGrid-grid-sm-12 MuiGrid-grid-md-6 MuiGrid-grid-lg-6 css-1ebhcds"]//div[2]/span]
Session ID: 0996fd8c45b07ad28b71816e21e311fe
at java.base/jdk.internal.reflect.NativeConstructorAccessorImpl.newInstance0(Native Method)
at java.base/jdk.internal.reflect.NativeConstructorAccessorImpl.newInstance(NativeConstructorAccessorImpl.java:77)
at java.base/jdk.internal.reflect.DelegatingConstructorAccessorImpl.newInstance(DelegatingConstructorAccessorImpl.java:45)
at java.base/java.lang.reflect.Constructor.newInstanceWithCaller(Constructor.java:499)
at java.base/java.lang.reflect.Constructor.newInstance(Constructor.java:480)
at org.openqa.selenium.remote.ErrorCodec.decode(ErrorCodec.java:167)
at org.openqa.selenium.remote.codec.w3c.W3CHttpResponseCodec.decode(W3CHttpResponseCodec.java:138)
at org.openqa.selenium.remote.codec.w3c.W3CHttpResponseCodec.decode(W3CHttpResponseCodec.java:50)
at org.openqa.selenium.remote.HttpCommandExecutor.execute(HttpCommandExecutor.java:190)
at org.openqa.selenium.remote.service.DriverCommandExecutor.invokeExecute(DriverCommandExecutor.java:216)
at org.openqa.selenium.remote.service.DriverCommandExecutor.execute(DriverCommandExecutor.java:174)
at org.openqa.selenium.remote.RemoteWebDriver.execute(RemoteWebDriver.java:518)
at org.openqa.selenium.remote.RemoteWebElement.execute(RemoteWebElement.java:223)
at org.openqa.selenium.remote.RemoteWebElement.click(RemoteWebElement.java:76)
at jdk.internal.reflect.GeneratedMethodAccessor28.invoke(Unknown Source)
at java.base/jdk.internal.reflect.DelegatingMethodAccessorImpl.invoke(DelegatingMethodAccessorImpl.java:43)
at java.base/java.lang.reflect.Method.invoke(Method.java:568)
at org.openqa.selenium.support.pagefactory.internal.LocatingElementHandler.invoke(LocatingElementHandler.java:51)
at jdk.proxy2/jdk.proxy2.$Proxy15.click(Unknown Source)
at pomPages.POM10_Product_Page_With_All_Cases.catlogueSwitchTest(POM10_Product_Page_With_All_Cases.java:758)
at test.Test009_Product_Page_With_All_Cases.catlogueSwitchTestTest(Test009_Product_Page_With_All_Cases.java:188)
at java.base/jdk.internal.reflect.NativeMethodAccessorImpl.invoke0(Native Method)
at java.base/jdk.internal.reflect.NativeMethodAccessorImpl.invoke(NativeMethodAccessorImpl.java:77)
at java.base/jdk.internal.reflect.DelegatingMethodAccessorImpl.invoke(DelegatingMethodAccessorImpl.java:43)
at java.base/java.lang.reflect.Method.invoke(Method.java:568)
at org.testng.internal.invokers.MethodInvocationHelper.invokeMethod(MethodInvocationHelper.java:141)
at org.testng.internal.invokers.TestInvoker.invokeMethod(TestInvoker.java:686)
at org.testng.internal.invokers.TestInvoker.invokeTestMethod(TestInvoker.java:230)
at org.testng.internal.invokers.MethodRunner.runInSequence(MethodRunner.java:63)
at org.testng.internal.invokers.TestInvoker$MethodInvocationAgent.invoke(TestInvoker.java:992)
at org.testng.internal.invokers.TestInvoker.invokeTestMethods(TestInvoker.java:203)
at org.testng.internal.invokers.TestMethodWorker.invokeTestMethods(TestMethodWorker.java:154)
at org.testng.internal.invokers.TestMethodWorker.run(TestMethodWorker.java:134)
at java.base/java.util.ArrayList.forEach(ArrayList.java:1511)
at org.testng.TestRunner.privateRun(TestRunner.java:739)
at org.testng.TestRunner.run(TestRunner.java:614)
at org.testng.SuiteRunner.runTest(SuiteRunner.java:421)
at org.testng.SuiteRunner.runSequentially(SuiteRunner.java:413)
at org.testng.SuiteRunner.privateRun(SuiteRunner.java:373)
at org.testng.SuiteRunner.run(SuiteRunner.java:312)
at org.testng.SuiteRunnerWorker.runSuite(SuiteRunnerWorker.java:52)
at org.testng.SuiteRunnerWorker.run(SuiteRunnerWorker.java:95)
at org.testng.TestNG.runSuitesSequentially(TestNG.java:1274)
at org.testng.TestNG.runSuitesLocally(TestNG.java:1208)
at org.testng.TestNG.runSuites(TestNG.java:1112)
at org.testng.TestNG.run(TestNG.java:1079)
at org.apache.maven.surefire.testng.TestNGExecutor.run(TestNGExecutor.java:308)
at org.apache.maven.surefire.testng.TestNGXmlTestSuite.execute(TestNGXmlTestSuite.java:71)
at org.apache.maven.surefire.testng.TestNGProvider.invoke(TestNGProvider.java:113)
at org.apache.maven.surefire.booter.ForkedBooter.runSuitesInProcess(ForkedBooter.java:385)
at org.apache.maven.surefire.booter.ForkedBooter.execute(ForkedBooter.java:162)
at org.apache.maven.surefire.booter.ForkedBooter.run(ForkedBooter.java:507)
at org.apache.maven.surefire.booter.ForkedBooter.main(ForkedBooter.java:495)
]]>
            </full-stacktrace>
          </exception> <!-- org.openqa.selenium.ElementClickInterceptedException -->
          <reporter-output>
          </reporter-output>
        </test-method> <!-- catlogueSwitchTestTest -->
        <test-method signature="verifyNumberOfProductsDisplayTest()[pri:20, instance:test.Test009_Product_Page_With_All_Cases@24d09c1]" started-at="2024-06-17T18:24:36 IST" name="verifyNumberOfProductsDisplayTest" description="check actual number of products display" finished-at="2024-06-17T18:25:40 IST" duration-ms="64310" status="FAIL">
          <exception class="java.lang.NumberFormatException">
            <message>
              <![CDATA[For input string: "30 "]]>
            </message>
            <full-stacktrace>
              <![CDATA[java.lang.NumberFormatException: For input string: "30 "
at java.base/java.lang.NumberFormatException.forInputString(NumberFormatException.java:67)
at java.base/java.lang.Integer.parseInt(Integer.java:668)
at java.base/java.lang.Integer.parseInt(Integer.java:786)
at pomPages.POM10_Product_Page_With_All_Cases.verifyNumberOfProductsDisplay(POM10_Product_Page_With_All_Cases.java:605)
at test.Test009_Product_Page_With_All_Cases.verifyNumberOfProductsDisplayTest(Test009_Product_Page_With_All_Cases.java:197)
at java.base/jdk.internal.reflect.NativeMethodAccessorImpl.invoke0(Native Method)
at java.base/jdk.internal.reflect.NativeMethodAccessorImpl.invoke(NativeMethodAccessorImpl.java:77)
at java.base/jdk.internal.reflect.DelegatingMethodAccessorImpl.invoke(DelegatingMethodAccessorImpl.java:43)
at java.base/java.lang.reflect.Method.invoke(Method.java:568)
at org.testng.internal.invokers.MethodInvocationHelper.invokeMethod(MethodInvocationHelper.java:141)
at org.testng.internal.invokers.TestInvoker.invokeMethod(TestInvoker.java:686)
at org.testng.internal.invokers.TestInvoker.invokeTestMethod(TestInvoker.java:230)
at org.testng.internal.invokers.MethodRunner.runInSequence(MethodRunner.java:63)
at org.testng.internal.invokers.TestInvoker$MethodInvocationAgent.invoke(TestInvoker.java:992)
at org.testng.internal.invokers.TestInvoker.invokeTestMethods(TestInvoker.java:203)
at org.testng.internal.invokers.TestMethodWorker.invokeTestMethods(TestMethodWorker.java:154)
at org.testng.internal.invokers.TestMethodWorker.run(TestMethodWorker.java:134)
at java.base/java.util.ArrayList.forEach(ArrayList.java:1511)
at org.testng.TestRunner.privateRun(TestRunner.java:739)
at org.testng.TestRunner.run(TestRunner.java:614)
at org.testng.SuiteRunner.runTest(SuiteRunner.java:421)
at org.testng.SuiteRunner.runSequentially(SuiteRunner.java:413)
at org.testng.SuiteRunner.privateRun(SuiteRunner.java:373)
at org.testng.SuiteRunner.run(SuiteRunner.java:312)
at org.testng.SuiteRunnerWorker.runSuite(SuiteRunnerWorker.java:52)
at org.testng.SuiteRunnerWorker.run(SuiteRunnerWorker.java:95)
at org.testng.TestNG.runSuitesSequentially(TestNG.java:1274)
at org.testng.TestNG.runSuitesLocally(TestNG.java:1208)
at org.testng.TestNG.runSuites(TestNG.java:1112)
at org.testng.TestNG.run(TestNG.java:1079)
at org.apache.maven.surefire.testng.TestNGExecutor.run(TestNGExecutor.java:308)
at org.apache.maven.surefire.testng.TestNGXmlTestSuite.execute(TestNGXmlTestSuite.java:71)
at org.apache.maven.surefire.testng.TestNGProvider.invoke(TestNGProvider.java:113)
at org.apache.maven.surefire.booter.ForkedBooter.runSuitesInProcess(ForkedBooter.java:385)
at org.apache.maven.surefire.booter.ForkedBooter.execute(ForkedBooter.java:162)
at org.apache.maven.surefire.booter.ForkedBooter.run(ForkedBooter.java:507)
at org.apache.maven.surefire.booter.ForkedBooter.main(ForkedBooter.java:495)
]]>
            </full-stacktrace>
          </exception> <!-- java.lang.NumberFormatException -->
          <reporter-output>
          </reporter-output>
        </test-method> <!-- verifyNumberOfProductsDisplayTest -->
        <test-method is-config="true" signature="closeBrowser()[pri:0, instance:test.Test009_Product_Page_With_All_Cases@24d09c1]" started-at="2024-06-17T18:25:40 IST" name="closeBrowser" finished-at="2024-06-17T18:25:46 IST" duration-ms="5296" status="PASS">
          <reporter-output>
          </reporter-output>
        </test-method> <!-- closeBrowser -->
      </class> <!-- test.Test009_Product_Page_With_All_Cases -->
      <class name="test.Test005_Edit_Quote_02">
        <test-method is-config="true" signature="openBrowser()[pri:0, instance:test.Test005_Edit_Quote_02@6492fab5]" started-at="2024-06-17T18:07:28 IST" name="openBrowser" finished-at="2024-06-17T18:07:33 IST" duration-ms="5597" status="PASS">
          <reporter-output>
          </reporter-output>
        </test-method> <!-- openBrowser -->
        <test-method signature="productButtonTest()[pri:1, instance:test.Test005_Edit_Quote_02@6492fab5]" started-at="2024-06-17T18:07:33 IST" name="productButtonTest" description="Click on product button" finished-at="2024-06-17T18:07:46 IST" duration-ms="13237" status="PASS">
          <reporter-output>
          </reporter-output>
        </test-method> <!-- productButtonTest -->
        <test-method signature="selectProduct()[pri:2, instance:test.Test005_Edit_Quote_02@6492fab5]" started-at="2024-06-17T18:07:46 IST" name="selectProduct" description="Adding products to cart" finished-at="2024-06-17T18:08:03 IST" duration-ms="16881" status="PASS">
          <reporter-output>
          </reporter-output>
        </test-method> <!-- selectProduct -->
        <test-method signature="selectCart()[pri:3, instance:test.Test005_Edit_Quote_02@6492fab5]" started-at="2024-06-17T18:08:03 IST" name="selectCart" description="Moving towards Cart page" finished-at="2024-06-17T18:08:07 IST" duration-ms="3201" status="PASS">
          <reporter-output>
          </reporter-output>
        </test-method> <!-- selectCart -->
        <test-method signature="clickCreateOrderTest()[pri:4, instance:test.Test005_Edit_Quote_02@6492fab5]" started-at="2024-06-17T18:08:07 IST" name="clickCreateOrderTest" description="clicking on Create quote button on cart page" finished-at="2024-06-17T18:08:12 IST" duration-ms="5212" status="PASS">
          <reporter-output>
          </reporter-output>
        </test-method> <!-- clickCreateOrderTest -->
        <test-method signature="clickChooseCustomerTest()[pri:5, instance:test.Test005_Edit_Quote_02@6492fab5]" started-at="2024-06-17T18:08:12 IST" name="clickChooseCustomerTest" description="clicking on Choose customer button" finished-at="2024-06-17T18:08:17 IST" duration-ms="5203" status="PASS">
          <reporter-output>
          </reporter-output>
        </test-method> <!-- clickChooseCustomerTest -->
        <test-method signature="customerSearchTest()[pri:6, instance:test.Test005_Edit_Quote_02@6492fab5]" started-at="2024-06-17T18:08:17 IST" name="customerSearchTest" description="Searching customer" finished-at="2024-06-17T18:08:32 IST" duration-ms="15490" status="PASS">
          <reporter-output>
          </reporter-output>
        </test-method> <!-- customerSearchTest -->
        <test-method signature="clickCreateOrder2ButtonTest()[pri:7, instance:test.Test005_Edit_Quote_02@6492fab5]" started-at="2024-06-17T18:08:32 IST" name="clickCreateOrder2ButtonTest" description="Click on create quote" finished-at="2024-06-17T18:08:41 IST" duration-ms="8139" status="PASS">
          <reporter-output>
          </reporter-output>
        </test-method> <!-- clickCreateOrder2ButtonTest -->
        <test-method signature="clickProceedButtonTest()[pri:8, instance:test.Test005_Edit_Quote_02@6492fab5]" started-at="2024-06-17T18:08:41 IST" name="clickProceedButtonTest" description="Click on proceed button" finished-at="2024-06-17T18:08:46 IST" duration-ms="5223" status="PASS">
          <reporter-output>
          </reporter-output>
        </test-method> <!-- clickProceedButtonTest -->
        <test-method signature="clickSubmitQuoteTest()[pri:9, instance:test.Test005_Edit_Quote_02@6492fab5]" started-at="2024-06-17T18:08:46 IST" name="clickSubmitQuoteTest" description="Click on submit quote button" finished-at="2024-06-17T18:08:51 IST" duration-ms="5284" status="PASS">
          <reporter-output>
          </reporter-output>
        </test-method> <!-- clickSubmitQuoteTest -->
        <test-method signature="clickEditQuotebuttonTest()[pri:10, instance:test.Test005_Edit_Quote_02@6492fab5]" started-at="2024-06-17T18:08:51 IST" name="clickEditQuotebuttonTest" description="Click on edit quote button" finished-at="2024-06-17T18:09:01 IST" duration-ms="10225" status="PASS">
          <reporter-output>
          </reporter-output>
        </test-method> <!-- clickEditQuotebuttonTest -->
        <test-method signature="clickEditButtonTest()[pri:11, instance:test.Test005_Edit_Quote_02@6492fab5]" started-at="2024-06-17T18:09:01 IST" name="clickEditButtonTest" description="Click on edit button" finished-at="2024-06-17T18:09:07 IST" duration-ms="5183" status="PASS">
          <reporter-output>
          </reporter-output>
        </test-method> <!-- clickEditButtonTest -->
        <test-method signature="clickAddProductsButtonTest()[pri:12, instance:test.Test005_Edit_Quote_02@6492fab5]" started-at="2024-06-17T18:09:07 IST" name="clickAddProductsButtonTest" description="Click on Add product button" finished-at="2024-06-17T18:09:15 IST" duration-ms="8249" status="PASS">
          <reporter-output>
          </reporter-output>
        </test-method> <!-- clickAddProductsButtonTest -->
        <test-method signature="selectmoreProductTest()[pri:13, instance:test.Test005_Edit_Quote_02@6492fab5]" started-at="2024-06-17T18:09:15 IST" name="selectmoreProductTest" description="Adding more products to cart" finished-at="2024-06-17T18:09:42 IST" duration-ms="26877" status="PASS">
          <reporter-output>
          </reporter-output>
        </test-method> <!-- selectmoreProductTest -->
        <test-method signature="selectCartAgainTest()[pri:14, instance:test.Test005_Edit_Quote_02@6492fab5]" started-at="2024-06-17T18:09:42 IST" name="selectCartAgainTest" description="Moving again towards Cart page" finished-at="2024-06-17T18:09:45 IST" duration-ms="3231" status="PASS">
          <reporter-output>
          </reporter-output>
        </test-method> <!-- selectCartAgainTest -->
        <test-method signature="clickUpdateQuoteButtonTest()[pri:15, instance:test.Test005_Edit_Quote_02@6492fab5]" started-at="2024-06-17T18:09:45 IST" name="clickUpdateQuoteButtonTest" description="Click on update quote button" finished-at="2024-06-17T18:09:53 IST" duration-ms="8569" status="PASS">
          <reporter-output>
          </reporter-output>
        </test-method> <!-- clickUpdateQuoteButtonTest -->
        <test-method signature="clickReSubmitQuoteButtonTest()[pri:16, instance:test.Test005_Edit_Quote_02@6492fab5]" started-at="2024-06-17T18:09:53 IST" name="clickReSubmitQuoteButtonTest" description="Click on re-submit quote button" finished-at="2024-06-17T18:10:01 IST" duration-ms="7195" status="PASS">
          <reporter-output>
          </reporter-output>
        </test-method> <!-- clickReSubmitQuoteButtonTest -->
        <test-method signature="clickConvertToOrderTest()[pri:17, instance:test.Test005_Edit_Quote_02@6492fab5]" started-at="2024-06-17T18:10:01 IST" name="clickConvertToOrderTest" description="Click on convert to order" finished-at="2024-06-17T18:10:06 IST" duration-ms="5211" status="PASS">
          <reporter-output>
          </reporter-output>
        </test-method> <!-- clickConvertToOrderTest -->
        <test-method signature="handlingCheckbox1Test()[pri:18, instance:test.Test005_Edit_Quote_02@6492fab5]" started-at="2024-06-17T18:10:06 IST" name="handlingCheckbox1Test" description="Handling check box 1" finished-at="2024-06-17T18:10:16 IST" duration-ms="10195" status="PASS">
          <reporter-output>
          </reporter-output>
        </test-method> <!-- handlingCheckbox1Test -->
        <test-method signature="clickSubmitOrderButtonTest()[pri:19, instance:test.Test005_Edit_Quote_02@6492fab5]" started-at="2024-06-17T18:10:16 IST" name="clickSubmitOrderButtonTest" description="Click on submit order" finished-at="2024-06-17T18:10:21 IST" duration-ms="5152" status="PASS">
          <reporter-output>
          </reporter-output>
        </test-method> <!-- clickSubmitOrderButtonTest -->
        <test-method signature="handlingCheckbox2Test()[pri:20, instance:test.Test005_Edit_Quote_02@6492fab5]" started-at="2024-06-17T18:10:21 IST" name="handlingCheckbox2Test" description="Handling check box 2" finished-at="2024-06-17T18:10:32 IST" duration-ms="10273" status="PASS">
          <reporter-output>
          </reporter-output>
        </test-method> <!-- handlingCheckbox2Test -->
        <test-method is-config="true" signature="closeBrowser()[pri:0, instance:test.Test005_Edit_Quote_02@6492fab5]" started-at="2024-06-17T18:10:32 IST" name="closeBrowser" finished-at="2024-06-17T18:10:37 IST" duration-ms="5455" status="PASS">
          <reporter-output>
          </reporter-output>
        </test-method> <!-- closeBrowser -->
      </class> <!-- test.Test005_Edit_Quote_02 -->
    </test> <!-- Test -->
  </suite> <!-- Smoke Testing -->
</testng-results>
=======
<?xml version="1.0" encoding="UTF-8"?>
<testng-results ignored="0" total="16" passed="16" failed="0" skipped="0">
  <reporter-output>
  </reporter-output>
  <suite started-at="2024-06-19T12:46:30 IST" name="Smoke Testing" finished-at="2024-06-19T12:49:03 IST" duration-ms="153435">
    <groups>
    </groups>
    <test started-at="2024-06-19T12:46:30 IST" name="Test" finished-at="2024-06-19T12:49:03 IST" duration-ms="153435">
      <class name="test.CreateCustomerTest">
        <test-method is-config="true" signature="openBrowser()[pri:0, instance:test.CreateCustomerTest@23e84203]" started-at="2024-06-19T12:46:30 IST" name="openBrowser" finished-at="2024-06-19T12:47:15 IST" duration-ms="44901" status="PASS">
          <reporter-output>
          </reporter-output>
        </test-method> <!-- openBrowser -->
        <test-method signature="loginPageTitleTest()[pri:1, instance:test.CreateCustomerTest@23e84203]" started-at="2024-06-19T12:47:15 IST" name="loginPageTitleTest" description="Verify that title should be the same as wizcommerce" finished-at="2024-06-19T12:47:15 IST" duration-ms="50" status="PASS">
          <reporter-output>
          </reporter-output>
        </test-method> <!-- loginPageTitleTest -->
        <test-method signature="click_customer_tab()[pri:3, instance:test.CreateCustomerTest@23e84203]" started-at="2024-06-19T12:47:15 IST" name="click_customer_tab" description="user should be able to click on customers tab" finished-at="2024-06-19T12:47:32 IST" duration-ms="17165" status="PASS">
          <reporter-output>
          </reporter-output>
        </test-method> <!-- click_customer_tab -->
        <test-method signature="create_customer_button_display()[pri:5, instance:test.CreateCustomerTest@23e84203]" started-at="2024-06-19T12:47:32 IST" name="create_customer_button_display" description="Create customer button should be display" finished-at="2024-06-19T12:47:35 IST" duration-ms="3207" status="PASS">
          <reporter-output>
          </reporter-output>
        </test-method> <!-- create_customer_button_display -->
        <test-method signature="create_customer_button_enabled()[pri:6, instance:test.CreateCustomerTest@23e84203]" started-at="2024-06-19T12:47:35 IST" name="create_customer_button_enabled" description="Create customer button should be clickable" finished-at="2024-06-19T12:47:35 IST" duration-ms="27" status="PASS">
          <reporter-output>
          </reporter-output>
        </test-method> <!-- create_customer_button_enabled -->
        <test-method signature="create_customer_button_spelling_check()[pri:7, instance:test.CreateCustomerTest@23e84203]" started-at="2024-06-19T12:47:35 IST" name="create_customer_button_spelling_check" description="To check create customer spelling is correct" finished-at="2024-06-19T12:47:35 IST" duration-ms="262" status="PASS">
          <reporter-output>
          </reporter-output>
        </test-method> <!-- create_customer_button_spelling_check -->
        <test-method signature="create_customer_button_click()[pri:8, instance:test.CreateCustomerTest@23e84203]" started-at="2024-06-19T12:47:35 IST" name="create_customer_button_click" description="to check create button is clicked" finished-at="2024-06-19T12:47:51 IST" duration-ms="15317" status="PASS">
          <reporter-output>
          </reporter-output>
        </test-method> <!-- create_customer_button_click -->
        <test-method signature="verify_add_customer_title()[pri:9, instance:test.CreateCustomerTest@23e84203]" started-at="2024-06-19T12:47:51 IST" name="verify_add_customer_title" description="to check heading should be add customer of customer form" finished-at="2024-06-19T12:47:52 IST" duration-ms="1659" status="PASS">
          <reporter-output>
          </reporter-output>
        </test-method> <!-- verify_add_customer_title -->
        <test-method signature="verify_basic_details_heading()[pri:10, instance:test.CreateCustomerTest@23e84203]" started-at="2024-06-19T12:47:52 IST" name="verify_basic_details_heading" description="to check basic details heading is display on not" finished-at="2024-06-19T12:47:58 IST" duration-ms="5411" status="PASS">
          <reporter-output>
          </reporter-output>
        </test-method> <!-- verify_basic_details_heading -->
        <test-method signature="verify_basic_details_spelling()[pri:11, instance:test.CreateCustomerTest@23e84203]" started-at="2024-06-19T12:47:58 IST" name="verify_basic_details_spelling" description="To check Basic Details spelling is correct or not" finished-at="2024-06-19T12:47:58 IST" duration-ms="26" status="PASS">
          <reporter-output>
          </reporter-output>
        </test-method> <!-- verify_basic_details_spelling -->
        <test-method signature="company_name()[pri:12, instance:test.CreateCustomerTest@23e84203]" started-at="2024-06-19T12:47:58 IST" name="company_name" description="user should ber able to enter company name " finished-at="2024-06-19T12:48:04 IST" duration-ms="6221" status="PASS">
          <reporter-output>
          </reporter-output>
        </test-method> <!-- company_name -->
        <test-method signature="click_catalog_dropdown()[pri:13, instance:test.CreateCustomerTest@23e84203]" started-at="2024-06-19T12:48:04 IST" name="click_catalog_dropdown" description="user should ber able to click on catalog dropdown" finished-at="2024-06-19T12:48:05 IST" duration-ms="1455" status="PASS">
          <reporter-output>
          </reporter-output>
        </test-method> <!-- click_catalog_dropdown -->
        <test-method signature="select_catalog()[pri:14, instance:test.CreateCustomerTest@23e84203]" started-at="2024-06-19T12:48:05 IST" name="select_catalog" description="user should ber able to select value from catalog dropdown" finished-at="2024-06-19T12:48:13 IST" duration-ms="7963" status="PASS">
          <reporter-output>
          </reporter-output>
        </test-method> <!-- select_catalog -->
        <test-method signature="click_addcontactc()[pri:15, instance:test.CreateCustomerTest@23e84203]" started-at="2024-06-19T12:48:13 IST" name="click_addcontactc" description="user should ber able to click on add contact button " finished-at="2024-06-19T12:48:15 IST" duration-ms="1455" status="PASS">
          <reporter-output>
          </reporter-output>
        </test-method> <!-- click_addcontactc -->
        <test-method signature="verify_Elemnts_OnPage_Test()[pri:16, instance:test.CreateCustomerTest@23e84203]" started-at="2024-06-19T12:48:15 IST" name="verify_Elemnts_OnPage_Test" description="user should ber able to select value from catalog dropdown" finished-at="2024-06-19T12:48:29 IST" duration-ms="13689" status="PASS">
          <reporter-output>
          </reporter-output>
        </test-method> <!-- verify_Elemnts_OnPage_Test -->
        <test-method signature="emptyAllFiledsTest()[pri:17, instance:test.CreateCustomerTest@23e84203]" started-at="2024-06-19T12:48:29 IST" name="emptyAllFiledsTest" description="user should ber able to select value from catalog dropdown" finished-at="2024-06-19T12:48:41 IST" duration-ms="12943" status="PASS">
          <reporter-output>
          </reporter-output>
        </test-method> <!-- emptyAllFiledsTest -->
        <test-method signature="Emailandphoneerrortest()[pri:18, instance:test.CreateCustomerTest@23e84203]" started-at="2024-06-19T12:48:41 IST" name="Emailandphoneerrortest" description="verify email and phone error message" finished-at="2024-06-19T12:48:58 IST" duration-ms="16398" status="PASS">
          <reporter-output>
          </reporter-output>
        </test-method> <!-- Emailandphoneerrortest -->
        <test-method is-config="true" signature="closeBrowser()[pri:0, instance:test.CreateCustomerTest@23e84203]" started-at="2024-06-19T12:48:58 IST" name="closeBrowser" finished-at="2024-06-19T12:49:03 IST" duration-ms="5194" status="PASS">
          <reporter-output>
          </reporter-output>
        </test-method> <!-- closeBrowser -->
      </class> <!-- test.CreateCustomerTest -->
    </test> <!-- Test -->
  </suite> <!-- Smoke Testing -->
</testng-results>
>>>>>>> branch 'master' of https://github.com/Sourcewiz/automation-testing
