<?xml version="1.0" encoding="UTF-8"?>
<!-- Generated by org.testng.reporters.JUnitXMLReporter -->
<testsuite ignored="1" hostname="DESKTOP-G63O7EK" failures="4" tests="258" name="classes" time="51.433" errors="0" timestamp="2024-12-18T15:47:57 IST">
  <testcase classname="generic.BaseTest" name="@BeforeClass openBrowser" time="1.749">
    <failure type="org.openqa.selenium.NoSuchWindowException" message="no such window: target window already closed
from unknown error: web view not found
  (Session info: chrome=131.0.6778.140)
Build info: version: &amp;apos;4.21.0&amp;apos;, revision: &amp;apos;79ed462ef4&amp;apos;
System info: os.name: &amp;apos;Windows 11&amp;apos;, os.arch: &amp;apos;amd64&amp;apos;, os.version: &amp;apos;10.0&amp;apos;, java.version: &amp;apos;22.0.1&amp;apos;
Driver info: org.openqa.selenium.chrome.ChromeDriver
Command: [8b35682131400aa0f50f70185bac9385, maximizeCurrentWindow {}]
Capabilities {acceptInsecureCerts: false, browserName: chrome, browserVersion: 131.0.6778.140, chrome: {chromedriverVersion: 131.0.6778.85 (3d81e41b6f3a..., userDataDir: C:\Users\heman\AppData\Loca...}, fedcm:accounts: true, goog:chromeOptions: {debuggerAddress: localhost:52451}, networkConnectionEnabled: false, pageLoadStrategy: normal, platformName: windows, proxy: Proxy(), se:cdp: ws://localhost:52451/devtoo..., se:cdpVersion: 131.0.6778.140, setWindowRect: true, strictFileInteractability: false, timeouts: {implicit: 0, pageLoad: 300000, script: 30000}, unhandledPromptBehavior: dismiss and notify, webauthn:extension:credBlob: true, webauthn:extension:largeBlob: true, webauthn:extension:minPinLength: true, webauthn:extension:prf: true, webauthn:virtualAuthenticators: true}
Session ID: 8b35682131400aa0f50f70185bac9385">
      <![CDATA[org.openqa.selenium.NoSuchWindowException: no such window: target window already closed
from unknown error: web view not found
  (Session info: chrome=131.0.6778.140)
Build info: version: '4.21.0', revision: '79ed462ef4'
System info: os.name: 'Windows 11', os.arch: 'amd64', os.version: '10.0', java.version: '22.0.1'
Driver info: org.openqa.selenium.chrome.ChromeDriver
Command: [8b35682131400aa0f50f70185bac9385, maximizeCurrentWindow {}]
Capabilities {acceptInsecureCerts: false, browserName: chrome, browserVersion: 131.0.6778.140, chrome: {chromedriverVersion: 131.0.6778.85 (3d81e41b6f3a..., userDataDir: C:\Users\heman\AppData\Loca...}, fedcm:accounts: true, goog:chromeOptions: {debuggerAddress: localhost:52451}, networkConnectionEnabled: false, pageLoadStrategy: normal, platformName: windows, proxy: Proxy(), se:cdp: ws://localhost:52451/devtoo..., se:cdpVersion: 131.0.6778.140, setWindowRect: true, strictFileInteractability: false, timeouts: {implicit: 0, pageLoad: 300000, script: 30000}, unhandledPromptBehavior: dismiss and notify, webauthn:extension:credBlob: true, webauthn:extension:largeBlob: true, webauthn:extension:minPinLength: true, webauthn:extension:prf: true, webauthn:virtualAuthenticators: true}
Session ID: 8b35682131400aa0f50f70185bac9385
at org.openqa.selenium.remote.ErrorCodec.decode(ErrorCodec.java:167)
at org.openqa.selenium.remote.codec.w3c.W3CHttpResponseCodec.decode(W3CHttpResponseCodec.java:138)
at org.openqa.selenium.remote.codec.w3c.W3CHttpResponseCodec.decode(W3CHttpResponseCodec.java:50)
at org.openqa.selenium.remote.HttpCommandExecutor.execute(HttpCommandExecutor.java:190)
at org.openqa.selenium.remote.service.DriverCommandExecutor.invokeExecute(DriverCommandExecutor.java:216)
at org.openqa.selenium.remote.service.DriverCommandExecutor.execute(DriverCommandExecutor.java:174)
at org.openqa.selenium.remote.RemoteWebDriver.execute(RemoteWebDriver.java:518)
at org.openqa.selenium.remote.RemoteWebDriver.execute(RemoteWebDriver.java:591)
at org.openqa.selenium.remote.RemoteWebDriver.execute(RemoteWebDriver.java:595)
at org.openqa.selenium.remote.RemoteWebDriver$RemoteWebDriverOptions$RemoteWindow.maximize(RemoteWebDriver.java:1034)
at generic.BaseTest.openBrowser(BaseTest.java:75)
at java.base/java.util.ArrayList.forEach(ArrayList.java:1597)
... Removed 26 stack frames]]>
    </failure>
  </testcase> <!-- @BeforeClass openBrowser -->
  <testcase classname="generic.BaseTest" name="@AfterClass closeBrowser" time="-1.734517056839E9">
    <skipped/>
  </testcase> <!-- @AfterClass closeBrowser -->
  <testcase classname="generic.BaseTest" name="@BeforeClass openBrowser" time="1.863">
    <failure type="org.openqa.selenium.NoSuchWindowException" message="no such window: target window already closed
from unknown error: web view not found
  (Session info: chrome=131.0.6778.140)
Build info: version: &amp;apos;4.21.0&amp;apos;, revision: &amp;apos;79ed462ef4&amp;apos;
System info: os.name: &amp;apos;Windows 11&amp;apos;, os.arch: &amp;apos;amd64&amp;apos;, os.version: &amp;apos;10.0&amp;apos;, java.version: &amp;apos;22.0.1&amp;apos;
Driver info: org.openqa.selenium.chrome.ChromeDriver
Command: [d280af64eb0df9487b37dd0996a3c68a, maximizeCurrentWindow {}]
Capabilities {acceptInsecureCerts: false, browserName: chrome, browserVersion: 131.0.6778.140, chrome: {chromedriverVersion: 131.0.6778.85 (3d81e41b6f3a..., userDataDir: C:\Users\heman\AppData\Loca...}, fedcm:accounts: true, goog:chromeOptions: {debuggerAddress: localhost:52469}, networkConnectionEnabled: false, pageLoadStrategy: normal, platformName: windows, proxy: Proxy(), se:cdp: ws://localhost:52469/devtoo..., se:cdpVersion: 131.0.6778.140, setWindowRect: true, strictFileInteractability: false, timeouts: {implicit: 0, pageLoad: 300000, script: 30000}, unhandledPromptBehavior: dismiss and notify, webauthn:extension:credBlob: true, webauthn:extension:largeBlob: true, webauthn:extension:minPinLength: true, webauthn:extension:prf: true, webauthn:virtualAuthenticators: true}
Session ID: d280af64eb0df9487b37dd0996a3c68a">
      <![CDATA[org.openqa.selenium.NoSuchWindowException: no such window: target window already closed
from unknown error: web view not found
  (Session info: chrome=131.0.6778.140)
Build info: version: '4.21.0', revision: '79ed462ef4'
System info: os.name: 'Windows 11', os.arch: 'amd64', os.version: '10.0', java.version: '22.0.1'
Driver info: org.openqa.selenium.chrome.ChromeDriver
Command: [d280af64eb0df9487b37dd0996a3c68a, maximizeCurrentWindow {}]
Capabilities {acceptInsecureCerts: false, browserName: chrome, browserVersion: 131.0.6778.140, chrome: {chromedriverVersion: 131.0.6778.85 (3d81e41b6f3a..., userDataDir: C:\Users\heman\AppData\Loca...}, fedcm:accounts: true, goog:chromeOptions: {debuggerAddress: localhost:52469}, networkConnectionEnabled: false, pageLoadStrategy: normal, platformName: windows, proxy: Proxy(), se:cdp: ws://localhost:52469/devtoo..., se:cdpVersion: 131.0.6778.140, setWindowRect: true, strictFileInteractability: false, timeouts: {implicit: 0, pageLoad: 300000, script: 30000}, unhandledPromptBehavior: dismiss and notify, webauthn:extension:credBlob: true, webauthn:extension:largeBlob: true, webauthn:extension:minPinLength: true, webauthn:extension:prf: true, webauthn:virtualAuthenticators: true}
Session ID: d280af64eb0df9487b37dd0996a3c68a
at org.openqa.selenium.remote.ErrorCodec.decode(ErrorCodec.java:167)
at org.openqa.selenium.remote.codec.w3c.W3CHttpResponseCodec.decode(W3CHttpResponseCodec.java:138)
at org.openqa.selenium.remote.codec.w3c.W3CHttpResponseCodec.decode(W3CHttpResponseCodec.java:50)
at org.openqa.selenium.remote.HttpCommandExecutor.execute(HttpCommandExecutor.java:190)
at org.openqa.selenium.remote.service.DriverCommandExecutor.invokeExecute(DriverCommandExecutor.java:216)
at org.openqa.selenium.remote.service.DriverCommandExecutor.execute(DriverCommandExecutor.java:174)
at org.openqa.selenium.remote.RemoteWebDriver.execute(RemoteWebDriver.java:518)
at org.openqa.selenium.remote.RemoteWebDriver.execute(RemoteWebDriver.java:591)
at org.openqa.selenium.remote.RemoteWebDriver.execute(RemoteWebDriver.java:595)
at org.openqa.selenium.remote.RemoteWebDriver$RemoteWebDriverOptions$RemoteWindow.maximize(RemoteWebDriver.java:1034)
at generic.BaseTest.openBrowser(BaseTest.java:75)
at java.base/java.util.ArrayList.forEach(ArrayList.java:1597)
... Removed 26 stack frames]]>
    </failure>
  </testcase> <!-- @BeforeClass openBrowser -->
  <testcase classname="generic.BaseTest" name="@AfterClass closeBrowser" time="-1.734517059219E9">
    <skipped/>
  </testcase> <!-- @AfterClass closeBrowser -->
  <testcase classname="generic.BaseTest" name="@BeforeClass openBrowser" time="1.549">
    <failure type="org.openqa.selenium.NoSuchWindowException" message="no such window: target window already closed
from unknown error: web view not found
  (Session info: chrome=131.0.6778.140)
Build info: version: &amp;apos;4.21.0&amp;apos;, revision: &amp;apos;79ed462ef4&amp;apos;
System info: os.name: &amp;apos;Windows 11&amp;apos;, os.arch: &amp;apos;amd64&amp;apos;, os.version: &amp;apos;10.0&amp;apos;, java.version: &amp;apos;22.0.1&amp;apos;
Driver info: org.openqa.selenium.chrome.ChromeDriver
Command: [e63b8816d939e97ba81e8b6bb45540df, maximizeCurrentWindow {}]
Capabilities {acceptInsecureCerts: false, browserName: chrome, browserVersion: 131.0.6778.140, chrome: {chromedriverVersion: 131.0.6778.85 (3d81e41b6f3a..., userDataDir: C:\Users\heman\AppData\Loca...}, fedcm:accounts: true, goog:chromeOptions: {debuggerAddress: localhost:52487}, networkConnectionEnabled: false, pageLoadStrategy: normal, platformName: windows, proxy: Proxy(), se:cdp: ws://localhost:52487/devtoo..., se:cdpVersion: 131.0.6778.140, setWindowRect: true, strictFileInteractability: false, timeouts: {implicit: 0, pageLoad: 300000, script: 30000}, unhandledPromptBehavior: dismiss and notify, webauthn:extension:credBlob: true, webauthn:extension:largeBlob: true, webauthn:extension:minPinLength: true, webauthn:extension:prf: true, webauthn:virtualAuthenticators: true}
Session ID: e63b8816d939e97ba81e8b6bb45540df">
      <![CDATA[org.openqa.selenium.NoSuchWindowException: no such window: target window already closed
from unknown error: web view not found
  (Session info: chrome=131.0.6778.140)
Build info: version: '4.21.0', revision: '79ed462ef4'
System info: os.name: 'Windows 11', os.arch: 'amd64', os.version: '10.0', java.version: '22.0.1'
Driver info: org.openqa.selenium.chrome.ChromeDriver
Command: [e63b8816d939e97ba81e8b6bb45540df, maximizeCurrentWindow {}]
Capabilities {acceptInsecureCerts: false, browserName: chrome, browserVersion: 131.0.6778.140, chrome: {chromedriverVersion: 131.0.6778.85 (3d81e41b6f3a..., userDataDir: C:\Users\heman\AppData\Loca...}, fedcm:accounts: true, goog:chromeOptions: {debuggerAddress: localhost:52487}, networkConnectionEnabled: false, pageLoadStrategy: normal, platformName: windows, proxy: Proxy(), se:cdp: ws://localhost:52487/devtoo..., se:cdpVersion: 131.0.6778.140, setWindowRect: true, strictFileInteractability: false, timeouts: {implicit: 0, pageLoad: 300000, script: 30000}, unhandledPromptBehavior: dismiss and notify, webauthn:extension:credBlob: true, webauthn:extension:largeBlob: true, webauthn:extension:minPinLength: true, webauthn:extension:prf: true, webauthn:virtualAuthenticators: true}
Session ID: e63b8816d939e97ba81e8b6bb45540df
at org.openqa.selenium.remote.ErrorCodec.decode(ErrorCodec.java:167)
at org.openqa.selenium.remote.codec.w3c.W3CHttpResponseCodec.decode(W3CHttpResponseCodec.java:138)
at org.openqa.selenium.remote.codec.w3c.W3CHttpResponseCodec.decode(W3CHttpResponseCodec.java:50)
at org.openqa.selenium.remote.HttpCommandExecutor.execute(HttpCommandExecutor.java:190)
at org.openqa.selenium.remote.service.DriverCommandExecutor.invokeExecute(DriverCommandExecutor.java:216)
at org.openqa.selenium.remote.service.DriverCommandExecutor.execute(DriverCommandExecutor.java:174)
at org.openqa.selenium.remote.RemoteWebDriver.execute(RemoteWebDriver.java:518)
at org.openqa.selenium.remote.RemoteWebDriver.execute(RemoteWebDriver.java:591)
at org.openqa.selenium.remote.RemoteWebDriver.execute(RemoteWebDriver.java:595)
at org.openqa.selenium.remote.RemoteWebDriver$RemoteWebDriverOptions$RemoteWindow.maximize(RemoteWebDriver.java:1034)
at generic.BaseTest.openBrowser(BaseTest.java:75)
at java.base/java.util.ArrayList.forEach(ArrayList.java:1597)
... Removed 26 stack frames]]>
    </failure>
  </testcase> <!-- @BeforeClass openBrowser -->
  <testcase classname="generic.BaseTest" name="@AfterClass closeBrowser" time="-1.734517061637E9">
    <skipped/>
  </testcase> <!-- @AfterClass closeBrowser -->
  <testcase classname="generic.BaseTest" name="@BeforeClass openBrowser" time="1.553">
    <failure type="org.openqa.selenium.NoSuchWindowException" message="no such window: target window already closed
from unknown error: web view not found
  (Session info: chrome=131.0.6778.140)
Build info: version: &amp;apos;4.21.0&amp;apos;, revision: &amp;apos;79ed462ef4&amp;apos;
System info: os.name: &amp;apos;Windows 11&amp;apos;, os.arch: &amp;apos;amd64&amp;apos;, os.version: &amp;apos;10.0&amp;apos;, java.version: &amp;apos;22.0.1&amp;apos;
Driver info: org.openqa.selenium.chrome.ChromeDriver
Command: [f07f49e47e44593825e9ad004c213f4e, maximizeCurrentWindow {}]
Capabilities {acceptInsecureCerts: false, browserName: chrome, browserVersion: 131.0.6778.140, chrome: {chromedriverVersion: 131.0.6778.85 (3d81e41b6f3a..., userDataDir: C:\Users\heman\AppData\Loca...}, fedcm:accounts: true, goog:chromeOptions: {debuggerAddress: localhost:52507}, networkConnectionEnabled: false, pageLoadStrategy: normal, platformName: windows, proxy: Proxy(), se:cdp: ws://localhost:52507/devtoo..., se:cdpVersion: 131.0.6778.140, setWindowRect: true, strictFileInteractability: false, timeouts: {implicit: 0, pageLoad: 300000, script: 30000}, unhandledPromptBehavior: dismiss and notify, webauthn:extension:credBlob: true, webauthn:extension:largeBlob: true, webauthn:extension:minPinLength: true, webauthn:extension:prf: true, webauthn:virtualAuthenticators: true}
Session ID: f07f49e47e44593825e9ad004c213f4e">
      <![CDATA[org.openqa.selenium.NoSuchWindowException: no such window: target window already closed
from unknown error: web view not found
  (Session info: chrome=131.0.6778.140)
Build info: version: '4.21.0', revision: '79ed462ef4'
System info: os.name: 'Windows 11', os.arch: 'amd64', os.version: '10.0', java.version: '22.0.1'
Driver info: org.openqa.selenium.chrome.ChromeDriver
Command: [f07f49e47e44593825e9ad004c213f4e, maximizeCurrentWindow {}]
Capabilities {acceptInsecureCerts: false, browserName: chrome, browserVersion: 131.0.6778.140, chrome: {chromedriverVersion: 131.0.6778.85 (3d81e41b6f3a..., userDataDir: C:\Users\heman\AppData\Loca...}, fedcm:accounts: true, goog:chromeOptions: {debuggerAddress: localhost:52507}, networkConnectionEnabled: false, pageLoadStrategy: normal, platformName: windows, proxy: Proxy(), se:cdp: ws://localhost:52507/devtoo..., se:cdpVersion: 131.0.6778.140, setWindowRect: true, strictFileInteractability: false, timeouts: {implicit: 0, pageLoad: 300000, script: 30000}, unhandledPromptBehavior: dismiss and notify, webauthn:extension:credBlob: true, webauthn:extension:largeBlob: true, webauthn:extension:minPinLength: true, webauthn:extension:prf: true, webauthn:virtualAuthenticators: true}
Session ID: f07f49e47e44593825e9ad004c213f4e
at org.openqa.selenium.remote.ErrorCodec.decode(ErrorCodec.java:167)
at org.openqa.selenium.remote.codec.w3c.W3CHttpResponseCodec.decode(W3CHttpResponseCodec.java:138)
at org.openqa.selenium.remote.codec.w3c.W3CHttpResponseCodec.decode(W3CHttpResponseCodec.java:50)
at org.openqa.selenium.remote.HttpCommandExecutor.execute(HttpCommandExecutor.java:190)
at org.openqa.selenium.remote.service.DriverCommandExecutor.invokeExecute(DriverCommandExecutor.java:216)
at org.openqa.selenium.remote.service.DriverCommandExecutor.execute(DriverCommandExecutor.java:174)
at org.openqa.selenium.remote.RemoteWebDriver.execute(RemoteWebDriver.java:518)
at org.openqa.selenium.remote.RemoteWebDriver.execute(RemoteWebDriver.java:591)
at org.openqa.selenium.remote.RemoteWebDriver.execute(RemoteWebDriver.java:595)
at org.openqa.selenium.remote.RemoteWebDriver$RemoteWebDriverOptions$RemoteWindow.maximize(RemoteWebDriver.java:1034)
at generic.BaseTest.openBrowser(BaseTest.java:75)
at java.base/java.util.ArrayList.forEach(ArrayList.java:1597)
... Removed 26 stack frames]]>
    </failure>
  </testcase> <!-- @BeforeClass openBrowser -->
  <testcase classname="generic.BaseTest" name="@AfterClass closeBrowser" time="-1.73451706346E9">
    <skipped/>
  </testcase> <!-- @AfterClass closeBrowser -->
  <testcase classname="generic.BaseTest" name="@BeforeClass openBrowser" time="1.626">
    <failure type="org.openqa.selenium.NoSuchWindowException" message="no such window: target window already closed
from unknown error: web view not found
  (Session info: chrome=131.0.6778.140)
Build info: version: &amp;apos;4.21.0&amp;apos;, revision: &amp;apos;79ed462ef4&amp;apos;
System info: os.name: &amp;apos;Windows 11&amp;apos;, os.arch: &amp;apos;amd64&amp;apos;, os.version: &amp;apos;10.0&amp;apos;, java.version: &amp;apos;22.0.1&amp;apos;
Driver info: org.openqa.selenium.chrome.ChromeDriver
Command: [d407d25c2c4d52c31ddeef5a2f27a067, maximizeCurrentWindow {}]
Capabilities {acceptInsecureCerts: false, browserName: chrome, browserVersion: 131.0.6778.140, chrome: {chromedriverVersion: 131.0.6778.85 (3d81e41b6f3a..., userDataDir: C:\Users\heman\AppData\Loca...}, fedcm:accounts: true, goog:chromeOptions: {debuggerAddress: localhost:52525}, networkConnectionEnabled: false, pageLoadStrategy: normal, platformName: windows, proxy: Proxy(), se:cdp: ws://localhost:52525/devtoo..., se:cdpVersion: 131.0.6778.140, setWindowRect: true, strictFileInteractability: false, timeouts: {implicit: 0, pageLoad: 300000, script: 30000}, unhandledPromptBehavior: dismiss and notify, webauthn:extension:credBlob: true, webauthn:extension:largeBlob: true, webauthn:extension:minPinLength: true, webauthn:extension:prf: true, webauthn:virtualAuthenticators: true}
Session ID: d407d25c2c4d52c31ddeef5a2f27a067">
      <![CDATA[org.openqa.selenium.NoSuchWindowException: no such window: target window already closed
from unknown error: web view not found
  (Session info: chrome=131.0.6778.140)
Build info: version: '4.21.0', revision: '79ed462ef4'
System info: os.name: 'Windows 11', os.arch: 'amd64', os.version: '10.0', java.version: '22.0.1'
Driver info: org.openqa.selenium.chrome.ChromeDriver
Command: [d407d25c2c4d52c31ddeef5a2f27a067, maximizeCurrentWindow {}]
Capabilities {acceptInsecureCerts: false, browserName: chrome, browserVersion: 131.0.6778.140, chrome: {chromedriverVersion: 131.0.6778.85 (3d81e41b6f3a..., userDataDir: C:\Users\heman\AppData\Loca...}, fedcm:accounts: true, goog:chromeOptions: {debuggerAddress: localhost:52525}, networkConnectionEnabled: false, pageLoadStrategy: normal, platformName: windows, proxy: Proxy(), se:cdp: ws://localhost:52525/devtoo..., se:cdpVersion: 131.0.6778.140, setWindowRect: true, strictFileInteractability: false, timeouts: {implicit: 0, pageLoad: 300000, script: 30000}, unhandledPromptBehavior: dismiss and notify, webauthn:extension:credBlob: true, webauthn:extension:largeBlob: true, webauthn:extension:minPinLength: true, webauthn:extension:prf: true, webauthn:virtualAuthenticators: true}
Session ID: d407d25c2c4d52c31ddeef5a2f27a067
at org.openqa.selenium.remote.ErrorCodec.decode(ErrorCodec.java:167)
at org.openqa.selenium.remote.codec.w3c.W3CHttpResponseCodec.decode(W3CHttpResponseCodec.java:138)
at org.openqa.selenium.remote.codec.w3c.W3CHttpResponseCodec.decode(W3CHttpResponseCodec.java:50)
at org.openqa.selenium.remote.HttpCommandExecutor.execute(HttpCommandExecutor.java:190)
at org.openqa.selenium.remote.service.DriverCommandExecutor.invokeExecute(DriverCommandExecutor.java:216)
at org.openqa.selenium.remote.service.DriverCommandExecutor.execute(DriverCommandExecutor.java:174)
at org.openqa.selenium.remote.RemoteWebDriver.execute(RemoteWebDriver.java:518)
at org.openqa.selenium.remote.RemoteWebDriver.execute(RemoteWebDriver.java:591)
at org.openqa.selenium.remote.RemoteWebDriver.execute(RemoteWebDriver.java:595)
at org.openqa.selenium.remote.RemoteWebDriver$RemoteWebDriverOptions$RemoteWindow.maximize(RemoteWebDriver.java:1034)
at generic.BaseTest.openBrowser(BaseTest.java:75)
at java.base/java.util.ArrayList.forEach(ArrayList.java:1597)
... Removed 26 stack frames]]>
    </failure>
  </testcase> <!-- @BeforeClass openBrowser -->
  <testcase classname="generic.BaseTest" name="@AfterClass closeBrowser" time="-1.734517065478E9">
    <skipped/>
  </testcase> <!-- @AfterClass closeBrowser -->
  <testcase classname="generic.BaseTest" name="@BeforeClass openBrowser" time="1.385">
    <failure type="org.openqa.selenium.NoSuchWindowException" message="no such window: target window already closed
from unknown error: web view not found
  (Session info: chrome=131.0.6778.140)
Build info: version: &amp;apos;4.21.0&amp;apos;, revision: &amp;apos;79ed462ef4&amp;apos;
System info: os.name: &amp;apos;Windows 11&amp;apos;, os.arch: &amp;apos;amd64&amp;apos;, os.version: &amp;apos;10.0&amp;apos;, java.version: &amp;apos;22.0.1&amp;apos;
Driver info: org.openqa.selenium.chrome.ChromeDriver
Command: [5232c190cbb820b81e2ef88d15bf5933, maximizeCurrentWindow {}]
Capabilities {acceptInsecureCerts: false, browserName: chrome, browserVersion: 131.0.6778.140, chrome: {chromedriverVersion: 131.0.6778.85 (3d81e41b6f3a..., userDataDir: C:\Users\heman\AppData\Loca...}, fedcm:accounts: true, goog:chromeOptions: {debuggerAddress: localhost:52540}, networkConnectionEnabled: false, pageLoadStrategy: normal, platformName: windows, proxy: Proxy(), se:cdp: ws://localhost:52540/devtoo..., se:cdpVersion: 131.0.6778.140, setWindowRect: true, strictFileInteractability: false, timeouts: {implicit: 0, pageLoad: 300000, script: 30000}, unhandledPromptBehavior: dismiss and notify, webauthn:extension:credBlob: true, webauthn:extension:largeBlob: true, webauthn:extension:minPinLength: true, webauthn:extension:prf: true, webauthn:virtualAuthenticators: true}
Session ID: 5232c190cbb820b81e2ef88d15bf5933">
      <![CDATA[org.openqa.selenium.NoSuchWindowException: no such window: target window already closed
from unknown error: web view not found
  (Session info: chrome=131.0.6778.140)
Build info: version: '4.21.0', revision: '79ed462ef4'
System info: os.name: 'Windows 11', os.arch: 'amd64', os.version: '10.0', java.version: '22.0.1'
Driver info: org.openqa.selenium.chrome.ChromeDriver
Command: [5232c190cbb820b81e2ef88d15bf5933, maximizeCurrentWindow {}]
Capabilities {acceptInsecureCerts: false, browserName: chrome, browserVersion: 131.0.6778.140, chrome: {chromedriverVersion: 131.0.6778.85 (3d81e41b6f3a..., userDataDir: C:\Users\heman\AppData\Loca...}, fedcm:accounts: true, goog:chromeOptions: {debuggerAddress: localhost:52540}, networkConnectionEnabled: false, pageLoadStrategy: normal, platformName: windows, proxy: Proxy(), se:cdp: ws://localhost:52540/devtoo..., se:cdpVersion: 131.0.6778.140, setWindowRect: true, strictFileInteractability: false, timeouts: {implicit: 0, pageLoad: 300000, script: 30000}, unhandledPromptBehavior: dismiss and notify, webauthn:extension:credBlob: true, webauthn:extension:largeBlob: true, webauthn:extension:minPinLength: true, webauthn:extension:prf: true, webauthn:virtualAuthenticators: true}
Session ID: 5232c190cbb820b81e2ef88d15bf5933
at org.openqa.selenium.remote.ErrorCodec.decode(ErrorCodec.java:167)
at org.openqa.selenium.remote.codec.w3c.W3CHttpResponseCodec.decode(W3CHttpResponseCodec.java:138)
at org.openqa.selenium.remote.codec.w3c.W3CHttpResponseCodec.decode(W3CHttpResponseCodec.java:50)
at org.openqa.selenium.remote.HttpCommandExecutor.execute(HttpCommandExecutor.java:190)
at org.openqa.selenium.remote.service.DriverCommandExecutor.invokeExecute(DriverCommandExecutor.java:216)
at org.openqa.selenium.remote.service.DriverCommandExecutor.execute(DriverCommandExecutor.java:174)
at org.openqa.selenium.remote.RemoteWebDriver.execute(RemoteWebDriver.java:518)
at org.openqa.selenium.remote.RemoteWebDriver.execute(RemoteWebDriver.java:591)
at org.openqa.selenium.remote.RemoteWebDriver.execute(RemoteWebDriver.java:595)
at org.openqa.selenium.remote.RemoteWebDriver$RemoteWebDriverOptions$RemoteWindow.maximize(RemoteWebDriver.java:1034)
at generic.BaseTest.openBrowser(BaseTest.java:75)
at java.base/java.util.ArrayList.forEach(ArrayList.java:1597)
... Removed 26 stack frames]]>
    </failure>
  </testcase> <!-- @BeforeClass openBrowser -->
  <testcase classname="generic.BaseTest" name="@AfterClass closeBrowser" time="-1.734517067233E9">
    <skipped/>
  </testcase> <!-- @AfterClass closeBrowser -->
  <testcase classname="generic.BaseTest" name="@BeforeClass openBrowser" time="3.663">
    <failure type="org.openqa.selenium.NoSuchWindowException" message="no such window: target window already closed
from unknown error: web view not found
  (Session info: chrome=131.0.6778.140)
Build info: version: &amp;apos;4.21.0&amp;apos;, revision: &amp;apos;79ed462ef4&amp;apos;
System info: os.name: &amp;apos;Windows 11&amp;apos;, os.arch: &amp;apos;amd64&amp;apos;, os.version: &amp;apos;10.0&amp;apos;, java.version: &amp;apos;22.0.1&amp;apos;
Driver info: org.openqa.selenium.chrome.ChromeDriver
Command: [b9bd41b06823c0e465ff8f599eba11e2, findElement {value=//input[@id=&amp;apos;login_email&amp;apos;], using=xpath}]
Capabilities {acceptInsecureCerts: false, browserName: chrome, browserVersion: 131.0.6778.140, chrome: {chromedriverVersion: 131.0.6778.85 (3d81e41b6f3a..., userDataDir: C:\Users\heman\AppData\Loca...}, fedcm:accounts: true, goog:chromeOptions: {debuggerAddress: localhost:52558}, networkConnectionEnabled: false, pageLoadStrategy: normal, platformName: windows, proxy: Proxy(), se:cdp: ws://localhost:52558/devtoo..., se:cdpVersion: 131.0.6778.140, setWindowRect: true, strictFileInteractability: false, timeouts: {implicit: 0, pageLoad: 300000, script: 30000}, unhandledPromptBehavior: dismiss and notify, webauthn:extension:credBlob: true, webauthn:extension:largeBlob: true, webauthn:extension:minPinLength: true, webauthn:extension:prf: true, webauthn:virtualAuthenticators: true}
Session ID: b9bd41b06823c0e465ff8f599eba11e2">
      <![CDATA[org.openqa.selenium.NoSuchWindowException: no such window: target window already closed
from unknown error: web view not found
  (Session info: chrome=131.0.6778.140)
Build info: version: '4.21.0', revision: '79ed462ef4'
System info: os.name: 'Windows 11', os.arch: 'amd64', os.version: '10.0', java.version: '22.0.1'
Driver info: org.openqa.selenium.chrome.ChromeDriver
Command: [b9bd41b06823c0e465ff8f599eba11e2, findElement {value=//input[@id='login_email'], using=xpath}]
Capabilities {acceptInsecureCerts: false, browserName: chrome, browserVersion: 131.0.6778.140, chrome: {chromedriverVersion: 131.0.6778.85 (3d81e41b6f3a..., userDataDir: C:\Users\heman\AppData\Loca...}, fedcm:accounts: true, goog:chromeOptions: {debuggerAddress: localhost:52558}, networkConnectionEnabled: false, pageLoadStrategy: normal, platformName: windows, proxy: Proxy(), se:cdp: ws://localhost:52558/devtoo..., se:cdpVersion: 131.0.6778.140, setWindowRect: true, strictFileInteractability: false, timeouts: {implicit: 0, pageLoad: 300000, script: 30000}, unhandledPromptBehavior: dismiss and notify, webauthn:extension:credBlob: true, webauthn:extension:largeBlob: true, webauthn:extension:minPinLength: true, webauthn:extension:prf: true, webauthn:virtualAuthenticators: true}
Session ID: b9bd41b06823c0e465ff8f599eba11e2
at org.openqa.selenium.remote.ErrorCodec.decode(ErrorCodec.java:167)
at org.openqa.selenium.remote.codec.w3c.W3CHttpResponseCodec.decode(W3CHttpResponseCodec.java:138)
at org.openqa.selenium.remote.codec.w3c.W3CHttpResponseCodec.decode(W3CHttpResponseCodec.java:50)
at org.openqa.selenium.remote.HttpCommandExecutor.execute(HttpCommandExecutor.java:190)
at org.openqa.selenium.remote.service.DriverCommandExecutor.invokeExecute(DriverCommandExecutor.java:216)
at org.openqa.selenium.remote.service.DriverCommandExecutor.execute(DriverCommandExecutor.java:174)
at org.openqa.selenium.remote.RemoteWebDriver.execute(RemoteWebDriver.java:518)
at org.openqa.selenium.remote.ElementLocation$ElementFinder$2.findElement(ElementLocation.java:165)
at org.openqa.selenium.remote.ElementLocation.findElement(ElementLocation.java:59)
at org.openqa.selenium.remote.RemoteWebDriver.findElement(RemoteWebDriver.java:355)
at org.openqa.selenium.remote.RemoteWebDriver.findElement(RemoteWebDriver.java:349)
at generic.BaseTest.openBrowser(BaseTest.java:91)
at java.base/java.util.ArrayList.forEach(ArrayList.java:1597)
... Removed 26 stack frames]]>
    </failure>
  </testcase> <!-- @BeforeClass openBrowser -->
  <testcase classname="generic.BaseTest" name="@AfterClass closeBrowser" time="-1.734517071054E9">
    <skipped/>
  </testcase> <!-- @AfterClass closeBrowser -->
  <testcase classname="generic.BaseTest" name="@BeforeClass openBrowser" time="1.935">
    <failure type="org.openqa.selenium.NoSuchWindowException" message="no such window: target window already closed
from unknown error: web view not found
  (Session info: chrome=131.0.6778.140)
Build info: version: &amp;apos;4.21.0&amp;apos;, revision: &amp;apos;79ed462ef4&amp;apos;
System info: os.name: &amp;apos;Windows 11&amp;apos;, os.arch: &amp;apos;amd64&amp;apos;, os.version: &amp;apos;10.0&amp;apos;, java.version: &amp;apos;22.0.1&amp;apos;
Driver info: org.openqa.selenium.chrome.ChromeDriver
Command: [862528ebe68bc1ff3c51ad9143ffd6ce, maximizeCurrentWindow {}]
Capabilities {acceptInsecureCerts: false, browserName: chrome, browserVersion: 131.0.6778.140, chrome: {chromedriverVersion: 131.0.6778.85 (3d81e41b6f3a..., userDataDir: C:\Users\heman\AppData\Loca...}, fedcm:accounts: true, goog:chromeOptions: {debuggerAddress: localhost:52578}, networkConnectionEnabled: false, pageLoadStrategy: normal, platformName: windows, proxy: Proxy(), se:cdp: ws://localhost:52578/devtoo..., se:cdpVersion: 131.0.6778.140, setWindowRect: true, strictFileInteractability: false, timeouts: {implicit: 0, pageLoad: 300000, script: 30000}, unhandledPromptBehavior: dismiss and notify, webauthn:extension:credBlob: true, webauthn:extension:largeBlob: true, webauthn:extension:minPinLength: true, webauthn:extension:prf: true, webauthn:virtualAuthenticators: true}
Session ID: 862528ebe68bc1ff3c51ad9143ffd6ce">
      <![CDATA[org.openqa.selenium.NoSuchWindowException: no such window: target window already closed
from unknown error: web view not found
  (Session info: chrome=131.0.6778.140)
Build info: version: '4.21.0', revision: '79ed462ef4'
System info: os.name: 'Windows 11', os.arch: 'amd64', os.version: '10.0', java.version: '22.0.1'
Driver info: org.openqa.selenium.chrome.ChromeDriver
Command: [862528ebe68bc1ff3c51ad9143ffd6ce, maximizeCurrentWindow {}]
Capabilities {acceptInsecureCerts: false, browserName: chrome, browserVersion: 131.0.6778.140, chrome: {chromedriverVersion: 131.0.6778.85 (3d81e41b6f3a..., userDataDir: C:\Users\heman\AppData\Loca...}, fedcm:accounts: true, goog:chromeOptions: {debuggerAddress: localhost:52578}, networkConnectionEnabled: false, pageLoadStrategy: normal, platformName: windows, proxy: Proxy(), se:cdp: ws://localhost:52578/devtoo..., se:cdpVersion: 131.0.6778.140, setWindowRect: true, strictFileInteractability: false, timeouts: {implicit: 0, pageLoad: 300000, script: 30000}, unhandledPromptBehavior: dismiss and notify, webauthn:extension:credBlob: true, webauthn:extension:largeBlob: true, webauthn:extension:minPinLength: true, webauthn:extension:prf: true, webauthn:virtualAuthenticators: true}
Session ID: 862528ebe68bc1ff3c51ad9143ffd6ce
at org.openqa.selenium.remote.ErrorCodec.decode(ErrorCodec.java:167)
at org.openqa.selenium.remote.codec.w3c.W3CHttpResponseCodec.decode(W3CHttpResponseCodec.java:138)
at org.openqa.selenium.remote.codec.w3c.W3CHttpResponseCodec.decode(W3CHttpResponseCodec.java:50)
at org.openqa.selenium.remote.HttpCommandExecutor.execute(HttpCommandExecutor.java:190)
at org.openqa.selenium.remote.service.DriverCommandExecutor.invokeExecute(DriverCommandExecutor.java:216)
at org.openqa.selenium.remote.service.DriverCommandExecutor.execute(DriverCommandExecutor.java:174)
at org.openqa.selenium.remote.RemoteWebDriver.execute(RemoteWebDriver.java:518)
at org.openqa.selenium.remote.RemoteWebDriver.execute(RemoteWebDriver.java:591)
at org.openqa.selenium.remote.RemoteWebDriver.execute(RemoteWebDriver.java:595)
at org.openqa.selenium.remote.RemoteWebDriver$RemoteWebDriverOptions$RemoteWindow.maximize(RemoteWebDriver.java:1034)
at generic.BaseTest.openBrowser(BaseTest.java:75)
at java.base/java.util.ArrayList.forEach(ArrayList.java:1597)
... Removed 26 stack frames]]>
    </failure>
  </testcase> <!-- @BeforeClass openBrowser -->
  <testcase classname="generic.BaseTest" name="@AfterClass closeBrowser" time="-1.73451707328E9">
    <skipped/>
  </testcase> <!-- @AfterClass closeBrowser -->
  <testcase classname="generic.BaseTest" name="@BeforeClass openBrowser" time="3.566">
    <failure type="org.openqa.selenium.NoSuchWindowException" message="no such window: target window already closed
from unknown error: web view not found
  (Session info: chrome=131.0.6778.140)
Build info: version: &amp;apos;4.21.0&amp;apos;, revision: &amp;apos;79ed462ef4&amp;apos;
System info: os.name: &amp;apos;Windows 11&amp;apos;, os.arch: &amp;apos;amd64&amp;apos;, os.version: &amp;apos;10.0&amp;apos;, java.version: &amp;apos;22.0.1&amp;apos;
Driver info: org.openqa.selenium.chrome.ChromeDriver
Command: [4547d26d7a717589f91196c714e92b91, findElement {value=//input[@id=&amp;apos;login_email&amp;apos;], using=xpath}]
Capabilities {acceptInsecureCerts: false, browserName: chrome, browserVersion: 131.0.6778.140, chrome: {chromedriverVersion: 131.0.6778.85 (3d81e41b6f3a..., userDataDir: C:\Users\heman\AppData\Loca...}, fedcm:accounts: true, goog:chromeOptions: {debuggerAddress: localhost:52595}, networkConnectionEnabled: false, pageLoadStrategy: normal, platformName: windows, proxy: Proxy(), se:cdp: ws://localhost:52595/devtoo..., se:cdpVersion: 131.0.6778.140, setWindowRect: true, strictFileInteractability: false, timeouts: {implicit: 0, pageLoad: 300000, script: 30000}, unhandledPromptBehavior: dismiss and notify, webauthn:extension:credBlob: true, webauthn:extension:largeBlob: true, webauthn:extension:minPinLength: true, webauthn:extension:prf: true, webauthn:virtualAuthenticators: true}
Session ID: 4547d26d7a717589f91196c714e92b91">
      <![CDATA[org.openqa.selenium.NoSuchWindowException: no such window: target window already closed
from unknown error: web view not found
  (Session info: chrome=131.0.6778.140)
Build info: version: '4.21.0', revision: '79ed462ef4'
System info: os.name: 'Windows 11', os.arch: 'amd64', os.version: '10.0', java.version: '22.0.1'
Driver info: org.openqa.selenium.chrome.ChromeDriver
Command: [4547d26d7a717589f91196c714e92b91, findElement {value=//input[@id='login_email'], using=xpath}]
Capabilities {acceptInsecureCerts: false, browserName: chrome, browserVersion: 131.0.6778.140, chrome: {chromedriverVersion: 131.0.6778.85 (3d81e41b6f3a..., userDataDir: C:\Users\heman\AppData\Loca...}, fedcm:accounts: true, goog:chromeOptions: {debuggerAddress: localhost:52595}, networkConnectionEnabled: false, pageLoadStrategy: normal, platformName: windows, proxy: Proxy(), se:cdp: ws://localhost:52595/devtoo..., se:cdpVersion: 131.0.6778.140, setWindowRect: true, strictFileInteractability: false, timeouts: {implicit: 0, pageLoad: 300000, script: 30000}, unhandledPromptBehavior: dismiss and notify, webauthn:extension:credBlob: true, webauthn:extension:largeBlob: true, webauthn:extension:minPinLength: true, webauthn:extension:prf: true, webauthn:virtualAuthenticators: true}
Session ID: 4547d26d7a717589f91196c714e92b91
at org.openqa.selenium.remote.ErrorCodec.decode(ErrorCodec.java:167)
at org.openqa.selenium.remote.codec.w3c.W3CHttpResponseCodec.decode(W3CHttpResponseCodec.java:138)
at org.openqa.selenium.remote.codec.w3c.W3CHttpResponseCodec.decode(W3CHttpResponseCodec.java:50)
at org.openqa.selenium.remote.HttpCommandExecutor.execute(HttpCommandExecutor.java:190)
at org.openqa.selenium.remote.service.DriverCommandExecutor.invokeExecute(DriverCommandExecutor.java:216)
at org.openqa.selenium.remote.service.DriverCommandExecutor.execute(DriverCommandExecutor.java:174)
at org.openqa.selenium.remote.RemoteWebDriver.execute(RemoteWebDriver.java:518)
at org.openqa.selenium.remote.ElementLocation$ElementFinder$2.findElement(ElementLocation.java:165)
at org.openqa.selenium.remote.ElementLocation.findElement(ElementLocation.java:59)
at org.openqa.selenium.remote.RemoteWebDriver.findElement(RemoteWebDriver.java:355)
at org.openqa.selenium.remote.RemoteWebDriver.findElement(RemoteWebDriver.java:349)
at generic.BaseTest.openBrowser(BaseTest.java:91)
at java.base/java.util.ArrayList.forEach(ArrayList.java:1597)
... Removed 26 stack frames]]>
    </failure>
  </testcase> <!-- @BeforeClass openBrowser -->
  <testcase classname="generic.BaseTest" name="@AfterClass closeBrowser" time="-1.734517076944E9">
    <skipped/>
  </testcase> <!-- @AfterClass closeBrowser -->
  <testcase classname="test.Test001_Login_Logout" name="openBrowser" time="6.252"/>
  <testcase classname="test.Test001_Login_Logout" name="loginPageTitleTest" time="0.092"/>
  <testcase classname="test.Test001_Login_Logout" name="logoTest" time="0.063"/>
  <testcase classname="test.Test001_Login_Logout" name="headingTest" time="0.051"/>
  <testcase classname="test.Test001_Login_Logout" name="passwordEyeTest" time="0.043"/>
  <testcase classname="test.Test001_Login_Logout" name="forgotPassTest" time="0.037"/>
  <testcase classname="test.Test001_Login_Logout" name="bottomLineTest" time="0.039"/>
  <testcase classname="test.Test001_Login_Logout" name="bookaDemoTest" time="0.041"/>
  <testcase classname="test.Test001_Login_Logout" name="loginAllCasesTest" time="8.827"/>
  <testcase classname="test.Test001_Login_Logout" name="loginAllCasesTest" time="4.514">
    <failure type="org.openqa.selenium.NoSuchWindowException" message="no such window: target window already closed
from unknown error: web view not found
  (Session info: chrome=131.0.6778.140)
Build info: version: &amp;apos;4.21.0&amp;apos;, revision: &amp;apos;79ed462ef4&amp;apos;
System info: os.name: &amp;apos;Windows 11&amp;apos;, os.arch: &amp;apos;amd64&amp;apos;, os.version: &amp;apos;10.0&amp;apos;, java.version: &amp;apos;22.0.1&amp;apos;
Driver info: org.openqa.selenium.chrome.ChromeDriver
Command: [61cec1a15ce7e0362f0e609ce317b207, findElement {value=//input[@id=&amp;apos;login_password&amp;apos;], using=xpath}]
Capabilities {acceptInsecureCerts: false, browserName: chrome, browserVersion: 131.0.6778.140, chrome: {chromedriverVersion: 131.0.6778.85 (3d81e41b6f3a..., userDataDir: C:\Users\heman\AppData\Loca...}, fedcm:accounts: true, goog:chromeOptions: {debuggerAddress: localhost:52412}, networkConnectionEnabled: false, pageLoadStrategy: normal, platformName: windows, proxy: Proxy(), se:cdp: ws://localhost:52412/devtoo..., se:cdpVersion: 131.0.6778.140, setWindowRect: true, strictFileInteractability: false, timeouts: {implicit: 0, pageLoad: 300000, script: 30000}, unhandledPromptBehavior: dismiss and notify, webauthn:extension:credBlob: true, webauthn:extension:largeBlob: true, webauthn:extension:minPinLength: true, webauthn:extension:prf: true, webauthn:virtualAuthenticators: true}
Session ID: 61cec1a15ce7e0362f0e609ce317b207">
      <![CDATA[org.openqa.selenium.NoSuchWindowException: no such window: target window already closed
from unknown error: web view not found
  (Session info: chrome=131.0.6778.140)
Build info: version: '4.21.0', revision: '79ed462ef4'
System info: os.name: 'Windows 11', os.arch: 'amd64', os.version: '10.0', java.version: '22.0.1'
Driver info: org.openqa.selenium.chrome.ChromeDriver
Command: [61cec1a15ce7e0362f0e609ce317b207, findElement {value=//input[@id='login_password'], using=xpath}]
Capabilities {acceptInsecureCerts: false, browserName: chrome, browserVersion: 131.0.6778.140, chrome: {chromedriverVersion: 131.0.6778.85 (3d81e41b6f3a..., userDataDir: C:\Users\heman\AppData\Loca...}, fedcm:accounts: true, goog:chromeOptions: {debuggerAddress: localhost:52412}, networkConnectionEnabled: false, pageLoadStrategy: normal, platformName: windows, proxy: Proxy(), se:cdp: ws://localhost:52412/devtoo..., se:cdpVersion: 131.0.6778.140, setWindowRect: true, strictFileInteractability: false, timeouts: {implicit: 0, pageLoad: 300000, script: 30000}, unhandledPromptBehavior: dismiss and notify, webauthn:extension:credBlob: true, webauthn:extension:largeBlob: true, webauthn:extension:minPinLength: true, webauthn:extension:prf: true, webauthn:virtualAuthenticators: true}
Session ID: 61cec1a15ce7e0362f0e609ce317b207
at org.openqa.selenium.remote.ErrorCodec.decode(ErrorCodec.java:167)
at org.openqa.selenium.remote.codec.w3c.W3CHttpResponseCodec.decode(W3CHttpResponseCodec.java:138)
at org.openqa.selenium.remote.codec.w3c.W3CHttpResponseCodec.decode(W3CHttpResponseCodec.java:50)
at org.openqa.selenium.remote.HttpCommandExecutor.execute(HttpCommandExecutor.java:190)
at org.openqa.selenium.remote.service.DriverCommandExecutor.invokeExecute(DriverCommandExecutor.java:216)
at org.openqa.selenium.remote.service.DriverCommandExecutor.execute(DriverCommandExecutor.java:174)
at org.openqa.selenium.remote.RemoteWebDriver.execute(RemoteWebDriver.java:518)
at org.openqa.selenium.remote.ElementLocation$ElementFinder$2.findElement(ElementLocation.java:165)
at org.openqa.selenium.remote.ElementLocation.findElement(ElementLocation.java:59)
at org.openqa.selenium.remote.RemoteWebDriver.findElement(RemoteWebDriver.java:355)
at org.openqa.selenium.remote.RemoteWebDriver.findElement(RemoteWebDriver.java:349)
at org.openqa.selenium.support.pagefactory.DefaultElementLocator.findElement(DefaultElementLocator.java:68)
at org.openqa.selenium.support.pagefactory.internal.LocatingElementHandler.invoke(LocatingElementHandler.java:38)
at jdk.proxy2/jdk.proxy2.$Proxy21.getAttribute(Unknown Source)
at pomPages.POM1_Login_Logout_Page.enterPassword(POM1_Login_Logout_Page.java:119)
at test.Test001_Login_Logout.loginAllCasesTest(Test001_Login_Logout.java:173)
at java.base/java.util.ArrayList.forEach(ArrayList.java:1597)
... Removed 28 stack frames]]>
    </failure>
  </testcase> <!-- loginAllCasesTest -->
  <testcase classname="test.Test001_Login_Logout" name="loginAllCasesTest" time="0.013">
    <failure type="org.openqa.selenium.NoSuchWindowException" message="no such window: target window already closed
from unknown error: web view not found
  (Session info: chrome=131.0.6778.140)
Build info: version: &amp;apos;4.21.0&amp;apos;, revision: &amp;apos;79ed462ef4&amp;apos;
System info: os.name: &amp;apos;Windows 11&amp;apos;, os.arch: &amp;apos;amd64&amp;apos;, os.version: &amp;apos;10.0&amp;apos;, java.version: &amp;apos;22.0.1&amp;apos;
Driver info: org.openqa.selenium.chrome.ChromeDriver
Command: [61cec1a15ce7e0362f0e609ce317b207, findElement {value=//input[@id=&amp;apos;login_email&amp;apos;], using=xpath}]
Capabilities {acceptInsecureCerts: false, browserName: chrome, browserVersion: 131.0.6778.140, chrome: {chromedriverVersion: 131.0.6778.85 (3d81e41b6f3a..., userDataDir: C:\Users\heman\AppData\Loca...}, fedcm:accounts: true, goog:chromeOptions: {debuggerAddress: localhost:52412}, networkConnectionEnabled: false, pageLoadStrategy: normal, platformName: windows, proxy: Proxy(), se:cdp: ws://localhost:52412/devtoo..., se:cdpVersion: 131.0.6778.140, setWindowRect: true, strictFileInteractability: false, timeouts: {implicit: 0, pageLoad: 300000, script: 30000}, unhandledPromptBehavior: dismiss and notify, webauthn:extension:credBlob: true, webauthn:extension:largeBlob: true, webauthn:extension:minPinLength: true, webauthn:extension:prf: true, webauthn:virtualAuthenticators: true}
Session ID: 61cec1a15ce7e0362f0e609ce317b207">
      <![CDATA[org.openqa.selenium.NoSuchWindowException: no such window: target window already closed
from unknown error: web view not found
  (Session info: chrome=131.0.6778.140)
Build info: version: '4.21.0', revision: '79ed462ef4'
System info: os.name: 'Windows 11', os.arch: 'amd64', os.version: '10.0', java.version: '22.0.1'
Driver info: org.openqa.selenium.chrome.ChromeDriver
Command: [61cec1a15ce7e0362f0e609ce317b207, findElement {value=//input[@id='login_email'], using=xpath}]
Capabilities {acceptInsecureCerts: false, browserName: chrome, browserVersion: 131.0.6778.140, chrome: {chromedriverVersion: 131.0.6778.85 (3d81e41b6f3a..., userDataDir: C:\Users\heman\AppData\Loca...}, fedcm:accounts: true, goog:chromeOptions: {debuggerAddress: localhost:52412}, networkConnectionEnabled: false, pageLoadStrategy: normal, platformName: windows, proxy: Proxy(), se:cdp: ws://localhost:52412/devtoo..., se:cdpVersion: 131.0.6778.140, setWindowRect: true, strictFileInteractability: false, timeouts: {implicit: 0, pageLoad: 300000, script: 30000}, unhandledPromptBehavior: dismiss and notify, webauthn:extension:credBlob: true, webauthn:extension:largeBlob: true, webauthn:extension:minPinLength: true, webauthn:extension:prf: true, webauthn:virtualAuthenticators: true}
Session ID: 61cec1a15ce7e0362f0e609ce317b207
at org.openqa.selenium.remote.ErrorCodec.decode(ErrorCodec.java:167)
at org.openqa.selenium.remote.codec.w3c.W3CHttpResponseCodec.decode(W3CHttpResponseCodec.java:138)
at org.openqa.selenium.remote.codec.w3c.W3CHttpResponseCodec.decode(W3CHttpResponseCodec.java:50)
at org.openqa.selenium.remote.HttpCommandExecutor.execute(HttpCommandExecutor.java:190)
at org.openqa.selenium.remote.service.DriverCommandExecutor.invokeExecute(DriverCommandExecutor.java:216)
at org.openqa.selenium.remote.service.DriverCommandExecutor.execute(DriverCommandExecutor.java:174)
at org.openqa.selenium.remote.RemoteWebDriver.execute(RemoteWebDriver.java:518)
at org.openqa.selenium.remote.ElementLocation$ElementFinder$2.findElement(ElementLocation.java:165)
at org.openqa.selenium.remote.ElementLocation.findElement(ElementLocation.java:59)
at org.openqa.selenium.remote.RemoteWebDriver.findElement(RemoteWebDriver.java:355)
at org.openqa.selenium.remote.RemoteWebDriver.findElement(RemoteWebDriver.java:349)
at org.openqa.selenium.support.pagefactory.DefaultElementLocator.findElement(DefaultElementLocator.java:68)
at org.openqa.selenium.support.pagefactory.internal.LocatingElementHandler.invoke(LocatingElementHandler.java:38)
at jdk.proxy2/jdk.proxy2.$Proxy21.getAttribute(Unknown Source)
at pomPages.POM1_Login_Logout_Page.enterUsername(POM1_Login_Logout_Page.java:108)
at test.Test001_Login_Logout.loginAllCasesTest(Test001_Login_Logout.java:172)
at java.base/java.util.ArrayList.forEach(ArrayList.java:1597)
... Removed 28 stack frames]]>
    </failure>
  </testcase> <!-- loginAllCasesTest -->
  <testcase classname="test.Test001_Login_Logout" name="loginAllCasesTest" time="0.017">
    <failure type="org.openqa.selenium.NoSuchWindowException" message="no such window: target window already closed
from unknown error: web view not found
  (Session info: chrome=131.0.6778.140)
Build info: version: &amp;apos;4.21.0&amp;apos;, revision: &amp;apos;79ed462ef4&amp;apos;
System info: os.name: &amp;apos;Windows 11&amp;apos;, os.arch: &amp;apos;amd64&amp;apos;, os.version: &amp;apos;10.0&amp;apos;, java.version: &amp;apos;22.0.1&amp;apos;
Driver info: org.openqa.selenium.chrome.ChromeDriver
Command: [61cec1a15ce7e0362f0e609ce317b207, findElement {value=//input[@id=&amp;apos;login_email&amp;apos;], using=xpath}]
Capabilities {acceptInsecureCerts: false, browserName: chrome, browserVersion: 131.0.6778.140, chrome: {chromedriverVersion: 131.0.6778.85 (3d81e41b6f3a..., userDataDir: C:\Users\heman\AppData\Loca...}, fedcm:accounts: true, goog:chromeOptions: {debuggerAddress: localhost:52412}, networkConnectionEnabled: false, pageLoadStrategy: normal, platformName: windows, proxy: Proxy(), se:cdp: ws://localhost:52412/devtoo..., se:cdpVersion: 131.0.6778.140, setWindowRect: true, strictFileInteractability: false, timeouts: {implicit: 0, pageLoad: 300000, script: 30000}, unhandledPromptBehavior: dismiss and notify, webauthn:extension:credBlob: true, webauthn:extension:largeBlob: true, webauthn:extension:minPinLength: true, webauthn:extension:prf: true, webauthn:virtualAuthenticators: true}
Session ID: 61cec1a15ce7e0362f0e609ce317b207">
      <![CDATA[org.openqa.selenium.NoSuchWindowException: no such window: target window already closed
from unknown error: web view not found
  (Session info: chrome=131.0.6778.140)
Build info: version: '4.21.0', revision: '79ed462ef4'
System info: os.name: 'Windows 11', os.arch: 'amd64', os.version: '10.0', java.version: '22.0.1'
Driver info: org.openqa.selenium.chrome.ChromeDriver
Command: [61cec1a15ce7e0362f0e609ce317b207, findElement {value=//input[@id='login_email'], using=xpath}]
Capabilities {acceptInsecureCerts: false, browserName: chrome, browserVersion: 131.0.6778.140, chrome: {chromedriverVersion: 131.0.6778.85 (3d81e41b6f3a..., userDataDir: C:\Users\heman\AppData\Loca...}, fedcm:accounts: true, goog:chromeOptions: {debuggerAddress: localhost:52412}, networkConnectionEnabled: false, pageLoadStrategy: normal, platformName: windows, proxy: Proxy(), se:cdp: ws://localhost:52412/devtoo..., se:cdpVersion: 131.0.6778.140, setWindowRect: true, strictFileInteractability: false, timeouts: {implicit: 0, pageLoad: 300000, script: 30000}, unhandledPromptBehavior: dismiss and notify, webauthn:extension:credBlob: true, webauthn:extension:largeBlob: true, webauthn:extension:minPinLength: true, webauthn:extension:prf: true, webauthn:virtualAuthenticators: true}
Session ID: 61cec1a15ce7e0362f0e609ce317b207
at org.openqa.selenium.remote.ErrorCodec.decode(ErrorCodec.java:167)
at org.openqa.selenium.remote.codec.w3c.W3CHttpResponseCodec.decode(W3CHttpResponseCodec.java:138)
at org.openqa.selenium.remote.codec.w3c.W3CHttpResponseCodec.decode(W3CHttpResponseCodec.java:50)
at org.openqa.selenium.remote.HttpCommandExecutor.execute(HttpCommandExecutor.java:190)
at org.openqa.selenium.remote.service.DriverCommandExecutor.invokeExecute(DriverCommandExecutor.java:216)
at org.openqa.selenium.remote.service.DriverCommandExecutor.execute(DriverCommandExecutor.java:174)
at org.openqa.selenium.remote.RemoteWebDriver.execute(RemoteWebDriver.java:518)
at org.openqa.selenium.remote.ElementLocation$ElementFinder$2.findElement(ElementLocation.java:165)
at org.openqa.selenium.remote.ElementLocation.findElement(ElementLocation.java:59)
at org.openqa.selenium.remote.RemoteWebDriver.findElement(RemoteWebDriver.java:355)
at org.openqa.selenium.remote.RemoteWebDriver.findElement(RemoteWebDriver.java:349)
at org.openqa.selenium.support.pagefactory.DefaultElementLocator.findElement(DefaultElementLocator.java:68)
at org.openqa.selenium.support.pagefactory.internal.LocatingElementHandler.invoke(LocatingElementHandler.java:38)
at jdk.proxy2/jdk.proxy2.$Proxy21.getAttribute(Unknown Source)
at pomPages.POM1_Login_Logout_Page.enterUsername(POM1_Login_Logout_Page.java:108)
at test.Test001_Login_Logout.loginAllCasesTest(Test001_Login_Logout.java:172)
at java.base/java.util.ArrayList.forEach(ArrayList.java:1597)
... Removed 28 stack frames]]>
    </failure>
  </testcase> <!-- loginAllCasesTest -->
  <testcase classname="test.Test001_Login_Logout" name="loginAllCasesTest" time="0.015">
    <failure type="org.openqa.selenium.NoSuchWindowException" message="no such window: target window already closed
from unknown error: web view not found
  (Session info: chrome=131.0.6778.140)
Build info: version: &amp;apos;4.21.0&amp;apos;, revision: &amp;apos;79ed462ef4&amp;apos;
System info: os.name: &amp;apos;Windows 11&amp;apos;, os.arch: &amp;apos;amd64&amp;apos;, os.version: &amp;apos;10.0&amp;apos;, java.version: &amp;apos;22.0.1&amp;apos;
Driver info: org.openqa.selenium.chrome.ChromeDriver
Command: [61cec1a15ce7e0362f0e609ce317b207, findElement {value=//input[@id=&amp;apos;login_email&amp;apos;], using=xpath}]
Capabilities {acceptInsecureCerts: false, browserName: chrome, browserVersion: 131.0.6778.140, chrome: {chromedriverVersion: 131.0.6778.85 (3d81e41b6f3a..., userDataDir: C:\Users\heman\AppData\Loca...}, fedcm:accounts: true, goog:chromeOptions: {debuggerAddress: localhost:52412}, networkConnectionEnabled: false, pageLoadStrategy: normal, platformName: windows, proxy: Proxy(), se:cdp: ws://localhost:52412/devtoo..., se:cdpVersion: 131.0.6778.140, setWindowRect: true, strictFileInteractability: false, timeouts: {implicit: 0, pageLoad: 300000, script: 30000}, unhandledPromptBehavior: dismiss and notify, webauthn:extension:credBlob: true, webauthn:extension:largeBlob: true, webauthn:extension:minPinLength: true, webauthn:extension:prf: true, webauthn:virtualAuthenticators: true}
Session ID: 61cec1a15ce7e0362f0e609ce317b207">
      <![CDATA[org.openqa.selenium.NoSuchWindowException: no such window: target window already closed
from unknown error: web view not found
  (Session info: chrome=131.0.6778.140)
Build info: version: '4.21.0', revision: '79ed462ef4'
System info: os.name: 'Windows 11', os.arch: 'amd64', os.version: '10.0', java.version: '22.0.1'
Driver info: org.openqa.selenium.chrome.ChromeDriver
Command: [61cec1a15ce7e0362f0e609ce317b207, findElement {value=//input[@id='login_email'], using=xpath}]
Capabilities {acceptInsecureCerts: false, browserName: chrome, browserVersion: 131.0.6778.140, chrome: {chromedriverVersion: 131.0.6778.85 (3d81e41b6f3a..., userDataDir: C:\Users\heman\AppData\Loca...}, fedcm:accounts: true, goog:chromeOptions: {debuggerAddress: localhost:52412}, networkConnectionEnabled: false, pageLoadStrategy: normal, platformName: windows, proxy: Proxy(), se:cdp: ws://localhost:52412/devtoo..., se:cdpVersion: 131.0.6778.140, setWindowRect: true, strictFileInteractability: false, timeouts: {implicit: 0, pageLoad: 300000, script: 30000}, unhandledPromptBehavior: dismiss and notify, webauthn:extension:credBlob: true, webauthn:extension:largeBlob: true, webauthn:extension:minPinLength: true, webauthn:extension:prf: true, webauthn:virtualAuthenticators: true}
Session ID: 61cec1a15ce7e0362f0e609ce317b207
at org.openqa.selenium.remote.ErrorCodec.decode(ErrorCodec.java:167)
at org.openqa.selenium.remote.codec.w3c.W3CHttpResponseCodec.decode(W3CHttpResponseCodec.java:138)
at org.openqa.selenium.remote.codec.w3c.W3CHttpResponseCodec.decode(W3CHttpResponseCodec.java:50)
at org.openqa.selenium.remote.HttpCommandExecutor.execute(HttpCommandExecutor.java:190)
at org.openqa.selenium.remote.service.DriverCommandExecutor.invokeExecute(DriverCommandExecutor.java:216)
at org.openqa.selenium.remote.service.DriverCommandExecutor.execute(DriverCommandExecutor.java:174)
at org.openqa.selenium.remote.RemoteWebDriver.execute(RemoteWebDriver.java:518)
at org.openqa.selenium.remote.ElementLocation$ElementFinder$2.findElement(ElementLocation.java:165)
at org.openqa.selenium.remote.ElementLocation.findElement(ElementLocation.java:59)
at org.openqa.selenium.remote.RemoteWebDriver.findElement(RemoteWebDriver.java:355)
at org.openqa.selenium.remote.RemoteWebDriver.findElement(RemoteWebDriver.java:349)
at org.openqa.selenium.support.pagefactory.DefaultElementLocator.findElement(DefaultElementLocator.java:68)
at org.openqa.selenium.support.pagefactory.internal.LocatingElementHandler.invoke(LocatingElementHandler.java:38)
at jdk.proxy2/jdk.proxy2.$Proxy21.getAttribute(Unknown Source)
at pomPages.POM1_Login_Logout_Page.enterUsername(POM1_Login_Logout_Page.java:108)
at test.Test001_Login_Logout.loginAllCasesTest(Test001_Login_Logout.java:172)
at java.base/java.util.ArrayList.forEach(ArrayList.java:1597)
... Removed 28 stack frames]]>
    </failure>
  </testcase> <!-- loginAllCasesTest -->
  <testcase classname="test.Test001_Login_Logout" name="logoutTest" time="0.0">
    <skipped/>
  </testcase> <!-- logoutTest -->
  <testcase classname="test.Test001_Login_Logout" name="closeBrowser" time="5.102"/>
  <testcase classname="test.Test002_Create_Order" name="productButtonTest" time="0.0">
    <skipped/>
  </testcase> <!-- productButtonTest -->
  <testcase classname="test.Test002_Create_Order" name="productsVisibleOnCartIconTest" time="0.0">
    <skipped/>
  </testcase> <!-- productsVisibleOnCartIconTest -->
  <testcase classname="test.Test002_Create_Order" name="selectProduct" time="0.0">
    <skipped/>
  </testcase> <!-- selectProduct -->
  <testcase classname="test.Test002_Create_Order" name="selectCart" time="0.0">
    <skipped/>
  </testcase> <!-- selectCart -->
  <testcase classname="test.Test002_Create_Order" name="plusButtonTest" time="0.0">
    <skipped/>
  </testcase> <!-- plusButtonTest -->
  <testcase classname="test.Test002_Create_Order" name="increasingProductCountTest" time="0.0">
    <skipped/>
  </testcase> <!-- increasingProductCountTest -->
  <testcase classname="test.Test002_Create_Order" name="verifyDeleteTest" time="0.0">
    <skipped/>
  </testcase> <!-- verifyDeleteTest -->
  <testcase classname="test.Test002_Create_Order" name="validatingTotalProductOnCartTest" time="0.0">
    <skipped/>
  </testcase> <!-- validatingTotalProductOnCartTest -->
  <testcase classname="test.Test002_Create_Order" name="deleteProductByThreedotButtonTest" time="0.0">
    <skipped/>
  </testcase> <!-- deleteProductByThreedotButtonTest -->
  <testcase classname="test.Test002_Create_Order" name="minusButtonTest" time="0.0">
    <skipped/>
  </testcase> <!-- minusButtonTest -->
  <testcase classname="test.Test002_Create_Order" name="decreasingProductCountTest" time="0.001">
    <skipped/>
  </testcase> <!-- decreasingProductCountTest -->
  <testcase classname="test.Test002_Create_Order" name="addNoteByThreedotButtonTest" time="0.0">
    <skipped/>
  </testcase> <!-- addNoteByThreedotButtonTest -->
  <testcase classname="test.Test002_Create_Order" name="writeNoteTest" time="0.0">
    <skipped/>
  </testcase> <!-- writeNoteTest -->
  <testcase classname="test.Test002_Create_Order" name="saveButtonTest" time="0.0">
    <skipped/>
  </testcase> <!-- saveButtonTest -->
  <testcase classname="test.Test002_Create_Order" name="addNoteText" time="0.0">
    <skipped/>
  </testcase> <!-- addNoteText -->
  <testcase classname="test.Test002_Create_Order" name="clickAgainOnThreeDotsButtonTest" time="0.0">
    <skipped/>
  </testcase> <!-- clickAgainOnThreeDotsButtonTest -->
  <testcase classname="test.Test002_Create_Order" name="offeringDiscountTest" time="0.0">
    <skipped/>
  </testcase> <!-- offeringDiscountTest -->
  <testcase classname="test.Test002_Create_Order" name="verifyingAmountTest" time="0.0">
    <skipped/>
  </testcase> <!-- verifyingAmountTest -->
  <testcase classname="test.Test002_Create_Order" name="clickConfirmButtonTest" time="0.0">
    <skipped/>
  </testcase> <!-- clickConfirmButtonTest -->
  <testcase classname="test.Test002_Create_Order" name="verifyDiscountVisibilityOnProductTest" time="0.0">
    <skipped/>
  </testcase> <!-- verifyDiscountVisibilityOnProductTest -->
  <testcase classname="test.Test002_Create_Order" name="clickBackArrowNextToCartTest" time="0.0">
    <skipped/>
  </testcase> <!-- clickBackArrowNextToCartTest -->
  <testcase classname="test.Test002_Create_Order" name="selectCartAgain" time="0.0">
    <skipped/>
  </testcase> <!-- selectCartAgain -->
  <testcase classname="test.Test002_Create_Order" name="verifyProductOnCartAgainTest" time="0.0">
    <skipped/>
  </testcase> <!-- verifyProductOnCartAgainTest -->
  <testcase classname="test.Test002_Create_Order" name="clickCreateOrderTest" time="0.0">
    <skipped/>
  </testcase> <!-- clickCreateOrderTest -->
  <testcase classname="test.Test002_Create_Order" name="clickChooseCustomerTest" time="0.0">
    <skipped/>
  </testcase> <!-- clickChooseCustomerTest -->
  <testcase classname="test.Test002_Create_Order" name="clickCustomerSearchTextboxTest" time="0.0">
    <skipped/>
  </testcase> <!-- clickCustomerSearchTextboxTest -->
  <testcase classname="test.Test002_Create_Order" name="clickCreateOrder2ButtonTest" time="0.0">
    <skipped/>
  </testcase> <!-- clickCreateOrder2ButtonTest -->
  <testcase classname="test.Test002_Create_Order" name="clickProceedButtonTest" time="0.0">
    <skipped/>
  </testcase> <!-- clickProceedButtonTest -->
  <testcase classname="test.Test002_Create_Order" name="clickSubmitOrderButtonTest" time="0.0">
    <skipped/>
  </testcase> <!-- clickSubmitOrderButtonTest -->
  <testcase classname="test.Test002_Create_Order" name="clickSubmitButtonTest" time="0.0">
    <skipped/>
  </testcase> <!-- clickSubmitButtonTest -->
  <testcase classname="test.Test003_Convert_Quote_To_Order" name="productButtonTest" time="0.0">
    <skipped/>
  </testcase> <!-- productButtonTest -->
  <testcase classname="test.Test003_Convert_Quote_To_Order" name="selectProduct" time="0.0">
    <skipped/>
  </testcase> <!-- selectProduct -->
  <testcase classname="test.Test003_Convert_Quote_To_Order" name="selectCart" time="0.0">
    <skipped/>
  </testcase> <!-- selectCart -->
  <testcase classname="test.Test003_Convert_Quote_To_Order" name="clickCreateOrderTest" time="0.0">
    <skipped/>
  </testcase> <!-- clickCreateOrderTest -->
  <testcase classname="test.Test003_Convert_Quote_To_Order" name="clickChooseCustomerTest" time="0.0">
    <skipped/>
  </testcase> <!-- clickChooseCustomerTest -->
  <testcase classname="test.Test003_Convert_Quote_To_Order" name="customerSearchTest" time="0.0">
    <skipped/>
  </testcase> <!-- customerSearchTest -->
  <testcase classname="test.Test003_Convert_Quote_To_Order" name="clickCreateOrder2ButtonTest" time="0.0">
    <skipped/>
  </testcase> <!-- clickCreateOrder2ButtonTest -->
  <testcase classname="test.Test003_Convert_Quote_To_Order" name="clickProceedButtonTest" time="0.0">
    <skipped/>
  </testcase> <!-- clickProceedButtonTest -->
  <testcase classname="test.Test003_Convert_Quote_To_Order" name="verifyCustomerDetailsOnQuoteTest" time="0.0">
    <skipped/>
  </testcase> <!-- verifyCustomerDetailsOnQuoteTest -->
  <testcase classname="test.Test003_Convert_Quote_To_Order" name="verifyBillingDetailsOnQuoteTest" time="0.0">
    <skipped/>
  </testcase> <!-- verifyBillingDetailsOnQuoteTest -->
  <testcase classname="test.Test003_Convert_Quote_To_Order" name="verifyShippingDetailsOnQuoteTest" time="0.0">
    <skipped/>
  </testcase> <!-- verifyShippingDetailsOnQuoteTest -->
  <testcase classname="test.Test003_Convert_Quote_To_Order" name="getMailIdOnQuotePageTest" time="0.0">
    <skipped/>
  </testcase> <!-- getMailIdOnQuotePageTest -->
  <testcase classname="test.Test003_Convert_Quote_To_Order" name="clickTearSheetIconTest" time="0.0">
    <skipped/>
  </testcase> <!-- clickTearSheetIconTest -->
  <testcase classname="test.Test003_Convert_Quote_To_Order" name="clickExcelSheet" time="0.0">
    <skipped/>
  </testcase> <!-- clickExcelSheet -->
  <testcase classname="test.Test003_Convert_Quote_To_Order" name="clickTearSheetIconAgainTest" time="0.0">
    <skipped/>
  </testcase> <!-- clickTearSheetIconAgainTest -->
  <testcase classname="test.Test003_Convert_Quote_To_Order" name="clickPDFTest" time="0.0">
    <skipped/>
  </testcase> <!-- clickPDFTest -->
  <testcase classname="test.Test003_Convert_Quote_To_Order" name="verifyTotalAndPendingAmtTest" time="0.0">
    <skipped/>
  </testcase> <!-- verifyTotalAndPendingAmtTest -->
  <testcase classname="test.Test003_Convert_Quote_To_Order" name="clickThreeDotsTest" time="0.0">
    <skipped/>
  </testcase> <!-- clickThreeDotsTest -->
  <testcase classname="test.Test003_Convert_Quote_To_Order" name="threeDotsDropdownTest" time="0.0">
    <skipped/>
  </testcase> <!-- threeDotsDropdownTest -->
  <testcase classname="test.Test003_Convert_Quote_To_Order" name="handlingCancelQuoteCheckboxTest" time="0.0">
    <skipped/>
  </testcase> <!-- handlingCancelQuoteCheckboxTest -->
  <testcase classname="test.Test003_Convert_Quote_To_Order" name="copyOrderIdTest" time="0.0">
    <skipped/>
  </testcase> <!-- copyOrderIdTest -->
  <testcase classname="test.Test003_Convert_Quote_To_Order" name="selectSaveForLater" time="0.0">
    <skipped/>
  </testcase> <!-- selectSaveForLater -->
  <testcase classname="test.Test003_Convert_Quote_To_Order" name="pasteOrderIdTest" time="0.0">
    <skipped/>
  </testcase> <!-- pasteOrderIdTest -->
  <testcase classname="test.Test003_Convert_Quote_To_Order" name="getTypeStatusTest" time="0.0">
    <skipped/>
  </testcase> <!-- getTypeStatusTest -->
  <testcase classname="test.Test003_Convert_Quote_To_Order" name="getDarftStatusTest" time="0.0">
    <skipped/>
  </testcase> <!-- getDarftStatusTest -->
  <testcase classname="test.Test003_Convert_Quote_To_Order" name="clickmainIdTest" time="0.0">
    <skipped/>
  </testcase> <!-- clickmainIdTest -->
  <testcase classname="test.Test003_Convert_Quote_To_Order" name="clickSubmitQuoteTest" time="0.0">
    <skipped/>
  </testcase> <!-- clickSubmitQuoteTest -->
  <testcase classname="test.Test003_Convert_Quote_To_Order" name="clickOnSubmit" time="0.0">
    <skipped/>
  </testcase> <!-- clickOnSubmit -->
  <testcase classname="test.Test003_Convert_Quote_To_Order" name="clickConvertToOrderTest" time="0.0">
    <skipped/>
  </testcase> <!-- clickConvertToOrderTest -->
  <testcase classname="test.Test003_Convert_Quote_To_Order" name="handlingCheckbox1Test" time="0.0">
    <skipped/>
  </testcase> <!-- handlingCheckbox1Test -->
  <testcase classname="test.Test003_Convert_Quote_To_Order" name="clickSubmitOrderButtonTest" time="0.0">
    <skipped/>
  </testcase> <!-- clickSubmitOrderButtonTest -->
  <testcase classname="test.Test003_Convert_Quote_To_Order" name="handlingCheckbox2Test" time="0.0">
    <skipped/>
  </testcase> <!-- handlingCheckbox2Test -->
  <testcase classname="test.Test003_Convert_Quote_To_Order" name="getCustomerDetailsOnOrderPageTest" time="0.0">
    <skipped/>
  </testcase> <!-- getCustomerDetailsOnOrderPageTest -->
  <testcase classname="test.Test003_Convert_Quote_To_Order" name="getBillingAddressOnOrderPageTest" time="0.0">
    <skipped/>
  </testcase> <!-- getBillingAddressOnOrderPageTest -->
  <testcase classname="test.Test003_Convert_Quote_To_Order" name="getShippingAddressOnOrderPageTest" time="0.0">
    <skipped/>
  </testcase> <!-- getShippingAddressOnOrderPageTest -->
  <testcase classname="test.Test003_Convert_Quote_To_Order" name="clickThreeDotsOnOrderPageTest" time="0.0">
    <skipped/>
  </testcase> <!-- clickThreeDotsOnOrderPageTest -->
  <testcase classname="test.Test003_Convert_Quote_To_Order" name="threeDotsDropdownOrderPageTest" time="0.0">
    <skipped/>
  </testcase> <!-- threeDotsDropdownOrderPageTest -->
  <testcase classname="test.Test003_Convert_Quote_To_Order" name="handlingCancelOrderCheckboxTest" time="0.0">
    <skipped/>
  </testcase> <!-- handlingCancelOrderCheckboxTest -->
  <testcase classname="test.Test003_Convert_Quote_To_Order" name="verifyCartTotalOnOrderPageTest" time="0.0">
    <skipped/>
  </testcase> <!-- verifyCartTotalOnOrderPageTest -->
  <testcase classname="test.Test003_Convert_Quote_To_Order" name="verifyViewLinkedQuoteButtonTest" time="0.0">
    <skipped/>
  </testcase> <!-- verifyViewLinkedQuoteButtonTest -->
  <testcase classname="test.Test003_Convert_Quote_To_Order" name="verifyTearSheetIconOrderPageTest" time="0.0">
    <skipped/>
  </testcase> <!-- verifyTearSheetIconOrderPageTest -->
  <testcase classname="test.Test003_Convert_Quote_To_Order" name="verifyProductInfoTest" time="0.0">
    <skipped/>
  </testcase> <!-- verifyProductInfoTest -->
  <testcase classname="test.Test003_Convert_Quote_To_Order" name="getMailIdOnOrderPageTest" time="0.0">
    <skipped/>
  </testcase> <!-- getMailIdOnOrderPageTest -->
  <testcase classname="test.Test004_Edit_Quote_01" name="productButtonTest" time="0.0">
    <skipped/>
  </testcase> <!-- productButtonTest -->
  <testcase classname="test.Test004_Edit_Quote_01" name="selectProduct" time="0.0">
    <skipped/>
  </testcase> <!-- selectProduct -->
  <testcase classname="test.Test004_Edit_Quote_01" name="selectCart" time="0.0">
    <skipped/>
  </testcase> <!-- selectCart -->
  <testcase classname="test.Test004_Edit_Quote_01" name="clickThreeDotsButtonTest" time="0.0">
    <skipped/>
  </testcase> <!-- clickThreeDotsButtonTest -->
  <testcase classname="test.Test004_Edit_Quote_01" name="selectDeleteCartTest" time="0.0">
    <skipped/>
  </testcase> <!-- selectDeleteCartTest -->
  <testcase classname="test.Test004_Edit_Quote_01" name="handlingDiscardAllItemsInCartCheckboxTest" time="0.0">
    <skipped/>
  </testcase> <!-- handlingDiscardAllItemsInCartCheckboxTest -->
  <testcase classname="test.Test004_Edit_Quote_01" name="clickAddExistingProductsTest" time="0.0">
    <skipped/>
  </testcase> <!-- clickAddExistingProductsTest -->
  <testcase classname="test.Test004_Edit_Quote_01" name="selectmoreProductTest" time="0.0">
    <skipped/>
  </testcase> <!-- selectmoreProductTest -->
  <testcase classname="test.Test004_Edit_Quote_01" name="selectCartAgainTest" time="0.0">
    <skipped/>
  </testcase> <!-- selectCartAgainTest -->
  <testcase classname="test.Test004_Edit_Quote_01" name="clickCreateOrderTest" time="0.0">
    <skipped/>
  </testcase> <!-- clickCreateOrderTest -->
  <testcase classname="test.Test004_Edit_Quote_01" name="clickChooseCustomerTest" time="0.0">
    <skipped/>
  </testcase> <!-- clickChooseCustomerTest -->
  <testcase classname="test.Test004_Edit_Quote_01" name="customerSearchTest" time="0.0">
    <skipped/>
  </testcase> <!-- customerSearchTest -->
  <testcase classname="test.Test004_Edit_Quote_01" name="clickCreateOrder2ButtonTest" time="0.0">
    <skipped/>
  </testcase> <!-- clickCreateOrder2ButtonTest -->
  <testcase classname="test.Test004_Edit_Quote_01" name="clickProceedButtonTest" time="0.0">
    <skipped/>
  </testcase> <!-- clickProceedButtonTest -->
  <testcase classname="test.Test004_Edit_Quote_01" name="clickSubmitQuoteTest" time="0.0">
    <skipped/>
  </testcase> <!-- clickSubmitQuoteTest -->
  <testcase classname="test.Test004_Edit_Quote_01" name="clickEditQuotebuttonTest" time="0.0">
    <skipped/>
  </testcase> <!-- clickEditQuotebuttonTest -->
  <testcase classname="test.Test004_Edit_Quote_01" name="clickAddDiscountButtonTest" time="0.0">
    <skipped/>
  </testcase> <!-- clickAddDiscountButtonTest -->
  <testcase classname="test.Test004_Edit_Quote_01" name="enterDiscountTest" time="0.0">
    <skipped/>
  </testcase> <!-- enterDiscountTest -->
  <testcase classname="test.Test004_Edit_Quote_01" name="verifyAmountAfterDiscountTest" time="0.0">
    <skipped/>
  </testcase> <!-- verifyAmountAfterDiscountTest -->
  <testcase classname="test.Test004_Edit_Quote_01" name="clickApplyButtonTest" time="0.0">
    <skipped/>
  </testcase> <!-- clickApplyButtonTest -->
  <testcase classname="test.Test004_Edit_Quote_01" name="clickAddShippingChargeButtonTest" time="0.0">
    <skipped/>
  </testcase> <!-- clickAddShippingChargeButtonTest -->
  <testcase classname="test.Test004_Edit_Quote_01" name="enterShippingChargeTest" time="0.0">
    <skipped/>
  </testcase> <!-- enterShippingChargeTest -->
  <testcase classname="test.Test004_Edit_Quote_01" name="verifyAmountAfterShipping" time="0.0">
    <skipped/>
  </testcase> <!-- verifyAmountAfterShipping -->
  <testcase classname="test.Test004_Edit_Quote_01" name="clickShippingApplyButtonTest" time="0.0">
    <skipped/>
  </testcase> <!-- clickShippingApplyButtonTest -->
  <testcase classname="test.Test004_Edit_Quote_01" name="clickAddTaxButtonTest" time="0.0">
    <skipped/>
  </testcase> <!-- clickAddTaxButtonTest -->
  <testcase classname="test.Test004_Edit_Quote_01" name="enterTaxTest" time="0.0">
    <skipped/>
  </testcase> <!-- enterTaxTest -->
  <testcase classname="test.Test004_Edit_Quote_01" name="verifyAmountAfterTaxTest" time="0.0">
    <skipped/>
  </testcase> <!-- verifyAmountAfterTaxTest -->
  <testcase classname="test.Test004_Edit_Quote_01" name="clickTaxApplyButtonTest" time="0.0">
    <skipped/>
  </testcase> <!-- clickTaxApplyButtonTest -->
  <testcase classname="test.Test004_Edit_Quote_01" name="clickAddAdditionalChargeButtonTest" time="0.0">
    <skipped/>
  </testcase> <!-- clickAddAdditionalChargeButtonTest -->
  <testcase classname="test.Test004_Edit_Quote_01" name="enterAdditionalchargeTest" time="0.0">
    <skipped/>
  </testcase> <!-- enterAdditionalchargeTest -->
  <testcase classname="test.Test004_Edit_Quote_01" name="verifyAmountAfterAddChargeTest" time="0.0">
    <skipped/>
  </testcase> <!-- verifyAmountAfterAddChargeTest -->
  <testcase classname="test.Test004_Edit_Quote_01" name="clickApplyAdditionalChargeButtonTest" time="0.0">
    <skipped/>
  </testcase> <!-- clickApplyAdditionalChargeButtonTest -->
  <testcase classname="test.Test004_Edit_Quote_01" name="verifyPageAmountTest" time="0.0">
    <skipped/>
  </testcase> <!-- verifyPageAmountTest -->
  <testcase classname="test.Test004_Edit_Quote_01" name="clickReSubmitQuoteButtonTest" time="0.0">
    <skipped/>
  </testcase> <!-- clickReSubmitQuoteButtonTest -->
  <testcase classname="test.Test004_Edit_Quote_01" name="clickConvertToOrderTest" time="0.0">
    <skipped/>
  </testcase> <!-- clickConvertToOrderTest -->
  <testcase classname="test.Test004_Edit_Quote_01" name="handlingCheckbox1Test" time="0.0">
    <skipped/>
  </testcase> <!-- handlingCheckbox1Test -->
  <testcase classname="test.Test004_Edit_Quote_01" name="clickSubmitOrderButtonTest" time="0.0">
    <skipped/>
  </testcase> <!-- clickSubmitOrderButtonTest -->
  <testcase classname="test.Test004_Edit_Quote_01" name="handlingCheckbox2Test" time="0.0">
    <skipped/>
  </testcase> <!-- handlingCheckbox2Test -->
  <testcase classname="test.Test005_Edit_Quote_02" name="productButtonTest" time="0.0">
    <skipped/>
  </testcase> <!-- productButtonTest -->
  <testcase classname="test.Test005_Edit_Quote_02" name="selectProduct" time="0.0">
    <skipped/>
  </testcase> <!-- selectProduct -->
  <testcase classname="test.Test005_Edit_Quote_02" name="selectCart" time="0.0">
    <skipped/>
  </testcase> <!-- selectCart -->
  <testcase classname="test.Test005_Edit_Quote_02" name="clickCreateOrderTest" time="0.0">
    <skipped/>
  </testcase> <!-- clickCreateOrderTest -->
  <testcase classname="test.Test005_Edit_Quote_02" name="clickChooseCustomerTest" time="0.0">
    <skipped/>
  </testcase> <!-- clickChooseCustomerTest -->
  <testcase classname="test.Test005_Edit_Quote_02" name="customerSearchTest" time="0.0">
    <skipped/>
  </testcase> <!-- customerSearchTest -->
  <testcase classname="test.Test005_Edit_Quote_02" name="clickCreateOrder2ButtonTest" time="0.0">
    <skipped/>
  </testcase> <!-- clickCreateOrder2ButtonTest -->
  <testcase classname="test.Test005_Edit_Quote_02" name="clickProceedButtonTest" time="0.0">
    <skipped/>
  </testcase> <!-- clickProceedButtonTest -->
  <testcase classname="test.Test005_Edit_Quote_02" name="clickSubmitQuoteTest" time="0.0">
    <skipped/>
  </testcase> <!-- clickSubmitQuoteTest -->
  <testcase classname="test.Test005_Edit_Quote_02" name="clickEditQuotebuttonTest" time="0.0">
    <skipped/>
  </testcase> <!-- clickEditQuotebuttonTest -->
  <testcase classname="test.Test005_Edit_Quote_02" name="clickEditButtonTest" time="0.0">
    <skipped/>
  </testcase> <!-- clickEditButtonTest -->
  <testcase classname="test.Test005_Edit_Quote_02" name="clickAddProductsButtonTest" time="0.0">
    <skipped/>
  </testcase> <!-- clickAddProductsButtonTest -->
  <testcase classname="test.Test005_Edit_Quote_02" name="selectmoreProductTest" time="0.0">
    <skipped/>
  </testcase> <!-- selectmoreProductTest -->
  <testcase classname="test.Test005_Edit_Quote_02" name="selectCartAgainTest" time="0.0">
    <skipped/>
  </testcase> <!-- selectCartAgainTest -->
  <testcase classname="test.Test005_Edit_Quote_02" name="clickUpdateQuoteButtonTest" time="0.0">
    <skipped/>
  </testcase> <!-- clickUpdateQuoteButtonTest -->
  <testcase classname="test.Test005_Edit_Quote_02" name="clickReSubmitQuoteButtonTest" time="0.0">
    <skipped/>
  </testcase> <!-- clickReSubmitQuoteButtonTest -->
  <testcase classname="test.Test005_Edit_Quote_02" name="clickConvertToOrderTest" time="0.0">
    <skipped/>
  </testcase> <!-- clickConvertToOrderTest -->
  <testcase classname="test.Test005_Edit_Quote_02" name="handlingCheckbox1Test" time="0.0">
    <skipped/>
  </testcase> <!-- handlingCheckbox1Test -->
  <testcase classname="test.Test005_Edit_Quote_02" name="clickSubmitOrderButtonTest" time="0.0">
    <skipped/>
  </testcase> <!-- clickSubmitOrderButtonTest -->
  <testcase classname="test.Test005_Edit_Quote_02" name="handlingCheckbox2Test" time="0.0">
    <skipped/>
  </testcase> <!-- handlingCheckbox2Test -->
  <testcase classname="test.Test006_Draft" name="productButtonTest" time="0.0">
    <skipped/>
  </testcase> <!-- productButtonTest -->
  <testcase classname="test.Test006_Draft" name="selectProduct" time="0.0">
    <skipped/>
  </testcase> <!-- selectProduct -->
  <testcase classname="test.Test006_Draft" name="selectCart" time="0.0">
    <skipped/>
  </testcase> <!-- selectCart -->
  <testcase classname="test.Test006_Draft" name="clickCreateOrderTest" time="0.0">
    <skipped/>
  </testcase> <!-- clickCreateOrderTest -->
  <testcase classname="test.Test006_Draft" name="clickChooseCustomerTest" time="0.0">
    <skipped/>
  </testcase> <!-- clickChooseCustomerTest -->
  <testcase classname="test.Test006_Draft" name="customerSearchTest" time="0.0">
    <skipped/>
  </testcase> <!-- customerSearchTest -->
  <testcase classname="test.Test006_Draft" name="clickCreateOrder2ButtonTest" time="0.0">
    <skipped/>
  </testcase> <!-- clickCreateOrder2ButtonTest -->
  <testcase classname="test.Test006_Draft" name="clickProceedButtonTest" time="0.0">
    <skipped/>
  </testcase> <!-- clickProceedButtonTest -->
  <testcase classname="test.Test006_Draft" name="copyOrderIdTest" time="0.0">
    <skipped/>
  </testcase> <!-- copyOrderIdTest -->
  <testcase classname="test.Test006_Draft" name="selectSaveForLater" time="0.0">
    <skipped/>
  </testcase> <!-- selectSaveForLater -->
  <testcase classname="test.Test006_Draft" name="pasteOrderIdTest" time="0.0">
    <skipped/>
  </testcase> <!-- pasteOrderIdTest -->
  <testcase classname="test.Test006_Draft" name="getTypeStatusTest" time="0.0">
    <skipped/>
  </testcase> <!-- getTypeStatusTest -->
  <testcase classname="test.Test006_Draft" name="getDarftStatusTest" time="0.0">
    <skipped/>
  </testcase> <!-- getDarftStatusTest -->
  <testcase classname="test.Test006_Draft" name="customerNameVerificationTest" time="0.0">
    <skipped/>
  </testcase> <!-- customerNameVerificationTest -->
  <testcase classname="test.Test006_Draft" name="clickDarftTest" time="0.0">
    <skipped/>
  </testcase> <!-- clickDarftTest -->
  <testcase classname="test.Test006_Draft" name="pasteOrderIdOnDraftsTest" time="0.0">
    <skipped/>
  </testcase> <!-- pasteOrderIdOnDraftsTest -->
  <testcase classname="test.Test006_Draft" name="getDarftTypeStatusTest" time="0.0">
    <skipped/>
  </testcase> <!-- getDarftTypeStatusTest -->
  <testcase classname="test.Test006_Draft" name="getStatusOnDraftTest" time="0.0">
    <skipped/>
  </testcase> <!-- getStatusOnDraftTest -->
  <testcase classname="test.Test006_Draft" name="customerNameVerificationOnDraftTest" time="0.0">
    <skipped/>
  </testcase> <!-- customerNameVerificationOnDraftTest -->
  <testcase classname="test.Test006_Draft" name="clickmainIdTest" time="0.0">
    <skipped/>
  </testcase> <!-- clickmainIdTest -->
  <testcase classname="test.Test006_Draft" name="clickSubmitQuoteTest" time="0.0">
    <skipped/>
  </testcase> <!-- clickSubmitQuoteTest -->
  <testcase classname="test.Test006_Draft" name="clickConvertToOrderTest" time="0.0">
    <skipped/>
  </testcase> <!-- clickConvertToOrderTest -->
  <testcase classname="test.Test006_Draft" name="handlingCheckbox1Test" time="0.0">
    <skipped/>
  </testcase> <!-- handlingCheckbox1Test -->
  <testcase classname="test.Test006_Draft" name="clickSubmitOrderButtonTest" time="0.0">
    <skipped/>
  </testcase> <!-- clickSubmitOrderButtonTest -->
  <testcase classname="test.Test006_Draft" name="handlingCheckbox2Test" time="0.0">
    <skipped/>
  </testcase> <!-- handlingCheckbox2Test -->
  <testcase classname="test.Test007_Buyer_Switching" name="productButtonTest" time="0.001">
    <skipped/>
  </testcase> <!-- productButtonTest -->
  <testcase classname="test.Test007_Buyer_Switching" name="selectProduct" time="0.0">
    <skipped/>
  </testcase> <!-- selectProduct -->
  <testcase classname="test.Test007_Buyer_Switching" name="clickGuestCustomerButton1sttimeTest" time="0.0">
    <skipped/>
  </testcase> <!-- clickGuestCustomerButton1sttimeTest -->
  <testcase classname="test.Test007_Buyer_Switching" name="clickCustomerSearchTextbox1stTimeTest" time="0.0">
    <skipped/>
  </testcase> <!-- clickCustomerSearchTextbox1stTimeTest -->
  <testcase classname="test.Test007_Buyer_Switching" name="clickCustomer1Test" time="0.0">
    <skipped/>
  </testcase> <!-- clickCustomer1Test -->
  <testcase classname="test.Test007_Buyer_Switching" name="clickCartButton1stTimeTest" time="0.0">
    <skipped/>
  </testcase> <!-- clickCartButton1stTimeTest -->
  <testcase classname="test.Test007_Buyer_Switching" name="verifyEmptyCart1stTimeTest" time="0.0">
    <skipped/>
  </testcase> <!-- verifyEmptyCart1stTimeTest -->
  <testcase classname="test.Test007_Buyer_Switching" name="verifyCustomerNameOnCartPage1stTimeTest" time="0.0">
    <skipped/>
  </testcase> <!-- verifyCustomerNameOnCartPage1stTimeTest -->
  <testcase classname="test.Test007_Buyer_Switching" name="selectProduct2ndTimeTest" time="0.0">
    <skipped/>
  </testcase> <!-- selectProduct2ndTimeTest -->
  <testcase classname="test.Test007_Buyer_Switching" name="clickGuestCustomerButton2ndTimeTest" time="0.0">
    <skipped/>
  </testcase> <!-- clickGuestCustomerButton2ndTimeTest -->
  <testcase classname="test.Test007_Buyer_Switching" name="clickCustomerSearchTextbox2ndTimeTest" time="0.0">
    <skipped/>
  </testcase> <!-- clickCustomerSearchTextbox2ndTimeTest -->
  <testcase classname="test.Test007_Buyer_Switching" name="clickCustomer2Test" time="0.0">
    <skipped/>
  </testcase> <!-- clickCustomer2Test -->
  <testcase classname="test.Test007_Buyer_Switching" name="clickCartButton2ndTime" time="0.0">
    <skipped/>
  </testcase> <!-- clickCartButton2ndTime -->
  <testcase classname="test.Test007_Buyer_Switching" name="verifyCustomerNameOnCartPage2ndTimeTest" time="0.0">
    <skipped/>
  </testcase> <!-- verifyCustomerNameOnCartPage2ndTimeTest -->
  <testcase classname="test.Test007_Buyer_Switching" name="verifyProductOnCart1stTimeTest" time="0.0">
    <skipped/>
  </testcase> <!-- verifyProductOnCart1stTimeTest -->
  <testcase classname="test.Test007_Buyer_Switching" name="clickOnCustomerButton3rdTime" time="0.0">
    <skipped/>
  </testcase> <!-- clickOnCustomerButton3rdTime -->
  <testcase classname="test.Test007_Buyer_Switching" name="verifyProductOnCart2ndTime" time="0.0">
    <skipped/>
  </testcase> <!-- verifyProductOnCart2ndTime -->
  <testcase classname="test.Test007_Buyer_Switching" name="clickGuestCustomerButton3rdTimeforReplaceTest" time="0.0">
    <skipped/>
  </testcase> <!-- clickGuestCustomerButton3rdTimeforReplaceTest -->
  <testcase classname="test.Test007_Buyer_Switching" name="clickCustomerSearchTextbox3rdTime" time="0.0">
    <skipped/>
  </testcase> <!-- clickCustomerSearchTextbox3rdTime -->
  <testcase classname="test.Test007_Buyer_Switching" name="clickCustomer2AgainForkeepExistingTest" time="0.0">
    <skipped/>
  </testcase> <!-- clickCustomer2AgainForkeepExistingTest -->
  <testcase classname="test.Test007_Buyer_Switching" name="verifyProductOnCart3rdTimeTest" time="0.0">
    <skipped/>
  </testcase> <!-- verifyProductOnCart3rdTimeTest -->
  <testcase classname="test.Test007_Buyer_Switching" name="clickGuestCustomerButton4thTime" time="0.0">
    <skipped/>
  </testcase> <!-- clickGuestCustomerButton4thTime -->
  <testcase classname="test.Test007_Buyer_Switching" name="clickCustomerSearchTextbox4thTime" time="0.0">
    <skipped/>
  </testcase> <!-- clickCustomerSearchTextbox4thTime -->
  <testcase classname="test.Test007_Buyer_Switching" name="clickCustomerSearchTextbox4theTime" time="0.0">
    <skipped/>
  </testcase> <!-- clickCustomerSearchTextbox4theTime -->
  <testcase classname="test.Test007_Buyer_Switching" name="clickCustomer4ForReplaceTest" time="0.0">
    <skipped/>
  </testcase> <!-- clickCustomer4ForReplaceTest -->
  <testcase classname="test.Test008_Container" name="productButtonTest" time="0.0">
    <skipped/>
  </testcase> <!-- productButtonTest -->
  <testcase classname="test.Test008_Container" name="selectProduct" time="0.0">
    <skipped/>
  </testcase> <!-- selectProduct -->
  <testcase classname="test.Test008_Container" name="selectCart" time="0.0">
    <skipped/>
  </testcase> <!-- selectCart -->
  <testcase classname="test.Test008_Container" name="containerBoxVisibilityTest" time="0.0">
    <skipped/>
  </testcase> <!-- containerBoxVisibilityTest -->
  <testcase classname="test.Test008_Container" name="toggleSwitchTest" time="0.0">
    <skipped/>
  </testcase> <!-- toggleSwitchTest -->
  <testcase classname="test.Test008_Container" name="clickCreateOrderTest" time="0.0">
    <skipped/>
  </testcase> <!-- clickCreateOrderTest -->
  <testcase classname="test.Test008_Container" name="clickChooseCustomerTest" time="0.0">
    <skipped/>
  </testcase> <!-- clickChooseCustomerTest -->
  <testcase classname="test.Test008_Container" name="customerSearchTest" time="0.0">
    <skipped/>
  </testcase> <!-- customerSearchTest -->
  <testcase classname="test.Test008_Container" name="checkContainerOnCartPageAfterSelectingCustomerTest" time="0.0">
    <skipped/>
  </testcase> <!-- checkContainerOnCartPageAfterSelectingCustomerTest -->
  <testcase classname="test.Test008_Container" name="defaultCFTTest" time="0.0">
    <skipped/>
  </testcase> <!-- defaultCFTTest -->
  <testcase classname="test.Test008_Container" name="clickCBMTest" time="0.0">
    <skipped/>
  </testcase> <!-- clickCBMTest -->
  <testcase classname="test.Test008_Container" name="selctCBMFromDropdownTest" time="0.0">
    <skipped/>
  </testcase> <!-- selctCBMFromDropdownTest -->
  <testcase classname="test.Test008_Container" name="clickCFTAgainAndSelctCFTFromDropdownTest" time="0.0">
    <skipped/>
  </testcase> <!-- clickCFTAgainAndSelctCFTFromDropdownTest -->
  <testcase classname="test.Test008_Container" name="toggleSwitchAgainTest" time="0.0">
    <skipped/>
  </testcase> <!-- toggleSwitchAgainTest -->
  <testcase classname="test.Test008_Container" name="clickCreateOrder2ButtonTest" time="0.0">
    <skipped/>
  </testcase> <!-- clickCreateOrder2ButtonTest -->
  <testcase classname="test.Test008_Container" name="clickProceedButtonTest" time="0.0">
    <skipped/>
  </testcase> <!-- clickProceedButtonTest -->
  <testcase classname="test.Test008_Container" name="toggleSwitchCheckTest" time="0.0">
    <skipped/>
  </testcase> <!-- toggleSwitchCheckTest -->
  <testcase classname="test.Test008_Container" name="clickEditButtonTest" time="0.0">
    <skipped/>
  </testcase> <!-- clickEditButtonTest -->
  <testcase classname="test.Test008_Container" name="clickAddProductsButtonTest" time="0.0">
    <skipped/>
  </testcase> <!-- clickAddProductsButtonTest -->
  <testcase classname="test.Test008_Container" name="selectmoreProductTest" time="0.0">
    <skipped/>
  </testcase> <!-- selectmoreProductTest -->
  <testcase classname="test.Test008_Container" name="selectCartAgainTest" time="0.0">
    <skipped/>
  </testcase> <!-- selectCartAgainTest -->
  <testcase classname="test.Test008_Container" name="toggleSwitchCheckTest2" time="0.0">
    <skipped/>
  </testcase> <!-- toggleSwitchCheckTest2 -->
  <testcase classname="test.Test008_Container" name="clickUpdateQuoteButtonTest" time="0.0">
    <skipped/>
  </testcase> <!-- clickUpdateQuoteButtonTest -->
  <testcase classname="test.Test008_Container" name="toggleSwitchCheckTest3" time="0.0">
    <skipped/>
  </testcase> <!-- toggleSwitchCheckTest3 -->
  <testcase classname="test.Test009_Product_Page_With_All_Cases" name="productButtonTest" time="0.0">
    <skipped/>
  </testcase> <!-- productButtonTest -->
  <testcase classname="test.Test009_Product_Page_With_All_Cases" name="productsVisibleOnCartIconTest" time="0.0">
    <skipped/>
  </testcase> <!-- productsVisibleOnCartIconTest -->
  <testcase classname="test.Test009_Product_Page_With_All_Cases" name="verifyBellIconTest" time="0.0">
    <skipped/>
  </testcase> <!-- verifyBellIconTest -->
  <testcase classname="test.Test009_Product_Page_With_All_Cases" name="verifyRepresentativeTest" time="0.0">
    <skipped/>
  </testcase> <!-- verifyRepresentativeTest -->
  <testcase classname="test.Test009_Product_Page_With_All_Cases" name="verifyCartIconTest" time="0.0">
    <skipped/>
  </testcase> <!-- verifyCartIconTest -->
  <testcase classname="test.Test009_Product_Page_With_All_Cases" name="verifyViewSimilarBtnTest" time="0.0">
    <skipped/>
  </testcase> <!-- verifyViewSimilarBtnTest -->
  <testcase classname="test.Test009_Product_Page_With_All_Cases" name="verifyCategoryViewAllButtonTest" time="0.0">
    <skipped/>
  </testcase> <!-- verifyCategoryViewAllButtonTest -->
  <testcase classname="test.Test009_Product_Page_With_All_Cases" name="verifyCategoryRailProductsTest" time="0.0">
    <skipped/>
  </testcase> <!-- verifyCategoryRailProductsTest -->
  <testcase classname="test.Test009_Product_Page_With_All_Cases" name="verifyRecommendedViewAllButtonTest" time="0.0">
    <skipped/>
  </testcase> <!-- verifyRecommendedViewAllButtonTest -->
  <testcase classname="test.Test009_Product_Page_With_All_Cases" name="verifyRecomendedRailProductsTest" time="0.0">
    <skipped/>
  </testcase> <!-- verifyRecomendedRailProductsTest -->
  <testcase classname="test.Test009_Product_Page_With_All_Cases" name="verifyCollectionsViewAllButtonTest" time="0.0">
    <skipped/>
  </testcase> <!-- verifyCollectionsViewAllButtonTest -->
  <testcase classname="test.Test009_Product_Page_With_All_Cases" name="verifyCollectionsRailProductsTest" time="0.0">
    <skipped/>
  </testcase> <!-- verifyCollectionsRailProductsTest -->
  <testcase classname="test.Test009_Product_Page_With_All_Cases" name="verifyExploreAll_AllDropdownsTest" time="0.0">
    <skipped/>
  </testcase> <!-- verifyExploreAll_AllDropdownsTest -->
  <testcase classname="test.Test009_Product_Page_With_All_Cases" name="verifyFilterIconTest" time="0.0">
    <skipped/>
  </testcase> <!-- verifyFilterIconTest -->
  <testcase classname="test.Test009_Product_Page_With_All_Cases" name="verifySortByDropdownTest" time="0.0">
    <skipped/>
  </testcase> <!-- verifySortByDropdownTest -->
  <testcase classname="test.Test009_Product_Page_With_All_Cases" name="searchProductBoxTest" time="0.0">
    <skipped/>
  </testcase> <!-- searchProductBoxTest -->
  <testcase classname="test.Test009_Product_Page_With_All_Cases" name="clickBackArrowNextToCartTest" time="0.0">
    <skipped/>
  </testcase> <!-- clickBackArrowNextToCartTest -->
  <testcase classname="test.Test009_Product_Page_With_All_Cases" name="searchProductBoxAgainToCheckSuggestionTest" time="0.0">
    <skipped/>
  </testcase> <!-- searchProductBoxAgainToCheckSuggestionTest -->
  <testcase classname="test.Test009_Product_Page_With_All_Cases" name="serachProductWithDifferentOperationsTest" time="0.0">
    <skipped/>
  </testcase> <!-- serachProductWithDifferentOperationsTest -->
  <testcase classname="test.Test009_Product_Page_With_All_Cases" name="productButtonAgainTest" time="0.0">
    <skipped/>
  </testcase> <!-- productButtonAgainTest -->
  <testcase classname="test.Test009_Product_Page_With_All_Cases" name="verifyProductsCountTest" time="0.0">
    <skipped/>
  </testcase> <!-- verifyProductsCountTest -->
  <testcase classname="test.Test009_Product_Page_With_All_Cases" name="catlogueSwitchTestTest" time="0.0">
    <skipped/>
  </testcase> <!-- catlogueSwitchTestTest -->
  <testcase classname="test.Test009_Product_Page_With_All_Cases" name="catlogueSwitchTestTest1" time="0.0">
    <skipped/>
  </testcase> <!-- catlogueSwitchTestTest1 -->
  <testcase classname="test.Test009_Product_Page_With_All_Cases" name="buyerSwitchForPreviouslyOrderedRailTYest" time="0.0">
    <skipped/>
  </testcase> <!-- buyerSwitchForPreviouslyOrderedRailTYest -->
  <testcase classname="test.Test009_Product_Page_With_All_Cases" name="verifyNumberOfProductsDisplayTest" time="0.0">
    <skipped/>
  </testcase> <!-- verifyNumberOfProductsDisplayTest -->
  <testcase classname="test.Test009_Product_Page_With_All_Cases" name="checkPriceChangeAfterCustomerSwitchFollowingCatalogueSWitchTest" time="0.0">
    <skipped/>
  </testcase> <!-- checkPriceChangeAfterCustomerSwitchFollowingCatalogueSWitchTest -->
  <testcase classname="test.Test009_Product_Page_With_All_Cases" name="checkVarientAvailableTest" time="0.0">
    <skipped/>
  </testcase> <!-- checkVarientAvailableTest -->
  <testcase classname="test.Test009_Product_Page_With_All_Cases" name="checkFilterOnVarientBoxTest" time="0.0">
    <skipped/>
  </testcase> <!-- checkFilterOnVarientBoxTest -->
  <testcase classname="test.Test010_Category_And_Collections_Page" name="productButtonTest" time="0.0">
    <skipped/>
  </testcase> <!-- productButtonTest -->
  <testcase classname="test.Test010_Category_And_Collections_Page" name="productsVisibleOnCartIconTest" time="0.0">
    <skipped/>
  </testcase> <!-- productsVisibleOnCartIconTest -->
  <testcase classname="test.Test010_Category_And_Collections_Page" name="verifyCategoryViewAllButtonTest" time="0.0">
    <skipped/>
  </testcase> <!-- verifyCategoryViewAllButtonTest -->
  <testcase classname="test.Test010_Category_And_Collections_Page" name="verifyCategoryPageTest" time="0.0">
    <skipped/>
  </testcase> <!-- verifyCategoryPageTest -->
  <testcase classname="test.Test010_Category_And_Collections_Page" name="clickOnParticularCategoryTest" time="0.0">
    <skipped/>
  </testcase> <!-- clickOnParticularCategoryTest -->
  <testcase classname="test.Test010_Category_And_Collections_Page" name="verifyExploreAll_AllDropdownsTest" time="0.0">
    <skipped/>
  </testcase> <!-- verifyExploreAll_AllDropdownsTest -->
  <testcase classname="test.Test010_Category_And_Collections_Page" name="verifyFilterIconTest" time="0.0">
    <skipped/>
  </testcase> <!-- verifyFilterIconTest -->
  <testcase classname="test.Test010_Category_And_Collections_Page" name="verifySortByDropdownTest" time="0.0">
    <skipped/>
  </testcase> <!-- verifySortByDropdownTest -->
  <testcase classname="test.Test010_Category_And_Collections_Page" name="verifyViewSimilarBtnTest" time="0.0">
    <skipped/>
  </testcase> <!-- verifyViewSimilarBtnTest -->
  <testcase classname="test.Test010_Category_And_Collections_Page" name="clickViewAllRecommendedRailBtnTest" time="0.0">
    <skipped/>
  </testcase> <!-- clickViewAllRecommendedRailBtnTest -->
  <testcase classname="test.Test004_Edit_Quote_01" name="enterAdditionalchargeNameTest" time="0.0">
    <ignored/>
  </testcase> <!-- enterAdditionalchargeNameTest -->
</testsuite> <!-- classes -->
