<?xml version="1.0" encoding="UTF-8"?>
<!-- Generated by org.testng.reporters.JUnitXMLReporter -->
<testsuite ignored="0" hostname="DESKTOP-G63O7EK" failures="0" tests="30" name="Test Create Order" time="2.775" errors="0" timestamp="2024-09-25T08:08:02 IST">
  <testcase classname="generic.BaseTest" name="@BeforeClass openBrowser" time="1.867">
    <failure type="org.openqa.selenium.SessionNotCreatedException" message="Could not start a new session. Response code 500. Message: session not created: This version of ChromeDriver only supports Chrome version 127
Current browser version is 129.0.6668.59 with binary path C:\Program Files\Google\Chrome\Application\chrome.exe 
Host info: host: &amp;apos;DESKTOP-G63O7EK&amp;apos;, ip: &amp;apos;172.20.10.2&amp;apos;
Build info: version: &amp;apos;4.21.0&amp;apos;, revision: &amp;apos;79ed462ef4&amp;apos;
System info: os.name: &amp;apos;Windows 11&amp;apos;, os.arch: &amp;apos;amd64&amp;apos;, os.version: &amp;apos;10.0&amp;apos;, java.version: &amp;apos;22.0.1&amp;apos;
Driver info: org.openqa.selenium.chrome.ChromeDriver
Command: [null, newSession {capabilities=[Capabilities {browserName: chrome, goog:chromeOptions: {args: [], extensions: []}}]}]">
      <![CDATA[org.openqa.selenium.SessionNotCreatedException: Could not start a new session. Response code 500. Message: session not created: This version of ChromeDriver only supports Chrome version 127
Current browser version is 129.0.6668.59 with binary path C:\Program Files\Google\Chrome\Application\chrome.exe 
Host info: host: 'DESKTOP-G63O7EK', ip: '172.20.10.2'
Build info: version: '4.21.0', revision: '79ed462ef4'
System info: os.name: 'Windows 11', os.arch: 'amd64', os.version: '10.0', java.version: '22.0.1'
Driver info: org.openqa.selenium.chrome.ChromeDriver
Command: [null, newSession {capabilities=[Capabilities {browserName: chrome, goog:chromeOptions: {args: [], extensions: []}}]}]
at org.openqa.selenium.remote.ProtocolHandshake.createSession(ProtocolHandshake.java:114)
at org.openqa.selenium.remote.ProtocolHandshake.createSession(ProtocolHandshake.java:75)
at org.openqa.selenium.remote.ProtocolHandshake.createSession(ProtocolHandshake.java:61)
at org.openqa.selenium.remote.HttpCommandExecutor.execute(HttpCommandExecutor.java:162)
at org.openqa.selenium.remote.service.DriverCommandExecutor.invokeExecute(DriverCommandExecutor.java:216)
at org.openqa.selenium.remote.service.DriverCommandExecutor.execute(DriverCommandExecutor.java:174)
at org.openqa.selenium.remote.RemoteWebDriver.execute(RemoteWebDriver.java:518)
at org.openqa.selenium.remote.RemoteWebDriver.startSession(RemoteWebDriver.java:232)
at org.openqa.selenium.remote.RemoteWebDriver.<init>(RemoteWebDriver.java:161)
at org.openqa.selenium.chromium.ChromiumDriver.<init>(ChromiumDriver.java:114)
at org.openqa.selenium.chrome.ChromeDriver.<init>(ChromeDriver.java:88)
at org.openqa.selenium.chrome.ChromeDriver.<init>(ChromeDriver.java:83)
at org.openqa.selenium.chrome.ChromeDriver.<init>(ChromeDriver.java:51)
at generic.BaseTest.openBrowser(BaseTest.java:56)
at java.base/java.util.ArrayList.forEach(ArrayList.java:1597)
... Removed 23 stack frames]]>
    </failure>
  </testcase> <!-- @BeforeClass openBrowser -->
  <testcase classname="generic.BaseTest" name="@AfterClass closeBrowser" time="-1.727231882268E9">
    <skipped/>
  </testcase> <!-- @AfterClass closeBrowser -->
  <testcase classname="test.Test002_Create_Order" name="productButtonTest" time="0.0">
    <skipped/>
  </testcase> <!-- productButtonTest -->
  <testcase classname="test.Test002_Create_Order" name="productsVisibleOnCartIconTest" time="0.0">
    <skipped/>
  </testcase> <!-- productsVisibleOnCartIconTest -->
  <testcase classname="test.Test002_Create_Order" name="selectProduct" time="0.0">
    <skipped/>
  </testcase> <!-- selectProduct -->
  <testcase classname="test.Test002_Create_Order" name="selectCart" time="0.0">
    <skipped/>
  </testcase> <!-- selectCart -->
  <testcase classname="test.Test002_Create_Order" name="plusButtonTest" time="0.0">
    <skipped/>
  </testcase> <!-- plusButtonTest -->
  <testcase classname="test.Test002_Create_Order" name="increasingProductCountTest" time="0.0">
    <skipped/>
  </testcase> <!-- increasingProductCountTest -->
  <testcase classname="test.Test002_Create_Order" name="verifyDeleteTest" time="0.0">
    <skipped/>
  </testcase> <!-- verifyDeleteTest -->
  <testcase classname="test.Test002_Create_Order" name="validatingTotalProductOnCartTest" time="0.0">
    <skipped/>
  </testcase> <!-- validatingTotalProductOnCartTest -->
  <testcase classname="test.Test002_Create_Order" name="deleteProductByThreedotButtonTest" time="0.0">
    <skipped/>
  </testcase> <!-- deleteProductByThreedotButtonTest -->
  <testcase classname="test.Test002_Create_Order" name="minusButtonTest" time="0.0">
    <skipped/>
  </testcase> <!-- minusButtonTest -->
  <testcase classname="test.Test002_Create_Order" name="decreasingProductCountTest" time="0.0">
    <skipped/>
  </testcase> <!-- decreasingProductCountTest -->
  <testcase classname="test.Test002_Create_Order" name="addNoteByThreedotButtonTest" time="0.0">
    <skipped/>
  </testcase> <!-- addNoteByThreedotButtonTest -->
  <testcase classname="test.Test002_Create_Order" name="writeNoteTest" time="0.0">
    <skipped/>
  </testcase> <!-- writeNoteTest -->
  <testcase classname="test.Test002_Create_Order" name="saveButtonTest" time="0.0">
    <skipped/>
  </testcase> <!-- saveButtonTest -->
  <testcase classname="test.Test002_Create_Order" name="addNoteText" time="0.0">
    <skipped/>
  </testcase> <!-- addNoteText -->
  <testcase classname="test.Test002_Create_Order" name="clickAgainOnThreeDotsButtonTest" time="0.0">
    <skipped/>
  </testcase> <!-- clickAgainOnThreeDotsButtonTest -->
  <testcase classname="test.Test002_Create_Order" name="offeringDiscountTest" time="0.0">
    <skipped/>
  </testcase> <!-- offeringDiscountTest -->
  <testcase classname="test.Test002_Create_Order" name="verifyingAmountTest" time="0.0">
    <skipped/>
  </testcase> <!-- verifyingAmountTest -->
  <testcase classname="test.Test002_Create_Order" name="clickConfirmButtonTest" time="0.0">
    <skipped/>
  </testcase> <!-- clickConfirmButtonTest -->
  <testcase classname="test.Test002_Create_Order" name="verifyDiscountVisibilityOnProductTest" time="0.0">
    <skipped/>
  </testcase> <!-- verifyDiscountVisibilityOnProductTest -->
  <testcase classname="test.Test002_Create_Order" name="clickBackArrowNextToCartTest" time="0.0">
    <skipped/>
  </testcase> <!-- clickBackArrowNextToCartTest -->
  <testcase classname="test.Test002_Create_Order" name="selectCartAgain" time="0.0">
    <skipped/>
  </testcase> <!-- selectCartAgain -->
  <testcase classname="test.Test002_Create_Order" name="verifyProductOnCartAgainTest" time="0.0">
    <skipped/>
  </testcase> <!-- verifyProductOnCartAgainTest -->
  <testcase classname="test.Test002_Create_Order" name="clickCreateOrderTest" time="0.0">
    <skipped/>
  </testcase> <!-- clickCreateOrderTest -->
  <testcase classname="test.Test002_Create_Order" name="clickChooseCustomerTest" time="0.0">
    <skipped/>
  </testcase> <!-- clickChooseCustomerTest -->
  <testcase classname="test.Test002_Create_Order" name="clickCustomerSearchTextboxTest" time="0.0">
    <skipped/>
  </testcase> <!-- clickCustomerSearchTextboxTest -->
  <testcase classname="test.Test002_Create_Order" name="clickCreateOrder2ButtonTest" time="0.0">
    <skipped/>
  </testcase> <!-- clickCreateOrder2ButtonTest -->
  <testcase classname="test.Test002_Create_Order" name="clickProceedButtonTest" time="0.0">
    <skipped/>
  </testcase> <!-- clickProceedButtonTest -->
  <testcase classname="test.Test002_Create_Order" name="clickSubmitOrderButtonTest" time="0.0">
    <skipped/>
  </testcase> <!-- clickSubmitOrderButtonTest -->
  <testcase classname="test.Test002_Create_Order" name="clickSubmitButtonTest" time="0.0">
    <skipped/>
  </testcase> <!-- clickSubmitButtonTest -->
</testsuite> <!-- Test Create Order -->
