<html>
<head>
<title>TestNG:  TestOnChrome</title>
<link href="../testng.css" rel="stylesheet" type="text/css" />
<link href="../my-testng.css" rel="stylesheet" type="text/css" />

<style type="text/css">
.log { display: none;} 
.stack-trace { display: none;} 
</style>
<script type="text/javascript">
<!--
function flip(e) {
  current = e.style.display;
  if (current == 'block') {
    e.style.display = 'none';
    return 0;
  }
  else {
    e.style.display = 'block';
    return 1;
  }
}

function toggleBox(szDivId, elem, msg1, msg2)
{
  var res = -1;  if (document.getElementById) {
    res = flip(document.getElementById(szDivId));
  }
  else if (document.all) {
    // this is the way old msie versions work
    res = flip(document.all[szDivId]);
  }
  if(elem) {
    if(res == 0) elem.innerHTML = msg1; else elem.innerHTML = msg2;
  }

}

function toggleAllBoxes() {
  if (document.getElementsByTagName) {
    d = document.getElementsByTagName('div');
    for (i = 0; i < d.length; i++) {
      if (d[i].className == 'log') {
        flip(d[i]);
      }
    }
  }
}

// -->
</script>

</head>
<body>
<h2 align='center'>TestOnChrome</h2><table border='1' align="center">
<tr>
<td>Tests passed/Failed/Skipped:</td><td>14/1/0</td>
</tr><tr>
<td>Started on:</td><td>Tue Jan 21 12:14:18 IST 2025</td>
</tr>
<tr><td>Total time:</td><td>65 seconds (65499 ms)</td>
</tr><tr>
<td>Included groups:</td><td></td>
</tr><tr>
<td>Excluded groups:</td><td></td>
</tr>
</table><p/>
<small><i>(Hover the method name to see the test class name)</i></small><p/>
<table width='100%' border='1' class='invocation-failed'>
<tr><td colspan='4' align='center'><b>FAILED TESTS</b></td></tr>
<tr><td><b>Test method</b></td>
<td width="30%"><b>Exception</b></td>
<td width="10%"><b>Time (seconds)</b></td>
<td><b>Instance</b></td>
</tr>
<tr>
<td title='test.Test001_Login_Logout.logoutTest()'><b>logoutTest</b><br>Test class: test.Test001_Login_Logout<br>Test method: Logout</td>
<td><div><pre>org.openqa.selenium.NoSuchElementException: no such element: Unable to locate element: {&quot;method&quot;:&quot;xpath&quot;,&quot;selector&quot;:&quot;//button[@id=&apos;sidebar-item-19&apos;]&quot;}
  (Session info: chrome=131.0.6778.265)
For documentation on this error, please visit: https://www.selenium.dev/documentation/webdriver/troubleshooting/errors#no-such-element-exception
Build info: version: &apos;4.21.0&apos;, revision: &apos;79ed462ef4&apos;
System info: os.name: &apos;Windows 11&apos;, os.arch: &apos;amd64&apos;, os.version: &apos;10.0&apos;, java.version: &apos;22.0.1&apos;
Driver info: org.openqa.selenium.chrome.ChromeDriver
Command: [92762f5bd7fb899a447694a16908bf58, findElement {value=//button[@id=&apos;sidebar-item-19&apos;], using=xpath}]
Capabilities {acceptInsecureCerts: false, browserName: chrome, browserVersion: 131.0.6778.265, chrome: {chromedriverVersion: 131.0.6778.264 (2d05e315153..., userDataDir: C:\Users\heman\AppData\Loca...}, fedcm:accounts: true, goog:chromeOptions: {debuggerAddress: localhost:51672}, networkConnectionEnabled: false, pageLoadStrategy: normal, platformName: windows, proxy: Proxy(), se:cdp: ws://localhost:51672/devtoo..., se:cdpVersion: 131.0.6778.265, setWindowRect: true, strictFileInteractability: false, timeouts: {implicit: 0, pageLoad: 300000, script: 30000}, unhandledPromptBehavior: dismiss and notify, webauthn:extension:credBlob: true, webauthn:extension:largeBlob: true, webauthn:extension:minPinLength: true, webauthn:extension:prf: true, webauthn:virtualAuthenticators: true}
Session ID: 92762f5bd7fb899a447694a16908bf58
	at org.openqa.selenium.remote.ErrorCodec.decode(ErrorCodec.java:167)
	at org.openqa.selenium.remote.codec.w3c.W3CHttpResponseCodec.decode(W3CHttpResponseCodec.java:138)
	at org.openqa.selenium.remote.codec.w3c.W3CHttpResponseCodec.decode(W3CHttpResponseCodec.java:50)
	at org.openqa.selenium.remote.HttpCommandExecutor.execute(HttpCommandExecutor.java:190)
	at org.openqa.selenium.remote.service.DriverCommandExecutor.invokeExecute(DriverCommandExecutor.java:216)
	at org.openqa.selenium.remote.service.DriverCommandExecutor.execute(DriverCommandExecutor.java:174)
	at org.openqa.selenium.remote.RemoteWebDriver.execute(RemoteWebDriver.java:518)
	at org.openqa.selenium.remote.ElementLocation$ElementFinder$2.findElement(ElementLocation.java:165)
	at org.openqa.selenium.remote.ElementLocation.findElement(ElementLocation.java:59)
	at org.openqa.selenium.remote.RemoteWebDriver.findElement(RemoteWebDriver.java:355)
	at org.openqa.selenium.remote.RemoteWebDriver.findElement(RemoteWebDriver.java:349)
	at org.openqa.selenium.support.pagefactory.DefaultElementLocator.findElement(DefaultElementLocator.java:68)
	at org.openqa.selenium.support.pagefactory.internal.LocatingElementHandler.invoke(LocatingElementHandler.java:38)
	at jdk.proxy2/jdk.proxy2.$Proxy20.click(Unknown Source)
	at pomPages.POM1_Login_Logout_Page.clickLogout(POM1_Login_Logout_Page.java:137)
	at test.Test001_Login_Logout.logoutTest(Test001_Login_Logout.java:195)
	at java.base/java.util.ArrayList.forEach(ArrayList.java:1597)
... Removed 28 stack frames</pre></div><a href='#' onClick='toggleBox("stack-trace1762295759", this, "Click to show all stack frames", "Click to hide stack frames")'>Click to show all stack frames</a>
<div class='stack-trace' id='stack-trace1762295759'><pre>org.openqa.selenium.NoSuchElementException: no such element: Unable to locate element: {&quot;method&quot;:&quot;xpath&quot;,&quot;selector&quot;:&quot;//button[@id=&apos;sidebar-item-19&apos;]&quot;}
  (Session info: chrome=131.0.6778.265)
For documentation on this error, please visit: https://www.selenium.dev/documentation/webdriver/troubleshooting/errors#no-such-element-exception
Build info: version: &apos;4.21.0&apos;, revision: &apos;79ed462ef4&apos;
System info: os.name: &apos;Windows 11&apos;, os.arch: &apos;amd64&apos;, os.version: &apos;10.0&apos;, java.version: &apos;22.0.1&apos;
Driver info: org.openqa.selenium.chrome.ChromeDriver
Command: [92762f5bd7fb899a447694a16908bf58, findElement {value=//button[@id=&apos;sidebar-item-19&apos;], using=xpath}]
Capabilities {acceptInsecureCerts: false, browserName: chrome, browserVersion: 131.0.6778.265, chrome: {chromedriverVersion: 131.0.6778.264 (2d05e315153..., userDataDir: C:\Users\heman\AppData\Loca...}, fedcm:accounts: true, goog:chromeOptions: {debuggerAddress: localhost:51672}, networkConnectionEnabled: false, pageLoadStrategy: normal, platformName: windows, proxy: Proxy(), se:cdp: ws://localhost:51672/devtoo..., se:cdpVersion: 131.0.6778.265, setWindowRect: true, strictFileInteractability: false, timeouts: {implicit: 0, pageLoad: 300000, script: 30000}, unhandledPromptBehavior: dismiss and notify, webauthn:extension:credBlob: true, webauthn:extension:largeBlob: true, webauthn:extension:minPinLength: true, webauthn:extension:prf: true, webauthn:virtualAuthenticators: true}
Session ID: 92762f5bd7fb899a447694a16908bf58
	at java.base/jdk.internal.reflect.DirectConstructorHandleAccessor.newInstance(DirectConstructorHandleAccessor.java:62)
	at java.base/java.lang.reflect.Constructor.newInstanceWithCaller(Constructor.java:502)
	at java.base/java.lang.reflect.Constructor.newInstance(Constructor.java:486)
	at org.openqa.selenium.remote.ErrorCodec.decode(ErrorCodec.java:167)
	at org.openqa.selenium.remote.codec.w3c.W3CHttpResponseCodec.decode(W3CHttpResponseCodec.java:138)
	at org.openqa.selenium.remote.codec.w3c.W3CHttpResponseCodec.decode(W3CHttpResponseCodec.java:50)
	at org.openqa.selenium.remote.HttpCommandExecutor.execute(HttpCommandExecutor.java:190)
	at org.openqa.selenium.remote.service.DriverCommandExecutor.invokeExecute(DriverCommandExecutor.java:216)
	at org.openqa.selenium.remote.service.DriverCommandExecutor.execute(DriverCommandExecutor.java:174)
	at org.openqa.selenium.remote.RemoteWebDriver.execute(RemoteWebDriver.java:518)
	at org.openqa.selenium.remote.ElementLocation$ElementFinder$2.findElement(ElementLocation.java:165)
	at org.openqa.selenium.remote.ElementLocation.findElement(ElementLocation.java:59)
	at org.openqa.selenium.remote.RemoteWebDriver.findElement(RemoteWebDriver.java:355)
	at org.openqa.selenium.remote.RemoteWebDriver.findElement(RemoteWebDriver.java:349)
	at org.openqa.selenium.support.pagefactory.DefaultElementLocator.findElement(DefaultElementLocator.java:68)
	at org.openqa.selenium.support.pagefactory.internal.LocatingElementHandler.invoke(LocatingElementHandler.java:38)
	at jdk.proxy2/jdk.proxy2.$Proxy20.click(Unknown Source)
	at pomPages.POM1_Login_Logout_Page.clickLogout(POM1_Login_Logout_Page.java:137)
	at test.Test001_Login_Logout.logoutTest(Test001_Login_Logout.java:195)
	at java.base/jdk.internal.reflect.DirectMethodHandleAccessor.invoke(DirectMethodHandleAccessor.java:103)
	at java.base/java.lang.reflect.Method.invoke(Method.java:580)
	at org.testng.internal.MethodInvocationHelper.invokeMethod(MethodInvocationHelper.java:133)
	at org.testng.internal.TestInvoker.invokeMethod(TestInvoker.java:598)
	at org.testng.internal.TestInvoker.invokeTestMethod(TestInvoker.java:173)
	at org.testng.internal.MethodRunner.runInSequence(MethodRunner.java:46)
	at org.testng.internal.TestInvoker$MethodInvocationAgent.invoke(TestInvoker.java:824)
	at org.testng.internal.TestInvoker.invokeTestMethods(TestInvoker.java:146)
	at org.testng.internal.TestMethodWorker.invokeTestMethods(TestMethodWorker.java:146)
	at org.testng.internal.TestMethodWorker.run(TestMethodWorker.java:128)
	at java.base/java.util.ArrayList.forEach(ArrayList.java:1597)
	at org.testng.TestRunner.privateRun(TestRunner.java:794)
	at org.testng.TestRunner.run(TestRunner.java:596)
	at org.testng.SuiteRunner.runTest(SuiteRunner.java:377)
	at org.testng.SuiteRunner.runSequentially(SuiteRunner.java:371)
	at org.testng.SuiteRunner.privateRun(SuiteRunner.java:332)
	at org.testng.SuiteRunner.run(SuiteRunner.java:276)
	at org.testng.SuiteRunnerWorker.runSuite(SuiteRunnerWorker.java:53)
	at org.testng.SuiteRunnerWorker.run(SuiteRunnerWorker.java:96)
	at org.testng.TestNG.runSuitesSequentially(TestNG.java:1212)
	at org.testng.TestNG.runSuitesLocally(TestNG.java:1134)
	at org.testng.TestNG.runSuites(TestNG.java:1063)
	at org.testng.TestNG.run(TestNG.java:1031)
	at org.testng.remote.AbstractRemoteTestNG.run(AbstractRemoteTestNG.java:115)
	at org.testng.remote.RemoteTestNG.initAndRun(RemoteTestNG.java:293)
	at org.testng.remote.RemoteTestNG.main(RemoteTestNG.java:91)
</pre></div></td>
<td>5</td>
<td>test.Test001_Login_Logout@1d585fb</td></tr>
</table><p>
<table width='100%' border='1' class='invocation-passed'>
<tr><td colspan='4' align='center'><b>PASSED TESTS</b></td></tr>
<tr><td><b>Test method</b></td>
<td width="30%"><b>Exception</b></td>
<td width="10%"><b>Time (seconds)</b></td>
<td><b>Instance</b></td>
</tr>
<tr>
<td title='test.Test001_Login_Logout.bottomLineTest()'><b>bottomLineTest</b><br>Test class: test.Test001_Login_Logout<br>Test method: Validating Bottom Line Title</td>
<td></td>
<td>0</td>
<td>test.Test001_Login_Logout@1d585fb</td></tr>
<tr>
<td title='test.Test001_Login_Logout.passwordEyeTest()'><b>passwordEyeTest</b><br>Test class: test.Test001_Login_Logout<br>Test method: Validating Password Eye Button</td>
<td></td>
<td>0</td>
<td>test.Test001_Login_Logout@1d585fb</td></tr>
<tr>
<td title='test.Test001_Login_Logout.closeBrowser()'><b>closeBrowser</b><br>Test class: test.Test001_Login_Logout<br>Test method: Closing browser</td>
<td></td>
<td>5</td>
<td>test.Test001_Login_Logout@1d585fb</td></tr>
<tr>
<td title='test.Test001_Login_Logout.loginAllCasesTest()'><b>loginAllCasesTest</b><br>Test class: test.Test001_Login_Logout<br>Test method: Login Cases<br>Parameters: demo@sourcewiz.co, </td>
<td></td>
<td>8</td>
<td>test.Test001_Login_Logout@1d585fb</td></tr>
<tr>
<td title='test.Test001_Login_Logout.loginAllCasesTest()'><b>loginAllCasesTest</b><br>Test class: test.Test001_Login_Logout<br>Test method: Login Cases<br>Parameters: , admin123</td>
<td></td>
<td>9</td>
<td>test.Test001_Login_Logout@1d585fb</td></tr>
<tr>
<td title='test.Test001_Login_Logout.openBrowser()'><b>openBrowser</b><br>Test class: test.Test001_Login_Logout<br>Test method: Launching browser and open URL<br>Parameters: chrome</td>
<td></td>
<td>5</td>
<td>test.Test001_Login_Logout@1d585fb</td></tr>
<tr>
<td title='test.Test001_Login_Logout.loginAllCasesTest()'><b>loginAllCasesTest</b><br>Test class: test.Test001_Login_Logout<br>Test method: Login Cases<br>Parameters: qateam@wizcommerce.com, admin</td>
<td></td>
<td>9</td>
<td>test.Test001_Login_Logout@1d585fb</td></tr>
<tr>
<td title='test.Test001_Login_Logout.headingTest()'><b>headingTest</b><br>Test class: test.Test001_Login_Logout<br>Test method: Validating Page Heading</td>
<td></td>
<td>0</td>
<td>test.Test001_Login_Logout@1d585fb</td></tr>
<tr>
<td title='test.Test001_Login_Logout.forgotPassTest()'><b>forgotPassTest</b><br>Test class: test.Test001_Login_Logout<br>Test method: Validating Forgot Password Button</td>
<td></td>
<td>0</td>
<td>test.Test001_Login_Logout@1d585fb</td></tr>
<tr>
<td title='test.Test001_Login_Logout.loginPageTitleTest()'><b>loginPageTitleTest</b><br>Test class: test.Test001_Login_Logout<br>Test method: Validating Login Page Title</td>
<td></td>
<td>0</td>
<td>test.Test001_Login_Logout@1d585fb</td></tr>
<tr>
<td title='test.Test001_Login_Logout.logoTest()'><b>logoTest</b><br>Test class: test.Test001_Login_Logout<br>Test method: Validating Page Logo</td>
<td></td>
<td>1</td>
<td>test.Test001_Login_Logout@1d585fb</td></tr>
<tr>
<td title='test.Test001_Login_Logout.loginAllCasesTest()'><b>loginAllCasesTest</b><br>Test class: test.Test001_Login_Logout<br>Test method: Login Cases<br>Parameters: xyz@sourcewiz.co, </td>
<td></td>
<td>9</td>
<td>test.Test001_Login_Logout@1d585fb</td></tr>
<tr>
<td title='test.Test001_Login_Logout.loginAllCasesTest()'><b>loginAllCasesTest</b><br>Test class: test.Test001_Login_Logout<br>Test method: Login Cases<br>Parameters: xyz@sourcewiz.co, lui</td>
<td></td>
<td>8</td>
<td>test.Test001_Login_Logout@1d585fb</td></tr>
<tr>
<td title='test.Test001_Login_Logout.bookaDemoTest()'><b>bookaDemoTest</b><br>Test class: test.Test001_Login_Logout<br>Test method: Validating Book a Demo Button</td>
<td></td>
<td>0</td>
<td>test.Test001_Login_Logout@1d585fb</td></tr>
</table><p>
</body>
</html>