<?xml version="1.0" encoding="UTF-8"?>
<!-- Generated by org.testng.reporters.JUnitXMLReporter -->
<testsuite ignored="0" hostname="DESKTOP-G63O7EK" failures="0" tests="31" name="TestOnChrome" time="5.208" errors="0" timestamp="2025-01-17T22:23:02 IST">
  <testcase classname="generic.BaseTest" name="@BeforeClass openBrowser" time="4.166">
    <failure type="org.openqa.selenium.NoSuchWindowException" message="no such window: target window already closed
from unknown error: web view not found
  (Session info: chrome=131.0.6778.265)
Build info: version: &amp;apos;4.21.0&amp;apos;, revision: &amp;apos;79ed462ef4&amp;apos;
System info: os.name: &amp;apos;Windows 11&amp;apos;, os.arch: &amp;apos;amd64&amp;apos;, os.version: &amp;apos;10.0&amp;apos;, java.version: &amp;apos;22.0.1&amp;apos;
Driver info: org.openqa.selenium.chrome.ChromeDriver
Command: [4ea9bb8568b809b6df3d8e001c781354, maximizeCurrentWindow {}]
Capabilities {acceptInsecureCerts: false, browserName: chrome, browserVersion: 131.0.6778.265, chrome: {chromedriverVersion: 131.0.6778.264 (2d05e315153..., userDataDir: C:\Users\heman\AppData\Loca...}, fedcm:accounts: true, goog:chromeOptions: {debuggerAddress: localhost:49182}, networkConnectionEnabled: false, pageLoadStrategy: normal, platformName: windows, proxy: Proxy(), se:cdp: ws://localhost:49182/devtoo..., se:cdpVersion: 131.0.6778.265, setWindowRect: true, strictFileInteractability: false, timeouts: {implicit: 0, pageLoad: 300000, script: 30000}, unhandledPromptBehavior: dismiss and notify, webauthn:extension:credBlob: true, webauthn:extension:largeBlob: true, webauthn:extension:minPinLength: true, webauthn:extension:prf: true, webauthn:virtualAuthenticators: true}
Session ID: 4ea9bb8568b809b6df3d8e001c781354">
      <![CDATA[org.openqa.selenium.NoSuchWindowException: no such window: target window already closed
from unknown error: web view not found
  (Session info: chrome=131.0.6778.265)
Build info: version: '4.21.0', revision: '79ed462ef4'
System info: os.name: 'Windows 11', os.arch: 'amd64', os.version: '10.0', java.version: '22.0.1'
Driver info: org.openqa.selenium.chrome.ChromeDriver
Command: [4ea9bb8568b809b6df3d8e001c781354, maximizeCurrentWindow {}]
Capabilities {acceptInsecureCerts: false, browserName: chrome, browserVersion: 131.0.6778.265, chrome: {chromedriverVersion: 131.0.6778.264 (2d05e315153..., userDataDir: C:\Users\heman\AppData\Loca...}, fedcm:accounts: true, goog:chromeOptions: {debuggerAddress: localhost:49182}, networkConnectionEnabled: false, pageLoadStrategy: normal, platformName: windows, proxy: Proxy(), se:cdp: ws://localhost:49182/devtoo..., se:cdpVersion: 131.0.6778.265, setWindowRect: true, strictFileInteractability: false, timeouts: {implicit: 0, pageLoad: 300000, script: 30000}, unhandledPromptBehavior: dismiss and notify, webauthn:extension:credBlob: true, webauthn:extension:largeBlob: true, webauthn:extension:minPinLength: true, webauthn:extension:prf: true, webauthn:virtualAuthenticators: true}
Session ID: 4ea9bb8568b809b6df3d8e001c781354
at org.openqa.selenium.remote.ErrorCodec.decode(ErrorCodec.java:167)
at org.openqa.selenium.remote.codec.w3c.W3CHttpResponseCodec.decode(W3CHttpResponseCodec.java:138)
at org.openqa.selenium.remote.codec.w3c.W3CHttpResponseCodec.decode(W3CHttpResponseCodec.java:50)
at org.openqa.selenium.remote.HttpCommandExecutor.execute(HttpCommandExecutor.java:190)
at org.openqa.selenium.remote.service.DriverCommandExecutor.invokeExecute(DriverCommandExecutor.java:216)
at org.openqa.selenium.remote.service.DriverCommandExecutor.execute(DriverCommandExecutor.java:174)
at org.openqa.selenium.remote.RemoteWebDriver.execute(RemoteWebDriver.java:518)
at org.openqa.selenium.remote.RemoteWebDriver.execute(RemoteWebDriver.java:591)
at org.openqa.selenium.remote.RemoteWebDriver.execute(RemoteWebDriver.java:595)
at org.openqa.selenium.remote.RemoteWebDriver$RemoteWebDriverOptions$RemoteWindow.maximize(RemoteWebDriver.java:1034)
at generic.BaseTest.openBrowser(BaseTest.java:60)
at java.base/java.util.ArrayList.forEach(ArrayList.java:1597)
... Removed 26 stack frames]]>
    </failure>
  </testcase> <!-- @BeforeClass openBrowser -->
  <testcase classname="generic.BaseTest" name="@AfterClass closeBrowser" time="-1.737132782927E9">
    <skipped/>
  </testcase> <!-- @AfterClass closeBrowser -->
  <testcase classname="test.Test002_Create_Order" name="productButtonTest" time="0.0">
    <skipped/>
  </testcase> <!-- productButtonTest -->
  <testcase classname="test.Test002_Create_Order" name="productsVisibleOnCartIconTest" time="0.0">
    <skipped/>
  </testcase> <!-- productsVisibleOnCartIconTest -->
  <testcase classname="test.Test002_Create_Order" name="selectProduct" time="0.0">
    <skipped/>
  </testcase> <!-- selectProduct -->
  <testcase classname="test.Test002_Create_Order" name="selectCart" time="0.0">
    <skipped/>
  </testcase> <!-- selectCart -->
  <testcase classname="test.Test002_Create_Order" name="plusButtonTest" time="0.0">
    <skipped/>
  </testcase> <!-- plusButtonTest -->
  <testcase classname="test.Test002_Create_Order" name="increasingProductCountTest" time="0.0">
    <skipped/>
  </testcase> <!-- increasingProductCountTest -->
  <testcase classname="test.Test002_Create_Order" name="verifyDeleteTest" time="0.0">
    <skipped/>
  </testcase> <!-- verifyDeleteTest -->
  <testcase classname="test.Test002_Create_Order" name="validatingTotalProductOnCartTest" time="0.0">
    <skipped/>
  </testcase> <!-- validatingTotalProductOnCartTest -->
  <testcase classname="test.Test002_Create_Order" name="deleteProductByThreedotButtonTest" time="0.0">
    <skipped/>
  </testcase> <!-- deleteProductByThreedotButtonTest -->
  <testcase classname="test.Test002_Create_Order" name="minusButtonTest" time="0.0">
    <skipped/>
  </testcase> <!-- minusButtonTest -->
  <testcase classname="test.Test002_Create_Order" name="decreasingProductCountTest" time="0.0">
    <skipped/>
  </testcase> <!-- decreasingProductCountTest -->
  <testcase classname="test.Test002_Create_Order" name="addNoteByThreedotButtonTest" time="0.0">
    <skipped/>
  </testcase> <!-- addNoteByThreedotButtonTest -->
  <testcase classname="test.Test002_Create_Order" name="writeNoteTest" time="0.0">
    <skipped/>
  </testcase> <!-- writeNoteTest -->
  <testcase classname="test.Test002_Create_Order" name="saveButtonTest" time="0.0">
    <skipped/>
  </testcase> <!-- saveButtonTest -->
  <testcase classname="test.Test002_Create_Order" name="addNoteText" time="0.0">
    <skipped/>
  </testcase> <!-- addNoteText -->
  <testcase classname="test.Test002_Create_Order" name="clickAgainOnThreeDotsButtonTest" time="0.0">
    <skipped/>
  </testcase> <!-- clickAgainOnThreeDotsButtonTest -->
  <testcase classname="test.Test002_Create_Order" name="offeringDiscountTest" time="0.0">
    <skipped/>
  </testcase> <!-- offeringDiscountTest -->
  <testcase classname="test.Test002_Create_Order" name="verifyingAmountTest" time="0.0">
    <skipped/>
  </testcase> <!-- verifyingAmountTest -->
  <testcase classname="test.Test002_Create_Order" name="clickConfirmButtonTest" time="0.0">
    <skipped/>
  </testcase> <!-- clickConfirmButtonTest -->
  <testcase classname="test.Test002_Create_Order" name="verifyDiscountVisibilityOnProductTest" time="0.0">
    <skipped/>
  </testcase> <!-- verifyDiscountVisibilityOnProductTest -->
  <testcase classname="test.Test002_Create_Order" name="clickBackArrowNextToCartTest" time="0.0">
    <skipped/>
  </testcase> <!-- clickBackArrowNextToCartTest -->
  <testcase classname="test.Test002_Create_Order" name="selectCartAgain" time="0.0">
    <skipped/>
  </testcase> <!-- selectCartAgain -->
  <testcase classname="test.Test002_Create_Order" name="verifyProductOnCartAgainTest" time="0.0">
    <skipped/>
  </testcase> <!-- verifyProductOnCartAgainTest -->
  <testcase classname="test.Test002_Create_Order" name="clickCreateOrderTest" time="0.0">
    <skipped/>
  </testcase> <!-- clickCreateOrderTest -->
  <testcase classname="test.Test002_Create_Order" name="clickChooseCustomerTest" time="0.0">
    <skipped/>
  </testcase> <!-- clickChooseCustomerTest -->
  <testcase classname="test.Test002_Create_Order" name="clickCustomerSearchTextboxTest" time="0.0">
    <skipped/>
  </testcase> <!-- clickCustomerSearchTextboxTest -->
  <testcase classname="test.Test002_Create_Order" name="clickCreateOrder2ButtonTest" time="0.0">
    <skipped/>
  </testcase> <!-- clickCreateOrder2ButtonTest -->
  <testcase classname="test.Test002_Create_Order" name="clickProceedButtonTest" time="0.0">
    <skipped/>
  </testcase> <!-- clickProceedButtonTest -->
  <testcase classname="test.Test002_Create_Order" name="clickSubmitOrderButtonTest" time="0.0">
    <skipped/>
  </testcase> <!-- clickSubmitOrderButtonTest -->
  <testcase classname="test.Test002_Create_Order" name="clickSubmitButtonTest" time="0.0">
    <skipped/>
  </testcase> <!-- clickSubmitButtonTest -->
  <testcase classname="test.Test002_Create_Order" name="cancelOrderTest" time="0.0">
    <skipped/>
  </testcase> <!-- cancelOrderTest -->
</testsuite> <!-- TestOnChrome -->
