<?xml version="1.0" encoding="UTF-8"?>
<!-- Generated by org.testng.reporters.JUnitXMLReporter -->
<testsuite ignored="1" hostname="DESKTOP-G63O7EK" failures="4" tests="263" name="TestOnEdge" time="2844.48" errors="0" timestamp="2025-01-18T10:37:14 IST">
  <testcase classname="test.Test001_Login_Logout" name="openBrowser" time="6.6"/>
  <testcase classname="test.Test001_Login_Logout" name="loginPageTitleTest" time="0.022"/>
  <testcase classname="test.Test001_Login_Logout" name="logoTest" time="1.042"/>
  <testcase classname="test.Test001_Login_Logout" name="headingTest" time="0.028"/>
  <testcase classname="test.Test001_Login_Logout" name="passwordEyeTest" time="0.025"/>
  <testcase classname="test.Test001_Login_Logout" name="forgotPassTest" time="0.021"/>
  <testcase classname="test.Test001_Login_Logout" name="bottomLineTest" time="0.019"/>
  <testcase classname="test.Test001_Login_Logout" name="bookaDemoTest" time="0.018"/>
  <testcase classname="test.Test001_Login_Logout" name="loginAllCasesTest" time="8.394"/>
  <testcase classname="test.Test001_Login_Logout" name="loginAllCasesTest" time="9.354"/>
  <testcase classname="test.Test001_Login_Logout" name="loginAllCasesTest" time="9.128"/>
  <testcase classname="test.Test001_Login_Logout" name="loginAllCasesTest" time="8.752"/>
  <testcase classname="test.Test001_Login_Logout" name="loginAllCasesTest" time="9.365"/>
  <testcase classname="test.Test001_Login_Logout" name="logoutTest" time="5.031">
    <failure type="org.openqa.selenium.NoSuchElementException" message="no such element: Unable to locate element: {&amp;quot;method&amp;quot;:&amp;quot;xpath&amp;quot;,&amp;quot;selector&amp;quot;:&amp;quot;//button[@id=&amp;apos;sidebar-item-19&amp;apos;]&amp;quot;}
  (Session info: MicrosoftEdge=131.0.2903.146)
For documentation on this error, please visit: https://www.selenium.dev/documentation/webdriver/troubleshooting/errors#no-such-element-exception
Build info: version: &amp;apos;4.21.0&amp;apos;, revision: &amp;apos;79ed462ef4&amp;apos;
System info: os.name: &amp;apos;Windows 11&amp;apos;, os.arch: &amp;apos;amd64&amp;apos;, os.version: &amp;apos;10.0&amp;apos;, java.version: &amp;apos;22.0.1&amp;apos;
Driver info: org.openqa.selenium.edge.EdgeDriver
Command: [717b5e5ea6f4eff9ac5fcb163dcf268c, findElement {value=//button[@id=&amp;apos;sidebar-item-19&amp;apos;], using=xpath}]
Capabilities {acceptInsecureCerts: false, browserName: MicrosoftEdge, browserVersion: 131.0.2903.146, fedcm:accounts: true, ms:edgeOptions: {debuggerAddress: localhost:63517}, msedge: {msedgedriverVersion: 131.0.2903.146 (99fcb90c1ee..., userDataDir: C:\Users\heman\AppData\Loca...}, networkConnectionEnabled: false, pageLoadStrategy: normal, platformName: windows, proxy: Proxy(), se:cdp: ws://localhost:63517/devtoo..., se:cdpVersion: 131.0.2903.146, setWindowRect: true, strictFileInteractability: false, timeouts: {implicit: 0, pageLoad: 300000, script: 30000}, unhandledPromptBehavior: dismiss and notify, webauthn:extension:credBlob: true, webauthn:extension:largeBlob: true, webauthn:extension:minPinLength: true, webauthn:extension:prf: true, webauthn:virtualAuthenticators: true}
Session ID: 717b5e5ea6f4eff9ac5fcb163dcf268c">
      <![CDATA[org.openqa.selenium.NoSuchElementException: no such element: Unable to locate element: {"method":"xpath","selector":"//button[@id='sidebar-item-19']"}
  (Session info: MicrosoftEdge=131.0.2903.146)
For documentation on this error, please visit: https://www.selenium.dev/documentation/webdriver/troubleshooting/errors#no-such-element-exception
Build info: version: '4.21.0', revision: '79ed462ef4'
System info: os.name: 'Windows 11', os.arch: 'amd64', os.version: '10.0', java.version: '22.0.1'
Driver info: org.openqa.selenium.edge.EdgeDriver
Command: [717b5e5ea6f4eff9ac5fcb163dcf268c, findElement {value=//button[@id='sidebar-item-19'], using=xpath}]
Capabilities {acceptInsecureCerts: false, browserName: MicrosoftEdge, browserVersion: 131.0.2903.146, fedcm:accounts: true, ms:edgeOptions: {debuggerAddress: localhost:63517}, msedge: {msedgedriverVersion: 131.0.2903.146 (99fcb90c1ee..., userDataDir: C:\Users\heman\AppData\Loca...}, networkConnectionEnabled: false, pageLoadStrategy: normal, platformName: windows, proxy: Proxy(), se:cdp: ws://localhost:63517/devtoo..., se:cdpVersion: 131.0.2903.146, setWindowRect: true, strictFileInteractability: false, timeouts: {implicit: 0, pageLoad: 300000, script: 30000}, unhandledPromptBehavior: dismiss and notify, webauthn:extension:credBlob: true, webauthn:extension:largeBlob: true, webauthn:extension:minPinLength: true, webauthn:extension:prf: true, webauthn:virtualAuthenticators: true}
Session ID: 717b5e5ea6f4eff9ac5fcb163dcf268c
at org.openqa.selenium.remote.ErrorCodec.decode(ErrorCodec.java:167)
at org.openqa.selenium.remote.codec.w3c.W3CHttpResponseCodec.decode(W3CHttpResponseCodec.java:138)
at org.openqa.selenium.remote.codec.w3c.W3CHttpResponseCodec.decode(W3CHttpResponseCodec.java:50)
at org.openqa.selenium.remote.HttpCommandExecutor.execute(HttpCommandExecutor.java:190)
at org.openqa.selenium.remote.service.DriverCommandExecutor.invokeExecute(DriverCommandExecutor.java:216)
at org.openqa.selenium.remote.service.DriverCommandExecutor.execute(DriverCommandExecutor.java:174)
at org.openqa.selenium.remote.RemoteWebDriver.execute(RemoteWebDriver.java:518)
at org.openqa.selenium.remote.ElementLocation$ElementFinder$2.findElement(ElementLocation.java:165)
at org.openqa.selenium.remote.ElementLocation.findElement(ElementLocation.java:59)
at org.openqa.selenium.remote.RemoteWebDriver.findElement(RemoteWebDriver.java:355)
at org.openqa.selenium.remote.RemoteWebDriver.findElement(RemoteWebDriver.java:349)
at org.openqa.selenium.support.pagefactory.DefaultElementLocator.findElement(DefaultElementLocator.java:68)
at org.openqa.selenium.support.pagefactory.internal.LocatingElementHandler.invoke(LocatingElementHandler.java:38)
at jdk.proxy2/jdk.proxy2.$Proxy22.click(Unknown Source)
at pomPages.POM1_Login_Logout_Page.clickLogout(POM1_Login_Logout_Page.java:137)
at test.Test001_Login_Logout.logoutTest(Test001_Login_Logout.java:196)
at java.base/java.util.ArrayList.forEach(ArrayList.java:1597)
... Removed 28 stack frames]]>
    </failure>
  </testcase> <!-- logoutTest -->
  <testcase classname="test.Test001_Login_Logout" name="closeBrowser" time="6.348"/>
  <testcase classname="test.Test002_Create_Order" name="productButtonTest" time="2.873"/>
  <testcase classname="test.Test002_Create_Order" name="productsVisibleOnCartIconTest" time="4.387"/>
  <testcase classname="test.Test002_Create_Order" name="selectProduct" time="16.964"/>
  <testcase classname="test.Test002_Create_Order" name="selectCart" time="4.164"/>
  <testcase classname="test.Test002_Create_Order" name="plusButtonTest" time="2.138">
    <failure type="org.openqa.selenium.ElementClickInterceptedException" message="element click intercepted: Element &amp;lt;svg xmlns=&amp;quot;http://www.w3.org/2000/svg&amp;quot; width=&amp;quot;24&amp;quot; height=&amp;quot;24&amp;quot; viewBox=&amp;quot;0 0 24 24&amp;quot; fill=&amp;quot;none&amp;quot; stroke=&amp;quot;currentColor&amp;quot; stroke-width=&amp;quot;2&amp;quot; stroke-linecap=&amp;quot;round&amp;quot; stroke-linejoin=&amp;quot;round&amp;quot; class=&amp;quot;tabler-icon tabler-icon-plus&amp;quot;&amp;gt;...&amp;lt;/svg&amp;gt; is not clickable at point (885, 689). Other element would receive the click: &amp;lt;svg class=&amp;quot;MuiSvgIcon-root MuiSvgIcon-fontSizeSmall css-1sbz58q&amp;quot; focusable=&amp;quot;false&amp;quot; color=&amp;quot;primary&amp;quot; aria-hidden=&amp;quot;true&amp;quot; viewBox=&amp;quot;0 0 24 24&amp;quot; type=&amp;quot;fallback&amp;quot;&amp;gt;...&amp;lt;/svg&amp;gt;
  (Session info: MicrosoftEdge=131.0.2903.146)
Build info: version: &amp;apos;4.21.0&amp;apos;, revision: &amp;apos;79ed462ef4&amp;apos;
System info: os.name: &amp;apos;Windows 11&amp;apos;, os.arch: &amp;apos;amd64&amp;apos;, os.version: &amp;apos;10.0&amp;apos;, java.version: &amp;apos;22.0.1&amp;apos;
Driver info: org.openqa.selenium.edge.EdgeDriver
Command: [4fa2ccda151e9cd07ae3f39aa164598d, clickElement {id=f.9865131DBC5AF13E8213B4FA0567E1E5.d.DE8384081C2B518A134E51AD6C3833DA.e.8475}]
Capabilities {acceptInsecureCerts: false, browserName: MicrosoftEdge, browserVersion: 131.0.2903.146, fedcm:accounts: true, ms:edgeOptions: {debuggerAddress: localhost:63627}, msedge: {msedgedriverVersion: 131.0.2903.146 (99fcb90c1ee..., userDataDir: C:\Users\heman\AppData\Loca...}, networkConnectionEnabled: false, pageLoadStrategy: normal, platformName: windows, proxy: Proxy(), se:cdp: ws://localhost:63627/devtoo..., se:cdpVersion: 131.0.2903.146, setWindowRect: true, strictFileInteractability: false, timeouts: {implicit: 0, pageLoad: 300000, script: 30000}, unhandledPromptBehavior: dismiss and notify, webauthn:extension:credBlob: true, webauthn:extension:largeBlob: true, webauthn:extension:minPinLength: true, webauthn:extension:prf: true, webauthn:virtualAuthenticators: true}
Element: [[EdgeDriver: MicrosoftEdge on windows (4fa2ccda151e9cd07ae3f39aa164598d)] -&amp;gt; xpath: (//*[@class=&amp;quot;tabler-icon tabler-icon-plus&amp;quot;])[4]]
Session ID: 4fa2ccda151e9cd07ae3f39aa164598d">
      <![CDATA[org.openqa.selenium.ElementClickInterceptedException: element click intercepted: Element <svg xmlns="http://www.w3.org/2000/svg" width="24" height="24" viewBox="0 0 24 24" fill="none" stroke="currentColor" stroke-width="2" stroke-linecap="round" stroke-linejoin="round" class="tabler-icon tabler-icon-plus">...</svg> is not clickable at point (885, 689). Other element would receive the click: <svg class="MuiSvgIcon-root MuiSvgIcon-fontSizeSmall css-1sbz58q" focusable="false" color="primary" aria-hidden="true" viewBox="0 0 24 24" type="fallback">...</svg>
  (Session info: MicrosoftEdge=131.0.2903.146)
Build info: version: '4.21.0', revision: '79ed462ef4'
System info: os.name: 'Windows 11', os.arch: 'amd64', os.version: '10.0', java.version: '22.0.1'
Driver info: org.openqa.selenium.edge.EdgeDriver
Command: [4fa2ccda151e9cd07ae3f39aa164598d, clickElement {id=f.9865131DBC5AF13E8213B4FA0567E1E5.d.DE8384081C2B518A134E51AD6C3833DA.e.8475}]
Capabilities {acceptInsecureCerts: false, browserName: MicrosoftEdge, browserVersion: 131.0.2903.146, fedcm:accounts: true, ms:edgeOptions: {debuggerAddress: localhost:63627}, msedge: {msedgedriverVersion: 131.0.2903.146 (99fcb90c1ee..., userDataDir: C:\Users\heman\AppData\Loca...}, networkConnectionEnabled: false, pageLoadStrategy: normal, platformName: windows, proxy: Proxy(), se:cdp: ws://localhost:63627/devtoo..., se:cdpVersion: 131.0.2903.146, setWindowRect: true, strictFileInteractability: false, timeouts: {implicit: 0, pageLoad: 300000, script: 30000}, unhandledPromptBehavior: dismiss and notify, webauthn:extension:credBlob: true, webauthn:extension:largeBlob: true, webauthn:extension:minPinLength: true, webauthn:extension:prf: true, webauthn:virtualAuthenticators: true}
Element: [[EdgeDriver: MicrosoftEdge on windows (4fa2ccda151e9cd07ae3f39aa164598d)] -> xpath: (//*[@class="tabler-icon tabler-icon-plus"])[4]]
Session ID: 4fa2ccda151e9cd07ae3f39aa164598d
at org.openqa.selenium.remote.ErrorCodec.decode(ErrorCodec.java:167)
at org.openqa.selenium.remote.codec.w3c.W3CHttpResponseCodec.decode(W3CHttpResponseCodec.java:138)
at org.openqa.selenium.remote.codec.w3c.W3CHttpResponseCodec.decode(W3CHttpResponseCodec.java:50)
at org.openqa.selenium.remote.HttpCommandExecutor.execute(HttpCommandExecutor.java:190)
at org.openqa.selenium.remote.service.DriverCommandExecutor.invokeExecute(DriverCommandExecutor.java:216)
at org.openqa.selenium.remote.service.DriverCommandExecutor.execute(DriverCommandExecutor.java:174)
at org.openqa.selenium.remote.RemoteWebDriver.execute(RemoteWebDriver.java:518)
at org.openqa.selenium.remote.RemoteWebElement.execute(RemoteWebElement.java:223)
at org.openqa.selenium.remote.RemoteWebElement.click(RemoteWebElement.java:76)
at org.openqa.selenium.support.pagefactory.internal.LocatingElementHandler.invoke(LocatingElementHandler.java:51)
at jdk.proxy2/jdk.proxy2.$Proxy22.click(Unknown Source)
at pomPages.POM2_Product_Page.clickPlusButton(POM2_Product_Page.java:338)
at test.Test002_Create_Order.plusButtonTest(Test002_Create_Order.java:92)
at java.base/java.util.ArrayList.forEach(ArrayList.java:1597)
... Removed 30 stack frames]]>
    </failure>
  </testcase> <!-- plusButtonTest -->
  <testcase classname="test.Test002_Create_Order" name="increasingProductCountTest" time="0.027">
    <failure type="java.lang.AssertionError" message="Both actual and expected are not same expected [2] but found [1]">
      <![CDATA[java.lang.AssertionError: Both actual and expected are not same expected [2] but found [1]
at pomPages.POM2_Product_Page.countProductAfterIncreament(POM2_Product_Page.java:347)
at test.Test002_Create_Order.increasingProductCountTest(Test002_Create_Order.java:101)
at java.base/java.util.ArrayList.forEach(ArrayList.java:1597)
... Removed 30 stack frames]]>
    </failure>
  </testcase> <!-- increasingProductCountTest -->
  <testcase classname="test.Test002_Create_Order" name="verifyDeleteTest" time="5.116"/>
  <testcase classname="test.Test002_Create_Order" name="validatingTotalProductOnCartTest" time="3.074"/>
  <testcase classname="test.Test002_Create_Order" name="deleteProductByThreedotButtonTest" time="8.328"/>
  <testcase classname="test.Test002_Create_Order" name="minusButtonTest" time="15.034">
    <failure type="org.openqa.selenium.NoSuchElementException" message="no such element: Unable to locate element: {&amp;quot;method&amp;quot;:&amp;quot;xpath&amp;quot;,&amp;quot;selector&amp;quot;:&amp;quot;//*[@class=&amp;quot;tabler-icon tabler-icon-minus&amp;quot;]&amp;quot;}
  (Session info: MicrosoftEdge=131.0.2903.146)
For documentation on this error, please visit: https://www.selenium.dev/documentation/webdriver/troubleshooting/errors#no-such-element-exception
Build info: version: &amp;apos;4.21.0&amp;apos;, revision: &amp;apos;79ed462ef4&amp;apos;
System info: os.name: &amp;apos;Windows 11&amp;apos;, os.arch: &amp;apos;amd64&amp;apos;, os.version: &amp;apos;10.0&amp;apos;, java.version: &amp;apos;22.0.1&amp;apos;
Driver info: org.openqa.selenium.edge.EdgeDriver
Command: [4fa2ccda151e9cd07ae3f39aa164598d, findElement {value=//*[@class=&amp;quot;tabler-icon tabler-icon-minus&amp;quot;], using=xpath}]
Capabilities {acceptInsecureCerts: false, browserName: MicrosoftEdge, browserVersion: 131.0.2903.146, fedcm:accounts: true, ms:edgeOptions: {debuggerAddress: localhost:63627}, msedge: {msedgedriverVersion: 131.0.2903.146 (99fcb90c1ee..., userDataDir: C:\Users\heman\AppData\Loca...}, networkConnectionEnabled: false, pageLoadStrategy: normal, platformName: windows, proxy: Proxy(), se:cdp: ws://localhost:63627/devtoo..., se:cdpVersion: 131.0.2903.146, setWindowRect: true, strictFileInteractability: false, timeouts: {implicit: 0, pageLoad: 300000, script: 30000}, unhandledPromptBehavior: dismiss and notify, webauthn:extension:credBlob: true, webauthn:extension:largeBlob: true, webauthn:extension:minPinLength: true, webauthn:extension:prf: true, webauthn:virtualAuthenticators: true}
Session ID: 4fa2ccda151e9cd07ae3f39aa164598d">
      <![CDATA[org.openqa.selenium.NoSuchElementException: no such element: Unable to locate element: {"method":"xpath","selector":"//*[@class="tabler-icon tabler-icon-minus"]"}
  (Session info: MicrosoftEdge=131.0.2903.146)
For documentation on this error, please visit: https://www.selenium.dev/documentation/webdriver/troubleshooting/errors#no-such-element-exception
Build info: version: '4.21.0', revision: '79ed462ef4'
System info: os.name: 'Windows 11', os.arch: 'amd64', os.version: '10.0', java.version: '22.0.1'
Driver info: org.openqa.selenium.edge.EdgeDriver
Command: [4fa2ccda151e9cd07ae3f39aa164598d, findElement {value=//*[@class="tabler-icon tabler-icon-minus"], using=xpath}]
Capabilities {acceptInsecureCerts: false, browserName: MicrosoftEdge, browserVersion: 131.0.2903.146, fedcm:accounts: true, ms:edgeOptions: {debuggerAddress: localhost:63627}, msedge: {msedgedriverVersion: 131.0.2903.146 (99fcb90c1ee..., userDataDir: C:\Users\heman\AppData\Loca...}, networkConnectionEnabled: false, pageLoadStrategy: normal, platformName: windows, proxy: Proxy(), se:cdp: ws://localhost:63627/devtoo..., se:cdpVersion: 131.0.2903.146, setWindowRect: true, strictFileInteractability: false, timeouts: {implicit: 0, pageLoad: 300000, script: 30000}, unhandledPromptBehavior: dismiss and notify, webauthn:extension:credBlob: true, webauthn:extension:largeBlob: true, webauthn:extension:minPinLength: true, webauthn:extension:prf: true, webauthn:virtualAuthenticators: true}
Session ID: 4fa2ccda151e9cd07ae3f39aa164598d
at org.openqa.selenium.remote.ErrorCodec.decode(ErrorCodec.java:167)
at org.openqa.selenium.remote.codec.w3c.W3CHttpResponseCodec.decode(W3CHttpResponseCodec.java:138)
at org.openqa.selenium.remote.codec.w3c.W3CHttpResponseCodec.decode(W3CHttpResponseCodec.java:50)
at org.openqa.selenium.remote.HttpCommandExecutor.execute(HttpCommandExecutor.java:190)
at org.openqa.selenium.remote.service.DriverCommandExecutor.invokeExecute(DriverCommandExecutor.java:216)
at org.openqa.selenium.remote.service.DriverCommandExecutor.execute(DriverCommandExecutor.java:174)
at org.openqa.selenium.remote.RemoteWebDriver.execute(RemoteWebDriver.java:518)
at org.openqa.selenium.remote.ElementLocation$ElementFinder$2.findElement(ElementLocation.java:165)
at org.openqa.selenium.remote.ElementLocation.findElement(ElementLocation.java:59)
at org.openqa.selenium.remote.RemoteWebDriver.findElement(RemoteWebDriver.java:355)
at org.openqa.selenium.remote.RemoteWebDriver.findElement(RemoteWebDriver.java:349)
at org.openqa.selenium.support.pagefactory.DefaultElementLocator.findElement(DefaultElementLocator.java:68)
at org.openqa.selenium.support.pagefactory.internal.LocatingElementHandler.invoke(LocatingElementHandler.java:38)
at jdk.proxy2/jdk.proxy2.$Proxy22.isEnabled(Unknown Source)
at pomPages.POM2_Product_Page.clickMinusButton(POM2_Product_Page.java:389)
at test.Test002_Create_Order.minusButtonTest(Test002_Create_Order.java:138)
at java.base/java.util.ArrayList.forEach(ArrayList.java:1597)
... Removed 28 stack frames]]>
    </failure>
  </testcase> <!-- minusButtonTest -->
  <testcase classname="test.Test002_Create_Order" name="decreasingProductCountTest" time="3.04"/>
  <testcase classname="test.Test002_Create_Order" name="addNoteByThreedotButtonTest" time="8.359"/>
  <testcase classname="test.Test002_Create_Order" name="writeNoteTest" time="3.182"/>
  <testcase classname="test.Test002_Create_Order" name="saveButtonTest" time="4.106"/>
  <testcase classname="test.Test002_Create_Order" name="addNoteText" time="0.022"/>
  <testcase classname="test.Test002_Create_Order" name="clickAgainOnThreeDotsButtonTest" time="8.275"/>
  <testcase classname="test.Test002_Create_Order" name="offeringDiscountTest" time="3.193"/>
  <testcase classname="test.Test002_Create_Order" name="verifyingAmountTest" time="4.063"/>
  <testcase classname="test.Test002_Create_Order" name="clickConfirmButtonTest" time="8.107"/>
  <testcase classname="test.Test002_Create_Order" name="verifyDiscountVisibilityOnProductTest" time="0.027"/>
  <testcase classname="test.Test002_Create_Order" name="clickBackArrowNextToCartTest" time="6.133"/>
  <testcase classname="test.Test002_Create_Order" name="selectCartAgain" time="4.181"/>
  <testcase classname="test.Test002_Create_Order" name="verifyProductOnCartAgainTest" time="3.039"/>
  <testcase classname="test.Test002_Create_Order" name="clickCreateOrderTest" time="8.175"/>
  <testcase classname="test.Test002_Create_Order" name="clickChooseCustomerTest" time="8.179"/>
  <testcase classname="test.Test002_Create_Order" name="clickCustomerSearchTextboxTest" time="15.313"/>
  <testcase classname="test.Test002_Create_Order" name="clickCreateOrder2ButtonTest" time="8.16"/>
  <testcase classname="test.Test002_Create_Order" name="clickProceedButtonTest" time="5.114"/>
  <testcase classname="test.Test002_Create_Order" name="clickSubmitOrderButtonTest" time="5.174"/>
  <testcase classname="test.Test002_Create_Order" name="clickSubmitButtonTest" time="8.16"/>
  <testcase classname="test.Test002_Create_Order" name="cancelOrderTest" time="12.72"/>
  <testcase classname="test.Test003_Convert_Quote_To_Order" name="productButtonTest" time="2.942"/>
  <testcase classname="test.Test003_Convert_Quote_To_Order" name="selectProduct" time="11.36"/>
  <testcase classname="test.Test003_Convert_Quote_To_Order" name="selectCart" time="4.15"/>
  <testcase classname="test.Test003_Convert_Quote_To_Order" name="clickCreateOrderTest" time="5.252"/>
  <testcase classname="test.Test003_Convert_Quote_To_Order" name="clickChooseCustomerTest" time="8.283"/>
  <testcase classname="test.Test003_Convert_Quote_To_Order" name="customerSearchTest" time="15.367"/>
  <testcase classname="test.Test003_Convert_Quote_To_Order" name="clickCreateOrder2ButtonTest" time="8.213"/>
  <testcase classname="test.Test003_Convert_Quote_To_Order" name="clickProceedButtonTest" time="5.149"/>
  <testcase classname="test.Test003_Convert_Quote_To_Order" name="verifyCustomerDetailsOnQuoteTest" time="4.055"/>
  <testcase classname="test.Test003_Convert_Quote_To_Order" name="verifyBillingDetailsOnQuoteTest" time="4.063"/>
  <testcase classname="test.Test003_Convert_Quote_To_Order" name="verifyShippingDetailsOnQuoteTest" time="4.056"/>
  <testcase classname="test.Test003_Convert_Quote_To_Order" name="getMailIdOnQuotePageTest" time="3.051"/>
  <testcase classname="test.Test003_Convert_Quote_To_Order" name="clickTearSheetIconTest" time="4.179"/>
  <testcase classname="test.Test003_Convert_Quote_To_Order" name="clickExcelSheet" time="4.219"/>
  <testcase classname="test.Test003_Convert_Quote_To_Order" name="clickTearSheetIconAgainTest" time="4.14"/>
  <testcase classname="test.Test003_Convert_Quote_To_Order" name="clickPDFTest" time="4.183"/>
  <testcase classname="test.Test003_Convert_Quote_To_Order" name="verifyTotalAndPendingAmtTest" time="4.062"/>
  <testcase classname="test.Test003_Convert_Quote_To_Order" name="clickThreeDotsTest" time="4.136"/>
  <testcase classname="test.Test003_Convert_Quote_To_Order" name="threeDotsDropdownTest" time="4.218"/>
  <testcase classname="test.Test003_Convert_Quote_To_Order" name="handlingCancelQuoteCheckboxTest" time="10.258"/>
  <testcase classname="test.Test003_Convert_Quote_To_Order" name="copyOrderIdTest" time="13.296"/>
  <testcase classname="test.Test003_Convert_Quote_To_Order" name="selectSaveForLater" time="8.15"/>
  <testcase classname="test.Test003_Convert_Quote_To_Order" name="pasteOrderIdTest" time="17.484"/>
  <testcase classname="test.Test003_Convert_Quote_To_Order" name="getTypeStatusTest" time="3.058"/>
  <testcase classname="test.Test003_Convert_Quote_To_Order" name="getDarftStatusTest" time="3.052"/>
  <testcase classname="test.Test003_Convert_Quote_To_Order" name="clickmainIdTest" time="3.153"/>
  <testcase classname="test.Test003_Convert_Quote_To_Order" name="clickSubmitQuoteTest" time="4.653"/>
  <testcase classname="test.Test003_Convert_Quote_To_Order" name="clickOnSubmit" time="3.17"/>
  <testcase classname="test.Test003_Convert_Quote_To_Order" name="clickConvertToOrderTest" time="5.671"/>
  <testcase classname="test.Test003_Convert_Quote_To_Order" name="handlingCheckbox1Test" time="11.199"/>
  <testcase classname="test.Test003_Convert_Quote_To_Order" name="clickSubmitOrderButtonTest" time="5.175"/>
  <testcase classname="test.Test003_Convert_Quote_To_Order" name="handlingCheckbox2Test" time="10.219"/>
  <testcase classname="test.Test003_Convert_Quote_To_Order" name="getCustomerDetailsOnOrderPageTest" time="4.074"/>
  <testcase classname="test.Test003_Convert_Quote_To_Order" name="getBillingAddressOnOrderPageTest" time="4.07"/>
  <testcase classname="test.Test003_Convert_Quote_To_Order" name="getShippingAddressOnOrderPageTest" time="4.115"/>
  <testcase classname="test.Test003_Convert_Quote_To_Order" name="clickThreeDotsOnOrderPageTest" time="5.14"/>
  <testcase classname="test.Test003_Convert_Quote_To_Order" name="threeDotsDropdownOrderPageTest" time="4.311"/>
  <testcase classname="test.Test003_Convert_Quote_To_Order" name="handlingCancelOrderCheckboxTest" time="10.242"/>
  <testcase classname="test.Test003_Convert_Quote_To_Order" name="verifyCartTotalOnOrderPageTest" time="4.042"/>
  <testcase classname="test.Test003_Convert_Quote_To_Order" name="verifyViewLinkedQuoteButtonTest" time="4.038"/>
  <testcase classname="test.Test003_Convert_Quote_To_Order" name="verifyTearSheetIconOrderPageTest" time="4.03"/>
  <testcase classname="test.Test003_Convert_Quote_To_Order" name="verifyProductInfoTest" time="4.036"/>
  <testcase classname="test.Test003_Convert_Quote_To_Order" name="getMailIdOnOrderPageTest" time="3.058"/>
  <testcase classname="test.Test003_Convert_Quote_To_Order" name="orderCancelledTest" time="12.775"/>
  <testcase classname="test.Test004_Edit_Quote_01" name="productButtonTest" time="2.021"/>
  <testcase classname="test.Test004_Edit_Quote_01" name="selectProduct" time="11.939"/>
  <testcase classname="test.Test004_Edit_Quote_01" name="selectCart" time="4.135"/>
  <testcase classname="test.Test004_Edit_Quote_01" name="clickThreeDotsButtonTest" time="3.128"/>
  <testcase classname="test.Test004_Edit_Quote_01" name="selectDeleteCartTest" time="5.122"/>
  <testcase classname="test.Test004_Edit_Quote_01" name="handlingDiscardAllItemsInCartCheckboxTest" time="6.166"/>
  <testcase classname="test.Test004_Edit_Quote_01" name="clickAddExistingProductsTest" time="8.141"/>
  <testcase classname="test.Test004_Edit_Quote_01" name="selectmoreProductTest" time="26.667"/>
  <testcase classname="test.Test004_Edit_Quote_01" name="selectCartAgainTest" time="3.178"/>
  <testcase classname="test.Test004_Edit_Quote_01" name="clickCreateOrderTest" time="5.154"/>
  <testcase classname="test.Test004_Edit_Quote_01" name="clickChooseCustomerTest" time="8.16"/>
  <testcase classname="test.Test004_Edit_Quote_01" name="customerSearchTest" time="15.325"/>
  <testcase classname="test.Test004_Edit_Quote_01" name="clickCreateOrder2ButtonTest" time="8.163"/>
  <testcase classname="test.Test004_Edit_Quote_01" name="clickProceedButtonTest" time="5.156"/>
  <testcase classname="test.Test004_Edit_Quote_01" name="clickSubmitQuoteTest" time="10.286"/>
  <testcase classname="test.Test004_Edit_Quote_01" name="clickEditQuotebuttonTest" time="5.257"/>
  <testcase classname="test.Test004_Edit_Quote_01" name="clickAddDiscountButtonTest" time="3.16"/>
  <testcase classname="test.Test004_Edit_Quote_01" name="enterDiscountTest" time="3.309"/>
  <testcase classname="test.Test004_Edit_Quote_01" name="verifyAmountAfterDiscountTest" time="5.07"/>
  <testcase classname="test.Test004_Edit_Quote_01" name="clickApplyButtonTest" time="6.11"/>
  <testcase classname="test.Test004_Edit_Quote_01" name="clickAddShippingChargeButtonTest" time="3.17"/>
  <testcase classname="test.Test004_Edit_Quote_01" name="enterShippingChargeTest" time="3.145"/>
  <testcase classname="test.Test004_Edit_Quote_01" name="verifyAmountAfterShipping" time="0.064"/>
  <testcase classname="test.Test004_Edit_Quote_01" name="clickShippingApplyButtonTest" time="6.131"/>
  <testcase classname="test.Test004_Edit_Quote_01" name="clickAddTaxButtonTest" time="3.157"/>
  <testcase classname="test.Test004_Edit_Quote_01" name="enterTaxTest" time="3.139"/>
  <testcase classname="test.Test004_Edit_Quote_01" name="verifyAmountAfterTaxTest" time="0.087"/>
  <testcase classname="test.Test004_Edit_Quote_01" name="clickTaxApplyButtonTest" time="6.12"/>
  <testcase classname="test.Test004_Edit_Quote_01" name="clickAddAdditionalChargeButtonTest" time="3.166"/>
  <testcase classname="test.Test004_Edit_Quote_01" name="enterAdditionalchargeTest" time="3.121"/>
  <testcase classname="test.Test004_Edit_Quote_01" name="verifyAmountAfterAddChargeTest" time="0.088"/>
  <testcase classname="test.Test004_Edit_Quote_01" name="clickApplyAdditionalChargeButtonTest" time="10.121"/>
  <testcase classname="test.Test004_Edit_Quote_01" name="verifyPageAmountTest" time="6.239"/>
  <testcase classname="test.Test004_Edit_Quote_01" name="clickReSubmitQuoteButtonTest" time="6.301"/>
  <testcase classname="test.Test004_Edit_Quote_01" name="clickConvertToOrderTest" time="3.182"/>
  <testcase classname="test.Test004_Edit_Quote_01" name="handlingCheckbox1Test" time="11.229"/>
  <testcase classname="test.Test004_Edit_Quote_01" name="clickSubmitOrderButtonTest" time="5.153"/>
  <testcase classname="test.Test004_Edit_Quote_01" name="handlingCheckbox2Test" time="10.223"/>
  <testcase classname="test.Test004_Edit_Quote_01" name="orderCancelledTest" time="12.534"/>
  <testcase classname="test.Test005_Edit_Quote_02" name="productButtonTest" time="2.008"/>
  <testcase classname="test.Test005_Edit_Quote_02" name="selectProduct" time="12.543"/>
  <testcase classname="test.Test005_Edit_Quote_02" name="selectCart" time="4.168"/>
  <testcase classname="test.Test005_Edit_Quote_02" name="clickCreateOrderTest" time="5.178"/>
  <testcase classname="test.Test005_Edit_Quote_02" name="clickChooseCustomerTest" time="8.218"/>
  <testcase classname="test.Test005_Edit_Quote_02" name="customerSearchTest" time="15.39"/>
  <testcase classname="test.Test005_Edit_Quote_02" name="clickCreateOrder2ButtonTest" time="8.167"/>
  <testcase classname="test.Test005_Edit_Quote_02" name="clickProceedButtonTest" time="5.157"/>
  <testcase classname="test.Test005_Edit_Quote_02" name="clickSubmitQuoteTest" time="5.288"/>
  <testcase classname="test.Test005_Edit_Quote_02" name="clickEditQuotebuttonTest" time="10.159"/>
  <testcase classname="test.Test005_Edit_Quote_02" name="clickEditButtonTest" time="5.115"/>
  <testcase classname="test.Test005_Edit_Quote_02" name="clickAddProductsButtonTest" time="8.257"/>
  <testcase classname="test.Test005_Edit_Quote_02" name="selectmoreProductTest" time="26.846"/>
  <testcase classname="test.Test005_Edit_Quote_02" name="selectCartAgainTest" time="3.207"/>
  <testcase classname="test.Test005_Edit_Quote_02" name="clickUpdateQuoteButtonTest" time="8.119"/>
  <testcase classname="test.Test005_Edit_Quote_02" name="clickReSubmitQuoteButtonTest" time="6.388"/>
  <testcase classname="test.Test005_Edit_Quote_02" name="clickConvertToOrderTest" time="3.207"/>
  <testcase classname="test.Test005_Edit_Quote_02" name="handlingCheckbox1Test" time="11.351"/>
  <testcase classname="test.Test005_Edit_Quote_02" name="clickSubmitOrderButtonTest" time="5.171"/>
  <testcase classname="test.Test005_Edit_Quote_02" name="handlingCheckbox2Test" time="10.26"/>
  <testcase classname="test.Test005_Edit_Quote_02" name="orderCancelledTest" time="12.69"/>
  <testcase classname="test.Test006_Draft" name="productButtonTest" time="1.989"/>
  <testcase classname="test.Test006_Draft" name="selectProduct" time="11.978"/>
  <testcase classname="test.Test006_Draft" name="selectCart" time="4.158"/>
  <testcase classname="test.Test006_Draft" name="clickCreateOrderTest" time="5.18"/>
  <testcase classname="test.Test006_Draft" name="clickChooseCustomerTest" time="8.211"/>
  <testcase classname="test.Test006_Draft" name="customerSearchTest" time="15.32"/>
  <testcase classname="test.Test006_Draft" name="clickCreateOrder2ButtonTest" time="8.171"/>
  <testcase classname="test.Test006_Draft" name="clickProceedButtonTest" time="5.145"/>
  <testcase classname="test.Test006_Draft" name="copyOrderIdTest" time="13.304"/>
  <testcase classname="test.Test006_Draft" name="selectSaveForLater" time="8.139"/>
  <testcase classname="test.Test006_Draft" name="pasteOrderIdTest" time="17.514"/>
  <testcase classname="test.Test006_Draft" name="getTypeStatusTest" time="3.061"/>
  <testcase classname="test.Test006_Draft" name="getDarftStatusTest" time="3.04"/>
  <testcase classname="test.Test006_Draft" name="customerNameVerificationTest" time="3.073"/>
  <testcase classname="test.Test006_Draft" name="clickDarftTest" time="3.38"/>
  <testcase classname="test.Test006_Draft" name="pasteOrderIdOnDraftsTest" time="18.22"/>
  <testcase classname="test.Test006_Draft" name="getDarftTypeStatusTest" time="3.094"/>
  <testcase classname="test.Test006_Draft" name="getStatusOnDraftTest" time="3.047"/>
  <testcase classname="test.Test006_Draft" name="customerNameVerificationOnDraftTest" time="3.054"/>
  <testcase classname="test.Test006_Draft" name="clickmainIdTest" time="3.173"/>
  <testcase classname="test.Test006_Draft" name="clickSubmitQuoteTest" time="7.722"/>
  <testcase classname="test.Test006_Draft" name="clickConvertToOrderTest" time="5.746"/>
  <testcase classname="test.Test006_Draft" name="handlingCheckbox1Test" time="11.21"/>
  <testcase classname="test.Test006_Draft" name="clickSubmitOrderButtonTest" time="5.17"/>
  <testcase classname="test.Test006_Draft" name="handlingCheckbox2Test" time="10.337"/>
  <testcase classname="test.Test006_Draft" name="orderCancelledTest" time="12.613"/>
  <testcase classname="test.Test007_Buyer_Switching" name="productButtonTest" time="2.058"/>
  <testcase classname="test.Test007_Buyer_Switching" name="selectProduct" time="11.871"/>
  <testcase classname="test.Test007_Buyer_Switching" name="clickGuestCustomerButton1sttimeTest" time="5.205"/>
  <testcase classname="test.Test007_Buyer_Switching" name="clickCustomerSearchTextbox1stTimeTest" time="5.174"/>
  <testcase classname="test.Test007_Buyer_Switching" name="clickCustomer1Test" time="11.426"/>
  <testcase classname="test.Test007_Buyer_Switching" name="clickCartButton1stTimeTest" time="10.253"/>
  <testcase classname="test.Test007_Buyer_Switching" name="verifyEmptyCart1stTimeTest" time="3.251"/>
  <testcase classname="test.Test007_Buyer_Switching" name="verifyCustomerNameOnCartPage1stTimeTest" time="5.071"/>
  <testcase classname="test.Test007_Buyer_Switching" name="selectProduct2ndTimeTest" time="11.114"/>
  <testcase classname="test.Test007_Buyer_Switching" name="clickGuestCustomerButton2ndTimeTest" time="5.273"/>
  <testcase classname="test.Test007_Buyer_Switching" name="clickCustomerSearchTextbox2ndTimeTest" time="10.142"/>
  <testcase classname="test.Test007_Buyer_Switching" name="clickCustomer2Test" time="10.23"/>
  <testcase classname="test.Test007_Buyer_Switching" name="clickCartButton2ndTime" time="10.196"/>
  <testcase classname="test.Test007_Buyer_Switching" name="verifyCustomerNameOnCartPage2ndTimeTest" time="5.069"/>
  <testcase classname="test.Test007_Buyer_Switching" name="verifyProductOnCart1stTimeTest" time="6.074"/>
  <testcase classname="test.Test007_Buyer_Switching" name="clickOnCustomerButton3rdTime" time="11.33"/>
  <testcase classname="test.Test007_Buyer_Switching" name="verifyProductOnCart2ndTime" time="6.049"/>
  <testcase classname="test.Test007_Buyer_Switching" name="clickGuestCustomerButton3rdTimeforReplaceTest" time="5.194"/>
  <testcase classname="test.Test007_Buyer_Switching" name="clickCustomerSearchTextbox3rdTime" time="5.189"/>
  <testcase classname="test.Test007_Buyer_Switching" name="clickCustomer2AgainForkeepExistingTest" time="10.379"/>
  <testcase classname="test.Test007_Buyer_Switching" name="verifyProductOnCart3rdTimeTest" time="6.058"/>
  <testcase classname="test.Test007_Buyer_Switching" name="clickGuestCustomerButton4thTime" time="5.15"/>
  <testcase classname="test.Test007_Buyer_Switching" name="clickCustomerSearchTextbox4thTime" time="5.106"/>
  <testcase classname="test.Test007_Buyer_Switching" name="clickCustomerSearchTextbox4theTime" time="10.236"/>
  <testcase classname="test.Test007_Buyer_Switching" name="clickCustomer4ForReplaceTest" time="6.059"/>
  <testcase classname="test.Test008_Container" name="productButtonTest" time="2.042"/>
  <testcase classname="test.Test008_Container" name="selectProduct" time="11.965"/>
  <testcase classname="test.Test008_Container" name="selectCart" time="4.156"/>
  <testcase classname="test.Test008_Container" name="containerBoxVisibilityTest" time="3.052"/>
  <testcase classname="test.Test008_Container" name="toggleSwitchTest" time="6.201"/>
  <testcase classname="test.Test008_Container" name="clickCreateOrderTest" time="5.236"/>
  <testcase classname="test.Test008_Container" name="clickChooseCustomerTest" time="8.274"/>
  <testcase classname="test.Test008_Container" name="customerSearchTest" time="15.421"/>
  <testcase classname="test.Test008_Container" name="checkContainerOnCartPageAfterSelectingCustomerTest" time="3.207"/>
  <testcase classname="test.Test008_Container" name="defaultCFTTest" time="0.028"/>
  <testcase classname="test.Test008_Container" name="clickCBMTest" time="5.122"/>
  <testcase classname="test.Test008_Container" name="selctCBMFromDropdownTest" time="24.5"/>
  <testcase classname="test.Test008_Container" name="clickCFTAgainAndSelctCFTFromDropdownTest" time="24.382"/>
  <testcase classname="test.Test008_Container" name="toggleSwitchAgainTest" time="6.217"/>
  <testcase classname="test.Test008_Container" name="clickCreateOrder2ButtonTest" time="8.236"/>
  <testcase classname="test.Test008_Container" name="clickProceedButtonTest" time="5.181"/>
  <testcase classname="test.Test008_Container" name="toggleSwitchCheckTest" time="3.014"/>
  <testcase classname="test.Test008_Container" name="clickEditButtonTest" time="5.167"/>
  <testcase classname="test.Test008_Container" name="clickAddProductsButtonTest" time="8.283"/>
  <testcase classname="test.Test008_Container" name="selectmoreProductTest" time="26.877"/>
  <testcase classname="test.Test008_Container" name="selectCartAgainTest" time="3.231"/>
  <testcase classname="test.Test008_Container" name="toggleSwitchCheckTest2" time="3.016"/>
  <testcase classname="test.Test008_Container" name="clickUpdateQuoteButtonTest" time="8.204"/>
  <testcase classname="test.Test008_Container" name="toggleSwitchCheckTest3" time="3.02"/>
  <testcase classname="test.Test009_Product_Page_With_All_Cases" name="productButtonTest" time="2.325"/>
  <testcase classname="test.Test009_Product_Page_With_All_Cases" name="productsVisibleOnCartIconTest" time="20.544"/>
  <testcase classname="test.Test009_Product_Page_With_All_Cases" name="verifyBellIconTest" time="12.65"/>
  <testcase classname="test.Test009_Product_Page_With_All_Cases" name="verifyRepresentativeTest" time="4.079"/>
  <testcase classname="test.Test009_Product_Page_With_All_Cases" name="verifyCartIconTest" time="4.039"/>
  <testcase classname="test.Test009_Product_Page_With_All_Cases" name="verifyViewSimilarBtnTest" time="53.173"/>
  <testcase classname="test.Test009_Product_Page_With_All_Cases" name="verifyCategoryViewAllButtonTest" time="22.565"/>
  <testcase classname="test.Test009_Product_Page_With_All_Cases" name="verifyCategoryRailProductsTest" time="4.068"/>
  <testcase classname="test.Test009_Product_Page_With_All_Cases" name="verifyRecommendedViewAllButtonTest" time="4.594"/>
  <testcase classname="test.Test009_Product_Page_With_All_Cases" name="verifyRecomendedRailProductsTest" time="4.744"/>
  <testcase classname="test.Test009_Product_Page_With_All_Cases" name="verifyCollectionsViewAllButtonTest" time="36.497"/>
  <testcase classname="test.Test009_Product_Page_With_All_Cases" name="verifyCollectionsRailProductsTest" time="4.104"/>
  <testcase classname="test.Test009_Product_Page_With_All_Cases" name="verifyExploreAll_AllDropdownsTest" time="100.712"/>
  <testcase classname="test.Test009_Product_Page_With_All_Cases" name="verifyFilterIconTest" time="76.239"/>
  <testcase classname="test.Test009_Product_Page_With_All_Cases" name="verifySortByDropdownTest" time="28.611"/>
  <testcase classname="test.Test009_Product_Page_With_All_Cases" name="searchProductBoxTest" time="38.287"/>
  <testcase classname="test.Test009_Product_Page_With_All_Cases" name="clickBackArrowNextToCartTest" time="16.291"/>
  <testcase classname="test.Test009_Product_Page_With_All_Cases" name="searchProductBoxAgainToCheckSuggestionTest" time="8.157"/>
  <testcase classname="test.Test009_Product_Page_With_All_Cases" name="serachProductWithDifferentOperationsTest" time="117.545"/>
  <testcase classname="test.Test009_Product_Page_With_All_Cases" name="productButtonAgainTest" time="0.174"/>
  <testcase classname="test.Test009_Product_Page_With_All_Cases" name="verifyProductsCountTest" time="7.087"/>
  <testcase classname="test.Test009_Product_Page_With_All_Cases" name="catlogueSwitchTestTest" time="11.582"/>
  <testcase classname="test.Test009_Product_Page_With_All_Cases" name="catlogueSwitchTestTest1" time="55.638"/>
  <testcase classname="test.Test009_Product_Page_With_All_Cases" name="buyerSwitchForPreviouslyOrderedRailTYest" time="58.695"/>
  <testcase classname="test.Test009_Product_Page_With_All_Cases" name="verifyNumberOfProductsDisplayTest" time="38.733"/>
  <testcase classname="test.Test009_Product_Page_With_All_Cases" name="checkPriceChangeAfterCustomerSwitchFollowingCatalogueSWitchTest" time="52.091"/>
  <testcase classname="test.Test009_Product_Page_With_All_Cases" name="checkVarientAvailableTest" time="29.656"/>
  <testcase classname="test.Test009_Product_Page_With_All_Cases" name="checkFilterOnVarientBoxTest" time="54.327"/>
  <testcase classname="test.Test010_Category_And_Collections_Page" name="productButtonTest" time="2.035"/>
  <testcase classname="test.Test010_Category_And_Collections_Page" name="productsVisibleOnCartIconTest" time="20.511"/>
  <testcase classname="test.Test010_Category_And_Collections_Page" name="verifyCategoryViewAllButtonTest" time="22.543"/>
  <testcase classname="test.Test010_Category_And_Collections_Page" name="verifyCategoryPageTest" time="13.252"/>
  <testcase classname="test.Test010_Category_And_Collections_Page" name="clickOnParticularCategoryTest" time="55.192"/>
  <testcase classname="test.Test010_Category_And_Collections_Page" name="verifyExploreAll_AllDropdownsTest" time="73.823"/>
  <testcase classname="test.Test010_Category_And_Collections_Page" name="verifyFilterIconTest" time="67.76"/>
  <testcase classname="test.Test010_Category_And_Collections_Page" name="verifySortByDropdownTest" time="32.057"/>
  <testcase classname="test.Test010_Category_And_Collections_Page" name="verifyViewSimilarBtnTest" time="53.532"/>
  <testcase classname="test.Test010_Category_And_Collections_Page" name="clickViewAllRecommendedRailBtnTest" time="4.551"/>
  <testcase classname="test.Test004_Edit_Quote_01" name="enterAdditionalchargeNameTest" time="0.0">
    <ignored/>
  </testcase> <!-- enterAdditionalchargeNameTest -->
</testsuite> <!-- TestOnEdge -->
