<?xml version="1.0" encoding="UTF-8"?>
<testng-results ignored="1" total="259" passed="247" failed="11" skipped="0">
  <reporter-output>
  </reporter-output>
  <suite started-at="2025-01-07T10:02:25 IST" name="Smoke Testing" finished-at="2025-01-07T10:46:26 IST" duration-ms="2640756">
    <groups>
    </groups>
    <test started-at="2025-01-07T10:02:25 IST" name="Parallel Test" finished-at="2025-01-07T10:46:26 IST" duration-ms="2640756">
      <class name="test.Test004_Edit_Quote_01">
        <test-method is-config="true" signature="openBrowser()[pri:0, instance:test.Test004_Edit_Quote_01@76eadc5a]" started-at="2025-01-07T10:10:59 IST" name="openBrowser" finished-at="2025-01-07T10:11:05 IST" duration-ms="5671" status="PASS">
          <reporter-output>
          </reporter-output>
        </test-method> <!-- openBrowser -->
        <test-method signature="productButtonTest()[pri:1, instance:test.Test004_Edit_Quote_01@76eadc5a]" started-at="2025-01-07T10:11:05 IST" name="productButtonTest" description="Click on product button" finished-at="2025-01-07T10:11:07 IST" duration-ms="2052" status="PASS">
          <reporter-output>
          </reporter-output>
        </test-method> <!-- productButtonTest -->
        <test-method signature="selectProduct()[pri:2, instance:test.Test004_Edit_Quote_01@76eadc5a]" started-at="2025-01-07T10:11:07 IST" name="selectProduct" description="Adding products to cart" finished-at="2025-01-07T10:11:19 IST" duration-ms="12058" status="PASS">
          <reporter-output>
          </reporter-output>
        </test-method> <!-- selectProduct -->
        <test-method signature="selectCart()[pri:3, instance:test.Test004_Edit_Quote_01@76eadc5a]" started-at="2025-01-07T10:11:19 IST" name="selectCart" description="Moving towards Cart page" finished-at="2025-01-07T10:11:23 IST" duration-ms="4266" status="PASS">
          <reporter-output>
          </reporter-output>
        </test-method> <!-- selectCart -->
        <test-method signature="clickThreeDotsButtonTest()[pri:4, instance:test.Test004_Edit_Quote_01@76eadc5a]" started-at="2025-01-07T10:11:23 IST" name="clickThreeDotsButtonTest" description="Click three dots button next to Add Products" finished-at="2025-01-07T10:11:27 IST" duration-ms="3202" status="PASS">
          <reporter-output>
          </reporter-output>
        </test-method> <!-- clickThreeDotsButtonTest -->
        <test-method signature="selectDeleteCartTest()[pri:5, instance:test.Test004_Edit_Quote_01@76eadc5a]" started-at="2025-01-07T10:11:27 IST" name="selectDeleteCartTest" description="Selecting delete cart" finished-at="2025-01-07T10:11:32 IST" duration-ms="5187" status="PASS">
          <reporter-output>
          </reporter-output>
        </test-method> <!-- selectDeleteCartTest -->
        <test-method signature="handlingDiscardAllItemsInCartCheckboxTest()[pri:6, instance:test.Test004_Edit_Quote_01@76eadc5a]" started-at="2025-01-07T10:11:32 IST" name="handlingDiscardAllItemsInCartCheckboxTest" description="Handling checkbox " finished-at="2025-01-07T10:11:38 IST" duration-ms="6236" status="PASS">
          <reporter-output>
          </reporter-output>
        </test-method> <!-- handlingDiscardAllItemsInCartCheckboxTest -->
        <test-method signature="clickAddExistingProductsTest()[pri:7, instance:test.Test004_Edit_Quote_01@76eadc5a]" started-at="2025-01-07T10:11:38 IST" name="clickAddExistingProductsTest" description="Click on add existing products" finished-at="2025-01-07T10:11:46 IST" duration-ms="8250" status="PASS">
          <reporter-output>
          </reporter-output>
        </test-method> <!-- clickAddExistingProductsTest -->
        <test-method signature="selectmoreProductTest()[pri:8, instance:test.Test004_Edit_Quote_01@76eadc5a]" started-at="2025-01-07T10:11:46 IST" name="selectmoreProductTest" description="Adding products again to the cart after deleting entire cart" finished-at="2025-01-07T10:12:13 IST" duration-ms="26905" status="PASS">
          <reporter-output>
          </reporter-output>
        </test-method> <!-- selectmoreProductTest -->
        <test-method signature="selectCartAgainTest()[pri:9, instance:test.Test004_Edit_Quote_01@76eadc5a]" started-at="2025-01-07T10:12:13 IST" name="selectCartAgainTest" description="Moving again towards Cart page" finished-at="2025-01-07T10:12:16 IST" duration-ms="3206" status="PASS">
          <reporter-output>
          </reporter-output>
        </test-method> <!-- selectCartAgainTest -->
        <test-method signature="clickCreateOrderTest()[pri:10, instance:test.Test004_Edit_Quote_01@76eadc5a]" started-at="2025-01-07T10:12:16 IST" name="clickCreateOrderTest" description="clicking on Create quote button on cart page" finished-at="2025-01-07T10:12:22 IST" duration-ms="5254" status="PASS">
          <reporter-output>
          </reporter-output>
        </test-method> <!-- clickCreateOrderTest -->
        <test-method signature="clickChooseCustomerTest()[pri:11, instance:test.Test004_Edit_Quote_01@76eadc5a]" started-at="2025-01-07T10:12:22 IST" name="clickChooseCustomerTest" description="clicking on Choose customer button" finished-at="2025-01-07T10:12:30 IST" duration-ms="8276" status="PASS">
          <reporter-output>
          </reporter-output>
        </test-method> <!-- clickChooseCustomerTest -->
        <test-method signature="customerSearchTest()[pri:12, instance:test.Test004_Edit_Quote_01@76eadc5a]" started-at="2025-01-07T10:12:30 IST" name="customerSearchTest" description="Searching customer" finished-at="2025-01-07T10:12:45 IST" duration-ms="15442" status="PASS">
          <reporter-output>
          </reporter-output>
        </test-method> <!-- customerSearchTest -->
        <test-method signature="clickCreateOrder2ButtonTest()[pri:13, instance:test.Test004_Edit_Quote_01@76eadc5a]" started-at="2025-01-07T10:12:45 IST" name="clickCreateOrder2ButtonTest" description="Click on create quote" finished-at="2025-01-07T10:12:54 IST" duration-ms="8203" status="PASS">
          <reporter-output>
          </reporter-output>
        </test-method> <!-- clickCreateOrder2ButtonTest -->
        <test-method signature="clickProceedButtonTest()[pri:14, instance:test.Test004_Edit_Quote_01@76eadc5a]" started-at="2025-01-07T10:12:54 IST" name="clickProceedButtonTest" description="Click on proceed button" finished-at="2025-01-07T10:12:59 IST" duration-ms="5250" status="PASS">
          <reporter-output>
          </reporter-output>
        </test-method> <!-- clickProceedButtonTest -->
        <test-method signature="clickSubmitQuoteTest()[pri:15, instance:test.Test004_Edit_Quote_01@76eadc5a]" started-at="2025-01-07T10:12:59 IST" name="clickSubmitQuoteTest" description="Click on submit quote button" finished-at="2025-01-07T10:13:09 IST" duration-ms="10319" status="PASS">
          <reporter-output>
          </reporter-output>
        </test-method> <!-- clickSubmitQuoteTest -->
        <test-method signature="clickEditQuotebuttonTest()[pri:16, instance:test.Test004_Edit_Quote_01@76eadc5a]" started-at="2025-01-07T10:13:09 IST" name="clickEditQuotebuttonTest" description="Click on edit quote button" finished-at="2025-01-07T10:13:14 IST" duration-ms="5141" status="PASS">
          <reporter-output>
          </reporter-output>
        </test-method> <!-- clickEditQuotebuttonTest -->
        <test-method signature="clickAddDiscountButtonTest()[pri:17, instance:test.Test004_Edit_Quote_01@76eadc5a]" started-at="2025-01-07T10:13:14 IST" name="clickAddDiscountButtonTest" description="Click on Add discount button" finished-at="2025-01-07T10:13:18 IST" duration-ms="3202" status="PASS">
          <reporter-output>
          </reporter-output>
        </test-method> <!-- clickAddDiscountButtonTest -->
        <test-method signature="enterDiscountTest()[pri:18, instance:test.Test004_Edit_Quote_01@76eadc5a]" started-at="2025-01-07T10:13:18 IST" name="enterDiscountTest" description="Enter the discount value" finished-at="2025-01-07T10:13:21 IST" duration-ms="3332" status="PASS">
          <reporter-output>
          </reporter-output>
        </test-method> <!-- enterDiscountTest -->
        <test-method signature="verifyAmountAfterDiscountTest()[pri:19, instance:test.Test004_Edit_Quote_01@76eadc5a]" started-at="2025-01-07T10:13:21 IST" name="verifyAmountAfterDiscountTest" description="Amount verification" finished-at="2025-01-07T10:13:26 IST" duration-ms="5124" status="PASS">
          <reporter-output>
          </reporter-output>
        </test-method> <!-- verifyAmountAfterDiscountTest -->
        <test-method signature="clickApplyButtonTest()[pri:20, instance:test.Test004_Edit_Quote_01@76eadc5a]" started-at="2025-01-07T10:13:26 IST" name="clickApplyButtonTest" description="Click on apply button" finished-at="2025-01-07T10:13:32 IST" duration-ms="6170" status="PASS">
          <reporter-output>
          </reporter-output>
        </test-method> <!-- clickApplyButtonTest -->
        <test-method signature="clickAddShippingChargeButtonTest()[pri:21, instance:test.Test004_Edit_Quote_01@76eadc5a]" started-at="2025-01-07T10:13:32 IST" name="clickAddShippingChargeButtonTest" description="Click on Add Shipping charge button" finished-at="2025-01-07T10:13:35 IST" duration-ms="3210" status="PASS">
          <reporter-output>
          </reporter-output>
        </test-method> <!-- clickAddShippingChargeButtonTest -->
        <test-method signature="enterShippingChargeTest()[pri:22, instance:test.Test004_Edit_Quote_01@76eadc5a]" started-at="2025-01-07T10:13:35 IST" name="enterShippingChargeTest" description="Enter the shipping value" finished-at="2025-01-07T10:13:39 IST" duration-ms="3248" status="PASS">
          <reporter-output>
          </reporter-output>
        </test-method> <!-- enterShippingChargeTest -->
        <test-method signature="verifyAmountAfterShipping()[pri:23, instance:test.Test004_Edit_Quote_01@76eadc5a]" started-at="2025-01-07T10:13:39 IST" name="verifyAmountAfterShipping" description="Amount verification" finished-at="2025-01-07T10:13:39 IST" duration-ms="160" status="PASS">
          <reporter-output>
          </reporter-output>
        </test-method> <!-- verifyAmountAfterShipping -->
        <test-method signature="clickShippingApplyButtonTest()[pri:24, instance:test.Test004_Edit_Quote_01@76eadc5a]" started-at="2025-01-07T10:13:39 IST" name="clickShippingApplyButtonTest" description="Click on apply button" finished-at="2025-01-07T10:13:45 IST" duration-ms="6147" status="PASS">
          <reporter-output>
          </reporter-output>
        </test-method> <!-- clickShippingApplyButtonTest -->
        <test-method signature="clickAddTaxButtonTest()[pri:25, instance:test.Test004_Edit_Quote_01@76eadc5a]" started-at="2025-01-07T10:13:45 IST" name="clickAddTaxButtonTest" description="Click on Add Tax button" finished-at="2025-01-07T10:13:48 IST" duration-ms="3181" status="PASS">
          <reporter-output>
          </reporter-output>
        </test-method> <!-- clickAddTaxButtonTest -->
        <test-method signature="enterTaxTest()[pri:26, instance:test.Test004_Edit_Quote_01@76eadc5a]" started-at="2025-01-07T10:13:48 IST" name="enterTaxTest" description="Enter the tax value" finished-at="2025-01-07T10:13:51 IST" duration-ms="3248" status="PASS">
          <reporter-output>
          </reporter-output>
        </test-method> <!-- enterTaxTest -->
        <test-method signature="verifyAmountAfterTaxTest()[pri:27, instance:test.Test004_Edit_Quote_01@76eadc5a]" started-at="2025-01-07T10:13:51 IST" name="verifyAmountAfterTaxTest" description="Amount verification" finished-at="2025-01-07T10:13:52 IST" duration-ms="176" status="PASS">
          <reporter-output>
          </reporter-output>
        </test-method> <!-- verifyAmountAfterTaxTest -->
        <test-method signature="clickTaxApplyButtonTest()[pri:28, instance:test.Test004_Edit_Quote_01@76eadc5a]" started-at="2025-01-07T10:13:52 IST" name="clickTaxApplyButtonTest" description="Click on apply button" finished-at="2025-01-07T10:13:58 IST" duration-ms="6150" status="PASS">
          <reporter-output>
          </reporter-output>
        </test-method> <!-- clickTaxApplyButtonTest -->
        <test-method signature="clickAddAdditionalChargeButtonTest()[pri:29, instance:test.Test004_Edit_Quote_01@76eadc5a]" started-at="2025-01-07T10:13:58 IST" name="clickAddAdditionalChargeButtonTest" description="Click on Add additional charge button" finished-at="2025-01-07T10:14:01 IST" duration-ms="3181" status="PASS">
          <reporter-output>
          </reporter-output>
        </test-method> <!-- clickAddAdditionalChargeButtonTest -->
        <test-method signature="enterAdditionalchargeTest()[pri:31, instance:test.Test004_Edit_Quote_01@76eadc5a]" started-at="2025-01-07T10:14:01 IST" name="enterAdditionalchargeTest" description="Enter the add charge value" finished-at="2025-01-07T10:14:04 IST" duration-ms="3159" status="PASS">
          <reporter-output>
          </reporter-output>
        </test-method> <!-- enterAdditionalchargeTest -->
        <test-method signature="verifyAmountAfterAddChargeTest()[pri:32, instance:test.Test004_Edit_Quote_01@76eadc5a]" started-at="2025-01-07T10:14:04 IST" name="verifyAmountAfterAddChargeTest" description="Amount verification" finished-at="2025-01-07T10:14:04 IST" duration-ms="158" status="PASS">
          <reporter-output>
          </reporter-output>
        </test-method> <!-- verifyAmountAfterAddChargeTest -->
        <test-method signature="clickApplyAdditionalChargeButtonTest()[pri:33, instance:test.Test004_Edit_Quote_01@76eadc5a]" started-at="2025-01-07T10:14:04 IST" name="clickApplyAdditionalChargeButtonTest" description="Click on apply button" finished-at="2025-01-07T10:14:14 IST" duration-ms="10123" status="PASS">
          <reporter-output>
          </reporter-output>
        </test-method> <!-- clickApplyAdditionalChargeButtonTest -->
        <test-method signature="verifyPageAmountTest()[pri:34, instance:test.Test004_Edit_Quote_01@76eadc5a]" started-at="2025-01-07T10:14:14 IST" name="verifyPageAmountTest" description="Page amount verification" finished-at="2025-01-07T10:14:21 IST" duration-ms="6303" status="PASS">
          <reporter-output>
          </reporter-output>
        </test-method> <!-- verifyPageAmountTest -->
        <test-method signature="clickReSubmitQuoteButtonTest()[pri:35, instance:test.Test004_Edit_Quote_01@76eadc5a]" started-at="2025-01-07T10:14:21 IST" name="clickReSubmitQuoteButtonTest" description="Click on re-submit quote button" finished-at="2025-01-07T10:14:27 IST" duration-ms="6372" status="PASS">
          <reporter-output>
          </reporter-output>
        </test-method> <!-- clickReSubmitQuoteButtonTest -->
        <test-method signature="clickConvertToOrderTest()[pri:36, instance:test.Test004_Edit_Quote_01@76eadc5a]" started-at="2025-01-07T10:14:27 IST" name="clickConvertToOrderTest" description="Click on convert to order" finished-at="2025-01-07T10:14:30 IST" duration-ms="3168" status="PASS">
          <reporter-output>
          </reporter-output>
        </test-method> <!-- clickConvertToOrderTest -->
        <test-method signature="handlingCheckbox1Test()[pri:37, instance:test.Test004_Edit_Quote_01@76eadc5a]" started-at="2025-01-07T10:14:30 IST" name="handlingCheckbox1Test" description="Handling check box 1" finished-at="2025-01-07T10:14:42 IST" duration-ms="11199" status="PASS">
          <reporter-output>
          </reporter-output>
        </test-method> <!-- handlingCheckbox1Test -->
        <test-method signature="clickSubmitOrderButtonTest()[pri:38, instance:test.Test004_Edit_Quote_01@76eadc5a]" started-at="2025-01-07T10:14:42 IST" name="clickSubmitOrderButtonTest" description="Click on submit order" finished-at="2025-01-07T10:14:47 IST" duration-ms="5154" status="PASS">
          <reporter-output>
          </reporter-output>
        </test-method> <!-- clickSubmitOrderButtonTest -->
        <test-method signature="handlingCheckbox2Test()[pri:39, instance:test.Test004_Edit_Quote_01@76eadc5a]" started-at="2025-01-07T10:14:47 IST" name="handlingCheckbox2Test" description="Handling check box 2" finished-at="2025-01-07T10:14:57 IST" duration-ms="10269" status="PASS">
          <reporter-output>
          </reporter-output>
        </test-method> <!-- handlingCheckbox2Test -->
        <test-method is-config="true" signature="closeBrowser()[pri:0, instance:test.Test004_Edit_Quote_01@76eadc5a]" started-at="2025-01-07T10:14:57 IST" name="closeBrowser" finished-at="2025-01-07T10:15:02 IST" duration-ms="5233" status="PASS">
          <reporter-output>
          </reporter-output>
        </test-method> <!-- closeBrowser -->
      </class> <!-- test.Test004_Edit_Quote_01 -->
      <class name="test.Test003_Convert_Quote_To_Order">
        <test-method is-config="true" signature="openBrowser()[pri:0, instance:test.Test003_Convert_Quote_To_Order@26bce60d]" started-at="2025-01-07T10:06:33 IST" name="openBrowser" finished-at="2025-01-07T10:06:38 IST" duration-ms="4596" status="PASS">
          <reporter-output>
          </reporter-output>
        </test-method> <!-- openBrowser -->
        <test-method signature="productButtonTest()[pri:1, instance:test.Test003_Convert_Quote_To_Order@26bce60d]" started-at="2025-01-07T10:06:38 IST" name="productButtonTest" description="Click on product button" finished-at="2025-01-07T10:06:40 IST" duration-ms="2267" status="PASS">
          <reporter-output>
          </reporter-output>
        </test-method> <!-- productButtonTest -->
        <test-method signature="selectProduct()[pri:2, instance:test.Test003_Convert_Quote_To_Order@26bce60d]" started-at="2025-01-07T10:06:40 IST" name="selectProduct" description="Adding products to cart" finished-at="2025-01-07T10:06:52 IST" duration-ms="11914" status="PASS">
          <reporter-output>
          </reporter-output>
        </test-method> <!-- selectProduct -->
        <test-method signature="selectCart()[pri:3, instance:test.Test003_Convert_Quote_To_Order@26bce60d]" started-at="2025-01-07T10:06:52 IST" name="selectCart" description="Moving towards Cart page" finished-at="2025-01-07T10:06:56 IST" duration-ms="4145" status="PASS">
          <reporter-output>
          </reporter-output>
        </test-method> <!-- selectCart -->
        <test-method signature="clickCreateOrderTest()[pri:4, instance:test.Test003_Convert_Quote_To_Order@26bce60d]" started-at="2025-01-07T10:06:56 IST" name="clickCreateOrderTest" description="clicking on Create quote button on cart page" finished-at="2025-01-07T10:07:01 IST" duration-ms="5245" status="PASS">
          <reporter-output>
          </reporter-output>
        </test-method> <!-- clickCreateOrderTest -->
        <test-method signature="clickChooseCustomerTest()[pri:5, instance:test.Test003_Convert_Quote_To_Order@26bce60d]" started-at="2025-01-07T10:07:01 IST" name="clickChooseCustomerTest" description="clicking on Choose customer button" finished-at="2025-01-07T10:07:10 IST" duration-ms="8186" status="PASS">
          <reporter-output>
          </reporter-output>
        </test-method> <!-- clickChooseCustomerTest -->
        <test-method signature="customerSearchTest()[pri:6, instance:test.Test003_Convert_Quote_To_Order@26bce60d]" started-at="2025-01-07T10:07:10 IST" name="customerSearchTest" description="Searching customer" finished-at="2025-01-07T10:07:25 IST" duration-ms="15393" status="PASS">
          <reporter-output>
          </reporter-output>
        </test-method> <!-- customerSearchTest -->
        <test-method signature="clickCreateOrder2ButtonTest()[pri:7, instance:test.Test003_Convert_Quote_To_Order@26bce60d]" started-at="2025-01-07T10:07:25 IST" name="clickCreateOrder2ButtonTest" description="Click on create quote" finished-at="2025-01-07T10:07:33 IST" duration-ms="8155" status="PASS">
          <reporter-output>
          </reporter-output>
        </test-method> <!-- clickCreateOrder2ButtonTest -->
        <test-method signature="clickProceedButtonTest()[pri:8, instance:test.Test003_Convert_Quote_To_Order@26bce60d]" started-at="2025-01-07T10:07:33 IST" name="clickProceedButtonTest" description="Click on proceed button" finished-at="2025-01-07T10:07:38 IST" duration-ms="5177" status="PASS">
          <reporter-output>
          </reporter-output>
        </test-method> <!-- clickProceedButtonTest -->
        <test-method signature="verifyCustomerDetailsOnQuoteTest()[pri:9, instance:test.Test003_Convert_Quote_To_Order@26bce60d]" started-at="2025-01-07T10:07:38 IST" name="verifyCustomerDetailsOnQuoteTest" description="Verify customer details" finished-at="2025-01-07T10:07:43 IST" duration-ms="4120" status="PASS">
          <reporter-output>
          </reporter-output>
        </test-method> <!-- verifyCustomerDetailsOnQuoteTest -->
        <test-method signature="verifyBillingDetailsOnQuoteTest()[pri:10, instance:test.Test003_Convert_Quote_To_Order@26bce60d]" started-at="2025-01-07T10:07:43 IST" name="verifyBillingDetailsOnQuoteTest" description="Verify billing address details on quote" finished-at="2025-01-07T10:07:47 IST" duration-ms="4077" status="PASS">
          <reporter-output>
          </reporter-output>
        </test-method> <!-- verifyBillingDetailsOnQuoteTest -->
        <test-method signature="verifyShippingDetailsOnQuoteTest()[pri:11, instance:test.Test003_Convert_Quote_To_Order@26bce60d]" started-at="2025-01-07T10:07:47 IST" name="verifyShippingDetailsOnQuoteTest" description="Verify shipping address details on quote" finished-at="2025-01-07T10:07:51 IST" duration-ms="4082" status="PASS">
          <reporter-output>
          </reporter-output>
        </test-method> <!-- verifyShippingDetailsOnQuoteTest -->
        <test-method signature="getMailIdOnQuotePageTest()[pri:12, instance:test.Test003_Convert_Quote_To_Order@26bce60d]" started-at="2025-01-07T10:07:51 IST" name="getMailIdOnQuotePageTest" description="Verify mailId details on quote" finished-at="2025-01-07T10:07:54 IST" duration-ms="3088" status="PASS">
          <reporter-output>
          </reporter-output>
        </test-method> <!-- getMailIdOnQuotePageTest -->
        <test-method signature="clickTearSheetIconTest()[pri:13, instance:test.Test003_Convert_Quote_To_Order@26bce60d]" started-at="2025-01-07T10:07:54 IST" name="clickTearSheetIconTest" description="Click on tear sheet icon" finished-at="2025-01-07T10:07:58 IST" duration-ms="4169" status="PASS">
          <reporter-output>
          </reporter-output>
        </test-method> <!-- clickTearSheetIconTest -->
        <test-method signature="clickExcelSheet()[pri:14, instance:test.Test003_Convert_Quote_To_Order@26bce60d]" started-at="2025-01-07T10:07:58 IST" name="clickExcelSheet" description="Click on Excel Sheet for downloading" finished-at="2025-01-07T10:08:02 IST" duration-ms="4177" status="PASS">
          <reporter-output>
          </reporter-output>
        </test-method> <!-- clickExcelSheet -->
        <test-method signature="clickTearSheetIconAgainTest()[pri:15, instance:test.Test003_Convert_Quote_To_Order@26bce60d]" started-at="2025-01-07T10:08:02 IST" name="clickTearSheetIconAgainTest" description="Click on tear sheet icon again" finished-at="2025-01-07T10:08:06 IST" duration-ms="4205" status="PASS">
          <reporter-output>
          </reporter-output>
        </test-method> <!-- clickTearSheetIconAgainTest -->
        <test-method signature="clickPDFTest()[pri:16, instance:test.Test003_Convert_Quote_To_Order@26bce60d]" started-at="2025-01-07T10:08:06 IST" name="clickPDFTest" description="Click on PDF for downloading" finished-at="2025-01-07T10:08:11 IST" duration-ms="4270" status="PASS">
          <reporter-output>
          </reporter-output>
        </test-method> <!-- clickPDFTest -->
        <test-method signature="verifyTotalAndPendingAmtTest()[pri:17, instance:test.Test003_Convert_Quote_To_Order@26bce60d]" started-at="2025-01-07T10:08:11 IST" name="verifyTotalAndPendingAmtTest" description="Verify total and pending amount" finished-at="2025-01-07T10:08:15 IST" duration-ms="4080" status="PASS">
          <reporter-output>
          </reporter-output>
        </test-method> <!-- verifyTotalAndPendingAmtTest -->
        <test-method signature="clickThreeDotsTest()[pri:18, instance:test.Test003_Convert_Quote_To_Order@26bce60d]" started-at="2025-01-07T10:08:15 IST" name="clickThreeDotsTest" description="Click on three dots button" finished-at="2025-01-07T10:08:19 IST" duration-ms="4250" status="PASS">
          <reporter-output>
          </reporter-output>
        </test-method> <!-- clickThreeDotsTest -->
        <test-method signature="threeDotsDropdownTest()[pri:19, instance:test.Test003_Convert_Quote_To_Order@26bce60d]" started-at="2025-01-07T10:08:19 IST" name="threeDotsDropdownTest" description="Click on Cancel quote from dropdown" finished-at="2025-01-07T10:08:23 IST" duration-ms="4215" status="PASS">
          <reporter-output>
          </reporter-output>
        </test-method> <!-- threeDotsDropdownTest -->
        <test-method signature="handlingCancelQuoteCheckboxTest()[pri:20, instance:test.Test003_Convert_Quote_To_Order@26bce60d]" started-at="2025-01-07T10:08:23 IST" name="handlingCancelQuoteCheckboxTest" description="Handling cancel quote check box" finished-at="2025-01-07T10:08:33 IST" duration-ms="10173" status="PASS">
          <reporter-output>
          </reporter-output>
        </test-method> <!-- handlingCancelQuoteCheckboxTest -->
        <test-method signature="copyOrderIdTest()[pri:21, instance:test.Test003_Convert_Quote_To_Order@26bce60d]" started-at="2025-01-07T10:08:33 IST" name="copyOrderIdTest" description="Copy Id" finished-at="2025-01-07T10:08:47 IST" duration-ms="13398" status="PASS">
          <reporter-output>
          </reporter-output>
        </test-method> <!-- copyOrderIdTest -->
        <test-method signature="selectSaveForLater()[pri:22, instance:test.Test003_Convert_Quote_To_Order@26bce60d]" started-at="2025-01-07T10:08:47 IST" name="selectSaveForLater" description="Selecting save for later to submit quote" finished-at="2025-01-07T10:08:55 IST" duration-ms="8137" status="PASS">
          <reporter-output>
          </reporter-output>
        </test-method> <!-- selectSaveForLater -->
        <test-method signature="pasteOrderIdTest()[pri:23, instance:test.Test003_Convert_Quote_To_Order@26bce60d]" started-at="2025-01-07T10:08:55 IST" name="pasteOrderIdTest" description="Paste Id in reference textbox" finished-at="2025-01-07T10:09:13 IST" duration-ms="17587" status="PASS">
          <reporter-output>
          </reporter-output>
        </test-method> <!-- pasteOrderIdTest -->
        <test-method signature="getTypeStatusTest()[pri:24, instance:test.Test003_Convert_Quote_To_Order@26bce60d]" started-at="2025-01-07T10:09:13 IST" name="getTypeStatusTest" description="Get type status" finished-at="2025-01-07T10:09:16 IST" duration-ms="3064" status="PASS">
          <reporter-output>
          </reporter-output>
        </test-method> <!-- getTypeStatusTest -->
        <test-method signature="getDarftStatusTest()[pri:25, instance:test.Test003_Convert_Quote_To_Order@26bce60d]" started-at="2025-01-07T10:09:16 IST" name="getDarftStatusTest" description="Get status" finished-at="2025-01-07T10:09:19 IST" duration-ms="3078" status="PASS">
          <reporter-output>
          </reporter-output>
        </test-method> <!-- getDarftStatusTest -->
        <test-method signature="clickmainIdTest()[pri:26, instance:test.Test003_Convert_Quote_To_Order@26bce60d]" started-at="2025-01-07T10:09:19 IST" name="clickmainIdTest" description="Click on mainID" finished-at="2025-01-07T10:09:22 IST" duration-ms="3218" status="PASS">
          <reporter-output>
          </reporter-output>
        </test-method> <!-- clickmainIdTest -->
        <test-method signature="clickSubmitQuoteTest()[pri:27, instance:test.Test003_Convert_Quote_To_Order@26bce60d]" started-at="2025-01-07T10:09:22 IST" name="clickSubmitQuoteTest" description="Click on Submit Quote" finished-at="2025-01-07T10:09:26 IST" duration-ms="4511" status="PASS">
          <reporter-output>
          </reporter-output>
        </test-method> <!-- clickSubmitQuoteTest -->
        <test-method signature="clickOnSubmit()[pri:28, instance:test.Test003_Convert_Quote_To_Order@26bce60d]" started-at="2025-01-07T10:09:26 IST" name="clickOnSubmit" description="Click on Submit Quote Popup" finished-at="2025-01-07T10:09:30 IST" duration-ms="3192" status="PASS">
          <reporter-output>
          </reporter-output>
        </test-method> <!-- clickOnSubmit -->
        <test-method signature="clickConvertToOrderTest()[pri:29, instance:test.Test003_Convert_Quote_To_Order@26bce60d]" started-at="2025-01-07T10:09:30 IST" name="clickConvertToOrderTest" description="Click on convert to order" finished-at="2025-01-07T10:09:36 IST" duration-ms="5819" status="PASS">
          <reporter-output>
          </reporter-output>
        </test-method> <!-- clickConvertToOrderTest -->
        <test-method signature="handlingCheckbox1Test()[pri:30, instance:test.Test003_Convert_Quote_To_Order@26bce60d]" started-at="2025-01-07T10:09:36 IST" name="handlingCheckbox1Test" description="Handling check box 1" finished-at="2025-01-07T10:09:47 IST" duration-ms="11242" status="PASS">
          <reporter-output>
          </reporter-output>
        </test-method> <!-- handlingCheckbox1Test -->
        <test-method signature="clickSubmitOrderButtonTest()[pri:31, instance:test.Test003_Convert_Quote_To_Order@26bce60d]" started-at="2025-01-07T10:09:47 IST" name="clickSubmitOrderButtonTest" description="Click on submit order" finished-at="2025-01-07T10:09:52 IST" duration-ms="5172" status="PASS">
          <reporter-output>
          </reporter-output>
        </test-method> <!-- clickSubmitOrderButtonTest -->
        <test-method signature="handlingCheckbox2Test()[pri:32, instance:test.Test003_Convert_Quote_To_Order@26bce60d]" started-at="2025-01-07T10:09:52 IST" name="handlingCheckbox2Test" description="Handling check box 2" finished-at="2025-01-07T10:10:02 IST" duration-ms="10207" status="PASS">
          <reporter-output>
          </reporter-output>
        </test-method> <!-- handlingCheckbox2Test -->
        <test-method signature="getCustomerDetailsOnOrderPageTest()[pri:33, instance:test.Test003_Convert_Quote_To_Order@26bce60d]" started-at="2025-01-07T10:10:02 IST" name="getCustomerDetailsOnOrderPageTest" description="Verify customer details" finished-at="2025-01-07T10:10:06 IST" duration-ms="4167" status="PASS">
          <reporter-output>
          </reporter-output>
        </test-method> <!-- getCustomerDetailsOnOrderPageTest -->
        <test-method signature="getBillingAddressOnOrderPageTest()[pri:34, instance:test.Test003_Convert_Quote_To_Order@26bce60d]" started-at="2025-01-07T10:10:06 IST" name="getBillingAddressOnOrderPageTest" description="Verify billing address details" finished-at="2025-01-07T10:10:10 IST" duration-ms="4082" status="PASS">
          <reporter-output>
          </reporter-output>
        </test-method> <!-- getBillingAddressOnOrderPageTest -->
        <test-method signature="getShippingAddressOnOrderPageTest()[pri:35, instance:test.Test003_Convert_Quote_To_Order@26bce60d]" started-at="2025-01-07T10:10:10 IST" name="getShippingAddressOnOrderPageTest" description="Verify shipping address details" finished-at="2025-01-07T10:10:15 IST" duration-ms="4115" status="PASS">
          <reporter-output>
          </reporter-output>
        </test-method> <!-- getShippingAddressOnOrderPageTest -->
        <test-method signature="clickThreeDotsOnOrderPageTest()[pri:36, instance:test.Test003_Convert_Quote_To_Order@26bce60d]" started-at="2025-01-07T10:10:15 IST" name="clickThreeDotsOnOrderPageTest" description="Click on three dots button on order page" finished-at="2025-01-07T10:10:20 IST" duration-ms="5184" status="PASS">
          <reporter-output>
          </reporter-output>
        </test-method> <!-- clickThreeDotsOnOrderPageTest -->
        <test-method signature="threeDotsDropdownOrderPageTest()[pri:37, instance:test.Test003_Convert_Quote_To_Order@26bce60d]" started-at="2025-01-07T10:10:20 IST" name="threeDotsDropdownOrderPageTest" description="Click on cancel order on dropdown" finished-at="2025-01-07T10:10:24 IST" duration-ms="4554" status="PASS">
          <reporter-output>
          </reporter-output>
        </test-method> <!-- threeDotsDropdownOrderPageTest -->
        <test-method signature="handlingCancelOrderCheckboxTest()[pri:38, instance:test.Test003_Convert_Quote_To_Order@26bce60d]" started-at="2025-01-07T10:10:24 IST" name="handlingCancelOrderCheckboxTest" description="Handling cancel order check box" finished-at="2025-01-07T10:10:35 IST" duration-ms="10328" status="PASS">
          <reporter-output>
          </reporter-output>
        </test-method> <!-- handlingCancelOrderCheckboxTest -->
        <test-method signature="verifyCartTotalOnOrderPageTest()[pri:39, instance:test.Test003_Convert_Quote_To_Order@26bce60d]" started-at="2025-01-07T10:10:35 IST" name="verifyCartTotalOnOrderPageTest" description="Verify total amount on order page" finished-at="2025-01-07T10:10:39 IST" duration-ms="4069" status="PASS">
          <reporter-output>
          </reporter-output>
        </test-method> <!-- verifyCartTotalOnOrderPageTest -->
        <test-method signature="verifyViewLinkedQuoteButtonTest()[pri:40, instance:test.Test003_Convert_Quote_To_Order@26bce60d]" started-at="2025-01-07T10:10:39 IST" name="verifyViewLinkedQuoteButtonTest" description="Verify view linked quote button" finished-at="2025-01-07T10:10:43 IST" duration-ms="4058" status="PASS">
          <reporter-output>
          </reporter-output>
        </test-method> <!-- verifyViewLinkedQuoteButtonTest -->
        <test-method signature="verifyTearSheetIconOrderPageTest()[pri:41, instance:test.Test003_Convert_Quote_To_Order@26bce60d]" started-at="2025-01-07T10:10:43 IST" name="verifyTearSheetIconOrderPageTest" description="Verify tear sheet icon on order page" finished-at="2025-01-07T10:10:47 IST" duration-ms="4045" status="PASS">
          <reporter-output>
          </reporter-output>
        </test-method> <!-- verifyTearSheetIconOrderPageTest -->
        <test-method signature="verifyProductInfoTest()[pri:42, instance:test.Test003_Convert_Quote_To_Order@26bce60d]" started-at="2025-01-07T10:10:47 IST" name="verifyProductInfoTest" description="Verify product info on order page" finished-at="2025-01-07T10:10:51 IST" duration-ms="4042" status="PASS">
          <reporter-output>
          </reporter-output>
        </test-method> <!-- verifyProductInfoTest -->
        <test-method signature="getMailIdOnOrderPageTest()[pri:43, instance:test.Test003_Convert_Quote_To_Order@26bce60d]" started-at="2025-01-07T10:10:51 IST" name="getMailIdOnOrderPageTest" description="Verify mailId details" finished-at="2025-01-07T10:10:54 IST" duration-ms="3081" status="PASS">
          <reporter-output>
          </reporter-output>
        </test-method> <!-- getMailIdOnOrderPageTest -->
        <test-method is-config="true" signature="closeBrowser()[pri:0, instance:test.Test003_Convert_Quote_To_Order@26bce60d]" started-at="2025-01-07T10:10:54 IST" name="closeBrowser" finished-at="2025-01-07T10:10:59 IST" duration-ms="5228" status="PASS">
          <reporter-output>
          </reporter-output>
        </test-method> <!-- closeBrowser -->
      </class> <!-- test.Test003_Convert_Quote_To_Order -->
      <class name="test.Test002_Create_Order">
        <test-method is-config="true" signature="openBrowser()[pri:0, instance:test.Test002_Create_Order@26a9c6df]" started-at="2025-01-07T10:03:33 IST" name="openBrowser" finished-at="2025-01-07T10:03:39 IST" duration-ms="5300" status="PASS">
          <reporter-output>
          </reporter-output>
        </test-method> <!-- openBrowser -->
        <test-method signature="productButtonTest()[pri:1, instance:test.Test002_Create_Order@26a9c6df]" started-at="2025-01-07T10:03:39 IST" name="productButtonTest" description="Click on product button" finished-at="2025-01-07T10:03:41 IST" duration-ms="1948" status="PASS">
          <reporter-output>
          </reporter-output>
        </test-method> <!-- productButtonTest -->
        <test-method signature="productsVisibleOnCartIconTest()[pri:2, instance:test.Test002_Create_Order@26a9c6df]" started-at="2025-01-07T10:03:41 IST" name="productsVisibleOnCartIconTest" description="check cart to discard entire cart if products existed prior" finished-at="2025-01-07T10:03:46 IST" duration-ms="5110" status="PASS">
          <reporter-output>
          </reporter-output>
        </test-method> <!-- productsVisibleOnCartIconTest -->
        <test-method signature="selectProduct()[pri:3, instance:test.Test002_Create_Order@26a9c6df]" started-at="2025-01-07T10:03:46 IST" name="selectProduct" description="Adding products to cart" finished-at="2025-01-07T10:04:03 IST" duration-ms="17316" status="PASS">
          <reporter-output>
          </reporter-output>
        </test-method> <!-- selectProduct -->
        <test-method signature="selectCart()[pri:4, instance:test.Test002_Create_Order@26a9c6df]" started-at="2025-01-07T10:04:03 IST" name="selectCart" description="Moving towards Cart page" finished-at="2025-01-07T10:04:07 IST" duration-ms="4253" status="PASS">
          <reporter-output>
          </reporter-output>
        </test-method> <!-- selectCart -->
        <test-method signature="plusButtonTest()[pri:5, instance:test.Test002_Create_Order@26a9c6df]" started-at="2025-01-07T10:04:07 IST" name="plusButtonTest" description="Increasing product count by click on plus button" finished-at="2025-01-07T10:04:11 IST" duration-ms="4115" status="PASS">
          <reporter-output>
          </reporter-output>
        </test-method> <!-- plusButtonTest -->
        <test-method signature="increasingProductCountTest()[pri:6, instance:test.Test002_Create_Order@26a9c6df]" started-at="2025-01-07T10:04:11 IST" name="increasingProductCountTest" description="Increasing product count" finished-at="2025-01-07T10:04:14 IST" duration-ms="3054" status="PASS">
          <reporter-output>
          </reporter-output>
        </test-method> <!-- increasingProductCountTest -->
        <test-method signature="verifyDeleteTest()[pri:7, instance:test.Test002_Create_Order@26a9c6df]" started-at="2025-01-07T10:04:14 IST" name="verifyDeleteTest" description="Delete product by clicking on delete button" finished-at="2025-01-07T10:04:20 IST" duration-ms="5129" status="PASS">
          <reporter-output>
          </reporter-output>
        </test-method> <!-- verifyDeleteTest -->
        <test-method signature="validatingTotalProductOnCartTest()[pri:8, instance:test.Test002_Create_Order@26a9c6df]" started-at="2025-01-07T10:04:20 IST" name="validatingTotalProductOnCartTest" description="Count total products on cart after deleting" finished-at="2025-01-07T10:04:23 IST" duration-ms="3058" status="PASS">
          <reporter-output>
          </reporter-output>
        </test-method> <!-- validatingTotalProductOnCartTest -->
        <test-method signature="deleteProductByThreedotButtonTest()[pri:9, instance:test.Test002_Create_Order@26a9c6df]" started-at="2025-01-07T10:04:23 IST" name="deleteProductByThreedotButtonTest" description="Delete product by click on three dots and selecting delete item" finished-at="2025-01-07T10:04:31 IST" duration-ms="8371" status="PASS">
          <reporter-output>
          </reporter-output>
        </test-method> <!-- deleteProductByThreedotButtonTest -->
        <test-method signature="minusButtonTest()[pri:10, instance:test.Test002_Create_Order@26a9c6df]" started-at="2025-01-07T10:04:31 IST" name="minusButtonTest" description="Decreasing product count by click on minus button" finished-at="2025-01-07T10:04:33 IST" duration-ms="2203" status="PASS">
          <reporter-output>
          </reporter-output>
        </test-method> <!-- minusButtonTest -->
        <test-method signature="decreasingProductCountTest()[pri:11, instance:test.Test002_Create_Order@26a9c6df]" started-at="2025-01-07T10:04:33 IST" name="decreasingProductCountTest" description="Decreasing product count" finished-at="2025-01-07T10:04:36 IST" duration-ms="3034" status="PASS">
          <reporter-output>
          </reporter-output>
        </test-method> <!-- decreasingProductCountTest -->
        <test-method signature="addNoteByThreedotButtonTest()[pri:12, instance:test.Test002_Create_Order@26a9c6df]" started-at="2025-01-07T10:04:36 IST" name="addNoteByThreedotButtonTest" description="Add Note by click on three dots" finished-at="2025-01-07T10:04:45 IST" duration-ms="8346" status="PASS">
          <reporter-output>
          </reporter-output>
        </test-method> <!-- addNoteByThreedotButtonTest -->
        <test-method signature="writeNoteTest()[pri:13, instance:test.Test002_Create_Order@26a9c6df]" started-at="2025-01-07T10:04:45 IST" name="writeNoteTest" description="Adding note in textbox" finished-at="2025-01-07T10:04:48 IST" duration-ms="3166" status="PASS">
          <reporter-output>
          </reporter-output>
        </test-method> <!-- writeNoteTest -->
        <test-method signature="saveButtonTest()[pri:14, instance:test.Test002_Create_Order@26a9c6df]" started-at="2025-01-07T10:04:48 IST" name="saveButtonTest" description="click on save button" finished-at="2025-01-07T10:04:52 IST" duration-ms="4112" status="PASS">
          <reporter-output>
          </reporter-output>
        </test-method> <!-- saveButtonTest -->
        <test-method signature="addNoteText()[pri:15, instance:test.Test002_Create_Order@26a9c6df]" started-at="2025-01-07T10:04:52 IST" name="addNoteText" description="verifying note on cart page" finished-at="2025-01-07T10:04:52 IST" duration-ms="46" status="PASS">
          <reporter-output>
          </reporter-output>
        </test-method> <!-- addNoteText -->
        <test-method signature="clickAgainOnThreeDotsButtonTest()[pri:16, instance:test.Test002_Create_Order@26a9c6df]" started-at="2025-01-07T10:04:52 IST" name="clickAgainOnThreeDotsButtonTest" description="Offer Discount by click on three dots" finished-at="2025-01-07T10:05:00 IST" duration-ms="8381" status="PASS">
          <reporter-output>
          </reporter-output>
        </test-method> <!-- clickAgainOnThreeDotsButtonTest -->
        <test-method signature="offeringDiscountTest()[pri:17, instance:test.Test002_Create_Order@26a9c6df]" started-at="2025-01-07T10:05:00 IST" name="offeringDiscountTest" description="Adding discount in the textbox" finished-at="2025-01-07T10:05:04 IST" duration-ms="3248" status="PASS">
          <reporter-output>
          </reporter-output>
        </test-method> <!-- offeringDiscountTest -->
        <test-method signature="verifyingAmountTest()[pri:18, instance:test.Test002_Create_Order@26a9c6df]" started-at="2025-01-07T10:05:04 IST" name="verifyingAmountTest" description="Amount verification" finished-at="2025-01-07T10:05:08 IST" duration-ms="4105" status="PASS">
          <reporter-output>
          </reporter-output>
        </test-method> <!-- verifyingAmountTest -->
        <test-method signature="clickConfirmButtonTest()[pri:19, instance:test.Test002_Create_Order@26a9c6df]" started-at="2025-01-07T10:05:08 IST" name="clickConfirmButtonTest" description="Click on confirm button" finished-at="2025-01-07T10:05:16 IST" duration-ms="8198" status="PASS">
          <reporter-output>
          </reporter-output>
        </test-method> <!-- clickConfirmButtonTest -->
        <test-method signature="verifyDiscountVisibilityOnProductTest()[pri:20, instance:test.Test002_Create_Order@26a9c6df]" started-at="2025-01-07T10:05:16 IST" name="verifyDiscountVisibilityOnProductTest" description="Verify that discount visible on selected product " finished-at="2025-01-07T10:05:16 IST" duration-ms="50" status="PASS">
          <reporter-output>
          </reporter-output>
        </test-method> <!-- verifyDiscountVisibilityOnProductTest -->
        <test-method signature="clickBackArrowNextToCartTest()[pri:21, instance:test.Test002_Create_Order@26a9c6df]" started-at="2025-01-07T10:05:16 IST" name="clickBackArrowNextToCartTest" description="verifying click on back arrow next to cart" finished-at="2025-01-07T10:05:22 IST" duration-ms="6219" status="PASS">
          <reporter-output>
          </reporter-output>
        </test-method> <!-- clickBackArrowNextToCartTest -->
        <test-method signature="selectCartAgain()[pri:22, instance:test.Test002_Create_Order@26a9c6df]" started-at="2025-01-07T10:05:22 IST" name="selectCartAgain" description="Moving towards Cart page again" finished-at="2025-01-07T10:05:26 IST" duration-ms="4229" status="PASS">
          <reporter-output>
          </reporter-output>
        </test-method> <!-- selectCartAgain -->
        <test-method signature="verifyProductOnCartAgainTest()[pri:23, instance:test.Test002_Create_Order@26a9c6df]" started-at="2025-01-07T10:05:26 IST" name="verifyProductOnCartAgainTest" description="Count total products on cart after coming on cart page again" finished-at="2025-01-07T10:05:29 IST" duration-ms="3027" status="PASS">
          <reporter-output>
          </reporter-output>
        </test-method> <!-- verifyProductOnCartAgainTest -->
        <test-method signature="clickCreateOrderTest()[pri:24, instance:test.Test002_Create_Order@26a9c6df]" started-at="2025-01-07T10:05:30 IST" name="clickCreateOrderTest" description="clicking on Create Order button on cart page" finished-at="2025-01-07T10:05:38 IST" duration-ms="8249" status="PASS">
          <reporter-output>
          </reporter-output>
        </test-method> <!-- clickCreateOrderTest -->
        <test-method signature="clickChooseCustomerTest()[pri:25, instance:test.Test002_Create_Order@26a9c6df]" started-at="2025-01-07T10:05:38 IST" name="clickChooseCustomerTest" description="clicking on Choose customer button" finished-at="2025-01-07T10:05:46 IST" duration-ms="8172" status="PASS">
          <reporter-output>
          </reporter-output>
        </test-method> <!-- clickChooseCustomerTest -->
        <test-method signature="clickCustomerSearchTextboxTest()[pri:26, instance:test.Test002_Create_Order@26a9c6df]" started-at="2025-01-07T10:05:46 IST" name="clickCustomerSearchTextboxTest" description="Searching customer" finished-at="2025-01-07T10:06:01 IST" duration-ms="15453" status="PASS">
          <reporter-output>
          </reporter-output>
        </test-method> <!-- clickCustomerSearchTextboxTest -->
        <test-method signature="clickCreateOrder2ButtonTest()[pri:27, instance:test.Test002_Create_Order@26a9c6df]" started-at="2025-01-07T10:06:01 IST" name="clickCreateOrder2ButtonTest" description="Click on create order" finished-at="2025-01-07T10:06:10 IST" duration-ms="8153" status="PASS">
          <reporter-output>
          </reporter-output>
        </test-method> <!-- clickCreateOrder2ButtonTest -->
        <test-method signature="clickProceedButtonTest()[pri:28, instance:test.Test002_Create_Order@26a9c6df]" started-at="2025-01-07T10:06:10 IST" name="clickProceedButtonTest" description="Click on proceed button" finished-at="2025-01-07T10:06:15 IST" duration-ms="5169" status="PASS">
          <reporter-output>
          </reporter-output>
        </test-method> <!-- clickProceedButtonTest -->
        <test-method signature="clickSubmitOrderButtonTest()[pri:29, instance:test.Test002_Create_Order@26a9c6df]" started-at="2025-01-07T10:06:15 IST" name="clickSubmitOrderButtonTest" description="Click on submit order button" finished-at="2025-01-07T10:06:20 IST" duration-ms="5183" status="PASS">
          <reporter-output>
          </reporter-output>
        </test-method> <!-- clickSubmitOrderButtonTest -->
        <test-method signature="clickSubmitButtonTest()[pri:30, instance:test.Test002_Create_Order@26a9c6df]" started-at="2025-01-07T10:06:20 IST" name="clickSubmitButtonTest" description="Click on submit button" finished-at="2025-01-07T10:06:28 IST" duration-ms="8143" status="PASS">
          <reporter-output>
          </reporter-output>
        </test-method> <!-- clickSubmitButtonTest -->
        <test-method is-config="true" signature="closeBrowser()[pri:0, instance:test.Test002_Create_Order@26a9c6df]" started-at="2025-01-07T10:06:28 IST" name="closeBrowser" finished-at="2025-01-07T10:06:33 IST" duration-ms="5202" status="PASS">
          <reporter-output>
          </reporter-output>
        </test-method> <!-- closeBrowser -->
      </class> <!-- test.Test002_Create_Order -->
      <class name="test.Test010_Category_And_Collections_Page">
        <test-method is-config="true" signature="openBrowser()[pri:0, instance:test.Test010_Category_And_Collections_Page@1e7d3d87]" started-at="2025-01-07T10:42:35 IST" name="openBrowser" finished-at="2025-01-07T10:42:40 IST" duration-ms="4732" status="PASS">
          <reporter-output>
          </reporter-output>
        </test-method> <!-- openBrowser -->
        <test-method signature="productButtonTest()[pri:1, instance:test.Test010_Category_And_Collections_Page@1e7d3d87]" started-at="2025-01-07T10:42:40 IST" name="productButtonTest" description="Click on product button" finished-at="2025-01-07T10:42:42 IST" duration-ms="1833" status="PASS">
          <reporter-output>
          </reporter-output>
        </test-method> <!-- productButtonTest -->
        <test-method signature="productsVisibleOnCartIconTest()[pri:2, instance:test.Test010_Category_And_Collections_Page@1e7d3d87]" started-at="2025-01-07T10:42:42 IST" name="productsVisibleOnCartIconTest" description="check cart to discard entire cart if products existed prior" finished-at="2025-01-07T10:43:12 IST" duration-ms="30291" status="FAIL">
          <exception class="org.openqa.selenium.NoSuchElementException">
            <message>
              <![CDATA[no such element: Unable to locate element: {"method":"xpath","selector":"//button[starts-with(text(),'Add existing products')]"}
  (Session info: chrome=131.0.6778.205)
For documentation on this error, please visit: https://www.selenium.dev/documentation/webdriver/troubleshooting/errors#no-such-element-exception
Build info: version: '4.21.0', revision: '79ed462ef4'
System info: os.name: 'Windows 11', os.arch: 'amd64', os.version: '10.0', java.version: '22.0.1'
Driver info: org.openqa.selenium.chrome.ChromeDriver
Command: [033fb0a5e35acbc3aa1b883f7360b6c1, findElement {using=xpath, value=//button[starts-with(text(),'Add existing products')]}]
Capabilities {acceptInsecureCerts: false, browserName: chrome, browserVersion: 131.0.6778.205, chrome: {chromedriverVersion: 131.0.6778.85 (3d81e41b6f3a..., userDataDir: C:\Users\heman\AppData\Loca...}, fedcm:accounts: true, goog:chromeOptions: {debuggerAddress: localhost:52395}, networkConnectionEnabled: false, pageLoadStrategy: normal, platformName: windows, proxy: Proxy(), se:cdp: ws://localhost:52395/devtoo..., se:cdpVersion: 131.0.6778.205, setWindowRect: true, strictFileInteractability: false, timeouts: {implicit: 0, pageLoad: 300000, script: 30000}, unhandledPromptBehavior: dismiss and notify, webauthn:extension:credBlob: true, webauthn:extension:largeBlob: true, webauthn:extension:minPinLength: true, webauthn:extension:prf: true, webauthn:virtualAuthenticators: true}
Session ID: 033fb0a5e35acbc3aa1b883f7360b6c1]]>
            </message>
            <full-stacktrace>
              <![CDATA[org.openqa.selenium.NoSuchElementException: no such element: Unable to locate element: {"method":"xpath","selector":"//button[starts-with(text(),'Add existing products')]"}
  (Session info: chrome=131.0.6778.205)
For documentation on this error, please visit: https://www.selenium.dev/documentation/webdriver/troubleshooting/errors#no-such-element-exception
Build info: version: '4.21.0', revision: '79ed462ef4'
System info: os.name: 'Windows 11', os.arch: 'amd64', os.version: '10.0', java.version: '22.0.1'
Driver info: org.openqa.selenium.chrome.ChromeDriver
Command: [033fb0a5e35acbc3aa1b883f7360b6c1, findElement {using=xpath, value=//button[starts-with(text(),'Add existing products')]}]
Capabilities {acceptInsecureCerts: false, browserName: chrome, browserVersion: 131.0.6778.205, chrome: {chromedriverVersion: 131.0.6778.85 (3d81e41b6f3a..., userDataDir: C:\Users\heman\AppData\Loca...}, fedcm:accounts: true, goog:chromeOptions: {debuggerAddress: localhost:52395}, networkConnectionEnabled: false, pageLoadStrategy: normal, platformName: windows, proxy: Proxy(), se:cdp: ws://localhost:52395/devtoo..., se:cdpVersion: 131.0.6778.205, setWindowRect: true, strictFileInteractability: false, timeouts: {implicit: 0, pageLoad: 300000, script: 30000}, unhandledPromptBehavior: dismiss and notify, webauthn:extension:credBlob: true, webauthn:extension:largeBlob: true, webauthn:extension:minPinLength: true, webauthn:extension:prf: true, webauthn:virtualAuthenticators: true}
Session ID: 033fb0a5e35acbc3aa1b883f7360b6c1
at java.base/jdk.internal.reflect.DirectConstructorHandleAccessor.newInstance(DirectConstructorHandleAccessor.java:62)
at java.base/java.lang.reflect.Constructor.newInstanceWithCaller(Constructor.java:502)
at java.base/java.lang.reflect.Constructor.newInstance(Constructor.java:486)
at org.openqa.selenium.remote.ErrorCodec.decode(ErrorCodec.java:167)
at org.openqa.selenium.remote.codec.w3c.W3CHttpResponseCodec.decode(W3CHttpResponseCodec.java:138)
at org.openqa.selenium.remote.codec.w3c.W3CHttpResponseCodec.decode(W3CHttpResponseCodec.java:50)
at org.openqa.selenium.remote.HttpCommandExecutor.execute(HttpCommandExecutor.java:190)
at org.openqa.selenium.remote.service.DriverCommandExecutor.invokeExecute(DriverCommandExecutor.java:216)
at org.openqa.selenium.remote.service.DriverCommandExecutor.execute(DriverCommandExecutor.java:174)
at org.openqa.selenium.remote.RemoteWebDriver.execute(RemoteWebDriver.java:518)
at org.openqa.selenium.remote.ElementLocation$ElementFinder$2.findElement(ElementLocation.java:165)
at org.openqa.selenium.remote.ElementLocation.findElement(ElementLocation.java:59)
at org.openqa.selenium.remote.RemoteWebDriver.findElement(RemoteWebDriver.java:355)
at org.openqa.selenium.remote.RemoteWebDriver.findElement(RemoteWebDriver.java:349)
at org.openqa.selenium.support.pagefactory.DefaultElementLocator.findElement(DefaultElementLocator.java:68)
at org.openqa.selenium.support.pagefactory.internal.LocatingElementHandler.invoke(LocatingElementHandler.java:38)
at jdk.proxy2/jdk.proxy2.$Proxy21.click(Unknown Source)
at pomPages.POM10_Product_Page_With_All_Cases.productsVisibleOnCartIcon(POM10_Product_Page_With_All_Cases.java:425)
at test.Test010_Category_And_Collections_Page.productsVisibleOnCartIconTest(Test010_Category_And_Collections_Page.java:35)
at java.base/jdk.internal.reflect.DirectMethodHandleAccessor.invoke(DirectMethodHandleAccessor.java:103)
at java.base/java.lang.reflect.Method.invoke(Method.java:580)
at org.testng.internal.MethodInvocationHelper.invokeMethod(MethodInvocationHelper.java:133)
at org.testng.internal.TestInvoker.invokeMethod(TestInvoker.java:598)
at org.testng.internal.TestInvoker.invokeTestMethod(TestInvoker.java:173)
at org.testng.internal.MethodRunner.runInSequence(MethodRunner.java:46)
at org.testng.internal.TestInvoker$MethodInvocationAgent.invoke(TestInvoker.java:824)
at org.testng.internal.TestInvoker.invokeTestMethods(TestInvoker.java:146)
at org.testng.internal.TestMethodWorker.invokeTestMethods(TestMethodWorker.java:146)
at org.testng.internal.TestMethodWorker.run(TestMethodWorker.java:128)
at java.base/java.util.ArrayList.forEach(ArrayList.java:1597)
at org.testng.TestRunner.privateRun(TestRunner.java:794)
at org.testng.TestRunner.run(TestRunner.java:596)
at org.testng.SuiteRunner.runTest(SuiteRunner.java:377)
at org.testng.SuiteRunner.runSequentially(SuiteRunner.java:371)
at org.testng.SuiteRunner.privateRun(SuiteRunner.java:332)
at org.testng.SuiteRunner.run(SuiteRunner.java:276)
at org.testng.SuiteRunnerWorker.runSuite(SuiteRunnerWorker.java:53)
at org.testng.SuiteRunnerWorker.run(SuiteRunnerWorker.java:96)
at org.testng.TestNG.runSuitesSequentially(TestNG.java:1212)
at org.testng.TestNG.runSuitesLocally(TestNG.java:1134)
at org.testng.TestNG.runSuites(TestNG.java:1063)
at org.testng.TestNG.run(TestNG.java:1031)
at org.testng.remote.AbstractRemoteTestNG.run(AbstractRemoteTestNG.java:115)
at org.testng.remote.RemoteTestNG.initAndRun(RemoteTestNG.java:293)
at org.testng.remote.RemoteTestNG.main(RemoteTestNG.java:91)
]]>
            </full-stacktrace>
          </exception> <!-- org.openqa.selenium.NoSuchElementException -->
          <reporter-output>
          </reporter-output>
        </test-method> <!-- productsVisibleOnCartIconTest -->
        <test-method signature="verifyCategoryViewAllButtonTest()[pri:3, instance:test.Test010_Category_And_Collections_Page@1e7d3d87]" started-at="2025-01-07T10:43:12 IST" name="verifyCategoryViewAllButtonTest" description="check Category view all, back and forward arrow button" finished-at="2025-01-07T10:43:31 IST" duration-ms="19063" status="FAIL">
          <exception class="org.openqa.selenium.NoSuchElementException">
            <message>
              <![CDATA[no such element: Unable to locate element: {"method":"xpath","selector":"//div[@class="MuiGrid-root MuiGrid-container css-1b1jvye"]//button"}
  (Session info: chrome=131.0.6778.205)
For documentation on this error, please visit: https://www.selenium.dev/documentation/webdriver/troubleshooting/errors#no-such-element-exception
Build info: version: '4.21.0', revision: '79ed462ef4'
System info: os.name: 'Windows 11', os.arch: 'amd64', os.version: '10.0', java.version: '22.0.1'
Driver info: org.openqa.selenium.chrome.ChromeDriver
Command: [033fb0a5e35acbc3aa1b883f7360b6c1, findElement {using=xpath, value=//div[@class="MuiGrid-root MuiGrid-container css-1b1jvye"]//button}]
Capabilities {acceptInsecureCerts: false, browserName: chrome, browserVersion: 131.0.6778.205, chrome: {chromedriverVersion: 131.0.6778.85 (3d81e41b6f3a..., userDataDir: C:\Users\heman\AppData\Loca...}, fedcm:accounts: true, goog:chromeOptions: {debuggerAddress: localhost:52395}, networkConnectionEnabled: false, pageLoadStrategy: normal, platformName: windows, proxy: Proxy(), se:cdp: ws://localhost:52395/devtoo..., se:cdpVersion: 131.0.6778.205, setWindowRect: true, strictFileInteractability: false, timeouts: {implicit: 0, pageLoad: 300000, script: 30000}, unhandledPromptBehavior: dismiss and notify, webauthn:extension:credBlob: true, webauthn:extension:largeBlob: true, webauthn:extension:minPinLength: true, webauthn:extension:prf: true, webauthn:virtualAuthenticators: true}
Session ID: 033fb0a5e35acbc3aa1b883f7360b6c1]]>
            </message>
            <full-stacktrace>
              <![CDATA[org.openqa.selenium.NoSuchElementException: no such element: Unable to locate element: {"method":"xpath","selector":"//div[@class="MuiGrid-root MuiGrid-container css-1b1jvye"]//button"}
  (Session info: chrome=131.0.6778.205)
For documentation on this error, please visit: https://www.selenium.dev/documentation/webdriver/troubleshooting/errors#no-such-element-exception
Build info: version: '4.21.0', revision: '79ed462ef4'
System info: os.name: 'Windows 11', os.arch: 'amd64', os.version: '10.0', java.version: '22.0.1'
Driver info: org.openqa.selenium.chrome.ChromeDriver
Command: [033fb0a5e35acbc3aa1b883f7360b6c1, findElement {using=xpath, value=//div[@class="MuiGrid-root MuiGrid-container css-1b1jvye"]//button}]
Capabilities {acceptInsecureCerts: false, browserName: chrome, browserVersion: 131.0.6778.205, chrome: {chromedriverVersion: 131.0.6778.85 (3d81e41b6f3a..., userDataDir: C:\Users\heman\AppData\Loca...}, fedcm:accounts: true, goog:chromeOptions: {debuggerAddress: localhost:52395}, networkConnectionEnabled: false, pageLoadStrategy: normal, platformName: windows, proxy: Proxy(), se:cdp: ws://localhost:52395/devtoo..., se:cdpVersion: 131.0.6778.205, setWindowRect: true, strictFileInteractability: false, timeouts: {implicit: 0, pageLoad: 300000, script: 30000}, unhandledPromptBehavior: dismiss and notify, webauthn:extension:credBlob: true, webauthn:extension:largeBlob: true, webauthn:extension:minPinLength: true, webauthn:extension:prf: true, webauthn:virtualAuthenticators: true}
Session ID: 033fb0a5e35acbc3aa1b883f7360b6c1
at java.base/jdk.internal.reflect.DirectConstructorHandleAccessor.newInstance(DirectConstructorHandleAccessor.java:62)
at java.base/java.lang.reflect.Constructor.newInstanceWithCaller(Constructor.java:502)
at java.base/java.lang.reflect.Constructor.newInstance(Constructor.java:486)
at org.openqa.selenium.remote.ErrorCodec.decode(ErrorCodec.java:167)
at org.openqa.selenium.remote.codec.w3c.W3CHttpResponseCodec.decode(W3CHttpResponseCodec.java:138)
at org.openqa.selenium.remote.codec.w3c.W3CHttpResponseCodec.decode(W3CHttpResponseCodec.java:50)
at org.openqa.selenium.remote.HttpCommandExecutor.execute(HttpCommandExecutor.java:190)
at org.openqa.selenium.remote.service.DriverCommandExecutor.invokeExecute(DriverCommandExecutor.java:216)
at org.openqa.selenium.remote.service.DriverCommandExecutor.execute(DriverCommandExecutor.java:174)
at org.openqa.selenium.remote.RemoteWebDriver.execute(RemoteWebDriver.java:518)
at org.openqa.selenium.remote.ElementLocation$ElementFinder$2.findElement(ElementLocation.java:165)
at org.openqa.selenium.remote.ElementLocation.findElement(ElementLocation.java:59)
at org.openqa.selenium.remote.RemoteWebDriver.findElement(RemoteWebDriver.java:355)
at org.openqa.selenium.remote.RemoteWebDriver.findElement(RemoteWebDriver.java:349)
at org.openqa.selenium.support.pagefactory.DefaultElementLocator.findElement(DefaultElementLocator.java:68)
at org.openqa.selenium.support.pagefactory.internal.LocatingElementHandler.invoke(LocatingElementHandler.java:38)
at jdk.proxy2/jdk.proxy2.$Proxy21.isEnabled(Unknown Source)
at pomPages.POM10_Product_Page_With_All_Cases.verifyCategoryViewAllButton(POM10_Product_Page_With_All_Cases.java:487)
at test.Test010_Category_And_Collections_Page.verifyCategoryViewAllButtonTest(Test010_Category_And_Collections_Page.java:44)
at java.base/jdk.internal.reflect.DirectMethodHandleAccessor.invoke(DirectMethodHandleAccessor.java:103)
at java.base/java.lang.reflect.Method.invoke(Method.java:580)
at org.testng.internal.MethodInvocationHelper.invokeMethod(MethodInvocationHelper.java:133)
at org.testng.internal.TestInvoker.invokeMethod(TestInvoker.java:598)
at org.testng.internal.TestInvoker.invokeTestMethod(TestInvoker.java:173)
at org.testng.internal.MethodRunner.runInSequence(MethodRunner.java:46)
at org.testng.internal.TestInvoker$MethodInvocationAgent.invoke(TestInvoker.java:824)
at org.testng.internal.TestInvoker.invokeTestMethods(TestInvoker.java:146)
at org.testng.internal.TestMethodWorker.invokeTestMethods(TestMethodWorker.java:146)
at org.testng.internal.TestMethodWorker.run(TestMethodWorker.java:128)
at java.base/java.util.ArrayList.forEach(ArrayList.java:1597)
at org.testng.TestRunner.privateRun(TestRunner.java:794)
at org.testng.TestRunner.run(TestRunner.java:596)
at org.testng.SuiteRunner.runTest(SuiteRunner.java:377)
at org.testng.SuiteRunner.runSequentially(SuiteRunner.java:371)
at org.testng.SuiteRunner.privateRun(SuiteRunner.java:332)
at org.testng.SuiteRunner.run(SuiteRunner.java:276)
at org.testng.SuiteRunnerWorker.runSuite(SuiteRunnerWorker.java:53)
at org.testng.SuiteRunnerWorker.run(SuiteRunnerWorker.java:96)
at org.testng.TestNG.runSuitesSequentially(TestNG.java:1212)
at org.testng.TestNG.runSuitesLocally(TestNG.java:1134)
at org.testng.TestNG.runSuites(TestNG.java:1063)
at org.testng.TestNG.run(TestNG.java:1031)
at org.testng.remote.AbstractRemoteTestNG.run(AbstractRemoteTestNG.java:115)
at org.testng.remote.RemoteTestNG.initAndRun(RemoteTestNG.java:293)
at org.testng.remote.RemoteTestNG.main(RemoteTestNG.java:91)
]]>
            </full-stacktrace>
          </exception> <!-- org.openqa.selenium.NoSuchElementException -->
          <reporter-output>
          </reporter-output>
        </test-method> <!-- verifyCategoryViewAllButtonTest -->
        <test-method signature="verifyCategoryPageTest()[pri:4, instance:test.Test010_Category_And_Collections_Page@1e7d3d87]" started-at="2025-01-07T10:43:31 IST" name="verifyCategoryPageTest" description="verify category page" finished-at="2025-01-07T10:43:47 IST" duration-ms="15101" status="FAIL">
          <exception class="org.openqa.selenium.NoSuchElementException">
            <message>
              <![CDATA[no such element: Unable to locate element: {"method":"xpath","selector":"//div[@class="MuiGrid-root MuiGrid-container css-1b1jvye"]//button"}
  (Session info: chrome=131.0.6778.205)
For documentation on this error, please visit: https://www.selenium.dev/documentation/webdriver/troubleshooting/errors#no-such-element-exception
Build info: version: '4.21.0', revision: '79ed462ef4'
System info: os.name: 'Windows 11', os.arch: 'amd64', os.version: '10.0', java.version: '22.0.1'
Driver info: org.openqa.selenium.chrome.ChromeDriver
Command: [033fb0a5e35acbc3aa1b883f7360b6c1, findElement {using=xpath, value=//div[@class="MuiGrid-root MuiGrid-container css-1b1jvye"]//button}]
Capabilities {acceptInsecureCerts: false, browserName: chrome, browserVersion: 131.0.6778.205, chrome: {chromedriverVersion: 131.0.6778.85 (3d81e41b6f3a..., userDataDir: C:\Users\heman\AppData\Loca...}, fedcm:accounts: true, goog:chromeOptions: {debuggerAddress: localhost:52395}, networkConnectionEnabled: false, pageLoadStrategy: normal, platformName: windows, proxy: Proxy(), se:cdp: ws://localhost:52395/devtoo..., se:cdpVersion: 131.0.6778.205, setWindowRect: true, strictFileInteractability: false, timeouts: {implicit: 0, pageLoad: 300000, script: 30000}, unhandledPromptBehavior: dismiss and notify, webauthn:extension:credBlob: true, webauthn:extension:largeBlob: true, webauthn:extension:minPinLength: true, webauthn:extension:prf: true, webauthn:virtualAuthenticators: true}
Session ID: 033fb0a5e35acbc3aa1b883f7360b6c1]]>
            </message>
            <full-stacktrace>
              <![CDATA[org.openqa.selenium.NoSuchElementException: no such element: Unable to locate element: {"method":"xpath","selector":"//div[@class="MuiGrid-root MuiGrid-container css-1b1jvye"]//button"}
  (Session info: chrome=131.0.6778.205)
For documentation on this error, please visit: https://www.selenium.dev/documentation/webdriver/troubleshooting/errors#no-such-element-exception
Build info: version: '4.21.0', revision: '79ed462ef4'
System info: os.name: 'Windows 11', os.arch: 'amd64', os.version: '10.0', java.version: '22.0.1'
Driver info: org.openqa.selenium.chrome.ChromeDriver
Command: [033fb0a5e35acbc3aa1b883f7360b6c1, findElement {using=xpath, value=//div[@class="MuiGrid-root MuiGrid-container css-1b1jvye"]//button}]
Capabilities {acceptInsecureCerts: false, browserName: chrome, browserVersion: 131.0.6778.205, chrome: {chromedriverVersion: 131.0.6778.85 (3d81e41b6f3a..., userDataDir: C:\Users\heman\AppData\Loca...}, fedcm:accounts: true, goog:chromeOptions: {debuggerAddress: localhost:52395}, networkConnectionEnabled: false, pageLoadStrategy: normal, platformName: windows, proxy: Proxy(), se:cdp: ws://localhost:52395/devtoo..., se:cdpVersion: 131.0.6778.205, setWindowRect: true, strictFileInteractability: false, timeouts: {implicit: 0, pageLoad: 300000, script: 30000}, unhandledPromptBehavior: dismiss and notify, webauthn:extension:credBlob: true, webauthn:extension:largeBlob: true, webauthn:extension:minPinLength: true, webauthn:extension:prf: true, webauthn:virtualAuthenticators: true}
Session ID: 033fb0a5e35acbc3aa1b883f7360b6c1
at java.base/jdk.internal.reflect.DirectConstructorHandleAccessor.newInstance(DirectConstructorHandleAccessor.java:62)
at java.base/java.lang.reflect.Constructor.newInstanceWithCaller(Constructor.java:502)
at java.base/java.lang.reflect.Constructor.newInstance(Constructor.java:486)
at org.openqa.selenium.remote.ErrorCodec.decode(ErrorCodec.java:167)
at org.openqa.selenium.remote.codec.w3c.W3CHttpResponseCodec.decode(W3CHttpResponseCodec.java:138)
at org.openqa.selenium.remote.codec.w3c.W3CHttpResponseCodec.decode(W3CHttpResponseCodec.java:50)
at org.openqa.selenium.remote.HttpCommandExecutor.execute(HttpCommandExecutor.java:190)
at org.openqa.selenium.remote.service.DriverCommandExecutor.invokeExecute(DriverCommandExecutor.java:216)
at org.openqa.selenium.remote.service.DriverCommandExecutor.execute(DriverCommandExecutor.java:174)
at org.openqa.selenium.remote.RemoteWebDriver.execute(RemoteWebDriver.java:518)
at org.openqa.selenium.remote.ElementLocation$ElementFinder$2.findElement(ElementLocation.java:165)
at org.openqa.selenium.remote.ElementLocation.findElement(ElementLocation.java:59)
at org.openqa.selenium.remote.RemoteWebDriver.findElement(RemoteWebDriver.java:355)
at org.openqa.selenium.remote.RemoteWebDriver.findElement(RemoteWebDriver.java:349)
at org.openqa.selenium.support.pagefactory.DefaultElementLocator.findElement(DefaultElementLocator.java:68)
at org.openqa.selenium.support.pagefactory.internal.LocatingElementHandler.invoke(LocatingElementHandler.java:38)
at jdk.proxy2/jdk.proxy2.$Proxy21.isEnabled(Unknown Source)
at pomPages.POM11_Category_And_Collections_Page.verifyCategoryPage(POM11_Category_And_Collections_Page.java:157)
at test.Test010_Category_And_Collections_Page.verifyCategoryPageTest(Test010_Category_And_Collections_Page.java:53)
at java.base/jdk.internal.reflect.DirectMethodHandleAccessor.invoke(DirectMethodHandleAccessor.java:103)
at java.base/java.lang.reflect.Method.invoke(Method.java:580)
at org.testng.internal.MethodInvocationHelper.invokeMethod(MethodInvocationHelper.java:133)
at org.testng.internal.TestInvoker.invokeMethod(TestInvoker.java:598)
at org.testng.internal.TestInvoker.invokeTestMethod(TestInvoker.java:173)
at org.testng.internal.MethodRunner.runInSequence(MethodRunner.java:46)
at org.testng.internal.TestInvoker$MethodInvocationAgent.invoke(TestInvoker.java:824)
at org.testng.internal.TestInvoker.invokeTestMethods(TestInvoker.java:146)
at org.testng.internal.TestMethodWorker.invokeTestMethods(TestMethodWorker.java:146)
at org.testng.internal.TestMethodWorker.run(TestMethodWorker.java:128)
at java.base/java.util.ArrayList.forEach(ArrayList.java:1597)
at org.testng.TestRunner.privateRun(TestRunner.java:794)
at org.testng.TestRunner.run(TestRunner.java:596)
at org.testng.SuiteRunner.runTest(SuiteRunner.java:377)
at org.testng.SuiteRunner.runSequentially(SuiteRunner.java:371)
at org.testng.SuiteRunner.privateRun(SuiteRunner.java:332)
at org.testng.SuiteRunner.run(SuiteRunner.java:276)
at org.testng.SuiteRunnerWorker.runSuite(SuiteRunnerWorker.java:53)
at org.testng.SuiteRunnerWorker.run(SuiteRunnerWorker.java:96)
at org.testng.TestNG.runSuitesSequentially(TestNG.java:1212)
at org.testng.TestNG.runSuitesLocally(TestNG.java:1134)
at org.testng.TestNG.runSuites(TestNG.java:1063)
at org.testng.TestNG.run(TestNG.java:1031)
at org.testng.remote.AbstractRemoteTestNG.run(AbstractRemoteTestNG.java:115)
at org.testng.remote.RemoteTestNG.initAndRun(RemoteTestNG.java:293)
at org.testng.remote.RemoteTestNG.main(RemoteTestNG.java:91)
]]>
            </full-stacktrace>
          </exception> <!-- org.openqa.selenium.NoSuchElementException -->
          <reporter-output>
          </reporter-output>
        </test-method> <!-- verifyCategoryPageTest -->
        <test-method signature="clickOnParticularCategoryTest()[pri:5, instance:test.Test010_Category_And_Collections_Page@1e7d3d87]" started-at="2025-01-07T10:43:47 IST" name="clickOnParticularCategoryTest" description="verify particular category" finished-at="2025-01-07T10:44:26 IST" duration-ms="39120" status="FAIL">
          <exception class="org.openqa.selenium.NoSuchElementException">
            <message>
              <![CDATA[no such element: Unable to locate element: {"method":"xpath","selector":"//p[text()='Wall Art']"}
  (Session info: chrome=131.0.6778.205)
For documentation on this error, please visit: https://www.selenium.dev/documentation/webdriver/troubleshooting/errors#no-such-element-exception
Build info: version: '4.21.0', revision: '79ed462ef4'
System info: os.name: 'Windows 11', os.arch: 'amd64', os.version: '10.0', java.version: '22.0.1'
Driver info: org.openqa.selenium.chrome.ChromeDriver
Command: [033fb0a5e35acbc3aa1b883f7360b6c1, findElement {using=xpath, value=//p[text()='Wall Art']}]
Capabilities {acceptInsecureCerts: false, browserName: chrome, browserVersion: 131.0.6778.205, chrome: {chromedriverVersion: 131.0.6778.85 (3d81e41b6f3a..., userDataDir: C:\Users\heman\AppData\Loca...}, fedcm:accounts: true, goog:chromeOptions: {debuggerAddress: localhost:52395}, networkConnectionEnabled: false, pageLoadStrategy: normal, platformName: windows, proxy: Proxy(), se:cdp: ws://localhost:52395/devtoo..., se:cdpVersion: 131.0.6778.205, setWindowRect: true, strictFileInteractability: false, timeouts: {implicit: 0, pageLoad: 300000, script: 30000}, unhandledPromptBehavior: dismiss and notify, webauthn:extension:credBlob: true, webauthn:extension:largeBlob: true, webauthn:extension:minPinLength: true, webauthn:extension:prf: true, webauthn:virtualAuthenticators: true}
Session ID: 033fb0a5e35acbc3aa1b883f7360b6c1]]>
            </message>
            <full-stacktrace>
              <![CDATA[org.openqa.selenium.NoSuchElementException: no such element: Unable to locate element: {"method":"xpath","selector":"//p[text()='Wall Art']"}
  (Session info: chrome=131.0.6778.205)
For documentation on this error, please visit: https://www.selenium.dev/documentation/webdriver/troubleshooting/errors#no-such-element-exception
Build info: version: '4.21.0', revision: '79ed462ef4'
System info: os.name: 'Windows 11', os.arch: 'amd64', os.version: '10.0', java.version: '22.0.1'
Driver info: org.openqa.selenium.chrome.ChromeDriver
Command: [033fb0a5e35acbc3aa1b883f7360b6c1, findElement {using=xpath, value=//p[text()='Wall Art']}]
Capabilities {acceptInsecureCerts: false, browserName: chrome, browserVersion: 131.0.6778.205, chrome: {chromedriverVersion: 131.0.6778.85 (3d81e41b6f3a..., userDataDir: C:\Users\heman\AppData\Loca...}, fedcm:accounts: true, goog:chromeOptions: {debuggerAddress: localhost:52395}, networkConnectionEnabled: false, pageLoadStrategy: normal, platformName: windows, proxy: Proxy(), se:cdp: ws://localhost:52395/devtoo..., se:cdpVersion: 131.0.6778.205, setWindowRect: true, strictFileInteractability: false, timeouts: {implicit: 0, pageLoad: 300000, script: 30000}, unhandledPromptBehavior: dismiss and notify, webauthn:extension:credBlob: true, webauthn:extension:largeBlob: true, webauthn:extension:minPinLength: true, webauthn:extension:prf: true, webauthn:virtualAuthenticators: true}
Session ID: 033fb0a5e35acbc3aa1b883f7360b6c1
at java.base/jdk.internal.reflect.DirectConstructorHandleAccessor.newInstance(DirectConstructorHandleAccessor.java:62)
at java.base/java.lang.reflect.Constructor.newInstanceWithCaller(Constructor.java:502)
at java.base/java.lang.reflect.Constructor.newInstance(Constructor.java:486)
at org.openqa.selenium.remote.ErrorCodec.decode(ErrorCodec.java:167)
at org.openqa.selenium.remote.codec.w3c.W3CHttpResponseCodec.decode(W3CHttpResponseCodec.java:138)
at org.openqa.selenium.remote.codec.w3c.W3CHttpResponseCodec.decode(W3CHttpResponseCodec.java:50)
at org.openqa.selenium.remote.HttpCommandExecutor.execute(HttpCommandExecutor.java:190)
at org.openqa.selenium.remote.service.DriverCommandExecutor.invokeExecute(DriverCommandExecutor.java:216)
at org.openqa.selenium.remote.service.DriverCommandExecutor.execute(DriverCommandExecutor.java:174)
at org.openqa.selenium.remote.RemoteWebDriver.execute(RemoteWebDriver.java:518)
at org.openqa.selenium.remote.ElementLocation$ElementFinder$2.findElement(ElementLocation.java:165)
at org.openqa.selenium.remote.ElementLocation.findElement(ElementLocation.java:59)
at org.openqa.selenium.remote.RemoteWebDriver.findElement(RemoteWebDriver.java:355)
at org.openqa.selenium.remote.RemoteWebDriver.findElement(RemoteWebDriver.java:349)
at org.openqa.selenium.support.pagefactory.DefaultElementLocator.findElement(DefaultElementLocator.java:68)
at org.openqa.selenium.support.pagefactory.internal.LocatingElementHandler.invoke(LocatingElementHandler.java:38)
at jdk.proxy2/jdk.proxy2.$Proxy21.isDisplayed(Unknown Source)
at pomPages.POM11_Category_And_Collections_Page.clickOnParticularCategory(POM11_Category_And_Collections_Page.java:182)
at test.Test010_Category_And_Collections_Page.clickOnParticularCategoryTest(Test010_Category_And_Collections_Page.java:62)
at java.base/jdk.internal.reflect.DirectMethodHandleAccessor.invoke(DirectMethodHandleAccessor.java:103)
at java.base/java.lang.reflect.Method.invoke(Method.java:580)
at org.testng.internal.MethodInvocationHelper.invokeMethod(MethodInvocationHelper.java:133)
at org.testng.internal.TestInvoker.invokeMethod(TestInvoker.java:598)
at org.testng.internal.TestInvoker.invokeTestMethod(TestInvoker.java:173)
at org.testng.internal.MethodRunner.runInSequence(MethodRunner.java:46)
at org.testng.internal.TestInvoker$MethodInvocationAgent.invoke(TestInvoker.java:824)
at org.testng.internal.TestInvoker.invokeTestMethods(TestInvoker.java:146)
at org.testng.internal.TestMethodWorker.invokeTestMethods(TestMethodWorker.java:146)
at org.testng.internal.TestMethodWorker.run(TestMethodWorker.java:128)
at java.base/java.util.ArrayList.forEach(ArrayList.java:1597)
at org.testng.TestRunner.privateRun(TestRunner.java:794)
at org.testng.TestRunner.run(TestRunner.java:596)
at org.testng.SuiteRunner.runTest(SuiteRunner.java:377)
at org.testng.SuiteRunner.runSequentially(SuiteRunner.java:371)
at org.testng.SuiteRunner.privateRun(SuiteRunner.java:332)
at org.testng.SuiteRunner.run(SuiteRunner.java:276)
at org.testng.SuiteRunnerWorker.runSuite(SuiteRunnerWorker.java:53)
at org.testng.SuiteRunnerWorker.run(SuiteRunnerWorker.java:96)
at org.testng.TestNG.runSuitesSequentially(TestNG.java:1212)
at org.testng.TestNG.runSuitesLocally(TestNG.java:1134)
at org.testng.TestNG.runSuites(TestNG.java:1063)
at org.testng.TestNG.run(TestNG.java:1031)
at org.testng.remote.AbstractRemoteTestNG.run(AbstractRemoteTestNG.java:115)
at org.testng.remote.RemoteTestNG.initAndRun(RemoteTestNG.java:293)
at org.testng.remote.RemoteTestNG.main(RemoteTestNG.java:91)
]]>
            </full-stacktrace>
          </exception> <!-- org.openqa.selenium.NoSuchElementException -->
          <reporter-output>
          </reporter-output>
        </test-method> <!-- clickOnParticularCategoryTest -->
        <test-method signature="verifyExploreAll_AllDropdownsTest()[pri:6, instance:test.Test010_Category_And_Collections_Page@1e7d3d87]" started-at="2025-01-07T10:44:26 IST" name="verifyExploreAll_AllDropdownsTest" description="verify by applying filters" finished-at="2025-01-07T10:44:45 IST" duration-ms="19060" status="FAIL">
          <exception class="org.openqa.selenium.NoSuchElementException">
            <message>
              <![CDATA[no such element: Unable to locate element: {"method":"xpath","selector":"//div[@class="css-1nfx9tm"]"}
  (Session info: chrome=131.0.6778.205)
For documentation on this error, please visit: https://www.selenium.dev/documentation/webdriver/troubleshooting/errors#no-such-element-exception
Build info: version: '4.21.0', revision: '79ed462ef4'
System info: os.name: 'Windows 11', os.arch: 'amd64', os.version: '10.0', java.version: '22.0.1'
Driver info: org.openqa.selenium.chrome.ChromeDriver
Command: [033fb0a5e35acbc3aa1b883f7360b6c1, findElement {using=xpath, value=//div[@class="css-1nfx9tm"]}]
Capabilities {acceptInsecureCerts: false, browserName: chrome, browserVersion: 131.0.6778.205, chrome: {chromedriverVersion: 131.0.6778.85 (3d81e41b6f3a..., userDataDir: C:\Users\heman\AppData\Loca...}, fedcm:accounts: true, goog:chromeOptions: {debuggerAddress: localhost:52395}, networkConnectionEnabled: false, pageLoadStrategy: normal, platformName: windows, proxy: Proxy(), se:cdp: ws://localhost:52395/devtoo..., se:cdpVersion: 131.0.6778.205, setWindowRect: true, strictFileInteractability: false, timeouts: {implicit: 0, pageLoad: 300000, script: 30000}, unhandledPromptBehavior: dismiss and notify, webauthn:extension:credBlob: true, webauthn:extension:largeBlob: true, webauthn:extension:minPinLength: true, webauthn:extension:prf: true, webauthn:virtualAuthenticators: true}
Session ID: 033fb0a5e35acbc3aa1b883f7360b6c1]]>
            </message>
            <full-stacktrace>
              <![CDATA[org.openqa.selenium.NoSuchElementException: no such element: Unable to locate element: {"method":"xpath","selector":"//div[@class="css-1nfx9tm"]"}
  (Session info: chrome=131.0.6778.205)
For documentation on this error, please visit: https://www.selenium.dev/documentation/webdriver/troubleshooting/errors#no-such-element-exception
Build info: version: '4.21.0', revision: '79ed462ef4'
System info: os.name: 'Windows 11', os.arch: 'amd64', os.version: '10.0', java.version: '22.0.1'
Driver info: org.openqa.selenium.chrome.ChromeDriver
Command: [033fb0a5e35acbc3aa1b883f7360b6c1, findElement {using=xpath, value=//div[@class="css-1nfx9tm"]}]
Capabilities {acceptInsecureCerts: false, browserName: chrome, browserVersion: 131.0.6778.205, chrome: {chromedriverVersion: 131.0.6778.85 (3d81e41b6f3a..., userDataDir: C:\Users\heman\AppData\Loca...}, fedcm:accounts: true, goog:chromeOptions: {debuggerAddress: localhost:52395}, networkConnectionEnabled: false, pageLoadStrategy: normal, platformName: windows, proxy: Proxy(), se:cdp: ws://localhost:52395/devtoo..., se:cdpVersion: 131.0.6778.205, setWindowRect: true, strictFileInteractability: false, timeouts: {implicit: 0, pageLoad: 300000, script: 30000}, unhandledPromptBehavior: dismiss and notify, webauthn:extension:credBlob: true, webauthn:extension:largeBlob: true, webauthn:extension:minPinLength: true, webauthn:extension:prf: true, webauthn:virtualAuthenticators: true}
Session ID: 033fb0a5e35acbc3aa1b883f7360b6c1
at java.base/jdk.internal.reflect.DirectConstructorHandleAccessor.newInstance(DirectConstructorHandleAccessor.java:62)
at java.base/java.lang.reflect.Constructor.newInstanceWithCaller(Constructor.java:502)
at java.base/java.lang.reflect.Constructor.newInstance(Constructor.java:486)
at org.openqa.selenium.remote.ErrorCodec.decode(ErrorCodec.java:167)
at org.openqa.selenium.remote.codec.w3c.W3CHttpResponseCodec.decode(W3CHttpResponseCodec.java:138)
at org.openqa.selenium.remote.codec.w3c.W3CHttpResponseCodec.decode(W3CHttpResponseCodec.java:50)
at org.openqa.selenium.remote.HttpCommandExecutor.execute(HttpCommandExecutor.java:190)
at org.openqa.selenium.remote.service.DriverCommandExecutor.invokeExecute(DriverCommandExecutor.java:216)
at org.openqa.selenium.remote.service.DriverCommandExecutor.execute(DriverCommandExecutor.java:174)
at org.openqa.selenium.remote.RemoteWebDriver.execute(RemoteWebDriver.java:518)
at org.openqa.selenium.remote.ElementLocation$ElementFinder$2.findElement(ElementLocation.java:165)
at org.openqa.selenium.remote.ElementLocation.findElement(ElementLocation.java:59)
at org.openqa.selenium.remote.RemoteWebDriver.findElement(RemoteWebDriver.java:355)
at org.openqa.selenium.remote.RemoteWebDriver.findElement(RemoteWebDriver.java:349)
at org.openqa.selenium.support.pagefactory.DefaultElementLocator.findElement(DefaultElementLocator.java:68)
at org.openqa.selenium.support.pagefactory.internal.LocatingElementHandler.invoke(LocatingElementHandler.java:38)
at jdk.proxy2/jdk.proxy2.$Proxy21.isEnabled(Unknown Source)
at pomPages.POM11_Category_And_Collections_Page.verifyExploreAll_AllDropdowns(POM11_Category_And_Collections_Page.java:226)
at test.Test010_Category_And_Collections_Page.verifyExploreAll_AllDropdownsTest(Test010_Category_And_Collections_Page.java:71)
at java.base/jdk.internal.reflect.DirectMethodHandleAccessor.invoke(DirectMethodHandleAccessor.java:103)
at java.base/java.lang.reflect.Method.invoke(Method.java:580)
at org.testng.internal.MethodInvocationHelper.invokeMethod(MethodInvocationHelper.java:133)
at org.testng.internal.TestInvoker.invokeMethod(TestInvoker.java:598)
at org.testng.internal.TestInvoker.invokeTestMethod(TestInvoker.java:173)
at org.testng.internal.MethodRunner.runInSequence(MethodRunner.java:46)
at org.testng.internal.TestInvoker$MethodInvocationAgent.invoke(TestInvoker.java:824)
at org.testng.internal.TestInvoker.invokeTestMethods(TestInvoker.java:146)
at org.testng.internal.TestMethodWorker.invokeTestMethods(TestMethodWorker.java:146)
at org.testng.internal.TestMethodWorker.run(TestMethodWorker.java:128)
at java.base/java.util.ArrayList.forEach(ArrayList.java:1597)
at org.testng.TestRunner.privateRun(TestRunner.java:794)
at org.testng.TestRunner.run(TestRunner.java:596)
at org.testng.SuiteRunner.runTest(SuiteRunner.java:377)
at org.testng.SuiteRunner.runSequentially(SuiteRunner.java:371)
at org.testng.SuiteRunner.privateRun(SuiteRunner.java:332)
at org.testng.SuiteRunner.run(SuiteRunner.java:276)
at org.testng.SuiteRunnerWorker.runSuite(SuiteRunnerWorker.java:53)
at org.testng.SuiteRunnerWorker.run(SuiteRunnerWorker.java:96)
at org.testng.TestNG.runSuitesSequentially(TestNG.java:1212)
at org.testng.TestNG.runSuitesLocally(TestNG.java:1134)
at org.testng.TestNG.runSuites(TestNG.java:1063)
at org.testng.TestNG.run(TestNG.java:1031)
at org.testng.remote.AbstractRemoteTestNG.run(AbstractRemoteTestNG.java:115)
at org.testng.remote.RemoteTestNG.initAndRun(RemoteTestNG.java:293)
at org.testng.remote.RemoteTestNG.main(RemoteTestNG.java:91)
]]>
            </full-stacktrace>
          </exception> <!-- org.openqa.selenium.NoSuchElementException -->
          <reporter-output>
          </reporter-output>
        </test-method> <!-- verifyExploreAll_AllDropdownsTest -->
        <test-method signature="verifyFilterIconTest()[pri:7, instance:test.Test010_Category_And_Collections_Page@1e7d3d87]" started-at="2025-01-07T10:44:45 IST" name="verifyFilterIconTest" description="verify filters" finished-at="2025-01-07T10:45:04 IST" duration-ms="19081" status="FAIL">
          <exception class="org.openqa.selenium.NoSuchElementException">
            <message>
              <![CDATA[no such element: Unable to locate element: {"method":"xpath","selector":"//div[@class="_icon-container_a31gt_1 MuiBox-root css-0"]"}
  (Session info: chrome=131.0.6778.205)
For documentation on this error, please visit: https://www.selenium.dev/documentation/webdriver/troubleshooting/errors#no-such-element-exception
Build info: version: '4.21.0', revision: '79ed462ef4'
System info: os.name: 'Windows 11', os.arch: 'amd64', os.version: '10.0', java.version: '22.0.1'
Driver info: org.openqa.selenium.chrome.ChromeDriver
Command: [033fb0a5e35acbc3aa1b883f7360b6c1, findElement {using=xpath, value=//div[@class="_icon-container_a31gt_1 MuiBox-root css-0"]}]
Capabilities {acceptInsecureCerts: false, browserName: chrome, browserVersion: 131.0.6778.205, chrome: {chromedriverVersion: 131.0.6778.85 (3d81e41b6f3a..., userDataDir: C:\Users\heman\AppData\Loca...}, fedcm:accounts: true, goog:chromeOptions: {debuggerAddress: localhost:52395}, networkConnectionEnabled: false, pageLoadStrategy: normal, platformName: windows, proxy: Proxy(), se:cdp: ws://localhost:52395/devtoo..., se:cdpVersion: 131.0.6778.205, setWindowRect: true, strictFileInteractability: false, timeouts: {implicit: 0, pageLoad: 300000, script: 30000}, unhandledPromptBehavior: dismiss and notify, webauthn:extension:credBlob: true, webauthn:extension:largeBlob: true, webauthn:extension:minPinLength: true, webauthn:extension:prf: true, webauthn:virtualAuthenticators: true}
Session ID: 033fb0a5e35acbc3aa1b883f7360b6c1]]>
            </message>
            <full-stacktrace>
              <![CDATA[org.openqa.selenium.NoSuchElementException: no such element: Unable to locate element: {"method":"xpath","selector":"//div[@class="_icon-container_a31gt_1 MuiBox-root css-0"]"}
  (Session info: chrome=131.0.6778.205)
For documentation on this error, please visit: https://www.selenium.dev/documentation/webdriver/troubleshooting/errors#no-such-element-exception
Build info: version: '4.21.0', revision: '79ed462ef4'
System info: os.name: 'Windows 11', os.arch: 'amd64', os.version: '10.0', java.version: '22.0.1'
Driver info: org.openqa.selenium.chrome.ChromeDriver
Command: [033fb0a5e35acbc3aa1b883f7360b6c1, findElement {using=xpath, value=//div[@class="_icon-container_a31gt_1 MuiBox-root css-0"]}]
Capabilities {acceptInsecureCerts: false, browserName: chrome, browserVersion: 131.0.6778.205, chrome: {chromedriverVersion: 131.0.6778.85 (3d81e41b6f3a..., userDataDir: C:\Users\heman\AppData\Loca...}, fedcm:accounts: true, goog:chromeOptions: {debuggerAddress: localhost:52395}, networkConnectionEnabled: false, pageLoadStrategy: normal, platformName: windows, proxy: Proxy(), se:cdp: ws://localhost:52395/devtoo..., se:cdpVersion: 131.0.6778.205, setWindowRect: true, strictFileInteractability: false, timeouts: {implicit: 0, pageLoad: 300000, script: 30000}, unhandledPromptBehavior: dismiss and notify, webauthn:extension:credBlob: true, webauthn:extension:largeBlob: true, webauthn:extension:minPinLength: true, webauthn:extension:prf: true, webauthn:virtualAuthenticators: true}
Session ID: 033fb0a5e35acbc3aa1b883f7360b6c1
at java.base/jdk.internal.reflect.DirectConstructorHandleAccessor.newInstance(DirectConstructorHandleAccessor.java:62)
at java.base/java.lang.reflect.Constructor.newInstanceWithCaller(Constructor.java:502)
at java.base/java.lang.reflect.Constructor.newInstance(Constructor.java:486)
at org.openqa.selenium.remote.ErrorCodec.decode(ErrorCodec.java:167)
at org.openqa.selenium.remote.codec.w3c.W3CHttpResponseCodec.decode(W3CHttpResponseCodec.java:138)
at org.openqa.selenium.remote.codec.w3c.W3CHttpResponseCodec.decode(W3CHttpResponseCodec.java:50)
at org.openqa.selenium.remote.HttpCommandExecutor.execute(HttpCommandExecutor.java:190)
at org.openqa.selenium.remote.service.DriverCommandExecutor.invokeExecute(DriverCommandExecutor.java:216)
at org.openqa.selenium.remote.service.DriverCommandExecutor.execute(DriverCommandExecutor.java:174)
at org.openqa.selenium.remote.RemoteWebDriver.execute(RemoteWebDriver.java:518)
at org.openqa.selenium.remote.ElementLocation$ElementFinder$2.findElement(ElementLocation.java:165)
at org.openqa.selenium.remote.ElementLocation.findElement(ElementLocation.java:59)
at org.openqa.selenium.remote.RemoteWebDriver.findElement(RemoteWebDriver.java:355)
at org.openqa.selenium.remote.RemoteWebDriver.findElement(RemoteWebDriver.java:349)
at org.openqa.selenium.support.pagefactory.DefaultElementLocator.findElement(DefaultElementLocator.java:68)
at org.openqa.selenium.support.pagefactory.internal.LocatingElementHandler.invoke(LocatingElementHandler.java:38)
at jdk.proxy2/jdk.proxy2.$Proxy21.isEnabled(Unknown Source)
at pomPages.POM11_Category_And_Collections_Page.verifyFilterIcon(POM11_Category_And_Collections_Page.java:290)
at test.Test010_Category_And_Collections_Page.verifyFilterIconTest(Test010_Category_And_Collections_Page.java:80)
at java.base/jdk.internal.reflect.DirectMethodHandleAccessor.invoke(DirectMethodHandleAccessor.java:103)
at java.base/java.lang.reflect.Method.invoke(Method.java:580)
at org.testng.internal.MethodInvocationHelper.invokeMethod(MethodInvocationHelper.java:133)
at org.testng.internal.TestInvoker.invokeMethod(TestInvoker.java:598)
at org.testng.internal.TestInvoker.invokeTestMethod(TestInvoker.java:173)
at org.testng.internal.MethodRunner.runInSequence(MethodRunner.java:46)
at org.testng.internal.TestInvoker$MethodInvocationAgent.invoke(TestInvoker.java:824)
at org.testng.internal.TestInvoker.invokeTestMethods(TestInvoker.java:146)
at org.testng.internal.TestMethodWorker.invokeTestMethods(TestMethodWorker.java:146)
at org.testng.internal.TestMethodWorker.run(TestMethodWorker.java:128)
at java.base/java.util.ArrayList.forEach(ArrayList.java:1597)
at org.testng.TestRunner.privateRun(TestRunner.java:794)
at org.testng.TestRunner.run(TestRunner.java:596)
at org.testng.SuiteRunner.runTest(SuiteRunner.java:377)
at org.testng.SuiteRunner.runSequentially(SuiteRunner.java:371)
at org.testng.SuiteRunner.privateRun(SuiteRunner.java:332)
at org.testng.SuiteRunner.run(SuiteRunner.java:276)
at org.testng.SuiteRunnerWorker.runSuite(SuiteRunnerWorker.java:53)
at org.testng.SuiteRunnerWorker.run(SuiteRunnerWorker.java:96)
at org.testng.TestNG.runSuitesSequentially(TestNG.java:1212)
at org.testng.TestNG.runSuitesLocally(TestNG.java:1134)
at org.testng.TestNG.runSuites(TestNG.java:1063)
at org.testng.TestNG.run(TestNG.java:1031)
at org.testng.remote.AbstractRemoteTestNG.run(AbstractRemoteTestNG.java:115)
at org.testng.remote.RemoteTestNG.initAndRun(RemoteTestNG.java:293)
at org.testng.remote.RemoteTestNG.main(RemoteTestNG.java:91)
]]>
            </full-stacktrace>
          </exception> <!-- org.openqa.selenium.NoSuchElementException -->
          <reporter-output>
          </reporter-output>
        </test-method> <!-- verifyFilterIconTest -->
        <test-method signature="verifySortByDropdownTest()[pri:8, instance:test.Test010_Category_And_Collections_Page@1e7d3d87]" started-at="2025-01-07T10:45:04 IST" name="verifySortByDropdownTest" description="check sort by dropdown display and check the filters" finished-at="2025-01-07T10:45:23 IST" duration-ms="19054" status="FAIL">
          <exception class="org.openqa.selenium.NoSuchElementException">
            <message>
              <![CDATA[no such element: Unable to locate element: {"method":"xpath","selector":"//div[@class="MuiGrid-root MuiGrid-item css-10s5n5l"]"}
  (Session info: chrome=131.0.6778.205)
For documentation on this error, please visit: https://www.selenium.dev/documentation/webdriver/troubleshooting/errors#no-such-element-exception
Build info: version: '4.21.0', revision: '79ed462ef4'
System info: os.name: 'Windows 11', os.arch: 'amd64', os.version: '10.0', java.version: '22.0.1'
Driver info: org.openqa.selenium.chrome.ChromeDriver
Command: [033fb0a5e35acbc3aa1b883f7360b6c1, findElement {using=xpath, value=//div[@class="MuiGrid-root MuiGrid-item css-10s5n5l"]}]
Capabilities {acceptInsecureCerts: false, browserName: chrome, browserVersion: 131.0.6778.205, chrome: {chromedriverVersion: 131.0.6778.85 (3d81e41b6f3a..., userDataDir: C:\Users\heman\AppData\Loca...}, fedcm:accounts: true, goog:chromeOptions: {debuggerAddress: localhost:52395}, networkConnectionEnabled: false, pageLoadStrategy: normal, platformName: windows, proxy: Proxy(), se:cdp: ws://localhost:52395/devtoo..., se:cdpVersion: 131.0.6778.205, setWindowRect: true, strictFileInteractability: false, timeouts: {implicit: 0, pageLoad: 300000, script: 30000}, unhandledPromptBehavior: dismiss and notify, webauthn:extension:credBlob: true, webauthn:extension:largeBlob: true, webauthn:extension:minPinLength: true, webauthn:extension:prf: true, webauthn:virtualAuthenticators: true}
Session ID: 033fb0a5e35acbc3aa1b883f7360b6c1]]>
            </message>
            <full-stacktrace>
              <![CDATA[org.openqa.selenium.NoSuchElementException: no such element: Unable to locate element: {"method":"xpath","selector":"//div[@class="MuiGrid-root MuiGrid-item css-10s5n5l"]"}
  (Session info: chrome=131.0.6778.205)
For documentation on this error, please visit: https://www.selenium.dev/documentation/webdriver/troubleshooting/errors#no-such-element-exception
Build info: version: '4.21.0', revision: '79ed462ef4'
System info: os.name: 'Windows 11', os.arch: 'amd64', os.version: '10.0', java.version: '22.0.1'
Driver info: org.openqa.selenium.chrome.ChromeDriver
Command: [033fb0a5e35acbc3aa1b883f7360b6c1, findElement {using=xpath, value=//div[@class="MuiGrid-root MuiGrid-item css-10s5n5l"]}]
Capabilities {acceptInsecureCerts: false, browserName: chrome, browserVersion: 131.0.6778.205, chrome: {chromedriverVersion: 131.0.6778.85 (3d81e41b6f3a..., userDataDir: C:\Users\heman\AppData\Loca...}, fedcm:accounts: true, goog:chromeOptions: {debuggerAddress: localhost:52395}, networkConnectionEnabled: false, pageLoadStrategy: normal, platformName: windows, proxy: Proxy(), se:cdp: ws://localhost:52395/devtoo..., se:cdpVersion: 131.0.6778.205, setWindowRect: true, strictFileInteractability: false, timeouts: {implicit: 0, pageLoad: 300000, script: 30000}, unhandledPromptBehavior: dismiss and notify, webauthn:extension:credBlob: true, webauthn:extension:largeBlob: true, webauthn:extension:minPinLength: true, webauthn:extension:prf: true, webauthn:virtualAuthenticators: true}
Session ID: 033fb0a5e35acbc3aa1b883f7360b6c1
at java.base/jdk.internal.reflect.DirectConstructorHandleAccessor.newInstance(DirectConstructorHandleAccessor.java:62)
at java.base/java.lang.reflect.Constructor.newInstanceWithCaller(Constructor.java:502)
at java.base/java.lang.reflect.Constructor.newInstance(Constructor.java:486)
at org.openqa.selenium.remote.ErrorCodec.decode(ErrorCodec.java:167)
at org.openqa.selenium.remote.codec.w3c.W3CHttpResponseCodec.decode(W3CHttpResponseCodec.java:138)
at org.openqa.selenium.remote.codec.w3c.W3CHttpResponseCodec.decode(W3CHttpResponseCodec.java:50)
at org.openqa.selenium.remote.HttpCommandExecutor.execute(HttpCommandExecutor.java:190)
at org.openqa.selenium.remote.service.DriverCommandExecutor.invokeExecute(DriverCommandExecutor.java:216)
at org.openqa.selenium.remote.service.DriverCommandExecutor.execute(DriverCommandExecutor.java:174)
at org.openqa.selenium.remote.RemoteWebDriver.execute(RemoteWebDriver.java:518)
at org.openqa.selenium.remote.ElementLocation$ElementFinder$2.findElement(ElementLocation.java:165)
at org.openqa.selenium.remote.ElementLocation.findElement(ElementLocation.java:59)
at org.openqa.selenium.remote.RemoteWebDriver.findElement(RemoteWebDriver.java:355)
at org.openqa.selenium.remote.RemoteWebDriver.findElement(RemoteWebDriver.java:349)
at org.openqa.selenium.support.pagefactory.DefaultElementLocator.findElement(DefaultElementLocator.java:68)
at org.openqa.selenium.support.pagefactory.internal.LocatingElementHandler.invoke(LocatingElementHandler.java:38)
at jdk.proxy2/jdk.proxy2.$Proxy21.isEnabled(Unknown Source)
at pomPages.POM11_Category_And_Collections_Page.verifySortByDropdown(POM11_Category_And_Collections_Page.java:363)
at test.Test010_Category_And_Collections_Page.verifySortByDropdownTest(Test010_Category_And_Collections_Page.java:89)
at java.base/jdk.internal.reflect.DirectMethodHandleAccessor.invoke(DirectMethodHandleAccessor.java:103)
at java.base/java.lang.reflect.Method.invoke(Method.java:580)
at org.testng.internal.MethodInvocationHelper.invokeMethod(MethodInvocationHelper.java:133)
at org.testng.internal.TestInvoker.invokeMethod(TestInvoker.java:598)
at org.testng.internal.TestInvoker.invokeTestMethod(TestInvoker.java:173)
at org.testng.internal.MethodRunner.runInSequence(MethodRunner.java:46)
at org.testng.internal.TestInvoker$MethodInvocationAgent.invoke(TestInvoker.java:824)
at org.testng.internal.TestInvoker.invokeTestMethods(TestInvoker.java:146)
at org.testng.internal.TestMethodWorker.invokeTestMethods(TestMethodWorker.java:146)
at org.testng.internal.TestMethodWorker.run(TestMethodWorker.java:128)
at java.base/java.util.ArrayList.forEach(ArrayList.java:1597)
at org.testng.TestRunner.privateRun(TestRunner.java:794)
at org.testng.TestRunner.run(TestRunner.java:596)
at org.testng.SuiteRunner.runTest(SuiteRunner.java:377)
at org.testng.SuiteRunner.runSequentially(SuiteRunner.java:371)
at org.testng.SuiteRunner.privateRun(SuiteRunner.java:332)
at org.testng.SuiteRunner.run(SuiteRunner.java:276)
at org.testng.SuiteRunnerWorker.runSuite(SuiteRunnerWorker.java:53)
at org.testng.SuiteRunnerWorker.run(SuiteRunnerWorker.java:96)
at org.testng.TestNG.runSuitesSequentially(TestNG.java:1212)
at org.testng.TestNG.runSuitesLocally(TestNG.java:1134)
at org.testng.TestNG.runSuites(TestNG.java:1063)
at org.testng.TestNG.run(TestNG.java:1031)
at org.testng.remote.AbstractRemoteTestNG.run(AbstractRemoteTestNG.java:115)
at org.testng.remote.RemoteTestNG.initAndRun(RemoteTestNG.java:293)
at org.testng.remote.RemoteTestNG.main(RemoteTestNG.java:91)
]]>
            </full-stacktrace>
          </exception> <!-- org.openqa.selenium.NoSuchElementException -->
          <reporter-output>
          </reporter-output>
        </test-method> <!-- verifySortByDropdownTest -->
        <test-method signature="verifyViewSimilarBtnTest()[pri:9, instance:test.Test010_Category_And_Collections_Page@1e7d3d87]" started-at="2025-01-07T10:45:23 IST" name="verifyViewSimilarBtnTest" description="check view similar Button and similar product box at right side" finished-at="2025-01-07T10:46:16 IST" duration-ms="53185" status="PASS">
          <reporter-output>
          </reporter-output>
        </test-method> <!-- verifyViewSimilarBtnTest -->
        <test-method signature="clickViewAllRecommendedRailBtnTest()[pri:10, instance:test.Test010_Category_And_Collections_Page@1e7d3d87]" started-at="2025-01-07T10:46:16 IST" name="clickViewAllRecommendedRailBtnTest" description="Check recommended rail whole funtionality by click on view all button" finished-at="2025-01-07T10:46:21 IST" duration-ms="4641" status="PASS">
          <reporter-output>
          </reporter-output>
        </test-method> <!-- clickViewAllRecommendedRailBtnTest -->
        <test-method is-config="true" signature="closeBrowser()[pri:0, instance:test.Test010_Category_And_Collections_Page@1e7d3d87]" started-at="2025-01-07T10:46:21 IST" name="closeBrowser" finished-at="2025-01-07T10:46:26 IST" duration-ms="5291" status="PASS">
          <reporter-output>
          </reporter-output>
        </test-method> <!-- closeBrowser -->
      </class> <!-- test.Test010_Category_And_Collections_Page -->
      <class name="test.Test007_Buyer_Switching">
        <test-method is-config="true" signature="openBrowser()[pri:0, instance:test.Test007_Buyer_Switching@615c4ea4]" started-at="2025-01-07T10:21:07 IST" name="openBrowser" finished-at="2025-01-07T10:21:12 IST" duration-ms="4833" status="PASS">
          <reporter-output>
          </reporter-output>
        </test-method> <!-- openBrowser -->
        <test-method signature="productButtonTest()[pri:1, instance:test.Test007_Buyer_Switching@615c4ea4]" started-at="2025-01-07T10:21:12 IST" name="productButtonTest" description="Click on product button" finished-at="2025-01-07T10:21:14 IST" duration-ms="1727" status="PASS">
          <reporter-output>
          </reporter-output>
        </test-method> <!-- productButtonTest -->
        <test-method signature="selectProduct()[pri:2, instance:test.Test007_Buyer_Switching@615c4ea4]" started-at="2025-01-07T10:21:14 IST" name="selectProduct" description="Adding products to cart" finished-at="2025-01-07T10:21:15 IST" duration-ms="976" status="FAIL">
          <exception class="org.openqa.selenium.StaleElementReferenceException">
            <message>
              <![CDATA[stale element reference: stale element not found in the current frame
  (Session info: chrome=131.0.6778.205)
For documentation on this error, please visit: https://www.selenium.dev/documentation/webdriver/troubleshooting/errors#stale-element-reference-exception
Build info: version: '4.21.0', revision: '79ed462ef4'
System info: os.name: 'Windows 11', os.arch: 'amd64', os.version: '10.0', java.version: '22.0.1'
Driver info: org.openqa.selenium.chrome.ChromeDriver
Command: [510e4bc5a09d79bf428e440197cf5d73, isElementDisplayed {id=f.81B69323AE799AC7062328A93FFC21E8.d.FD5456FBD23EC4C711BA5C3846336AA8.e.1834}]
Capabilities {acceptInsecureCerts: false, browserName: chrome, browserVersion: 131.0.6778.205, chrome: {chromedriverVersion: 131.0.6778.85 (3d81e41b6f3a..., userDataDir: C:\Users\heman\AppData\Loca...}, fedcm:accounts: true, goog:chromeOptions: {debuggerAddress: localhost:51129}, networkConnectionEnabled: false, pageLoadStrategy: normal, platformName: windows, proxy: Proxy(), se:cdp: ws://localhost:51129/devtoo..., se:cdpVersion: 131.0.6778.205, setWindowRect: true, strictFileInteractability: false, timeouts: {implicit: 0, pageLoad: 300000, script: 30000}, unhandledPromptBehavior: dismiss and notify, webauthn:extension:credBlob: true, webauthn:extension:largeBlob: true, webauthn:extension:minPinLength: true, webauthn:extension:prf: true, webauthn:virtualAuthenticators: true}
Element: [[ChromeDriver: chrome on windows (510e4bc5a09d79bf428e440197cf5d73)] -> xpath: //input[@id='global-search']]
Session ID: 510e4bc5a09d79bf428e440197cf5d73]]>
            </message>
            <full-stacktrace>
              <![CDATA[org.openqa.selenium.StaleElementReferenceException: stale element reference: stale element not found in the current frame
  (Session info: chrome=131.0.6778.205)
For documentation on this error, please visit: https://www.selenium.dev/documentation/webdriver/troubleshooting/errors#stale-element-reference-exception
Build info: version: '4.21.0', revision: '79ed462ef4'
System info: os.name: 'Windows 11', os.arch: 'amd64', os.version: '10.0', java.version: '22.0.1'
Driver info: org.openqa.selenium.chrome.ChromeDriver
Command: [510e4bc5a09d79bf428e440197cf5d73, isElementDisplayed {id=f.81B69323AE799AC7062328A93FFC21E8.d.FD5456FBD23EC4C711BA5C3846336AA8.e.1834}]
Capabilities {acceptInsecureCerts: false, browserName: chrome, browserVersion: 131.0.6778.205, chrome: {chromedriverVersion: 131.0.6778.85 (3d81e41b6f3a..., userDataDir: C:\Users\heman\AppData\Loca...}, fedcm:accounts: true, goog:chromeOptions: {debuggerAddress: localhost:51129}, networkConnectionEnabled: false, pageLoadStrategy: normal, platformName: windows, proxy: Proxy(), se:cdp: ws://localhost:51129/devtoo..., se:cdpVersion: 131.0.6778.205, setWindowRect: true, strictFileInteractability: false, timeouts: {implicit: 0, pageLoad: 300000, script: 30000}, unhandledPromptBehavior: dismiss and notify, webauthn:extension:credBlob: true, webauthn:extension:largeBlob: true, webauthn:extension:minPinLength: true, webauthn:extension:prf: true, webauthn:virtualAuthenticators: true}
Element: [[ChromeDriver: chrome on windows (510e4bc5a09d79bf428e440197cf5d73)] -> xpath: //input[@id='global-search']]
Session ID: 510e4bc5a09d79bf428e440197cf5d73
at java.base/jdk.internal.reflect.DirectConstructorHandleAccessor.newInstance(DirectConstructorHandleAccessor.java:62)
at java.base/java.lang.reflect.Constructor.newInstanceWithCaller(Constructor.java:502)
at java.base/java.lang.reflect.Constructor.newInstance(Constructor.java:486)
at org.openqa.selenium.remote.ErrorCodec.decode(ErrorCodec.java:167)
at org.openqa.selenium.remote.codec.w3c.W3CHttpResponseCodec.decode(W3CHttpResponseCodec.java:138)
at org.openqa.selenium.remote.codec.w3c.W3CHttpResponseCodec.decode(W3CHttpResponseCodec.java:50)
at org.openqa.selenium.remote.HttpCommandExecutor.execute(HttpCommandExecutor.java:190)
at org.openqa.selenium.remote.service.DriverCommandExecutor.invokeExecute(DriverCommandExecutor.java:216)
at org.openqa.selenium.remote.service.DriverCommandExecutor.execute(DriverCommandExecutor.java:174)
at org.openqa.selenium.remote.RemoteWebDriver.execute(RemoteWebDriver.java:518)
at org.openqa.selenium.remote.RemoteWebElement.execute(RemoteWebElement.java:223)
at org.openqa.selenium.remote.RemoteWebElement.isDisplayed(RemoteWebElement.java:282)
at java.base/jdk.internal.reflect.DirectMethodHandleAccessor.invoke(DirectMethodHandleAccessor.java:103)
at java.base/java.lang.reflect.Method.invoke(Method.java:580)
at org.openqa.selenium.support.pagefactory.internal.LocatingElementHandler.invoke(LocatingElementHandler.java:51)
at jdk.proxy2/jdk.proxy2.$Proxy21.isDisplayed(Unknown Source)
at pomPages.POM2_Product_Page.searchProductBox(POM2_Product_Page.java:220)
at test.Test007_Buyer_Switching.selectProduct(Test007_Buyer_Switching.java:35)
at java.base/jdk.internal.reflect.DirectMethodHandleAccessor.invoke(DirectMethodHandleAccessor.java:103)
at java.base/java.lang.reflect.Method.invoke(Method.java:580)
at org.testng.internal.MethodInvocationHelper.invokeMethod(MethodInvocationHelper.java:133)
at org.testng.internal.TestInvoker.invokeMethod(TestInvoker.java:598)
at org.testng.internal.TestInvoker.invokeTestMethod(TestInvoker.java:173)
at org.testng.internal.MethodRunner.runInSequence(MethodRunner.java:46)
at org.testng.internal.TestInvoker$MethodInvocationAgent.invoke(TestInvoker.java:824)
at org.testng.internal.TestInvoker.invokeTestMethods(TestInvoker.java:146)
at org.testng.internal.TestMethodWorker.invokeTestMethods(TestMethodWorker.java:146)
at org.testng.internal.TestMethodWorker.run(TestMethodWorker.java:128)
at java.base/java.util.ArrayList.forEach(ArrayList.java:1597)
at org.testng.TestRunner.privateRun(TestRunner.java:794)
at org.testng.TestRunner.run(TestRunner.java:596)
at org.testng.SuiteRunner.runTest(SuiteRunner.java:377)
at org.testng.SuiteRunner.runSequentially(SuiteRunner.java:371)
at org.testng.SuiteRunner.privateRun(SuiteRunner.java:332)
at org.testng.SuiteRunner.run(SuiteRunner.java:276)
at org.testng.SuiteRunnerWorker.runSuite(SuiteRunnerWorker.java:53)
at org.testng.SuiteRunnerWorker.run(SuiteRunnerWorker.java:96)
at org.testng.TestNG.runSuitesSequentially(TestNG.java:1212)
at org.testng.TestNG.runSuitesLocally(TestNG.java:1134)
at org.testng.TestNG.runSuites(TestNG.java:1063)
at org.testng.TestNG.run(TestNG.java:1031)
at org.testng.remote.AbstractRemoteTestNG.run(AbstractRemoteTestNG.java:115)
at org.testng.remote.RemoteTestNG.initAndRun(RemoteTestNG.java:293)
at org.testng.remote.RemoteTestNG.main(RemoteTestNG.java:91)
]]>
            </full-stacktrace>
          </exception> <!-- org.openqa.selenium.StaleElementReferenceException -->
          <reporter-output>
          </reporter-output>
        </test-method> <!-- selectProduct -->
        <test-method signature="clickGuestCustomerButton1sttimeTest()[pri:3, instance:test.Test007_Buyer_Switching@615c4ea4]" started-at="2025-01-07T10:21:15 IST" name="clickGuestCustomerButton1sttimeTest" description="Click on Guest Customer button" finished-at="2025-01-07T10:21:20 IST" duration-ms="5232" status="PASS">
          <reporter-output>
          </reporter-output>
        </test-method> <!-- clickGuestCustomerButton1sttimeTest -->
        <test-method signature="clickCustomerSearchTextbox1stTimeTest()[pri:4, instance:test.Test007_Buyer_Switching@615c4ea4]" started-at="2025-01-07T10:21:20 IST" name="clickCustomerSearchTextbox1stTimeTest" description="Searching customer" finished-at="2025-01-07T10:21:25 IST" duration-ms="5186" status="PASS">
          <reporter-output>
          </reporter-output>
        </test-method> <!-- clickCustomerSearchTextbox1stTimeTest -->
        <test-method signature="clickCustomer1Test()[pri:5, instance:test.Test007_Buyer_Switching@615c4ea4]" started-at="2025-01-07T10:21:25 IST" name="clickCustomer1Test" description="Click on selected customer and selecting new cart from popup" finished-at="2025-01-07T10:21:40 IST" duration-ms="15151" status="FAIL">
          <exception class="org.openqa.selenium.NoSuchElementException">
            <message>
              <![CDATA[no such element: Unable to locate element: {"method":"xpath","selector":"//button[starts-with(text(),'New Cart')]"}
  (Session info: chrome=131.0.6778.205)
For documentation on this error, please visit: https://www.selenium.dev/documentation/webdriver/troubleshooting/errors#no-such-element-exception
Build info: version: '4.21.0', revision: '79ed462ef4'
System info: os.name: 'Windows 11', os.arch: 'amd64', os.version: '10.0', java.version: '22.0.1'
Driver info: org.openqa.selenium.chrome.ChromeDriver
Command: [510e4bc5a09d79bf428e440197cf5d73, findElement {using=xpath, value=//button[starts-with(text(),'New Cart')]}]
Capabilities {acceptInsecureCerts: false, browserName: chrome, browserVersion: 131.0.6778.205, chrome: {chromedriverVersion: 131.0.6778.85 (3d81e41b6f3a..., userDataDir: C:\Users\heman\AppData\Loca...}, fedcm:accounts: true, goog:chromeOptions: {debuggerAddress: localhost:51129}, networkConnectionEnabled: false, pageLoadStrategy: normal, platformName: windows, proxy: Proxy(), se:cdp: ws://localhost:51129/devtoo..., se:cdpVersion: 131.0.6778.205, setWindowRect: true, strictFileInteractability: false, timeouts: {implicit: 0, pageLoad: 300000, script: 30000}, unhandledPromptBehavior: dismiss and notify, webauthn:extension:credBlob: true, webauthn:extension:largeBlob: true, webauthn:extension:minPinLength: true, webauthn:extension:prf: true, webauthn:virtualAuthenticators: true}
Session ID: 510e4bc5a09d79bf428e440197cf5d73]]>
            </message>
            <full-stacktrace>
              <![CDATA[org.openqa.selenium.NoSuchElementException: no such element: Unable to locate element: {"method":"xpath","selector":"//button[starts-with(text(),'New Cart')]"}
  (Session info: chrome=131.0.6778.205)
For documentation on this error, please visit: https://www.selenium.dev/documentation/webdriver/troubleshooting/errors#no-such-element-exception
Build info: version: '4.21.0', revision: '79ed462ef4'
System info: os.name: 'Windows 11', os.arch: 'amd64', os.version: '10.0', java.version: '22.0.1'
Driver info: org.openqa.selenium.chrome.ChromeDriver
Command: [510e4bc5a09d79bf428e440197cf5d73, findElement {using=xpath, value=//button[starts-with(text(),'New Cart')]}]
Capabilities {acceptInsecureCerts: false, browserName: chrome, browserVersion: 131.0.6778.205, chrome: {chromedriverVersion: 131.0.6778.85 (3d81e41b6f3a..., userDataDir: C:\Users\heman\AppData\Loca...}, fedcm:accounts: true, goog:chromeOptions: {debuggerAddress: localhost:51129}, networkConnectionEnabled: false, pageLoadStrategy: normal, platformName: windows, proxy: Proxy(), se:cdp: ws://localhost:51129/devtoo..., se:cdpVersion: 131.0.6778.205, setWindowRect: true, strictFileInteractability: false, timeouts: {implicit: 0, pageLoad: 300000, script: 30000}, unhandledPromptBehavior: dismiss and notify, webauthn:extension:credBlob: true, webauthn:extension:largeBlob: true, webauthn:extension:minPinLength: true, webauthn:extension:prf: true, webauthn:virtualAuthenticators: true}
Session ID: 510e4bc5a09d79bf428e440197cf5d73
at java.base/jdk.internal.reflect.DirectConstructorHandleAccessor.newInstance(DirectConstructorHandleAccessor.java:62)
at java.base/java.lang.reflect.Constructor.newInstanceWithCaller(Constructor.java:502)
at java.base/java.lang.reflect.Constructor.newInstance(Constructor.java:486)
at org.openqa.selenium.remote.ErrorCodec.decode(ErrorCodec.java:167)
at org.openqa.selenium.remote.codec.w3c.W3CHttpResponseCodec.decode(W3CHttpResponseCodec.java:138)
at org.openqa.selenium.remote.codec.w3c.W3CHttpResponseCodec.decode(W3CHttpResponseCodec.java:50)
at org.openqa.selenium.remote.HttpCommandExecutor.execute(HttpCommandExecutor.java:190)
at org.openqa.selenium.remote.service.DriverCommandExecutor.invokeExecute(DriverCommandExecutor.java:216)
at org.openqa.selenium.remote.service.DriverCommandExecutor.execute(DriverCommandExecutor.java:174)
at org.openqa.selenium.remote.RemoteWebDriver.execute(RemoteWebDriver.java:518)
at org.openqa.selenium.remote.ElementLocation$ElementFinder$2.findElement(ElementLocation.java:165)
at org.openqa.selenium.remote.ElementLocation.findElement(ElementLocation.java:59)
at org.openqa.selenium.remote.RemoteWebDriver.findElement(RemoteWebDriver.java:355)
at org.openqa.selenium.remote.RemoteWebDriver.findElement(RemoteWebDriver.java:349)
at org.openqa.selenium.support.pagefactory.DefaultElementLocator.findElement(DefaultElementLocator.java:68)
at org.openqa.selenium.support.pagefactory.internal.LocatingElementHandler.invoke(LocatingElementHandler.java:38)
at jdk.proxy2/jdk.proxy2.$Proxy21.isEnabled(Unknown Source)
at pomPages.POM8_Buyer_Switching.clickCustomer1(POM8_Buyer_Switching.java:138)
at test.Test007_Buyer_Switching.clickCustomer1Test(Test007_Buyer_Switching.java:66)
at java.base/jdk.internal.reflect.DirectMethodHandleAccessor.invoke(DirectMethodHandleAccessor.java:103)
at java.base/java.lang.reflect.Method.invoke(Method.java:580)
at org.testng.internal.MethodInvocationHelper.invokeMethod(MethodInvocationHelper.java:133)
at org.testng.internal.TestInvoker.invokeMethod(TestInvoker.java:598)
at org.testng.internal.TestInvoker.invokeTestMethod(TestInvoker.java:173)
at org.testng.internal.MethodRunner.runInSequence(MethodRunner.java:46)
at org.testng.internal.TestInvoker$MethodInvocationAgent.invoke(TestInvoker.java:824)
at org.testng.internal.TestInvoker.invokeTestMethods(TestInvoker.java:146)
at org.testng.internal.TestMethodWorker.invokeTestMethods(TestMethodWorker.java:146)
at org.testng.internal.TestMethodWorker.run(TestMethodWorker.java:128)
at java.base/java.util.ArrayList.forEach(ArrayList.java:1597)
at org.testng.TestRunner.privateRun(TestRunner.java:794)
at org.testng.TestRunner.run(TestRunner.java:596)
at org.testng.SuiteRunner.runTest(SuiteRunner.java:377)
at org.testng.SuiteRunner.runSequentially(SuiteRunner.java:371)
at org.testng.SuiteRunner.privateRun(SuiteRunner.java:332)
at org.testng.SuiteRunner.run(SuiteRunner.java:276)
at org.testng.SuiteRunnerWorker.runSuite(SuiteRunnerWorker.java:53)
at org.testng.SuiteRunnerWorker.run(SuiteRunnerWorker.java:96)
at org.testng.TestNG.runSuitesSequentially(TestNG.java:1212)
at org.testng.TestNG.runSuitesLocally(TestNG.java:1134)
at org.testng.TestNG.runSuites(TestNG.java:1063)
at org.testng.TestNG.run(TestNG.java:1031)
at org.testng.remote.AbstractRemoteTestNG.run(AbstractRemoteTestNG.java:115)
at org.testng.remote.RemoteTestNG.initAndRun(RemoteTestNG.java:293)
at org.testng.remote.RemoteTestNG.main(RemoteTestNG.java:91)
]]>
            </full-stacktrace>
          </exception> <!-- org.openqa.selenium.NoSuchElementException -->
          <reporter-output>
          </reporter-output>
        </test-method> <!-- clickCustomer1Test -->
        <test-method signature="clickCartButton1stTimeTest()[pri:6, instance:test.Test007_Buyer_Switching@615c4ea4]" started-at="2025-01-07T10:21:40 IST" name="clickCartButton1stTimeTest" description="Moving towards Cart page" finished-at="2025-01-07T10:21:50 IST" duration-ms="10217" status="PASS">
          <reporter-output>
          </reporter-output>
        </test-method> <!-- clickCartButton1stTimeTest -->
        <test-method signature="verifyEmptyCart1stTimeTest()[pri:7, instance:test.Test007_Buyer_Switching@615c4ea4]" started-at="2025-01-07T10:21:51 IST" name="verifyEmptyCart1stTimeTest" description="verify cart is empty after choosing new cart" finished-at="2025-01-07T10:21:54 IST" duration-ms="3222" status="PASS">
          <reporter-output>
          </reporter-output>
        </test-method> <!-- verifyEmptyCart1stTimeTest -->
        <test-method signature="verifyCustomerNameOnCartPage1stTimeTest()[pri:8, instance:test.Test007_Buyer_Switching@615c4ea4]" started-at="2025-01-07T10:21:54 IST" name="verifyCustomerNameOnCartPage1stTimeTest" description="verify customer name on cart page" finished-at="2025-01-07T10:21:59 IST" duration-ms="5078" status="PASS">
          <reporter-output>
          </reporter-output>
        </test-method> <!-- verifyCustomerNameOnCartPage1stTimeTest -->
        <test-method signature="selectProduct2ndTimeTest()[pri:9, instance:test.Test007_Buyer_Switching@615c4ea4]" started-at="2025-01-07T10:21:59 IST" name="selectProduct2ndTimeTest" description="Adding products to cart again" finished-at="2025-01-07T10:22:10 IST" duration-ms="10753" status="PASS">
          <reporter-output>
          </reporter-output>
        </test-method> <!-- selectProduct2ndTimeTest -->
        <test-method signature="clickGuestCustomerButton2ndTimeTest()[pri:10, instance:test.Test007_Buyer_Switching@615c4ea4]" started-at="2025-01-07T10:22:10 IST" name="clickGuestCustomerButton2ndTimeTest" description="Click on Guest Customer button again for assign cart" finished-at="2025-01-07T10:22:15 IST" duration-ms="5211" status="PASS">
          <reporter-output>
          </reporter-output>
        </test-method> <!-- clickGuestCustomerButton2ndTimeTest -->
        <test-method signature="clickCustomerSearchTextbox2ndTimeTest()[pri:11, instance:test.Test007_Buyer_Switching@615c4ea4]" started-at="2025-01-07T10:22:15 IST" name="clickCustomerSearchTextbox2ndTimeTest" description="Searching customer again for assign cart" finished-at="2025-01-07T10:22:25 IST" duration-ms="10161" status="PASS">
          <reporter-output>
          </reporter-output>
        </test-method> <!-- clickCustomerSearchTextbox2ndTimeTest -->
        <test-method signature="clickCustomer2Test()[pri:12, instance:test.Test007_Buyer_Switching@615c4ea4]" started-at="2025-01-07T10:22:25 IST" name="clickCustomer2Test" description="Select customer and selecting assign cart " finished-at="2025-01-07T10:22:35 IST" duration-ms="10282" status="PASS">
          <reporter-output>
          </reporter-output>
        </test-method> <!-- clickCustomer2Test -->
        <test-method signature="clickCartButton2ndTime()[pri:13, instance:test.Test007_Buyer_Switching@615c4ea4]" started-at="2025-01-07T10:22:35 IST" name="clickCartButton2ndTime" description="Moving towards Cart page again" finished-at="2025-01-07T10:22:45 IST" duration-ms="10200" status="PASS">
          <reporter-output>
          </reporter-output>
        </test-method> <!-- clickCartButton2ndTime -->
        <test-method signature="verifyCustomerNameOnCartPage2ndTimeTest()[pri:14, instance:test.Test007_Buyer_Switching@615c4ea4]" started-at="2025-01-07T10:22:45 IST" name="verifyCustomerNameOnCartPage2ndTimeTest" description="verify customer name on cart page again" finished-at="2025-01-07T10:22:51 IST" duration-ms="5117" status="PASS">
          <reporter-output>
          </reporter-output>
        </test-method> <!-- verifyCustomerNameOnCartPage2ndTimeTest -->
        <test-method signature="verifyProductOnCart1stTimeTest()[pri:15, instance:test.Test007_Buyer_Switching@615c4ea4]" started-at="2025-01-07T10:22:51 IST" name="verifyProductOnCart1stTimeTest" description="Count total products on cart after buyer switching" finished-at="2025-01-07T10:22:57 IST" duration-ms="6057" status="PASS">
          <reporter-output>
          </reporter-output>
        </test-method> <!-- verifyProductOnCart1stTimeTest -->
        <test-method signature="clickOnCustomerButton3rdTime()[pri:16, instance:test.Test007_Buyer_Switching@615c4ea4]" started-at="2025-01-07T10:22:57 IST" name="clickOnCustomerButton3rdTime" description="Click on Customer button again to check no popup came" finished-at="2025-01-07T10:23:08 IST" duration-ms="11307" status="PASS">
          <reporter-output>
          </reporter-output>
        </test-method> <!-- clickOnCustomerButton3rdTime -->
        <test-method signature="verifyProductOnCart2ndTime()[pri:17, instance:test.Test007_Buyer_Switching@615c4ea4]" started-at="2025-01-07T10:23:08 IST" name="verifyProductOnCart2ndTime" description="Count total products on cart after selecting guest customer" finished-at="2025-01-07T10:23:23 IST" duration-ms="15057" status="FAIL">
          <exception class="org.openqa.selenium.NoSuchElementException">
            <message>
              <![CDATA[no such element: Unable to locate element: {"method":"xpath","selector":"//div[@class="MuiGrid-root MuiGrid-item MuiGrid-grid-xs-12 MuiGrid-grid-sm-12 MuiGrid-grid-md-7.85 MuiGrid-grid-xl-7.85 css-1ov68gl"]/div/div[1]/div/div/p[1]"}
  (Session info: chrome=131.0.6778.205)
For documentation on this error, please visit: https://www.selenium.dev/documentation/webdriver/troubleshooting/errors#no-such-element-exception
Build info: version: '4.21.0', revision: '79ed462ef4'
System info: os.name: 'Windows 11', os.arch: 'amd64', os.version: '10.0', java.version: '22.0.1'
Driver info: org.openqa.selenium.chrome.ChromeDriver
Command: [510e4bc5a09d79bf428e440197cf5d73, findElement {using=xpath, value=//div[@class="MuiGrid-root MuiGrid-item MuiGrid-grid-xs-12 MuiGrid-grid-sm-12 MuiGrid-grid-md-7.85 MuiGrid-grid-xl-7.85 css-1ov68gl"]/div/div[1]/div/div/p[1]}]
Capabilities {acceptInsecureCerts: false, browserName: chrome, browserVersion: 131.0.6778.205, chrome: {chromedriverVersion: 131.0.6778.85 (3d81e41b6f3a..., userDataDir: C:\Users\heman\AppData\Loca...}, fedcm:accounts: true, goog:chromeOptions: {debuggerAddress: localhost:51129}, networkConnectionEnabled: false, pageLoadStrategy: normal, platformName: windows, proxy: Proxy(), se:cdp: ws://localhost:51129/devtoo..., se:cdpVersion: 131.0.6778.205, setWindowRect: true, strictFileInteractability: false, timeouts: {implicit: 0, pageLoad: 300000, script: 30000}, unhandledPromptBehavior: dismiss and notify, webauthn:extension:credBlob: true, webauthn:extension:largeBlob: true, webauthn:extension:minPinLength: true, webauthn:extension:prf: true, webauthn:virtualAuthenticators: true}
Session ID: 510e4bc5a09d79bf428e440197cf5d73]]>
            </message>
            <full-stacktrace>
              <![CDATA[org.openqa.selenium.NoSuchElementException: no such element: Unable to locate element: {"method":"xpath","selector":"//div[@class="MuiGrid-root MuiGrid-item MuiGrid-grid-xs-12 MuiGrid-grid-sm-12 MuiGrid-grid-md-7.85 MuiGrid-grid-xl-7.85 css-1ov68gl"]/div/div[1]/div/div/p[1]"}
  (Session info: chrome=131.0.6778.205)
For documentation on this error, please visit: https://www.selenium.dev/documentation/webdriver/troubleshooting/errors#no-such-element-exception
Build info: version: '4.21.0', revision: '79ed462ef4'
System info: os.name: 'Windows 11', os.arch: 'amd64', os.version: '10.0', java.version: '22.0.1'
Driver info: org.openqa.selenium.chrome.ChromeDriver
Command: [510e4bc5a09d79bf428e440197cf5d73, findElement {using=xpath, value=//div[@class="MuiGrid-root MuiGrid-item MuiGrid-grid-xs-12 MuiGrid-grid-sm-12 MuiGrid-grid-md-7.85 MuiGrid-grid-xl-7.85 css-1ov68gl"]/div/div[1]/div/div/p[1]}]
Capabilities {acceptInsecureCerts: false, browserName: chrome, browserVersion: 131.0.6778.205, chrome: {chromedriverVersion: 131.0.6778.85 (3d81e41b6f3a..., userDataDir: C:\Users\heman\AppData\Loca...}, fedcm:accounts: true, goog:chromeOptions: {debuggerAddress: localhost:51129}, networkConnectionEnabled: false, pageLoadStrategy: normal, platformName: windows, proxy: Proxy(), se:cdp: ws://localhost:51129/devtoo..., se:cdpVersion: 131.0.6778.205, setWindowRect: true, strictFileInteractability: false, timeouts: {implicit: 0, pageLoad: 300000, script: 30000}, unhandledPromptBehavior: dismiss and notify, webauthn:extension:credBlob: true, webauthn:extension:largeBlob: true, webauthn:extension:minPinLength: true, webauthn:extension:prf: true, webauthn:virtualAuthenticators: true}
Session ID: 510e4bc5a09d79bf428e440197cf5d73
at java.base/jdk.internal.reflect.DirectConstructorHandleAccessor.newInstance(DirectConstructorHandleAccessor.java:62)
at java.base/java.lang.reflect.Constructor.newInstanceWithCaller(Constructor.java:502)
at java.base/java.lang.reflect.Constructor.newInstance(Constructor.java:486)
at org.openqa.selenium.remote.ErrorCodec.decode(ErrorCodec.java:167)
at org.openqa.selenium.remote.codec.w3c.W3CHttpResponseCodec.decode(W3CHttpResponseCodec.java:138)
at org.openqa.selenium.remote.codec.w3c.W3CHttpResponseCodec.decode(W3CHttpResponseCodec.java:50)
at org.openqa.selenium.remote.HttpCommandExecutor.execute(HttpCommandExecutor.java:190)
at org.openqa.selenium.remote.service.DriverCommandExecutor.invokeExecute(DriverCommandExecutor.java:216)
at org.openqa.selenium.remote.service.DriverCommandExecutor.execute(DriverCommandExecutor.java:174)
at org.openqa.selenium.remote.RemoteWebDriver.execute(RemoteWebDriver.java:518)
at org.openqa.selenium.remote.ElementLocation$ElementFinder$2.findElement(ElementLocation.java:165)
at org.openqa.selenium.remote.ElementLocation.findElement(ElementLocation.java:59)
at org.openqa.selenium.remote.RemoteWebDriver.findElement(RemoteWebDriver.java:355)
at org.openqa.selenium.remote.RemoteWebDriver.findElement(RemoteWebDriver.java:349)
at org.openqa.selenium.support.pagefactory.DefaultElementLocator.findElement(DefaultElementLocator.java:68)
at org.openqa.selenium.support.pagefactory.internal.LocatingElementHandler.invoke(LocatingElementHandler.java:38)
at jdk.proxy2/jdk.proxy2.$Proxy21.isDisplayed(Unknown Source)
at pomPages.POM8_Buyer_Switching.verifyProductOnCart1stTime(POM8_Buyer_Switching.java:241)
at test.Test007_Buyer_Switching.verifyProductOnCart2ndTime(Test007_Buyer_Switching.java:184)
at java.base/jdk.internal.reflect.DirectMethodHandleAccessor.invoke(DirectMethodHandleAccessor.java:103)
at java.base/java.lang.reflect.Method.invoke(Method.java:580)
at org.testng.internal.MethodInvocationHelper.invokeMethod(MethodInvocationHelper.java:133)
at org.testng.internal.TestInvoker.invokeMethod(TestInvoker.java:598)
at org.testng.internal.TestInvoker.invokeTestMethod(TestInvoker.java:173)
at org.testng.internal.MethodRunner.runInSequence(MethodRunner.java:46)
at org.testng.internal.TestInvoker$MethodInvocationAgent.invoke(TestInvoker.java:824)
at org.testng.internal.TestInvoker.invokeTestMethods(TestInvoker.java:146)
at org.testng.internal.TestMethodWorker.invokeTestMethods(TestMethodWorker.java:146)
at org.testng.internal.TestMethodWorker.run(TestMethodWorker.java:128)
at java.base/java.util.ArrayList.forEach(ArrayList.java:1597)
at org.testng.TestRunner.privateRun(TestRunner.java:794)
at org.testng.TestRunner.run(TestRunner.java:596)
at org.testng.SuiteRunner.runTest(SuiteRunner.java:377)
at org.testng.SuiteRunner.runSequentially(SuiteRunner.java:371)
at org.testng.SuiteRunner.privateRun(SuiteRunner.java:332)
at org.testng.SuiteRunner.run(SuiteRunner.java:276)
at org.testng.SuiteRunnerWorker.runSuite(SuiteRunnerWorker.java:53)
at org.testng.SuiteRunnerWorker.run(SuiteRunnerWorker.java:96)
at org.testng.TestNG.runSuitesSequentially(TestNG.java:1212)
at org.testng.TestNG.runSuitesLocally(TestNG.java:1134)
at org.testng.TestNG.runSuites(TestNG.java:1063)
at org.testng.TestNG.run(TestNG.java:1031)
at org.testng.remote.AbstractRemoteTestNG.run(AbstractRemoteTestNG.java:115)
at org.testng.remote.RemoteTestNG.initAndRun(RemoteTestNG.java:293)
at org.testng.remote.RemoteTestNG.main(RemoteTestNG.java:91)
]]>
            </full-stacktrace>
          </exception> <!-- org.openqa.selenium.NoSuchElementException -->
          <reporter-output>
          </reporter-output>
        </test-method> <!-- verifyProductOnCart2ndTime -->
        <test-method signature="clickGuestCustomerButton3rdTimeforReplaceTest()[pri:18, instance:test.Test007_Buyer_Switching@615c4ea4]" started-at="2025-01-07T10:23:23 IST" name="clickGuestCustomerButton3rdTimeforReplaceTest" description="Click on Guest Customer button again to check product added prior" finished-at="2025-01-07T10:23:28 IST" duration-ms="5098" status="PASS">
          <reporter-output>
          </reporter-output>
        </test-method> <!-- clickGuestCustomerButton3rdTimeforReplaceTest -->
        <test-method signature="clickCustomerSearchTextbox3rdTime()[pri:19, instance:test.Test007_Buyer_Switching@615c4ea4]" started-at="2025-01-07T10:23:28 IST" name="clickCustomerSearchTextbox3rdTime" description="Searching customer again in which products were added previously" finished-at="2025-01-07T10:23:33 IST" duration-ms="5184" status="PASS">
          <reporter-output>
          </reporter-output>
        </test-method> <!-- clickCustomerSearchTextbox3rdTime -->
        <test-method signature="clickCustomer2AgainForkeepExistingTest()[pri:20, instance:test.Test007_Buyer_Switching@615c4ea4]" started-at="2025-01-07T10:23:33 IST" name="clickCustomer2AgainForkeepExistingTest" description="Select customer and selecting keep existing from popup as product existed in the customer cart" finished-at="2025-01-07T10:23:54 IST" duration-ms="20207" status="FAIL">
          <exception class="org.openqa.selenium.NoSuchElementException">
            <message>
              <![CDATA[no such element: Unable to locate element: {"method":"xpath","selector":"//button[starts-with(text(),"Keep existing")]"}
  (Session info: chrome=131.0.6778.205)
For documentation on this error, please visit: https://www.selenium.dev/documentation/webdriver/troubleshooting/errors#no-such-element-exception
Build info: version: '4.21.0', revision: '79ed462ef4'
System info: os.name: 'Windows 11', os.arch: 'amd64', os.version: '10.0', java.version: '22.0.1'
Driver info: org.openqa.selenium.chrome.ChromeDriver
Command: [510e4bc5a09d79bf428e440197cf5d73, findElement {using=xpath, value=//button[starts-with(text(),"Keep existing")]}]
Capabilities {acceptInsecureCerts: false, browserName: chrome, browserVersion: 131.0.6778.205, chrome: {chromedriverVersion: 131.0.6778.85 (3d81e41b6f3a..., userDataDir: C:\Users\heman\AppData\Loca...}, fedcm:accounts: true, goog:chromeOptions: {debuggerAddress: localhost:51129}, networkConnectionEnabled: false, pageLoadStrategy: normal, platformName: windows, proxy: Proxy(), se:cdp: ws://localhost:51129/devtoo..., se:cdpVersion: 131.0.6778.205, setWindowRect: true, strictFileInteractability: false, timeouts: {implicit: 0, pageLoad: 300000, script: 30000}, unhandledPromptBehavior: dismiss and notify, webauthn:extension:credBlob: true, webauthn:extension:largeBlob: true, webauthn:extension:minPinLength: true, webauthn:extension:prf: true, webauthn:virtualAuthenticators: true}
Session ID: 510e4bc5a09d79bf428e440197cf5d73]]>
            </message>
            <full-stacktrace>
              <![CDATA[org.openqa.selenium.NoSuchElementException: no such element: Unable to locate element: {"method":"xpath","selector":"//button[starts-with(text(),"Keep existing")]"}
  (Session info: chrome=131.0.6778.205)
For documentation on this error, please visit: https://www.selenium.dev/documentation/webdriver/troubleshooting/errors#no-such-element-exception
Build info: version: '4.21.0', revision: '79ed462ef4'
System info: os.name: 'Windows 11', os.arch: 'amd64', os.version: '10.0', java.version: '22.0.1'
Driver info: org.openqa.selenium.chrome.ChromeDriver
Command: [510e4bc5a09d79bf428e440197cf5d73, findElement {using=xpath, value=//button[starts-with(text(),"Keep existing")]}]
Capabilities {acceptInsecureCerts: false, browserName: chrome, browserVersion: 131.0.6778.205, chrome: {chromedriverVersion: 131.0.6778.85 (3d81e41b6f3a..., userDataDir: C:\Users\heman\AppData\Loca...}, fedcm:accounts: true, goog:chromeOptions: {debuggerAddress: localhost:51129}, networkConnectionEnabled: false, pageLoadStrategy: normal, platformName: windows, proxy: Proxy(), se:cdp: ws://localhost:51129/devtoo..., se:cdpVersion: 131.0.6778.205, setWindowRect: true, strictFileInteractability: false, timeouts: {implicit: 0, pageLoad: 300000, script: 30000}, unhandledPromptBehavior: dismiss and notify, webauthn:extension:credBlob: true, webauthn:extension:largeBlob: true, webauthn:extension:minPinLength: true, webauthn:extension:prf: true, webauthn:virtualAuthenticators: true}
Session ID: 510e4bc5a09d79bf428e440197cf5d73
at java.base/jdk.internal.reflect.DirectConstructorHandleAccessor.newInstance(DirectConstructorHandleAccessor.java:62)
at java.base/java.lang.reflect.Constructor.newInstanceWithCaller(Constructor.java:502)
at java.base/java.lang.reflect.Constructor.newInstance(Constructor.java:486)
at org.openqa.selenium.remote.ErrorCodec.decode(ErrorCodec.java:167)
at org.openqa.selenium.remote.codec.w3c.W3CHttpResponseCodec.decode(W3CHttpResponseCodec.java:138)
at org.openqa.selenium.remote.codec.w3c.W3CHttpResponseCodec.decode(W3CHttpResponseCodec.java:50)
at org.openqa.selenium.remote.HttpCommandExecutor.execute(HttpCommandExecutor.java:190)
at org.openqa.selenium.remote.service.DriverCommandExecutor.invokeExecute(DriverCommandExecutor.java:216)
at org.openqa.selenium.remote.service.DriverCommandExecutor.execute(DriverCommandExecutor.java:174)
at org.openqa.selenium.remote.RemoteWebDriver.execute(RemoteWebDriver.java:518)
at org.openqa.selenium.remote.ElementLocation$ElementFinder$2.findElement(ElementLocation.java:165)
at org.openqa.selenium.remote.ElementLocation.findElement(ElementLocation.java:59)
at org.openqa.selenium.remote.RemoteWebDriver.findElement(RemoteWebDriver.java:355)
at org.openqa.selenium.remote.RemoteWebDriver.findElement(RemoteWebDriver.java:349)
at org.openqa.selenium.support.pagefactory.DefaultElementLocator.findElement(DefaultElementLocator.java:68)
at org.openqa.selenium.support.pagefactory.internal.LocatingElementHandler.invoke(LocatingElementHandler.java:38)
at jdk.proxy2/jdk.proxy2.$Proxy21.isEnabled(Unknown Source)
at pomPages.POM8_Buyer_Switching.clickCustomer2AgainForkeepExisting(POM8_Buyer_Switching.java:302)
at test.Test007_Buyer_Switching.clickCustomer2AgainForkeepExistingTest(Test007_Buyer_Switching.java:213)
at java.base/jdk.internal.reflect.DirectMethodHandleAccessor.invoke(DirectMethodHandleAccessor.java:103)
at java.base/java.lang.reflect.Method.invoke(Method.java:580)
at org.testng.internal.MethodInvocationHelper.invokeMethod(MethodInvocationHelper.java:133)
at org.testng.internal.TestInvoker.invokeMethod(TestInvoker.java:598)
at org.testng.internal.TestInvoker.invokeTestMethod(TestInvoker.java:173)
at org.testng.internal.MethodRunner.runInSequence(MethodRunner.java:46)
at org.testng.internal.TestInvoker$MethodInvocationAgent.invoke(TestInvoker.java:824)
at org.testng.internal.TestInvoker.invokeTestMethods(TestInvoker.java:146)
at org.testng.internal.TestMethodWorker.invokeTestMethods(TestMethodWorker.java:146)
at org.testng.internal.TestMethodWorker.run(TestMethodWorker.java:128)
at java.base/java.util.ArrayList.forEach(ArrayList.java:1597)
at org.testng.TestRunner.privateRun(TestRunner.java:794)
at org.testng.TestRunner.run(TestRunner.java:596)
at org.testng.SuiteRunner.runTest(SuiteRunner.java:377)
at org.testng.SuiteRunner.runSequentially(SuiteRunner.java:371)
at org.testng.SuiteRunner.privateRun(SuiteRunner.java:332)
at org.testng.SuiteRunner.run(SuiteRunner.java:276)
at org.testng.SuiteRunnerWorker.runSuite(SuiteRunnerWorker.java:53)
at org.testng.SuiteRunnerWorker.run(SuiteRunnerWorker.java:96)
at org.testng.TestNG.runSuitesSequentially(TestNG.java:1212)
at org.testng.TestNG.runSuitesLocally(TestNG.java:1134)
at org.testng.TestNG.runSuites(TestNG.java:1063)
at org.testng.TestNG.run(TestNG.java:1031)
at org.testng.remote.AbstractRemoteTestNG.run(AbstractRemoteTestNG.java:115)
at org.testng.remote.RemoteTestNG.initAndRun(RemoteTestNG.java:293)
at org.testng.remote.RemoteTestNG.main(RemoteTestNG.java:91)
]]>
            </full-stacktrace>
          </exception> <!-- org.openqa.selenium.NoSuchElementException -->
          <reporter-output>
          </reporter-output>
        </test-method> <!-- clickCustomer2AgainForkeepExistingTest -->
        <test-method signature="verifyProductOnCart3rdTimeTest()[pri:21, instance:test.Test007_Buyer_Switching@615c4ea4]" started-at="2025-01-07T10:23:54 IST" name="verifyProductOnCart3rdTimeTest" description="Count total products on cart after buyer switching after selecting keep existing from popup" finished-at="2025-01-07T10:24:00 IST" duration-ms="6062" status="PASS">
          <reporter-output>
          </reporter-output>
        </test-method> <!-- verifyProductOnCart3rdTimeTest -->
        <test-method signature="clickGuestCustomerButton4thTime()[pri:22, instance:test.Test007_Buyer_Switching@615c4ea4]" started-at="2025-01-07T10:24:00 IST" name="clickGuestCustomerButton4thTime" description="Click on Guest Customer button again to check product added prior" finished-at="2025-01-07T10:24:05 IST" duration-ms="5130" status="PASS">
          <reporter-output>
          </reporter-output>
        </test-method> <!-- clickGuestCustomerButton4thTime -->
        <test-method signature="clickCustomerSearchTextbox4thTime()[pri:23, instance:test.Test007_Buyer_Switching@615c4ea4]" started-at="2025-01-07T10:24:05 IST" name="clickCustomerSearchTextbox4thTime" description="Searching customer again in which products were added previously" finished-at="2025-01-07T10:24:10 IST" duration-ms="5112" status="PASS">
          <reporter-output>
          </reporter-output>
        </test-method> <!-- clickCustomerSearchTextbox4thTime -->
        <test-method signature="clickCustomerSearchTextbox4theTime()[pri:24, instance:test.Test007_Buyer_Switching@615c4ea4]" started-at="2025-01-07T10:24:10 IST" name="clickCustomerSearchTextbox4theTime" description="Select customer and selecting replace from popup as product existed in the customer cart" finished-at="2025-01-07T10:24:20 IST" duration-ms="10282" status="PASS">
          <reporter-output>
          </reporter-output>
        </test-method> <!-- clickCustomerSearchTextbox4theTime -->
        <test-method signature="clickCustomer4ForReplaceTest()[pri:25, instance:test.Test007_Buyer_Switching@615c4ea4]" started-at="2025-01-07T10:24:20 IST" name="clickCustomer4ForReplaceTest" description="Count total products on cart after buyer switching after selecting replace from popup" finished-at="2025-01-07T10:24:26 IST" duration-ms="6076" status="PASS">
          <reporter-output>
          </reporter-output>
        </test-method> <!-- clickCustomer4ForReplaceTest -->
        <test-method is-config="true" signature="closeBrowser()[pri:0, instance:test.Test007_Buyer_Switching@615c4ea4]" started-at="2025-01-07T10:24:26 IST" name="closeBrowser" finished-at="2025-01-07T10:24:32 IST" duration-ms="5276" status="PASS">
          <reporter-output>
          </reporter-output>
        </test-method> <!-- closeBrowser -->
      </class> <!-- test.Test007_Buyer_Switching -->
      <class name="test.Test001_Login_Logout">
        <test-method signature="openBrowser()[pri:1, instance:test.Test001_Login_Logout@3aca2579]" started-at="2025-01-07T10:02:26 IST" name="openBrowser" description="Launching browser and open URL" finished-at="2025-01-07T10:02:31 IST" duration-ms="5615" status="PASS">
          <reporter-output>
          </reporter-output>
        </test-method> <!-- openBrowser -->
        <test-method signature="loginPageTitleTest()[pri:2, instance:test.Test001_Login_Logout@3aca2579]" started-at="2025-01-07T10:02:31 IST" name="loginPageTitleTest" description="Validating Login Page Title" finished-at="2025-01-07T10:02:31 IST" duration-ms="36" status="PASS">
          <reporter-output>
          </reporter-output>
        </test-method> <!-- loginPageTitleTest -->
        <test-method signature="logoTest()[pri:3, instance:test.Test001_Login_Logout@3aca2579]" started-at="2025-01-07T10:02:31 IST" name="logoTest" description="Validating Page Logo" finished-at="2025-01-07T10:02:32 IST" duration-ms="1092" status="PASS">
          <reporter-output>
          </reporter-output>
        </test-method> <!-- logoTest -->
        <test-method signature="headingTest()[pri:4, instance:test.Test001_Login_Logout@3aca2579]" started-at="2025-01-07T10:02:32 IST" name="headingTest" description="Validating Page Heading" finished-at="2025-01-07T10:02:32 IST" duration-ms="57" status="PASS">
          <reporter-output>
          </reporter-output>
        </test-method> <!-- headingTest -->
        <test-method signature="passwordEyeTest()[pri:5, instance:test.Test001_Login_Logout@3aca2579]" started-at="2025-01-07T10:02:32 IST" name="passwordEyeTest" description="Validating Password Eye Button" finished-at="2025-01-07T10:02:33 IST" duration-ms="69" status="PASS">
          <reporter-output>
          </reporter-output>
        </test-method> <!-- passwordEyeTest -->
        <test-method signature="forgotPassTest()[pri:6, instance:test.Test001_Login_Logout@3aca2579]" started-at="2025-01-07T10:02:33 IST" name="forgotPassTest" description="Validating Forgot Password Button" finished-at="2025-01-07T10:02:33 IST" duration-ms="45" status="PASS">
          <reporter-output>
          </reporter-output>
        </test-method> <!-- forgotPassTest -->
        <test-method signature="bottomLineTest()[pri:7, instance:test.Test001_Login_Logout@3aca2579]" started-at="2025-01-07T10:02:33 IST" name="bottomLineTest" description="Validating Bottom Line Title" finished-at="2025-01-07T10:02:33 IST" duration-ms="41" status="PASS">
          <reporter-output>
          </reporter-output>
        </test-method> <!-- bottomLineTest -->
        <test-method signature="bookaDemoTest()[pri:8, instance:test.Test001_Login_Logout@3aca2579]" started-at="2025-01-07T10:02:33 IST" name="bookaDemoTest" description="Validating Book a Demo Button" finished-at="2025-01-07T10:02:33 IST" duration-ms="37" status="PASS">
          <reporter-output>
          </reporter-output>
        </test-method> <!-- bookaDemoTest -->
        <test-method signature="loginAllCasesTest(java.lang.String,java.lang.String)[pri:9, instance:test.Test001_Login_Logout@3aca2579]" started-at="2025-01-07T10:02:36 IST" name="loginAllCasesTest" description="Login Cases" data-provider="credentials" finished-at="2025-01-07T10:02:45 IST" duration-ms="8532" status="PASS">
          <params>
            <param index="0">
              <value>
                <![CDATA[demo@sourcewiz.co]]>
              </value>
            </param>
            <param index="1">
              <value>
                <![CDATA[]]>
              </value>
            </param>
          </params>
          <reporter-output>
          </reporter-output>
        </test-method> <!-- loginAllCasesTest -->
        <test-method signature="loginAllCasesTest(java.lang.String,java.lang.String)[pri:9, instance:test.Test001_Login_Logout@3aca2579]" started-at="2025-01-07T10:02:45 IST" name="loginAllCasesTest" description="Login Cases" data-provider="credentials" finished-at="2025-01-07T10:02:55 IST" duration-ms="9692" status="PASS">
          <params>
            <param index="0">
              <value>
                <![CDATA[xyz@sourcewiz.co]]>
              </value>
            </param>
            <param index="1">
              <value>
                <![CDATA[]]>
              </value>
            </param>
          </params>
          <reporter-output>
          </reporter-output>
        </test-method> <!-- loginAllCasesTest -->
        <test-method signature="loginAllCasesTest(java.lang.String,java.lang.String)[pri:9, instance:test.Test001_Login_Logout@3aca2579]" started-at="2025-01-07T10:02:55 IST" name="loginAllCasesTest" description="Login Cases" data-provider="credentials" finished-at="2025-01-07T10:03:04 IST" duration-ms="9657" status="PASS">
          <params>
            <param index="0">
              <value>
                <![CDATA[]]>
              </value>
            </param>
            <param index="1">
              <value>
                <![CDATA[admin123]]>
              </value>
            </param>
          </params>
          <reporter-output>
          </reporter-output>
        </test-method> <!-- loginAllCasesTest -->
        <test-method signature="loginAllCasesTest(java.lang.String,java.lang.String)[pri:9, instance:test.Test001_Login_Logout@3aca2579]" started-at="2025-01-07T10:03:04 IST" name="loginAllCasesTest" description="Login Cases" data-provider="credentials" finished-at="2025-01-07T10:03:13 IST" duration-ms="8979" status="PASS">
          <params>
            <param index="0">
              <value>
                <![CDATA[xyz@sourcewiz.co]]>
              </value>
            </param>
            <param index="1">
              <value>
                <![CDATA[lui]]>
              </value>
            </param>
          </params>
          <reporter-output>
          </reporter-output>
        </test-method> <!-- loginAllCasesTest -->
        <test-method signature="loginAllCasesTest(java.lang.String,java.lang.String)[pri:9, instance:test.Test001_Login_Logout@3aca2579]" started-at="2025-01-07T10:03:13 IST" name="loginAllCasesTest" description="Login Cases" data-provider="credentials" finished-at="2025-01-07T10:03:23 IST" duration-ms="10306" status="PASS">
          <params>
            <param index="0">
              <value>
                <![CDATA[qateam@wizcommerce.com]]>
              </value>
            </param>
            <param index="1">
              <value>
                <![CDATA[admin]]>
              </value>
            </param>
          </params>
          <reporter-output>
          </reporter-output>
        </test-method> <!-- loginAllCasesTest -->
        <test-method signature="logoutTest()[pri:10, instance:test.Test001_Login_Logout@3aca2579]" started-at="2025-01-07T10:03:23 IST" name="logoutTest" description="Logout" finished-at="2025-01-07T10:03:28 IST" depends-on-methods="test.Test001_Login_Logout.loginAllCasesTest" duration-ms="4472" status="PASS">
          <reporter-output>
          </reporter-output>
        </test-method> <!-- logoutTest -->
        <test-method signature="closeBrowser()[pri:11, instance:test.Test001_Login_Logout@3aca2579]" started-at="2025-01-07T10:03:28 IST" name="closeBrowser" description="Closing browser" finished-at="2025-01-07T10:03:33 IST" duration-ms="5288" status="PASS">
          <reporter-output>
          </reporter-output>
        </test-method> <!-- closeBrowser -->
      </class> <!-- test.Test001_Login_Logout -->
      <class name="test.Test008_Container">
        <test-method is-config="true" signature="openBrowser()[pri:0, instance:test.Test008_Container@417446d9]" started-at="2025-01-07T10:24:32 IST" name="openBrowser" finished-at="2025-01-07T10:24:37 IST" duration-ms="5032" status="PASS">
          <reporter-output>
          </reporter-output>
        </test-method> <!-- openBrowser -->
        <test-method signature="productButtonTest()[pri:1, instance:test.Test008_Container@417446d9]" started-at="2025-01-07T10:24:37 IST" name="productButtonTest" description="Click on product button" finished-at="2025-01-07T10:24:38 IST" duration-ms="1775" status="PASS">
          <reporter-output>
          </reporter-output>
        </test-method> <!-- productButtonTest -->
        <test-method signature="selectProduct()[pri:2, instance:test.Test008_Container@417446d9]" started-at="2025-01-07T10:24:38 IST" name="selectProduct" description="Adding products to cart" finished-at="2025-01-07T10:24:50 IST" duration-ms="12123" status="PASS">
          <reporter-output>
          </reporter-output>
        </test-method> <!-- selectProduct -->
        <test-method signature="selectCart()[pri:3, instance:test.Test008_Container@417446d9]" started-at="2025-01-07T10:24:50 IST" name="selectCart" description="Moving towards Cart page" finished-at="2025-01-07T10:24:55 IST" duration-ms="4157" status="PASS">
          <reporter-output>
          </reporter-output>
        </test-method> <!-- selectCart -->
        <test-method signature="containerBoxVisibilityTest()[pri:4, instance:test.Test008_Container@417446d9]" started-at="2025-01-07T10:24:55 IST" name="containerBoxVisibilityTest" description="Checking container box visible on cart page" finished-at="2025-01-07T10:24:58 IST" duration-ms="3059" status="PASS">
          <reporter-output>
          </reporter-output>
        </test-method> <!-- containerBoxVisibilityTest -->
        <test-method signature="toggleSwitchTest()[pri:5, instance:test.Test008_Container@417446d9]" started-at="2025-01-07T10:24:58 IST" name="toggleSwitchTest" description="handling toggle switch" finished-at="2025-01-07T10:25:04 IST" duration-ms="6220" status="PASS">
          <reporter-output>
          </reporter-output>
        </test-method> <!-- toggleSwitchTest -->
        <test-method signature="clickCreateOrderTest()[pri:6, instance:test.Test008_Container@417446d9]" started-at="2025-01-07T10:25:04 IST" name="clickCreateOrderTest" description="clicking on Create quote button on cart page" finished-at="2025-01-07T10:25:09 IST" duration-ms="5219" status="PASS">
          <reporter-output>
          </reporter-output>
        </test-method> <!-- clickCreateOrderTest -->
        <test-method signature="clickChooseCustomerTest()[pri:7, instance:test.Test008_Container@417446d9]" started-at="2025-01-07T10:25:09 IST" name="clickChooseCustomerTest" description="clicking on Choose customer button" finished-at="2025-01-07T10:25:17 IST" duration-ms="8181" status="PASS">
          <reporter-output>
          </reporter-output>
        </test-method> <!-- clickChooseCustomerTest -->
        <test-method signature="customerSearchTest()[pri:8, instance:test.Test008_Container@417446d9]" started-at="2025-01-07T10:25:17 IST" name="customerSearchTest" description="Searching customer" finished-at="2025-01-07T10:25:33 IST" duration-ms="15358" status="PASS">
          <reporter-output>
          </reporter-output>
        </test-method> <!-- customerSearchTest -->
        <test-method signature="checkContainerOnCartPageAfterSelectingCustomerTest()[pri:10, instance:test.Test008_Container@417446d9]" started-at="2025-01-07T10:25:33 IST" name="checkContainerOnCartPageAfterSelectingCustomerTest" description="Checking toggle switch off after selecting customer" finished-at="2025-01-07T10:25:36 IST" duration-ms="3231" status="PASS">
          <reporter-output>
          </reporter-output>
        </test-method> <!-- checkContainerOnCartPageAfterSelectingCustomerTest -->
        <test-method signature="defaultCFTTest()[pri:11, instance:test.Test008_Container@417446d9]" started-at="2025-01-07T10:25:36 IST" name="defaultCFTTest" description="Checking that by default CFT is displaying and in bottom totalCFT value is showing" finished-at="2025-01-07T10:25:36 IST" duration-ms="39" status="PASS">
          <reporter-output>
          </reporter-output>
        </test-method> <!-- defaultCFTTest -->
        <test-method signature="clickCBMTest()[pri:12, instance:test.Test008_Container@417446d9]" started-at="2025-01-07T10:25:36 IST" name="clickCBMTest" description="Checking that by click on CBM, in bottom totalCBM value is showing" finished-at="2025-01-07T10:25:41 IST" duration-ms="5125" status="PASS">
          <reporter-output>
          </reporter-output>
        </test-method> <!-- clickCBMTest -->
        <test-method signature="selctCBMFromDropdownTest()[pri:13, instance:test.Test008_Container@417446d9]" started-at="2025-01-07T10:25:41 IST" name="selctCBMFromDropdownTest" description="Selecting from CBM dropdown" finished-at="2025-01-07T10:26:06 IST" duration-ms="24424" status="PASS">
          <reporter-output>
          </reporter-output>
        </test-method> <!-- selctCBMFromDropdownTest -->
        <test-method signature="clickCFTAgainAndSelctCFTFromDropdownTest()[pri:14, instance:test.Test008_Container@417446d9]" started-at="2025-01-07T10:26:06 IST" name="clickCFTAgainAndSelctCFTFromDropdownTest" description="Click on CFT again and selecting from CFT dropdown" finished-at="2025-01-07T10:26:30 IST" duration-ms="24445" status="PASS">
          <reporter-output>
          </reporter-output>
        </test-method> <!-- clickCFTAgainAndSelctCFTFromDropdownTest -->
        <test-method signature="toggleSwitchAgainTest()[pri:15, instance:test.Test008_Container@417446d9]" started-at="2025-01-07T10:26:30 IST" name="toggleSwitchAgainTest" description="handling toggle switch again" finished-at="2025-01-07T10:26:36 IST" duration-ms="6218" status="PASS">
          <reporter-output>
          </reporter-output>
        </test-method> <!-- toggleSwitchAgainTest -->
        <test-method signature="clickCreateOrder2ButtonTest()[pri:16, instance:test.Test008_Container@417446d9]" started-at="2025-01-07T10:26:36 IST" name="clickCreateOrder2ButtonTest" description="Click on create quote" finished-at="2025-01-07T10:26:44 IST" duration-ms="8130" status="PASS">
          <reporter-output>
          </reporter-output>
        </test-method> <!-- clickCreateOrder2ButtonTest -->
        <test-method signature="clickProceedButtonTest()[pri:17, instance:test.Test008_Container@417446d9]" started-at="2025-01-07T10:26:44 IST" name="clickProceedButtonTest" description="Click on proceed button" finished-at="2025-01-07T10:26:50 IST" duration-ms="5146" status="PASS">
          <reporter-output>
          </reporter-output>
        </test-method> <!-- clickProceedButtonTest -->
        <test-method signature="toggleSwitchCheckTest()[pri:18, instance:test.Test008_Container@417446d9]" started-at="2025-01-07T10:26:50 IST" name="toggleSwitchCheckTest" description="Checking container box not visible on cart page" finished-at="2025-01-07T10:26:53 IST" duration-ms="3006" status="PASS">
          <reporter-output>
          </reporter-output>
        </test-method> <!-- toggleSwitchCheckTest -->
        <test-method signature="clickEditButtonTest()[pri:19, instance:test.Test008_Container@417446d9]" started-at="2025-01-07T10:26:53 IST" name="clickEditButtonTest" description="Click on edit button" finished-at="2025-01-07T10:26:58 IST" duration-ms="5124" status="PASS">
          <reporter-output>
          </reporter-output>
        </test-method> <!-- clickEditButtonTest -->
        <test-method signature="clickAddProductsButtonTest()[pri:20, instance:test.Test008_Container@417446d9]" started-at="2025-01-07T10:26:58 IST" name="clickAddProductsButtonTest" description="Click on Add product button" finished-at="2025-01-07T10:27:06 IST" duration-ms="8197" status="PASS">
          <reporter-output>
          </reporter-output>
        </test-method> <!-- clickAddProductsButtonTest -->
        <test-method signature="selectmoreProductTest()[pri:21, instance:test.Test008_Container@417446d9]" started-at="2025-01-07T10:27:06 IST" name="selectmoreProductTest" description="Adding more products to cart" finished-at="2025-01-07T10:27:33 IST" duration-ms="26730" status="PASS">
          <reporter-output>
          </reporter-output>
        </test-method> <!-- selectmoreProductTest -->
        <test-method signature="selectCartAgainTest()[pri:22, instance:test.Test008_Container@417446d9]" started-at="2025-01-07T10:27:33 IST" name="selectCartAgainTest" description="Moving again towards Cart page" finished-at="2025-01-07T10:27:36 IST" duration-ms="3146" status="PASS">
          <reporter-output>
          </reporter-output>
        </test-method> <!-- selectCartAgainTest -->
        <test-method signature="toggleSwitchCheckTest2()[pri:23, instance:test.Test008_Container@417446d9]" started-at="2025-01-07T10:27:36 IST" name="toggleSwitchCheckTest2" description="Checking again container box not visible on cart page" finished-at="2025-01-07T10:27:39 IST" duration-ms="3019" status="PASS">
          <reporter-output>
          </reporter-output>
        </test-method> <!-- toggleSwitchCheckTest2 -->
        <test-method signature="clickUpdateQuoteButtonTest()[pri:24, instance:test.Test008_Container@417446d9]" started-at="2025-01-07T10:27:39 IST" name="clickUpdateQuoteButtonTest" description="Click on update quote button" finished-at="2025-01-07T10:27:47 IST" duration-ms="8162" status="PASS">
          <reporter-output>
          </reporter-output>
        </test-method> <!-- clickUpdateQuoteButtonTest -->
        <test-method signature="toggleSwitchCheckTest3()[pri:25, instance:test.Test008_Container@417446d9]" started-at="2025-01-07T10:27:47 IST" name="toggleSwitchCheckTest3" description="Checking after updating quote, container box not visible on cart page" finished-at="2025-01-07T10:27:50 IST" duration-ms="3008" status="PASS">
          <reporter-output>
          </reporter-output>
        </test-method> <!-- toggleSwitchCheckTest3 -->
        <test-method is-config="true" signature="closeBrowser()[pri:0, instance:test.Test008_Container@417446d9]" started-at="2025-01-07T10:27:50 IST" name="closeBrowser" finished-at="2025-01-07T10:27:55 IST" duration-ms="5215" status="PASS">
          <reporter-output>
          </reporter-output>
        </test-method> <!-- closeBrowser -->
      </class> <!-- test.Test008_Container -->
      <class name="test.Test006_Draft">
        <test-method is-config="true" signature="openBrowser()[pri:0, instance:test.Test006_Draft@20914835]" started-at="2025-01-07T10:17:55 IST" name="openBrowser" finished-at="2025-01-07T10:18:00 IST" duration-ms="4317" status="PASS">
          <reporter-output>
          </reporter-output>
        </test-method> <!-- openBrowser -->
        <test-method signature="productButtonTest()[pri:1, instance:test.Test006_Draft@20914835]" started-at="2025-01-07T10:18:00 IST" name="productButtonTest" description="Click on product button" finished-at="2025-01-07T10:18:02 IST" duration-ms="2575" status="PASS">
          <reporter-output>
          </reporter-output>
        </test-method> <!-- productButtonTest -->
        <test-method signature="selectProduct()[pri:2, instance:test.Test006_Draft@20914835]" started-at="2025-01-07T10:18:02 IST" name="selectProduct" description="Adding products to cart" finished-at="2025-01-07T10:18:14 IST" duration-ms="11774" status="PASS">
          <reporter-output>
          </reporter-output>
        </test-method> <!-- selectProduct -->
        <test-method signature="selectCart()[pri:3, instance:test.Test006_Draft@20914835]" started-at="2025-01-07T10:18:14 IST" name="selectCart" description="Moving towards Cart page" finished-at="2025-01-07T10:18:18 IST" duration-ms="4183" status="PASS">
          <reporter-output>
          </reporter-output>
        </test-method> <!-- selectCart -->
        <test-method signature="clickCreateOrderTest()[pri:4, instance:test.Test006_Draft@20914835]" started-at="2025-01-07T10:18:18 IST" name="clickCreateOrderTest" description="clicking on Create quote button on cart page" finished-at="2025-01-07T10:18:23 IST" duration-ms="5166" status="PASS">
          <reporter-output>
          </reporter-output>
        </test-method> <!-- clickCreateOrderTest -->
        <test-method signature="clickChooseCustomerTest()[pri:5, instance:test.Test006_Draft@20914835]" started-at="2025-01-07T10:18:23 IST" name="clickChooseCustomerTest" description="clicking on Choose customer button" finished-at="2025-01-07T10:18:32 IST" duration-ms="8184" status="PASS">
          <reporter-output>
          </reporter-output>
        </test-method> <!-- clickChooseCustomerTest -->
        <test-method signature="customerSearchTest()[pri:6, instance:test.Test006_Draft@20914835]" started-at="2025-01-07T10:18:32 IST" name="customerSearchTest" description="Searching customer" finished-at="2025-01-07T10:18:47 IST" duration-ms="15294" status="PASS">
          <reporter-output>
          </reporter-output>
        </test-method> <!-- customerSearchTest -->
        <test-method signature="clickCreateOrder2ButtonTest()[pri:7, instance:test.Test006_Draft@20914835]" started-at="2025-01-07T10:18:47 IST" name="clickCreateOrder2ButtonTest" description="Click on create quote" finished-at="2025-01-07T10:18:55 IST" duration-ms="8138" status="PASS">
          <reporter-output>
          </reporter-output>
        </test-method> <!-- clickCreateOrder2ButtonTest -->
        <test-method signature="clickProceedButtonTest()[pri:8, instance:test.Test006_Draft@20914835]" started-at="2025-01-07T10:18:55 IST" name="clickProceedButtonTest" description="Click on proceed button" finished-at="2025-01-07T10:19:00 IST" duration-ms="5181" status="PASS">
          <reporter-output>
          </reporter-output>
        </test-method> <!-- clickProceedButtonTest -->
        <test-method signature="copyOrderIdTest()[pri:9, instance:test.Test006_Draft@20914835]" started-at="2025-01-07T10:19:00 IST" name="copyOrderIdTest" description="Copy Id" finished-at="2025-01-07T10:19:14 IST" duration-ms="13308" status="PASS">
          <reporter-output>
          </reporter-output>
        </test-method> <!-- copyOrderIdTest -->
        <test-method signature="selectSaveForLater()[pri:10, instance:test.Test006_Draft@20914835]" started-at="2025-01-07T10:19:14 IST" name="selectSaveForLater" description="Selecting save for later to submit quote" finished-at="2025-01-07T10:19:22 IST" duration-ms="8151" status="PASS">
          <reporter-output>
          </reporter-output>
        </test-method> <!-- selectSaveForLater -->
        <test-method signature="pasteOrderIdTest()[pri:11, instance:test.Test006_Draft@20914835]" started-at="2025-01-07T10:19:22 IST" name="pasteOrderIdTest" description="Paste Id in reference textbox" finished-at="2025-01-07T10:19:39 IST" duration-ms="17516" status="PASS">
          <reporter-output>
          </reporter-output>
        </test-method> <!-- pasteOrderIdTest -->
        <test-method signature="getTypeStatusTest()[pri:12, instance:test.Test006_Draft@20914835]" started-at="2025-01-07T10:19:39 IST" name="getTypeStatusTest" description="Get type status" finished-at="2025-01-07T10:19:42 IST" duration-ms="3061" status="PASS">
          <reporter-output>
          </reporter-output>
        </test-method> <!-- getTypeStatusTest -->
        <test-method signature="getDarftStatusTest()[pri:13, instance:test.Test006_Draft@20914835]" started-at="2025-01-07T10:19:42 IST" name="getDarftStatusTest" description="Get status" finished-at="2025-01-07T10:19:45 IST" duration-ms="3076" status="PASS">
          <reporter-output>
          </reporter-output>
        </test-method> <!-- getDarftStatusTest -->
        <test-method signature="customerNameVerificationTest()[pri:14, instance:test.Test006_Draft@20914835]" started-at="2025-01-07T10:19:45 IST" name="customerNameVerificationTest" description="Get customer name" finished-at="2025-01-07T10:19:48 IST" duration-ms="3107" status="PASS">
          <reporter-output>
          </reporter-output>
        </test-method> <!-- customerNameVerificationTest -->
        <test-method signature="clickDarftTest()[pri:15, instance:test.Test006_Draft@20914835]" started-at="2025-01-07T10:19:48 IST" name="clickDarftTest" description="Click on Drafts button" finished-at="2025-01-07T10:19:52 IST" duration-ms="3316" status="PASS">
          <reporter-output>
          </reporter-output>
        </test-method> <!-- clickDarftTest -->
        <test-method signature="pasteOrderIdOnDraftsTest()[pri:16, instance:test.Test006_Draft@20914835]" started-at="2025-01-07T10:19:52 IST" name="pasteOrderIdOnDraftsTest" description="Paste Id in reference textbox on Drafts" finished-at="2025-01-07T10:20:10 IST" duration-ms="18200" status="PASS">
          <reporter-output>
          </reporter-output>
        </test-method> <!-- pasteOrderIdOnDraftsTest -->
        <test-method signature="getDarftTypeStatusTest()[pri:17, instance:test.Test006_Draft@20914835]" started-at="2025-01-07T10:20:10 IST" name="getDarftTypeStatusTest" description="Get type status on drafts" finished-at="2025-01-07T10:20:13 IST" duration-ms="3063" status="PASS">
          <reporter-output>
          </reporter-output>
        </test-method> <!-- getDarftTypeStatusTest -->
        <test-method signature="getStatusOnDraftTest()[pri:18, instance:test.Test006_Draft@20914835]" started-at="2025-01-07T10:20:13 IST" name="getStatusOnDraftTest" description="Get status on drafts" finished-at="2025-01-07T10:20:16 IST" duration-ms="3090" status="PASS">
          <reporter-output>
          </reporter-output>
        </test-method> <!-- getStatusOnDraftTest -->
        <test-method signature="customerNameVerificationOnDraftTest()[pri:19, instance:test.Test006_Draft@20914835]" started-at="2025-01-07T10:20:16 IST" name="customerNameVerificationOnDraftTest" description="Get customer name" finished-at="2025-01-07T10:20:19 IST" duration-ms="3065" status="PASS">
          <reporter-output>
          </reporter-output>
        </test-method> <!-- customerNameVerificationOnDraftTest -->
        <test-method signature="clickmainIdTest()[pri:20, instance:test.Test006_Draft@20914835]" started-at="2025-01-07T10:20:19 IST" name="clickmainIdTest" description="Click on mainID" finished-at="2025-01-07T10:20:22 IST" duration-ms="3180" status="PASS">
          <reporter-output>
          </reporter-output>
        </test-method> <!-- clickmainIdTest -->
        <test-method signature="clickSubmitQuoteTest()[pri:21, instance:test.Test006_Draft@20914835]" started-at="2025-01-07T10:20:22 IST" name="clickSubmitQuoteTest" description="Click on Submit Quote" finished-at="2025-01-07T10:20:29 IST" duration-ms="6882" status="PASS">
          <reporter-output>
          </reporter-output>
        </test-method> <!-- clickSubmitQuoteTest -->
        <test-method signature="clickConvertToOrderTest()[pri:22, instance:test.Test006_Draft@20914835]" started-at="2025-01-07T10:20:29 IST" name="clickConvertToOrderTest" description="Click on convert to order" finished-at="2025-01-07T10:20:35 IST" duration-ms="6115" status="PASS">
          <reporter-output>
          </reporter-output>
        </test-method> <!-- clickConvertToOrderTest -->
        <test-method signature="handlingCheckbox1Test()[pri:22, instance:test.Test006_Draft@20914835]" started-at="2025-01-07T10:20:35 IST" name="handlingCheckbox1Test" description="Handling check box 1" finished-at="2025-01-07T10:20:47 IST" duration-ms="11170" status="PASS">
          <reporter-output>
          </reporter-output>
        </test-method> <!-- handlingCheckbox1Test -->
        <test-method signature="clickSubmitOrderButtonTest()[pri:23, instance:test.Test006_Draft@20914835]" started-at="2025-01-07T10:20:47 IST" name="clickSubmitOrderButtonTest" description="Click on submit order" finished-at="2025-01-07T10:20:52 IST" duration-ms="5121" status="PASS">
          <reporter-output>
          </reporter-output>
        </test-method> <!-- clickSubmitOrderButtonTest -->
        <test-method signature="handlingCheckbox2Test()[pri:24, instance:test.Test006_Draft@20914835]" started-at="2025-01-07T10:20:52 IST" name="handlingCheckbox2Test" description="Handling check box 2" finished-at="2025-01-07T10:21:02 IST" duration-ms="10183" status="PASS">
          <reporter-output>
          </reporter-output>
        </test-method> <!-- handlingCheckbox2Test -->
        <test-method is-config="true" signature="closeBrowser()[pri:0, instance:test.Test006_Draft@20914835]" started-at="2025-01-07T10:21:02 IST" name="closeBrowser" finished-at="2025-01-07T10:21:07 IST" duration-ms="5206" status="PASS">
          <reporter-output>
          </reporter-output>
        </test-method> <!-- closeBrowser -->
      </class> <!-- test.Test006_Draft -->
      <class name="test.Test005_Edit_Quote_02">
        <test-method is-config="true" signature="openBrowser()[pri:0, instance:test.Test005_Edit_Quote_02@1e9d7366]" started-at="2025-01-07T10:15:02 IST" name="openBrowser" finished-at="2025-01-07T10:15:07 IST" duration-ms="4594" status="PASS">
          <reporter-output>
          </reporter-output>
        </test-method> <!-- openBrowser -->
        <test-method signature="productButtonTest()[pri:1, instance:test.Test005_Edit_Quote_02@1e9d7366]" started-at="2025-01-07T10:15:07 IST" name="productButtonTest" description="Click on product button" finished-at="2025-01-07T10:15:09 IST" duration-ms="1898" status="PASS">
          <reporter-output>
          </reporter-output>
        </test-method> <!-- productButtonTest -->
        <test-method signature="selectProduct()[pri:2, instance:test.Test005_Edit_Quote_02@1e9d7366]" started-at="2025-01-07T10:15:09 IST" name="selectProduct" description="Adding products to cart" finished-at="2025-01-07T10:15:20 IST" duration-ms="11745" status="PASS">
          <reporter-output>
          </reporter-output>
        </test-method> <!-- selectProduct -->
        <test-method signature="selectCart()[pri:3, instance:test.Test005_Edit_Quote_02@1e9d7366]" started-at="2025-01-07T10:15:20 IST" name="selectCart" description="Moving towards Cart page" finished-at="2025-01-07T10:15:25 IST" duration-ms="4138" status="PASS">
          <reporter-output>
          </reporter-output>
        </test-method> <!-- selectCart -->
        <test-method signature="clickCreateOrderTest()[pri:4, instance:test.Test005_Edit_Quote_02@1e9d7366]" started-at="2025-01-07T10:15:25 IST" name="clickCreateOrderTest" description="clicking on Create quote button on cart page" finished-at="2025-01-07T10:15:30 IST" duration-ms="5158" status="PASS">
          <reporter-output>
          </reporter-output>
        </test-method> <!-- clickCreateOrderTest -->
        <test-method signature="clickChooseCustomerTest()[pri:5, instance:test.Test005_Edit_Quote_02@1e9d7366]" started-at="2025-01-07T10:15:30 IST" name="clickChooseCustomerTest" description="clicking on Choose customer button" finished-at="2025-01-07T10:15:38 IST" duration-ms="8195" status="PASS">
          <reporter-output>
          </reporter-output>
        </test-method> <!-- clickChooseCustomerTest -->
        <test-method signature="customerSearchTest()[pri:6, instance:test.Test005_Edit_Quote_02@1e9d7366]" started-at="2025-01-07T10:15:38 IST" name="customerSearchTest" description="Searching customer" finished-at="2025-01-07T10:15:53 IST" duration-ms="15334" status="PASS">
          <reporter-output>
          </reporter-output>
        </test-method> <!-- customerSearchTest -->
        <test-method signature="clickCreateOrder2ButtonTest()[pri:7, instance:test.Test005_Edit_Quote_02@1e9d7366]" started-at="2025-01-07T10:15:53 IST" name="clickCreateOrder2ButtonTest" description="Click on create quote" finished-at="2025-01-07T10:16:01 IST" duration-ms="8155" status="PASS">
          <reporter-output>
          </reporter-output>
        </test-method> <!-- clickCreateOrder2ButtonTest -->
        <test-method signature="clickProceedButtonTest()[pri:8, instance:test.Test005_Edit_Quote_02@1e9d7366]" started-at="2025-01-07T10:16:01 IST" name="clickProceedButtonTest" description="Click on proceed button" finished-at="2025-01-07T10:16:07 IST" duration-ms="5175" status="PASS">
          <reporter-output>
          </reporter-output>
        </test-method> <!-- clickProceedButtonTest -->
        <test-method signature="clickSubmitQuoteTest()[pri:9, instance:test.Test005_Edit_Quote_02@1e9d7366]" started-at="2025-01-07T10:16:07 IST" name="clickSubmitQuoteTest" description="Click on submit quote button" finished-at="2025-01-07T10:16:12 IST" duration-ms="5258" status="PASS">
          <reporter-output>
          </reporter-output>
        </test-method> <!-- clickSubmitQuoteTest -->
        <test-method signature="clickEditQuotebuttonTest()[pri:10, instance:test.Test005_Edit_Quote_02@1e9d7366]" started-at="2025-01-07T10:16:12 IST" name="clickEditQuotebuttonTest" description="Click on edit quote button" finished-at="2025-01-07T10:16:22 IST" duration-ms="10136" status="PASS">
          <reporter-output>
          </reporter-output>
        </test-method> <!-- clickEditQuotebuttonTest -->
        <test-method signature="clickEditButtonTest()[pri:11, instance:test.Test005_Edit_Quote_02@1e9d7366]" started-at="2025-01-07T10:16:22 IST" name="clickEditButtonTest" description="Click on edit button" finished-at="2025-01-07T10:16:27 IST" duration-ms="5124" status="PASS">
          <reporter-output>
          </reporter-output>
        </test-method> <!-- clickEditButtonTest -->
        <test-method signature="clickAddProductsButtonTest()[pri:12, instance:test.Test005_Edit_Quote_02@1e9d7366]" started-at="2025-01-07T10:16:27 IST" name="clickAddProductsButtonTest" description="Click on Add product button" finished-at="2025-01-07T10:16:35 IST" duration-ms="8168" status="PASS">
          <reporter-output>
          </reporter-output>
        </test-method> <!-- clickAddProductsButtonTest -->
        <test-method signature="selectmoreProductTest()[pri:13, instance:test.Test005_Edit_Quote_02@1e9d7366]" started-at="2025-01-07T10:16:35 IST" name="selectmoreProductTest" description="Adding more products to cart" finished-at="2025-01-07T10:17:02 IST" duration-ms="26745" status="PASS">
          <reporter-output>
          </reporter-output>
        </test-method> <!-- selectmoreProductTest -->
        <test-method signature="selectCartAgainTest()[pri:14, instance:test.Test005_Edit_Quote_02@1e9d7366]" started-at="2025-01-07T10:17:02 IST" name="selectCartAgainTest" description="Moving again towards Cart page" finished-at="2025-01-07T10:17:05 IST" duration-ms="3167" status="PASS">
          <reporter-output>
          </reporter-output>
        </test-method> <!-- selectCartAgainTest -->
        <test-method signature="clickUpdateQuoteButtonTest()[pri:15, instance:test.Test005_Edit_Quote_02@1e9d7366]" started-at="2025-01-07T10:17:05 IST" name="clickUpdateQuoteButtonTest" description="Click on update quote button" finished-at="2025-01-07T10:17:13 IST" duration-ms="8090" status="PASS">
          <reporter-output>
          </reporter-output>
        </test-method> <!-- clickUpdateQuoteButtonTest -->
        <test-method signature="clickReSubmitQuoteButtonTest()[pri:16, instance:test.Test005_Edit_Quote_02@1e9d7366]" started-at="2025-01-07T10:17:13 IST" name="clickReSubmitQuoteButtonTest" description="Click on re-submit quote button" finished-at="2025-01-07T10:17:20 IST" duration-ms="6250" status="PASS">
          <reporter-output>
          </reporter-output>
        </test-method> <!-- clickReSubmitQuoteButtonTest -->
        <test-method signature="clickConvertToOrderTest()[pri:17, instance:test.Test005_Edit_Quote_02@1e9d7366]" started-at="2025-01-07T10:17:20 IST" name="clickConvertToOrderTest" description="Click on convert to order" finished-at="2025-01-07T10:17:23 IST" duration-ms="3165" status="PASS">
          <reporter-output>
          </reporter-output>
        </test-method> <!-- clickConvertToOrderTest -->
        <test-method signature="handlingCheckbox1Test()[pri:18, instance:test.Test005_Edit_Quote_02@1e9d7366]" started-at="2025-01-07T10:17:23 IST" name="handlingCheckbox1Test" description="Handling check box 1" finished-at="2025-01-07T10:17:34 IST" duration-ms="11193" status="PASS">
          <reporter-output>
          </reporter-output>
        </test-method> <!-- handlingCheckbox1Test -->
        <test-method signature="clickSubmitOrderButtonTest()[pri:19, instance:test.Test005_Edit_Quote_02@1e9d7366]" started-at="2025-01-07T10:17:34 IST" name="clickSubmitOrderButtonTest" description="Click on submit order" finished-at="2025-01-07T10:17:39 IST" duration-ms="5149" status="PASS">
          <reporter-output>
          </reporter-output>
        </test-method> <!-- clickSubmitOrderButtonTest -->
        <test-method signature="handlingCheckbox2Test()[pri:20, instance:test.Test005_Edit_Quote_02@1e9d7366]" started-at="2025-01-07T10:17:39 IST" name="handlingCheckbox2Test" description="Handling check box 2" finished-at="2025-01-07T10:17:49 IST" duration-ms="10210" status="PASS">
          <reporter-output>
          </reporter-output>
        </test-method> <!-- handlingCheckbox2Test -->
        <test-method is-config="true" signature="closeBrowser()[pri:0, instance:test.Test005_Edit_Quote_02@1e9d7366]" started-at="2025-01-07T10:17:49 IST" name="closeBrowser" finished-at="2025-01-07T10:17:55 IST" duration-ms="5907" status="PASS">
          <reporter-output>
          </reporter-output>
        </test-method> <!-- closeBrowser -->
      </class> <!-- test.Test005_Edit_Quote_02 -->
      <class name="test.Test009_Product_Page_With_All_Cases">
        <test-method is-config="true" signature="openBrowser()[pri:0, instance:test.Test009_Product_Page_With_All_Cases@34070bd2]" started-at="2025-01-07T10:27:55 IST" name="openBrowser" finished-at="2025-01-07T10:28:00 IST" duration-ms="4562" status="PASS">
          <reporter-output>
          </reporter-output>
        </test-method> <!-- openBrowser -->
        <test-method signature="productButtonTest()[pri:1, instance:test.Test009_Product_Page_With_All_Cases@34070bd2]" started-at="2025-01-07T10:28:00 IST" name="productButtonTest" description="Click on product button" finished-at="2025-01-07T10:28:02 IST" duration-ms="1773" status="PASS">
          <reporter-output>
          </reporter-output>
        </test-method> <!-- productButtonTest -->
        <test-method signature="productsVisibleOnCartIconTest()[pri:2, instance:test.Test009_Product_Page_With_All_Cases@34070bd2]" started-at="2025-01-07T10:28:02 IST" name="productsVisibleOnCartIconTest" description="check cart to discard entire cart if products existed prior" finished-at="2025-01-07T10:28:22 IST" duration-ms="20474" status="PASS">
          <reporter-output>
          </reporter-output>
        </test-method> <!-- productsVisibleOnCartIconTest -->
        <test-method signature="verifyBellIconTest()[pri:3, instance:test.Test009_Product_Page_With_All_Cases@34070bd2]" started-at="2025-01-07T10:28:22 IST" name="verifyBellIconTest" description="check Bell icon display" finished-at="2025-01-07T10:28:35 IST" duration-ms="12556" status="PASS">
          <reporter-output>
          </reporter-output>
        </test-method> <!-- verifyBellIconTest -->
        <test-method signature="verifyRepresentativeTest()[pri:4, instance:test.Test009_Product_Page_With_All_Cases@34070bd2]" started-at="2025-01-07T10:28:35 IST" name="verifyRepresentativeTest" description="check representative name" finished-at="2025-01-07T10:28:39 IST" duration-ms="4085" status="PASS">
          <reporter-output>
          </reporter-output>
        </test-method> <!-- verifyRepresentativeTest -->
        <test-method signature="verifyCartIconTest()[pri:5, instance:test.Test009_Product_Page_With_All_Cases@34070bd2]" started-at="2025-01-07T10:28:39 IST" name="verifyCartIconTest" description="check cart icon display" finished-at="2025-01-07T10:28:43 IST" duration-ms="4047" status="PASS">
          <reporter-output>
          </reporter-output>
        </test-method> <!-- verifyCartIconTest -->
        <test-method signature="verifyViewSimilarBtnTest()[pri:6, instance:test.Test009_Product_Page_With_All_Cases@34070bd2]" started-at="2025-01-07T10:28:43 IST" name="verifyViewSimilarBtnTest" description="check view similar Button and similar product box at right side" finished-at="2025-01-07T10:29:36 IST" duration-ms="53203" status="PASS">
          <reporter-output>
          </reporter-output>
        </test-method> <!-- verifyViewSimilarBtnTest -->
        <test-method signature="verifyCategoryViewAllButtonTest()[pri:7, instance:test.Test009_Product_Page_With_All_Cases@34070bd2]" started-at="2025-01-07T10:29:36 IST" name="verifyCategoryViewAllButtonTest" description="check Category view all, back and forward arrow button" finished-at="2025-01-07T10:29:59 IST" duration-ms="22610" status="PASS">
          <reporter-output>
          </reporter-output>
        </test-method> <!-- verifyCategoryViewAllButtonTest -->
        <test-method signature="verifyCategoryRailProductsTest()[pri:8, instance:test.Test009_Product_Page_With_All_Cases@34070bd2]" started-at="2025-01-07T10:29:59 IST" name="verifyCategoryRailProductsTest" description="check category rail products display" finished-at="2025-01-07T10:30:03 IST" duration-ms="4072" status="PASS">
          <reporter-output>
          </reporter-output>
        </test-method> <!-- verifyCategoryRailProductsTest -->
        <test-method signature="verifyRecommendedViewAllButtonTest()[pri:9, instance:test.Test009_Product_Page_With_All_Cases@34070bd2]" started-at="2025-01-07T10:30:03 IST" name="verifyRecommendedViewAllButtonTest" description="check recomended view all, back and forward arrow button" finished-at="2025-01-07T10:30:07 IST" duration-ms="4741" status="PASS">
          <reporter-output>
          </reporter-output>
        </test-method> <!-- verifyRecommendedViewAllButtonTest -->
        <test-method signature="verifyRecomendedRailProductsTest()[pri:10, instance:test.Test009_Product_Page_With_All_Cases@34070bd2]" started-at="2025-01-07T10:30:07 IST" name="verifyRecomendedRailProductsTest" description="check recomended rail products display" finished-at="2025-01-07T10:30:12 IST" duration-ms="4653" status="PASS">
          <reporter-output>
          </reporter-output>
        </test-method> <!-- verifyRecomendedRailProductsTest -->
        <test-method signature="verifyCollectionsViewAllButtonTest()[pri:11, instance:test.Test009_Product_Page_With_All_Cases@34070bd2]" started-at="2025-01-07T10:30:12 IST" name="verifyCollectionsViewAllButtonTest" description="check Collections view all, back and forward arrow button" finished-at="2025-01-07T10:30:49 IST" duration-ms="36448" status="PASS">
          <reporter-output>
          </reporter-output>
        </test-method> <!-- verifyCollectionsViewAllButtonTest -->
        <test-method signature="verifyCollectionsRailProductsTest()[pri:12, instance:test.Test009_Product_Page_With_All_Cases@34070bd2]" started-at="2025-01-07T10:30:49 IST" name="verifyCollectionsRailProductsTest" description="check Collections rail products display" finished-at="2025-01-07T10:30:53 IST" duration-ms="4056" status="PASS">
          <reporter-output>
          </reporter-output>
        </test-method> <!-- verifyCollectionsRailProductsTest -->
        <test-method signature="verifyExploreAll_AllDropdownsTest()[pri:13, instance:test.Test009_Product_Page_With_All_Cases@34070bd2]" started-at="2025-01-07T10:30:53 IST" name="verifyExploreAll_AllDropdownsTest" description="check explore all, all dropdown display and check the filters" finished-at="2025-01-07T10:32:34 IST" duration-ms="101765" status="PASS">
          <reporter-output>
          </reporter-output>
        </test-method> <!-- verifyExploreAll_AllDropdownsTest -->
        <test-method signature="verifyFilterIconTest()[pri:14, instance:test.Test009_Product_Page_With_All_Cases@34070bd2]" started-at="2025-01-07T10:32:34 IST" name="verifyFilterIconTest" description="check filter icon display and check the filters" finished-at="2025-01-07T10:33:51 IST" duration-ms="76817" status="PASS">
          <reporter-output>
          </reporter-output>
        </test-method> <!-- verifyFilterIconTest -->
        <test-method signature="verifySortByDropdownTest()[pri:15, instance:test.Test009_Product_Page_With_All_Cases@34070bd2]" started-at="2025-01-07T10:33:51 IST" name="verifySortByDropdownTest" description="check sort by dropdown display and check the filters" finished-at="2025-01-07T10:34:20 IST" duration-ms="28437" status="PASS">
          <reporter-output>
          </reporter-output>
        </test-method> <!-- verifySortByDropdownTest -->
        <test-method signature="searchProductBoxTest()[pri:16, instance:test.Test009_Product_Page_With_All_Cases@34070bd2]" started-at="2025-01-07T10:34:20 IST" name="searchProductBoxTest" description="Searching product and select attribute" finished-at="2025-01-07T10:34:58 IST" duration-ms="38376" status="PASS">
          <reporter-output>
          </reporter-output>
        </test-method> <!-- searchProductBoxTest -->
        <test-method signature="clickBackArrowNextToCartTest()[pri:17, instance:test.Test009_Product_Page_With_All_Cases@34070bd2]" started-at="2025-01-07T10:34:58 IST" name="clickBackArrowNextToCartTest" description="Verify back arrow button" finished-at="2025-01-07T10:35:14 IST" duration-ms="16321" status="PASS">
          <reporter-output>
          </reporter-output>
        </test-method> <!-- clickBackArrowNextToCartTest -->
        <test-method signature="searchProductBoxAgainToCheckSuggestionTest()[pri:18, instance:test.Test009_Product_Page_With_All_Cases@34070bd2]" started-at="2025-01-07T10:35:14 IST" name="searchProductBoxAgainToCheckSuggestionTest" description="Verify the suggestion showing in products search textbox" finished-at="2025-01-07T10:35:23 IST" duration-ms="8314" status="PASS">
          <reporter-output>
          </reporter-output>
        </test-method> <!-- searchProductBoxAgainToCheckSuggestionTest -->
        <test-method signature="serachProductWithDifferentOperationsTest()[pri:19, instance:test.Test009_Product_Page_With_All_Cases@34070bd2]" started-at="2025-01-07T10:35:23 IST" name="serachProductWithDifferentOperationsTest" description="Searching products with SKUID, Search all, Name and check products showing accordingly" finished-at="2025-01-07T10:37:21 IST" duration-ms="118215" status="PASS">
          <reporter-output>
          </reporter-output>
        </test-method> <!-- serachProductWithDifferentOperationsTest -->
        <test-method signature="productButtonAgainTest()[pri:20, instance:test.Test009_Product_Page_With_All_Cases@34070bd2]" started-at="2025-01-07T10:37:21 IST" name="productButtonAgainTest" description="Click on product button" finished-at="2025-01-07T10:37:21 IST" duration-ms="254" status="PASS">
          <reporter-output>
          </reporter-output>
        </test-method> <!-- productButtonAgainTest -->
        <test-method signature="verifyProductsCountTest()[pri:21, instance:test.Test009_Product_Page_With_All_Cases@34070bd2]" started-at="2025-01-07T10:37:21 IST" name="verifyProductsCountTest" description="check product count display" finished-at="2025-01-07T10:37:29 IST" duration-ms="7723" status="PASS">
          <reporter-output>
          </reporter-output>
        </test-method> <!-- verifyProductsCountTest -->
        <test-method signature="catlogueSwitchTestTest()[pri:22, instance:test.Test009_Product_Page_With_All_Cases@34070bd2]" started-at="2025-01-07T10:37:29 IST" name="catlogueSwitchTestTest" description="Catalogue switch" finished-at="2025-01-07T10:37:41 IST" duration-ms="11749" status="PASS">
          <reporter-output>
          </reporter-output>
        </test-method> <!-- catlogueSwitchTestTest -->
        <test-method signature="catlogueSwitchTestTest1()[pri:23, instance:test.Test009_Product_Page_With_All_Cases@34070bd2]" started-at="2025-01-07T10:37:41 IST" name="catlogueSwitchTestTest1" description="Catalogue switch" finished-at="2025-01-07T10:38:36 IST" duration-ms="55601" status="PASS">
          <reporter-output>
          </reporter-output>
        </test-method> <!-- catlogueSwitchTestTest1 -->
        <test-method signature="buyerSwitchForPreviouslyOrderedRailTYest()[pri:24, instance:test.Test009_Product_Page_With_All_Cases@34070bd2]" started-at="2025-01-07T10:38:36 IST" name="buyerSwitchForPreviouslyOrderedRailTYest" description="Buyer switch for previously ordered rail" finished-at="2025-01-07T10:39:35 IST" duration-ms="58561" status="PASS">
          <reporter-output>
          </reporter-output>
        </test-method> <!-- buyerSwitchForPreviouslyOrderedRailTYest -->
        <test-method signature="verifyNumberOfProductsDisplayTest()[pri:25, instance:test.Test009_Product_Page_With_All_Cases@34070bd2]" started-at="2025-01-07T10:39:35 IST" name="verifyNumberOfProductsDisplayTest" description="check actual number of products display" finished-at="2025-01-07T10:40:14 IST" duration-ms="38674" status="PASS">
          <reporter-output>
          </reporter-output>
        </test-method> <!-- verifyNumberOfProductsDisplayTest -->
        <test-method signature="checkPriceChangeAfterCustomerSwitchFollowingCatalogueSWitchTest()[pri:26, instance:test.Test009_Product_Page_With_All_Cases@34070bd2]" started-at="2025-01-07T10:40:14 IST" name="checkPriceChangeAfterCustomerSwitchFollowingCatalogueSWitchTest" description="check that for any product after buyer switching if catalog changed then product price change" finished-at="2025-01-07T10:41:06 IST" duration-ms="52084" status="PASS">
          <reporter-output>
          </reporter-output>
        </test-method> <!-- checkPriceChangeAfterCustomerSwitchFollowingCatalogueSWitchTest -->
        <test-method signature="checkVarientAvailableTest()[pri:27, instance:test.Test009_Product_Page_With_All_Cases@34070bd2]" started-at="2025-01-07T10:41:06 IST" name="checkVarientAvailableTest" description="check varient" finished-at="2025-01-07T10:41:35 IST" duration-ms="29804" status="PASS">
          <reporter-output>
          </reporter-output>
        </test-method> <!-- checkVarientAvailableTest -->
        <test-method signature="checkFilterOnVarientBoxTest()[pri:28, instance:test.Test009_Product_Page_With_All_Cases@34070bd2]" started-at="2025-01-07T10:41:35 IST" name="checkFilterOnVarientBoxTest" description="Check filters and add product to cart from varient box" finished-at="2025-01-07T10:42:30 IST" duration-ms="54587" status="PASS">
          <reporter-output>
          </reporter-output>
        </test-method> <!-- checkFilterOnVarientBoxTest -->
        <test-method is-config="true" signature="closeBrowser()[pri:0, instance:test.Test009_Product_Page_With_All_Cases@34070bd2]" started-at="2025-01-07T10:42:30 IST" name="closeBrowser" finished-at="2025-01-07T10:42:35 IST" duration-ms="5450" status="PASS">
          <reporter-output>
          </reporter-output>
        </test-method> <!-- closeBrowser -->
      </class> <!-- test.Test009_Product_Page_With_All_Cases -->
    </test> <!-- Parallel Test -->
  </suite> <!-- Smoke Testing -->
</testng-results>
