<?xml version="1.0" encoding="UTF-8"?>
<!-- Generated by org.testng.reporters.JUnitReportReporter -->
<testsuite hostname="DESKTOP-G63O7EK" failures="0" tests="17" name="test.ProductDetailsPageTest" time="1.774" errors="1" timestamp="2024-12-18T13:56:26 IST" skipped="16">
  <testcase classname="test.ProductDetailsPageTest" name="openBrowser" time="1.774">
    <error message="no such window: target window already closed
from unknown error: web view not found
  (Session info: chrome=131.0.6778.140)
Build info: version: &#039;4.21.0&#039;, revision: &#039;79ed462ef4&#039;
System info: os.name: &#039;Windows 11&#039;, os.arch: &#039;amd64&#039;, os.version: &#039;10.0&#039;, java.version: &#039;22.0.1&#039;
Driver info: org.openqa.selenium.chrome.ChromeDriver
Command: [5d9808595200f8f28bedd79d4acb1b81, maximizeCurrentWindow {}]
Capabilities {acceptInsecureCerts: false, browserName: chrome, browserVersion: 131.0.6778.140, chrome: {chromedriverVersion: 131.0.6778.85 (3d81e41b6f3a..., userDataDir: C:\Users\heman\AppData\Loca...}, fedcm:accounts: true, goog:chromeOptions: {debuggerAddress: localhost:62765}, networkConnectionEnabled: false, pageLoadStrategy: normal, platformName: windows, proxy: Proxy(), se:cdp: ws://localhost:62765/devtoo..., se:cdpVersion: 131.0.6778.140, setWindowRect: true, strictFileInteractability: false, timeouts: {implicit: 0, pageLoad: 300000, script: 30000}, unhandledPromptBehavior: dismiss and notify, webauthn:extension:credBlob: true, webauthn:extension:largeBlob: true, webauthn:extension:minPinLength: true, webauthn:extension:prf: true, webauthn:virtualAuthenticators: true}
Session ID: 5d9808595200f8f28bedd79d4acb1b81" type="org.openqa.selenium.NoSuchWindowException">
      <![CDATA[org.openqa.selenium.NoSuchWindowException: no such window: target window already closed
from unknown error: web view not found
  (Session info: chrome=131.0.6778.140)
Build info: version: '4.21.0', revision: '79ed462ef4'
System info: os.name: 'Windows 11', os.arch: 'amd64', os.version: '10.0', java.version: '22.0.1'
Driver info: org.openqa.selenium.chrome.ChromeDriver
Command: [5d9808595200f8f28bedd79d4acb1b81, maximizeCurrentWindow {}]
Capabilities {acceptInsecureCerts: false, browserName: chrome, browserVersion: 131.0.6778.140, chrome: {chromedriverVersion: 131.0.6778.85 (3d81e41b6f3a..., userDataDir: C:\Users\heman\AppData\Loca...}, fedcm:accounts: true, goog:chromeOptions: {debuggerAddress: localhost:62765}, networkConnectionEnabled: false, pageLoadStrategy: normal, platformName: windows, proxy: Proxy(), se:cdp: ws://localhost:62765/devtoo..., se:cdpVersion: 131.0.6778.140, setWindowRect: true, strictFileInteractability: false, timeouts: {implicit: 0, pageLoad: 300000, script: 30000}, unhandledPromptBehavior: dismiss and notify, webauthn:extension:credBlob: true, webauthn:extension:largeBlob: true, webauthn:extension:minPinLength: true, webauthn:extension:prf: true, webauthn:virtualAuthenticators: true}
Session ID: 5d9808595200f8f28bedd79d4acb1b81
at java.base/jdk.internal.reflect.DirectConstructorHandleAccessor.newInstance(DirectConstructorHandleAccessor.java:62)
at java.base/java.lang.reflect.Constructor.newInstanceWithCaller(Constructor.java:502)
at java.base/java.lang.reflect.Constructor.newInstance(Constructor.java:486)
at org.openqa.selenium.remote.ErrorCodec.decode(ErrorCodec.java:167)
at org.openqa.selenium.remote.codec.w3c.W3CHttpResponseCodec.decode(W3CHttpResponseCodec.java:138)
at org.openqa.selenium.remote.codec.w3c.W3CHttpResponseCodec.decode(W3CHttpResponseCodec.java:50)
at org.openqa.selenium.remote.HttpCommandExecutor.execute(HttpCommandExecutor.java:190)
at org.openqa.selenium.remote.service.DriverCommandExecutor.invokeExecute(DriverCommandExecutor.java:216)
at org.openqa.selenium.remote.service.DriverCommandExecutor.execute(DriverCommandExecutor.java:174)
at org.openqa.selenium.remote.RemoteWebDriver.execute(RemoteWebDriver.java:518)
at org.openqa.selenium.remote.RemoteWebDriver.execute(RemoteWebDriver.java:591)
at org.openqa.selenium.remote.RemoteWebDriver.execute(RemoteWebDriver.java:595)
at org.openqa.selenium.remote.RemoteWebDriver$RemoteWebDriverOptions$RemoteWindow.maximize(RemoteWebDriver.java:1034)
at generic.BaseTest.openBrowser(BaseTest.java:75)
at java.base/jdk.internal.reflect.DirectMethodHandleAccessor.invoke(DirectMethodHandleAccessor.java:103)
at java.base/java.lang.reflect.Method.invoke(Method.java:580)
at org.testng.internal.MethodInvocationHelper.invokeMethod(MethodInvocationHelper.java:133)
at org.testng.internal.MethodInvocationHelper.invokeMethodConsideringTimeout(MethodInvocationHelper.java:62)
at org.testng.internal.ConfigInvoker.invokeConfigurationMethod(ConfigInvoker.java:385)
at org.testng.internal.ConfigInvoker.invokeConfigurations(ConfigInvoker.java:321)
at org.testng.internal.TestMethodWorker.invokeBeforeClassMethods(TestMethodWorker.java:176)
at org.testng.internal.TestMethodWorker.run(TestMethodWorker.java:122)
at java.base/java.util.concurrent.ThreadPoolExecutor.runWorker(ThreadPoolExecutor.java:1144)
at java.base/java.util.concurrent.ThreadPoolExecutor$Worker.run(ThreadPoolExecutor.java:642)
at java.base/java.lang.Thread.run(Thread.java:1570)
]]>
    </error>
  </testcase> <!-- openBrowser -->
  <system-out/>
  <testcase classname="test.ProductDetailsPageTest" name="loginPageTitleTest" time="0.000">
    <skipped/>
  </testcase> <!-- loginPageTitleTest -->
  <system-out/>
  <testcase classname="test.ProductDetailsPageTest" name="click_product_title" time="0.000">
    <skipped/>
  </testcase> <!-- click_product_title -->
  <system-out/>
  <testcase classname="test.ProductDetailsPageTest" name="select_product" time="0.000">
    <skipped/>
  </testcase> <!-- select_product -->
  <system-out/>
  <testcase classname="test.ProductDetailsPageTest" name="SKU_ID_display" time="0.000">
    <skipped/>
  </testcase> <!-- SKU_ID_display -->
  <system-out/>
  <testcase classname="test.ProductDetailsPageTest" name="SKU_ID_equals" time="0.000">
    <skipped/>
  </testcase> <!-- SKU_ID_equals -->
  <system-out/>
  <testcase classname="test.ProductDetailsPageTest" name="zoom_image" time="0.000">
    <skipped/>
  </testcase> <!-- zoom_image -->
  <system-out/>
  <testcase classname="test.ProductDetailsPageTest" name="buyer_switcher" time="0.000">
    <skipped/>
  </testcase> <!-- buyer_switcher -->
  <system-out/>
  <testcase classname="test.ProductDetailsPageTest" name="catalog_switcher" time="0.000">
    <skipped/>
  </testcase> <!-- catalog_switcher -->
  <system-out/>
  <testcase classname="test.ProductDetailsPageTest" name="cart_icon" time="0.000">
    <skipped/>
  </testcase> <!-- cart_icon -->
  <system-out/>
  <testcase classname="test.ProductDetailsPageTest" name="product_name" time="0.000">
    <skipped/>
  </testcase> <!-- product_name -->
  <system-out/>
  <testcase classname="test.ProductDetailsPageTest" name="price_and_MOQ" time="0.000">
    <skipped/>
  </testcase> <!-- price_and_MOQ -->
  <system-out/>
  <testcase classname="test.ProductDetailsPageTest" name="tear_sheet" time="0.000">
    <skipped/>
  </testcase> <!-- tear_sheet -->
  <system-out/>
  <testcase classname="test.ProductDetailsPageTest" name="variant_added" time="0.000">
    <skipped/>
  </testcase> <!-- variant_added -->
  <system-out/>
  <testcase classname="test.ProductDetailsPageTest" name="available_display" time="0.000">
    <skipped/>
  </testcase> <!-- available_display -->
  <system-out/>
  <testcase classname="test.ProductDetailsPageTest" name="inventory_tracker" time="0.000">
    <skipped/>
  </testcase> <!-- inventory_tracker -->
  <system-out/>
  <testcase classname="test.ProductDetailsPageTest" name="check_options_inventory" time="0.000">
    <skipped/>
  </testcase> <!-- check_options_inventory -->
  <system-out/>
</testsuite> <!-- test.ProductDetailsPageTest -->
