<?xml version="1.0" encoding="UTF-8"?>
<!-- Generated by org.testng.reporters.JUnitReportReporter -->
<testsuite hostname="DESKTOP-G63O7EK" failures="0" tests="23" name="test.CreateCustomerTest" time="1.325" errors="1" timestamp="2024-12-18T13:56:26 IST" skipped="22">
  <testcase classname="test.CreateCustomerTest" name="openBrowser" time="1.325">
    <error message="no such window: target window already closed
from unknown error: web view not found
  (Session info: chrome=131.0.6778.140)
Build info: version: &#039;4.21.0&#039;, revision: &#039;79ed462ef4&#039;
System info: os.name: &#039;Windows 11&#039;, os.arch: &#039;amd64&#039;, os.version: &#039;10.0&#039;, java.version: &#039;22.0.1&#039;
Driver info: org.openqa.selenium.chrome.ChromeDriver
Command: [dc8c75d426e86dd8a8db9149227e1a89, maximizeCurrentWindow {}]
Capabilities {acceptInsecureCerts: false, browserName: chrome, browserVersion: 131.0.6778.140, chrome: {chromedriverVersion: 131.0.6778.85 (3d81e41b6f3a..., userDataDir: C:\Users\heman\AppData\Loca...}, fedcm:accounts: true, goog:chromeOptions: {debuggerAddress: localhost:62802}, networkConnectionEnabled: false, pageLoadStrategy: normal, platformName: windows, proxy: Proxy(), se:cdp: ws://localhost:62802/devtoo..., se:cdpVersion: 131.0.6778.140, setWindowRect: true, strictFileInteractability: false, timeouts: {implicit: 0, pageLoad: 300000, script: 30000}, unhandledPromptBehavior: dismiss and notify, webauthn:extension:credBlob: true, webauthn:extension:largeBlob: true, webauthn:extension:minPinLength: true, webauthn:extension:prf: true, webauthn:virtualAuthenticators: true}
Session ID: dc8c75d426e86dd8a8db9149227e1a89" type="org.openqa.selenium.NoSuchWindowException">
      <![CDATA[org.openqa.selenium.NoSuchWindowException: no such window: target window already closed
from unknown error: web view not found
  (Session info: chrome=131.0.6778.140)
Build info: version: '4.21.0', revision: '79ed462ef4'
System info: os.name: 'Windows 11', os.arch: 'amd64', os.version: '10.0', java.version: '22.0.1'
Driver info: org.openqa.selenium.chrome.ChromeDriver
Command: [dc8c75d426e86dd8a8db9149227e1a89, maximizeCurrentWindow {}]
Capabilities {acceptInsecureCerts: false, browserName: chrome, browserVersion: 131.0.6778.140, chrome: {chromedriverVersion: 131.0.6778.85 (3d81e41b6f3a..., userDataDir: C:\Users\heman\AppData\Loca...}, fedcm:accounts: true, goog:chromeOptions: {debuggerAddress: localhost:62802}, networkConnectionEnabled: false, pageLoadStrategy: normal, platformName: windows, proxy: Proxy(), se:cdp: ws://localhost:62802/devtoo..., se:cdpVersion: 131.0.6778.140, setWindowRect: true, strictFileInteractability: false, timeouts: {implicit: 0, pageLoad: 300000, script: 30000}, unhandledPromptBehavior: dismiss and notify, webauthn:extension:credBlob: true, webauthn:extension:largeBlob: true, webauthn:extension:minPinLength: true, webauthn:extension:prf: true, webauthn:virtualAuthenticators: true}
Session ID: dc8c75d426e86dd8a8db9149227e1a89
at java.base/jdk.internal.reflect.DirectConstructorHandleAccessor.newInstance(DirectConstructorHandleAccessor.java:62)
at java.base/java.lang.reflect.Constructor.newInstanceWithCaller(Constructor.java:502)
at java.base/java.lang.reflect.Constructor.newInstance(Constructor.java:486)
at org.openqa.selenium.remote.ErrorCodec.decode(ErrorCodec.java:167)
at org.openqa.selenium.remote.codec.w3c.W3CHttpResponseCodec.decode(W3CHttpResponseCodec.java:138)
at org.openqa.selenium.remote.codec.w3c.W3CHttpResponseCodec.decode(W3CHttpResponseCodec.java:50)
at org.openqa.selenium.remote.HttpCommandExecutor.execute(HttpCommandExecutor.java:190)
at org.openqa.selenium.remote.service.DriverCommandExecutor.invokeExecute(DriverCommandExecutor.java:216)
at org.openqa.selenium.remote.service.DriverCommandExecutor.execute(DriverCommandExecutor.java:174)
at org.openqa.selenium.remote.RemoteWebDriver.execute(RemoteWebDriver.java:518)
at org.openqa.selenium.remote.RemoteWebDriver.execute(RemoteWebDriver.java:591)
at org.openqa.selenium.remote.RemoteWebDriver.execute(RemoteWebDriver.java:595)
at org.openqa.selenium.remote.RemoteWebDriver$RemoteWebDriverOptions$RemoteWindow.maximize(RemoteWebDriver.java:1034)
at generic.BaseTest.openBrowser(BaseTest.java:75)
at java.base/jdk.internal.reflect.DirectMethodHandleAccessor.invoke(DirectMethodHandleAccessor.java:103)
at java.base/java.lang.reflect.Method.invoke(Method.java:580)
at org.testng.internal.MethodInvocationHelper.invokeMethod(MethodInvocationHelper.java:133)
at org.testng.internal.MethodInvocationHelper.invokeMethodConsideringTimeout(MethodInvocationHelper.java:62)
at org.testng.internal.ConfigInvoker.invokeConfigurationMethod(ConfigInvoker.java:385)
at org.testng.internal.ConfigInvoker.invokeConfigurations(ConfigInvoker.java:321)
at org.testng.internal.TestMethodWorker.invokeBeforeClassMethods(TestMethodWorker.java:176)
at org.testng.internal.TestMethodWorker.run(TestMethodWorker.java:122)
at java.base/java.util.concurrent.ThreadPoolExecutor.runWorker(ThreadPoolExecutor.java:1144)
at java.base/java.util.concurrent.ThreadPoolExecutor$Worker.run(ThreadPoolExecutor.java:642)
at java.base/java.lang.Thread.run(Thread.java:1570)
]]>
    </error>
  </testcase> <!-- openBrowser -->
  <system-out/>
  <testcase classname="test.CreateCustomerTest" name="loginPageTitleTest" time="0.000">
    <skipped/>
  </testcase> <!-- loginPageTitleTest -->
  <system-out/>
  <testcase classname="test.CreateCustomerTest" name="click_customer_tab" time="0.000">
    <skipped/>
  </testcase> <!-- click_customer_tab -->
  <system-out/>
  <testcase classname="test.CreateCustomerTest" name="create_customer_button_display" time="0.000">
    <skipped/>
  </testcase> <!-- create_customer_button_display -->
  <system-out/>
  <testcase classname="test.CreateCustomerTest" name="create_customer_button_enabled" time="0.000">
    <skipped/>
  </testcase> <!-- create_customer_button_enabled -->
  <system-out/>
  <testcase classname="test.CreateCustomerTest" name="create_customer_button_spelling_check" time="0.000">
    <skipped/>
  </testcase> <!-- create_customer_button_spelling_check -->
  <system-out/>
  <testcase classname="test.CreateCustomerTest" name="create_customer_button_click" time="0.000">
    <skipped/>
  </testcase> <!-- create_customer_button_click -->
  <system-out/>
  <testcase classname="test.CreateCustomerTest" name="verify_add_customer_title" time="0.000">
    <skipped/>
  </testcase> <!-- verify_add_customer_title -->
  <system-out/>
  <testcase classname="test.CreateCustomerTest" name="verify_basic_details_heading" time="0.000">
    <skipped/>
  </testcase> <!-- verify_basic_details_heading -->
  <system-out/>
  <testcase classname="test.CreateCustomerTest" name="verify_basic_details_spelling" time="0.000">
    <skipped/>
  </testcase> <!-- verify_basic_details_spelling -->
  <system-out/>
  <testcase classname="test.CreateCustomerTest" name="company_name" time="0.000">
    <skipped/>
  </testcase> <!-- company_name -->
  <system-out/>
  <testcase classname="test.CreateCustomerTest" name="click_catalog_dropdown" time="0.000">
    <skipped/>
  </testcase> <!-- click_catalog_dropdown -->
  <system-out/>
  <testcase classname="test.CreateCustomerTest" name="select_catalog" time="0.000">
    <skipped/>
  </testcase> <!-- select_catalog -->
  <system-out/>
  <testcase classname="test.CreateCustomerTest" name="click_addcontactc" time="0.000">
    <skipped/>
  </testcase> <!-- click_addcontactc -->
  <system-out/>
  <testcase classname="test.CreateCustomerTest" name="verify_Elemnts_OnPage_Test" time="0.000">
    <skipped/>
  </testcase> <!-- verify_Elemnts_OnPage_Test -->
  <system-out/>
  <testcase classname="test.CreateCustomerTest" name="emptyAllFiledsTest" time="0.000">
    <skipped/>
  </testcase> <!-- emptyAllFiledsTest -->
  <system-out/>
  <testcase classname="test.CreateCustomerTest" name="Emailandphoneerrortest" time="0.000">
    <skipped/>
  </testcase> <!-- Emailandphoneerrortest -->
  <system-out/>
  <testcase classname="test.CreateCustomerTest" name="click_save_buttontest" time="0.000">
    <skipped/>
  </testcase> <!-- click_save_buttontest -->
  <system-out/>
  <testcase classname="test.CreateCustomerTest" name="verify_elements_on_addcustomer" time="0.000">
    <skipped/>
  </testcase> <!-- verify_elements_on_addcustomer -->
  <system-out/>
  <testcase classname="test.CreateCustomerTest" name="verify_add_details_button" time="0.000">
    <skipped/>
  </testcase> <!-- verify_add_details_button -->
  <system-out/>
  <testcase classname="test.CreateCustomerTest" name="Verify_addDetailsHeaders" time="0.000">
    <skipped/>
  </testcase> <!-- Verify_addDetailsHeaders -->
  <system-out/>
  <testcase classname="test.CreateCustomerTest" name="Verify_addDetailsHeadersEnabled" time="0.000">
    <skipped/>
  </testcase> <!-- Verify_addDetailsHeadersEnabled -->
  <system-out/>
  <testcase classname="test.CreateCustomerTest" name="CheckHeadersClickable" time="0.000">
    <skipped/>
  </testcase> <!-- CheckHeadersClickable -->
  <system-out/>
</testsuite> <!-- test.CreateCustomerTest -->
