<?xml version="1.0" encoding="UTF-8"?>
<!-- Generated by org.testng.reporters.JUnitReportReporter -->
<testsuite hostname="DESKTOP-G63O7EK" failures="0" tests="25" name="test.Test008_Container" time="3.295" errors="1" timestamp="2024-12-18T16:12:24 IST" skipped="24">
  <testcase classname="test.Test008_Container" name="openBrowser" time="3.295">
    <error message="no such window: target window already closed
from unknown error: web view not found
  (Session info: chrome=131.0.6778.140)
Build info: version: &#039;4.21.0&#039;, revision: &#039;79ed462ef4&#039;
System info: os.name: &#039;Windows 11&#039;, os.arch: &#039;amd64&#039;, os.version: &#039;10.0&#039;, java.version: &#039;22.0.1&#039;
Driver info: org.openqa.selenium.chrome.ChromeDriver
Command: [61557804a288e51be25ee8bc5315a3b3, maximizeCurrentWindow {}]
Capabilities {acceptInsecureCerts: false, browserName: chrome, browserVersion: 131.0.6778.140, chrome: {chromedriverVersion: 131.0.6778.85 (3d81e41b6f3a..., userDataDir: C:\Users\heman\AppData\Loca...}, fedcm:accounts: true, goog:chromeOptions: {debuggerAddress: localhost:54014}, networkConnectionEnabled: false, pageLoadStrategy: normal, platformName: windows, proxy: Proxy(), se:cdp: ws://localhost:54014/devtoo..., se:cdpVersion: 131.0.6778.140, setWindowRect: true, strictFileInteractability: false, timeouts: {implicit: 0, pageLoad: 300000, script: 30000}, unhandledPromptBehavior: dismiss and notify, webauthn:extension:credBlob: true, webauthn:extension:largeBlob: true, webauthn:extension:minPinLength: true, webauthn:extension:prf: true, webauthn:virtualAuthenticators: true}
Session ID: 61557804a288e51be25ee8bc5315a3b3" type="org.openqa.selenium.NoSuchWindowException">
      <![CDATA[org.openqa.selenium.NoSuchWindowException: no such window: target window already closed
from unknown error: web view not found
  (Session info: chrome=131.0.6778.140)
Build info: version: '4.21.0', revision: '79ed462ef4'
System info: os.name: 'Windows 11', os.arch: 'amd64', os.version: '10.0', java.version: '22.0.1'
Driver info: org.openqa.selenium.chrome.ChromeDriver
Command: [61557804a288e51be25ee8bc5315a3b3, maximizeCurrentWindow {}]
Capabilities {acceptInsecureCerts: false, browserName: chrome, browserVersion: 131.0.6778.140, chrome: {chromedriverVersion: 131.0.6778.85 (3d81e41b6f3a..., userDataDir: C:\Users\heman\AppData\Loca...}, fedcm:accounts: true, goog:chromeOptions: {debuggerAddress: localhost:54014}, networkConnectionEnabled: false, pageLoadStrategy: normal, platformName: windows, proxy: Proxy(), se:cdp: ws://localhost:54014/devtoo..., se:cdpVersion: 131.0.6778.140, setWindowRect: true, strictFileInteractability: false, timeouts: {implicit: 0, pageLoad: 300000, script: 30000}, unhandledPromptBehavior: dismiss and notify, webauthn:extension:credBlob: true, webauthn:extension:largeBlob: true, webauthn:extension:minPinLength: true, webauthn:extension:prf: true, webauthn:virtualAuthenticators: true}
Session ID: 61557804a288e51be25ee8bc5315a3b3
at java.base/jdk.internal.reflect.DirectConstructorHandleAccessor.newInstance(DirectConstructorHandleAccessor.java:62)
at java.base/java.lang.reflect.Constructor.newInstanceWithCaller(Constructor.java:502)
at java.base/java.lang.reflect.Constructor.newInstance(Constructor.java:486)
at org.openqa.selenium.remote.ErrorCodec.decode(ErrorCodec.java:167)
at org.openqa.selenium.remote.codec.w3c.W3CHttpResponseCodec.decode(W3CHttpResponseCodec.java:138)
at org.openqa.selenium.remote.codec.w3c.W3CHttpResponseCodec.decode(W3CHttpResponseCodec.java:50)
at org.openqa.selenium.remote.HttpCommandExecutor.execute(HttpCommandExecutor.java:190)
at org.openqa.selenium.remote.service.DriverCommandExecutor.invokeExecute(DriverCommandExecutor.java:216)
at org.openqa.selenium.remote.service.DriverCommandExecutor.execute(DriverCommandExecutor.java:174)
at org.openqa.selenium.remote.RemoteWebDriver.execute(RemoteWebDriver.java:518)
at org.openqa.selenium.remote.RemoteWebDriver.execute(RemoteWebDriver.java:591)
at org.openqa.selenium.remote.RemoteWebDriver.execute(RemoteWebDriver.java:595)
at org.openqa.selenium.remote.RemoteWebDriver$RemoteWebDriverOptions$RemoteWindow.maximize(RemoteWebDriver.java:1034)
at generic.BaseTest.openBrowser(BaseTest.java:75)
at java.base/jdk.internal.reflect.DirectMethodHandleAccessor.invoke(DirectMethodHandleAccessor.java:103)
at java.base/java.lang.reflect.Method.invoke(Method.java:580)
at org.testng.internal.MethodInvocationHelper.invokeMethod(MethodInvocationHelper.java:133)
at org.testng.internal.MethodInvocationHelper.invokeMethodConsideringTimeout(MethodInvocationHelper.java:62)
at org.testng.internal.ConfigInvoker.invokeConfigurationMethod(ConfigInvoker.java:385)
at org.testng.internal.ConfigInvoker.invokeConfigurations(ConfigInvoker.java:321)
at org.testng.internal.TestMethodWorker.invokeBeforeClassMethods(TestMethodWorker.java:176)
at org.testng.internal.TestMethodWorker.run(TestMethodWorker.java:122)
at java.base/java.util.concurrent.ThreadPoolExecutor.runWorker(ThreadPoolExecutor.java:1144)
at java.base/java.util.concurrent.ThreadPoolExecutor$Worker.run(ThreadPoolExecutor.java:642)
at java.base/java.lang.Thread.run(Thread.java:1570)
]]>
    </error>
  </testcase> <!-- openBrowser -->
  <system-out/>
  <testcase classname="test.Test008_Container" name="productButtonTest" time="0.000">
    <skipped/>
  </testcase> <!-- productButtonTest -->
  <system-out/>
  <testcase classname="test.Test008_Container" name="selectProduct" time="0.000">
    <skipped/>
  </testcase> <!-- selectProduct -->
  <system-out/>
  <testcase classname="test.Test008_Container" name="selectCart" time="0.000">
    <skipped/>
  </testcase> <!-- selectCart -->
  <system-out/>
  <testcase classname="test.Test008_Container" name="containerBoxVisibilityTest" time="0.000">
    <skipped/>
  </testcase> <!-- containerBoxVisibilityTest -->
  <system-out/>
  <testcase classname="test.Test008_Container" name="toggleSwitchTest" time="0.000">
    <skipped/>
  </testcase> <!-- toggleSwitchTest -->
  <system-out/>
  <testcase classname="test.Test008_Container" name="clickCreateOrderTest" time="0.000">
    <skipped/>
  </testcase> <!-- clickCreateOrderTest -->
  <system-out/>
  <testcase classname="test.Test008_Container" name="clickChooseCustomerTest" time="0.000">
    <skipped/>
  </testcase> <!-- clickChooseCustomerTest -->
  <system-out/>
  <testcase classname="test.Test008_Container" name="customerSearchTest" time="0.000">
    <skipped/>
  </testcase> <!-- customerSearchTest -->
  <system-out/>
  <testcase classname="test.Test008_Container" name="checkContainerOnCartPageAfterSelectingCustomerTest" time="0.000">
    <skipped/>
  </testcase> <!-- checkContainerOnCartPageAfterSelectingCustomerTest -->
  <system-out/>
  <testcase classname="test.Test008_Container" name="defaultCFTTest" time="0.000">
    <skipped/>
  </testcase> <!-- defaultCFTTest -->
  <system-out/>
  <testcase classname="test.Test008_Container" name="clickCBMTest" time="0.000">
    <skipped/>
  </testcase> <!-- clickCBMTest -->
  <system-out/>
  <testcase classname="test.Test008_Container" name="selctCBMFromDropdownTest" time="0.000">
    <skipped/>
  </testcase> <!-- selctCBMFromDropdownTest -->
  <system-out/>
  <testcase classname="test.Test008_Container" name="clickCFTAgainAndSelctCFTFromDropdownTest" time="0.000">
    <skipped/>
  </testcase> <!-- clickCFTAgainAndSelctCFTFromDropdownTest -->
  <system-out/>
  <testcase classname="test.Test008_Container" name="toggleSwitchAgainTest" time="0.000">
    <skipped/>
  </testcase> <!-- toggleSwitchAgainTest -->
  <system-out/>
  <testcase classname="test.Test008_Container" name="clickCreateOrder2ButtonTest" time="0.000">
    <skipped/>
  </testcase> <!-- clickCreateOrder2ButtonTest -->
  <system-out/>
  <testcase classname="test.Test008_Container" name="clickProceedButtonTest" time="0.000">
    <skipped/>
  </testcase> <!-- clickProceedButtonTest -->
  <system-out/>
  <testcase classname="test.Test008_Container" name="toggleSwitchCheckTest" time="0.000">
    <skipped/>
  </testcase> <!-- toggleSwitchCheckTest -->
  <system-out/>
  <testcase classname="test.Test008_Container" name="clickEditButtonTest" time="0.000">
    <skipped/>
  </testcase> <!-- clickEditButtonTest -->
  <system-out/>
  <testcase classname="test.Test008_Container" name="clickAddProductsButtonTest" time="0.000">
    <skipped/>
  </testcase> <!-- clickAddProductsButtonTest -->
  <system-out/>
  <testcase classname="test.Test008_Container" name="selectmoreProductTest" time="0.000">
    <skipped/>
  </testcase> <!-- selectmoreProductTest -->
  <system-out/>
  <testcase classname="test.Test008_Container" name="selectCartAgainTest" time="0.000">
    <skipped/>
  </testcase> <!-- selectCartAgainTest -->
  <system-out/>
  <testcase classname="test.Test008_Container" name="toggleSwitchCheckTest2" time="0.000">
    <skipped/>
  </testcase> <!-- toggleSwitchCheckTest2 -->
  <system-out/>
  <testcase classname="test.Test008_Container" name="clickUpdateQuoteButtonTest" time="0.000">
    <skipped/>
  </testcase> <!-- clickUpdateQuoteButtonTest -->
  <system-out/>
  <testcase classname="test.Test008_Container" name="toggleSwitchCheckTest3" time="0.000">
    <skipped/>
  </testcase> <!-- toggleSwitchCheckTest3 -->
  <system-out/>
</testsuite> <!-- test.Test008_Container -->
