<?xml version="1.0" encoding="UTF-8"?>
<!-- Generated by org.testng.reporters.JUnitReportReporter -->
<testsuite hostname="DESKTOP-HGMSAGS" failures="0" tests="20" name="test.Test010_Product_Page_With_All_Cases" time="606.834" errors="1" timestamp="2024-06-17T17:42:18 IST" skipped="0">
  <testcase classname="test.Test010_Product_Page_With_All_Cases" name="productButtonTest" time="13.501"/>
  <testcase classname="test.Test010_Product_Page_With_All_Cases" name="productsVisibleOnCartIconTest" time="18.580"/>
  <testcase classname="test.Test010_Product_Page_With_All_Cases" name="verifyBellIconTest" time="12.880"/>
  <testcase classname="test.Test010_Product_Page_With_All_Cases" name="verifyRepresentativeTest" time="4.320"/>
  <testcase classname="test.Test010_Product_Page_With_All_Cases" name="verifyCartIconTest" time="4.075"/>
  <testcase classname="test.Test010_Product_Page_With_All_Cases" name="verifyCategoryViewAllButtonTest" time="28.624">
    <error message="no such element: Unable to locate element: {&quot;method&quot;:&quot;xpath&quot;,&quot;selector&quot;:&quot;//div[@class=&quot;MuiGrid-root MuiGrid-item css-1n87upn&quot;]/div&quot;}
  (Session info: chrome=125.0.6422.142)
For documentation on this error, please visit: https://www.selenium.dev/documentation/webdriver/troubleshooting/errors#no-such-element-exception
Build info: version: &#039;4.21.0&#039;, revision: &#039;79ed462ef4&#039;
System info: os.name: &#039;Windows 11&#039;, os.arch: &#039;amd64&#039;, os.version: &#039;10.0&#039;, java.version: &#039;17.0.10&#039;
Driver info: org.openqa.selenium.chrome.ChromeDriver
Command: [3cc667f7aea04962a3d8b64f7725d4f3, findElement {value=//div[@class=&quot;MuiGrid-root MuiGrid-item css-1n87upn&quot;]/div, using=xpath}]
Capabilities {acceptInsecureCerts: false, browserName: chrome, browserVersion: 125.0.6422.142, chrome: {chromedriverVersion: 125.0.6422.78 (14db42ec38ad..., userDataDir: C:\Users\DELL\AppData\Local...}, fedcm:accounts: true, goog:chromeOptions: {debuggerAddress: localhost:64081}, networkConnectionEnabled: false, pageLoadStrategy: normal, platformName: windows, proxy: Proxy(), se:cdp: ws://localhost:64081/devtoo..., se:cdpVersion: 125.0.6422.142, setWindowRect: true, strictFileInteractability: false, timeouts: {implicit: 0, pageLoad: 300000, script: 30000}, unhandledPromptBehavior: dismiss and notify, webauthn:extension:credBlob: true, webauthn:extension:largeBlob: true, webauthn:extension:minPinLength: true, webauthn:extension:prf: true, webauthn:virtualAuthenticators: true}
Session ID: 3cc667f7aea04962a3d8b64f7725d4f3" type="org.openqa.selenium.NoSuchElementException">
      <![CDATA[org.openqa.selenium.NoSuchElementException: no such element: Unable to locate element: {"method":"xpath","selector":"//div[@class="MuiGrid-root MuiGrid-item css-1n87upn"]/div"}
  (Session info: chrome=125.0.6422.142)
For documentation on this error, please visit: https://www.selenium.dev/documentation/webdriver/troubleshooting/errors#no-such-element-exception
Build info: version: '4.21.0', revision: '79ed462ef4'
System info: os.name: 'Windows 11', os.arch: 'amd64', os.version: '10.0', java.version: '17.0.10'
Driver info: org.openqa.selenium.chrome.ChromeDriver
Command: [3cc667f7aea04962a3d8b64f7725d4f3, findElement {value=//div[@class="MuiGrid-root MuiGrid-item css-1n87upn"]/div, using=xpath}]
Capabilities {acceptInsecureCerts: false, browserName: chrome, browserVersion: 125.0.6422.142, chrome: {chromedriverVersion: 125.0.6422.78 (14db42ec38ad..., userDataDir: C:\Users\DELL\AppData\Local...}, fedcm:accounts: true, goog:chromeOptions: {debuggerAddress: localhost:64081}, networkConnectionEnabled: false, pageLoadStrategy: normal, platformName: windows, proxy: Proxy(), se:cdp: ws://localhost:64081/devtoo..., se:cdpVersion: 125.0.6422.142, setWindowRect: true, strictFileInteractability: false, timeouts: {implicit: 0, pageLoad: 300000, script: 30000}, unhandledPromptBehavior: dismiss and notify, webauthn:extension:credBlob: true, webauthn:extension:largeBlob: true, webauthn:extension:minPinLength: true, webauthn:extension:prf: true, webauthn:virtualAuthenticators: true}
Session ID: 3cc667f7aea04962a3d8b64f7725d4f3
at java.base/jdk.internal.reflect.NativeConstructorAccessorImpl.newInstance0(Native Method)
at java.base/jdk.internal.reflect.NativeConstructorAccessorImpl.newInstance(NativeConstructorAccessorImpl.java:77)
at java.base/jdk.internal.reflect.DelegatingConstructorAccessorImpl.newInstance(DelegatingConstructorAccessorImpl.java:45)
at java.base/java.lang.reflect.Constructor.newInstanceWithCaller(Constructor.java:499)
at java.base/java.lang.reflect.Constructor.newInstance(Constructor.java:480)
at org.openqa.selenium.remote.ErrorCodec.decode(ErrorCodec.java:167)
at org.openqa.selenium.remote.codec.w3c.W3CHttpResponseCodec.decode(W3CHttpResponseCodec.java:138)
at org.openqa.selenium.remote.codec.w3c.W3CHttpResponseCodec.decode(W3CHttpResponseCodec.java:50)
at org.openqa.selenium.remote.HttpCommandExecutor.execute(HttpCommandExecutor.java:190)
at org.openqa.selenium.remote.service.DriverCommandExecutor.invokeExecute(DriverCommandExecutor.java:216)
at org.openqa.selenium.remote.service.DriverCommandExecutor.execute(DriverCommandExecutor.java:174)
at org.openqa.selenium.remote.RemoteWebDriver.execute(RemoteWebDriver.java:518)
at org.openqa.selenium.remote.ElementLocation$ElementFinder$2.findElement(ElementLocation.java:165)
at org.openqa.selenium.remote.ElementLocation.findElement(ElementLocation.java:59)
at org.openqa.selenium.remote.RemoteWebDriver.findElement(RemoteWebDriver.java:355)
at org.openqa.selenium.remote.RemoteWebDriver.findElement(RemoteWebDriver.java:349)
at org.openqa.selenium.support.pagefactory.DefaultElementLocator.findElement(DefaultElementLocator.java:68)
at org.openqa.selenium.support.pagefactory.internal.LocatingElementHandler.invoke(LocatingElementHandler.java:38)
at jdk.proxy2/jdk.proxy2.$Proxy21.isEnabled(Unknown Source)
at pomPages.POM10_Product_Page_With_All_Cases.verifyCategoryViewAllButton(POM10_Product_Page_With_All_Cases.java:292)
at test.Test010_Product_Page_With_All_Cases.verifyCategoryViewAllButtonTest(Test010_Product_Page_With_All_Cases.java:71)
at java.base/jdk.internal.reflect.NativeMethodAccessorImpl.invoke0(Native Method)
at java.base/jdk.internal.reflect.NativeMethodAccessorImpl.invoke(NativeMethodAccessorImpl.java:77)
at java.base/jdk.internal.reflect.DelegatingMethodAccessorImpl.invoke(DelegatingMethodAccessorImpl.java:43)
at java.base/java.lang.reflect.Method.invoke(Method.java:568)
at org.testng.internal.invokers.MethodInvocationHelper.invokeMethod(MethodInvocationHelper.java:141)
at org.testng.internal.invokers.TestInvoker.invokeMethod(TestInvoker.java:686)
at org.testng.internal.invokers.TestInvoker.invokeTestMethod(TestInvoker.java:230)
at org.testng.internal.invokers.MethodRunner.runInSequence(MethodRunner.java:63)
at org.testng.internal.invokers.TestInvoker$MethodInvocationAgent.invoke(TestInvoker.java:992)
at org.testng.internal.invokers.TestInvoker.invokeTestMethods(TestInvoker.java:203)
at org.testng.internal.invokers.TestMethodWorker.invokeTestMethods(TestMethodWorker.java:154)
at org.testng.internal.invokers.TestMethodWorker.run(TestMethodWorker.java:134)
at java.base/java.util.ArrayList.forEach(ArrayList.java:1511)
at org.testng.TestRunner.privateRun(TestRunner.java:739)
at org.testng.TestRunner.run(TestRunner.java:614)
at org.testng.SuiteRunner.runTest(SuiteRunner.java:421)
at org.testng.SuiteRunner.runSequentially(SuiteRunner.java:413)
at org.testng.SuiteRunner.privateRun(SuiteRunner.java:373)
at org.testng.SuiteRunner.run(SuiteRunner.java:312)
at org.testng.SuiteRunnerWorker.runSuite(SuiteRunnerWorker.java:52)
at org.testng.SuiteRunnerWorker.run(SuiteRunnerWorker.java:95)
at org.testng.TestNG.runSuitesSequentially(TestNG.java:1274)
at org.testng.TestNG.runSuitesLocally(TestNG.java:1208)
at org.testng.TestNG.runSuites(TestNG.java:1112)
at org.testng.TestNG.run(TestNG.java:1079)
at org.testng.remote.AbstractRemoteTestNG.run(AbstractRemoteTestNG.java:115)
at org.testng.remote.RemoteTestNG.initAndRun(RemoteTestNG.java:293)
at org.testng.remote.RemoteTestNG.main(RemoteTestNG.java:91)
]]>
    </error>
  </testcase> <!-- verifyCategoryViewAllButtonTest -->
  <testcase classname="test.Test010_Product_Page_With_All_Cases" name="verifyCategoryRailProductsTest" time="4.126"/>
  <testcase classname="test.Test010_Product_Page_With_All_Cases" name="verifyCollectionsViewAllButtonTest" time="27.543"/>
  <testcase classname="test.Test010_Product_Page_With_All_Cases" name="verifyCollectionsRailProductsTest" time="4.121"/>
  <testcase classname="test.Test010_Product_Page_With_All_Cases" name="verifyExploreAll_AllDropdownsTest" time="92.483"/>
  <testcase classname="test.Test010_Product_Page_With_All_Cases" name="verifyFilterIconTest" time="68.766"/>
  <testcase classname="test.Test010_Product_Page_With_All_Cases" name="verifySortByDropdownTest" time="23.890"/>
  <testcase classname="test.Test010_Product_Page_With_All_Cases" name="searchProductBoxTest" time="37.788"/>
  <testcase classname="test.Test010_Product_Page_With_All_Cases" name="clickBackArrowNextToCartTest" time="16.268"/>
  <testcase classname="test.Test010_Product_Page_With_All_Cases" name="searchProductBoxAgainToCheckSuggestionTest" time="8.240"/>
  <testcase classname="test.Test010_Product_Page_With_All_Cases" name="serachProductWithDifferentOperationsTest" time="123.314"/>
  <testcase classname="test.Test010_Product_Page_With_All_Cases" name="productButtonAgainTest" time="13.302"/>
  <testcase classname="test.Test010_Product_Page_With_All_Cases" name="verifyProductsCountTest" time="7.122"/>
  <testcase classname="test.Test010_Product_Page_With_All_Cases" name="catlogueSwitchTestTest" time="38.729"/>
  <testcase classname="test.Test010_Product_Page_With_All_Cases" name="verifyNumberOfProductsDisplayTest" time="59.162"/>
</testsuite> <!-- test.Test010_Product_Page_With_All_Cases -->
